# stats: dump at 1449167396
stats: users 0 0
stats: users_count 0 0
stats: finish_users_count 0 0
# stats: dump at 1449167406
stats: users 10 10
stats: users_count 10 10
stats: finish_users_count 0 0
stats: request 21 386.77500697544644 391.4432583364489 1392.177978515625 9.855224609375 0 0
stats: page 11 665.0589044744319 405.2849307244444 1392.177978515625 112.028076171875 0 0
stats: connect 9 99.57655164930556 275.229026960457 878.0390625 1.55810546875 0 0
stats: 302 5 5
stats: 200 15 15
stats: size_rcv 131138 131138
stats: size_sent 11669 11669
stats: connected 9 9
stats: 500 1 1
# stats: dump at 1449167416
stats: users 16 16
stats: users_count 6 16
stats: finish_users_count 0 0
stats: request 57 256.6204898231907 305.4788947453537 1392.177978515625 8.64306640625 386.77500697544644 21
stats: page 41 376.4742044588415 395.15333600756514 1898.18798828125 37.285888671875 665.0589044744319 11
stats: connect 7 1.7949916294642858 0.14982880600001286 878.0390625 1.55810546875 99.57655164930556 9
stats: 302 8 13
stats: 200 49 64
stats: size_rcv 887850 1018988
stats: newphase 1 1
stats: size_sent 38520 50189
stats: connected 7 16
stats: 500 0 1
# stats: dump at 1449167426
stats: users 34 34
stats: users_count 18 34
stats: finish_users_count 0 0
stats: request 78 312.80856244991986 529.968771558466 2682.10498046875 8.4228515625 291.66209059495185 78
stats: page 54 448.2694860387731 611.2949185761239 2682.10498046875 31.39599609375 437.52096792367786 52
stats: connect 18 1.8016221788194444 0.17220950515514788 878.0390625 1.4990234375 56.797119140625 16
stats: 302 12 25
stats: 200 66 130
stats: size_rcv 933425 1952413
stats: newphase 0 1
stats: size_sent 54412 104601
stats: connected 18 34
stats: 500 0 1
# stats: dump at 1449167436
stats: users 78 78
stats: session 2 27987.9365234375 757.995361328125 28745.931884765625 27229.941162109375 0 0
stats: users_count 46 80
stats: finish_users_count 2 2
stats: request 197 340.8769332963198 393.47980624352584 2682.10498046875 7.781982421875 302.23532652243586 156
stats: page 129 481.7381676962209 420.5782669187072 2682.10498046875 28.716064453125 442.9966280955189 106
stats: connect 44 1.6918279474431819 0.21085704440249858 878.0390625 1.345947265625 27.68185604319853 34
stats: 302 33 58
stats: 200 164 294
stats: size_rcv 2108731 4061144
stats: newphase 1 2
stats: size_sent 132557 237158
stats: connected 42 76
stats: 500 0 1
# stats: dump at 1449167446
stats: users 103 103
stats: session 6 33689.090657552086 8949.520713015541 43432.886962890625 14805.946044921875 27987.9365234375 2
stats: users_count 31 111
stats: finish_users_count 6 8
stats: request 245 364.21787109375 421.7262671285998 2682.10498046875 7.223876953125 323.80018922627477 353
stats: page 169 554.1206661427512 628.8771495251358 3054.541015625 28.716064453125 464.2632604720745 235
stats: connect 30 1.708251953125 0.20055366016219076 878.0390625 1.345947265625 13.020814553285257 78
stats: 302 38 96
stats: 200 207 501
stats: size_rcv 3335180 7396324
stats: newphase 1 3
stats: size_sent 174364 411522
stats: connected 25 101
stats: 500 0 1
# stats: dump at 1449167456
stats: users 148 148
stats: session 10 33975.32463378906 10152.35162650718 52341.876953125 14805.946044921875 32263.802124023438 8
stats: users_count 55 166
stats: finish_users_count 10 18
stats: request 324 589.3570187415608 809.4517678182476 3721.2119140625 7.223876953125 340.3592729345213 598
stats: page 240 752.7821787516281 909.45255655702 3721.2119140625 28.200927734375 501.8521257155011 404
stats: connect 56 1.6564505440848214 0.18676706583442051 878.0390625 1.345947265625 9.87843605324074 108
stats: 302 41 137
stats: 200 283 784
stats: size_rcv 4232502 11628826
stats: newphase 0 3
stats: size_sent 247084 658606
stats: connected 45 146
stats: 500 0 1
# stats: dump at 1449167466
stats: users 235 235
stats: session 13 32270.726017878605 9023.35314891563 52432.97802734375 14805.946044921875 33214.64796278212 18
stats: users_count 100 266
stats: finish_users_count 13 31
stats: request 246 1293.3277657361534 1940.077397585018 7132.9130859375 7.223876953125 427.8595653873204 922
stats: page 178 1753.8821349411865 2179.1260556230027 7132.9130859375 28.200927734375 595.3664311948031 644
stats: connect 100 1.8375024414062502 0.9118289191850192 878.0390625 1.345947265625 7.0709288062118905 164
stats: 302 31 168
stats: 200 215 999
stats: size_rcv 2740491 14369317
stats: newphase 1 4
stats: size_sent 214803 873409
stats: connected 87 233
stats: 500 0 1
# stats: dump at 1449167476
stats: users 345 345
stats: session 12 36688.78676350912 9391.327871135574 52432.97802734375 14805.946044921875 32818.80972782258 31
stats: users_count 122 388
stats: finish_users_count 12 43
stats: request 247 2185.372840294473 3886.425323201427 14359.2822265625 7.218994140625 610.1413952553108 1168
stats: page 182 2864.389624291724 4407.638711447918 18982.77490234375 28.200927734375 846.2372283564287 822
stats: connect 120 1.7386433919270834 0.40968742822506965 878.0390625 1.321044921875 5.0885703346946025 264
stats: 302 24 192
stats: 200 223 1222
stats: size_rcv 2376488 16745805
stats: newphase 1 5
stats: size_sent 202348 1075757
stats: connected 108 341
stats: 500 0 1
# stats: dump at 1449167486
stats: users 488 488
stats: session 9 56665.57918294271 14586.796565500956 85900.67797851563 14805.946044921875 33898.803319176965 43
stats: users_count 152 540
stats: finish_users_count 9 52
stats: request 269 3635.2964166690867 6638.348083799318 22340.094970703125 6.973876953125 885.1111245306982 1415
stats: page 178 4766.23842800869 7290.911006612525 27703.45703125 28.200927734375 1212.0776029184044 1004
stats: connect 155 1.6206983996975806 0.19485785603396205 878.0390625 1.30419921875 4.041718165079753 384
stats: 302 33 225
stats: 200 236 1458
stats: size_rcv 2621055 19366860
stats: newphase 0 5
stats: size_sent 223943 1299700
stats: connected 146 487
stats: 500 0 1
# stats: dump at 1449167496
stats: users 691 691
stats: session 10 57674.66564941406 7613.220587866055 85900.67797851563 14805.946044921875 37839.20683405949 52
stats: users_count 213 753
stats: finish_users_count 10 62
stats: request 222 4635.281284091711 8980.28191926208 29412.5478515625 6.973876953125 1324.4221955433031 1684
stats: page 160 5290.385621643067 9420.530922123413 29412.5478515625 28.200927734375 1747.3065596578892 1182
stats: connect 211 1.6090082105302135 0.1713769994194572 878.0390625 1.25390625 3.345506544237013 539
stats: 302 22 247
stats: 200 200 1658
stats: size_rcv 1866209 21233069
stats: newphase 1 6
stats: size_sent 189878 1489578
stats: connected 201 688
stats: 500 0 1
# stats: dump at 1449167506
stats: users 926 926
stats: session 9 71466.29342990452 18008.523297090567 100699.97290039063 14805.946044921875 41038.47438492314 62
stats: users_count 244 997
stats: finish_users_count 9 71
stats: request 179 5388.588286160092 11169.71379083172 35364.578125 6.973876953125 1710.0521628348804 1906
stats: page 125 6965.405658203124 12630.357350832264 38573.91015625 28.200927734375 2169.7302928304885 1342
stats: connect 236 1.6119777873411016 0.18637171060322083 878.0390625 1.25390625 2.8569716796875 750
stats: 302 23 270
stats: 200 156 1814
stats: size_rcv 1440262 22673331
stats: newphase 1 7
stats: size_sent 161023 1650601
stats: connected 228 916
stats: 500 0 1
# stats: dump at 1449167516
stats: users 1203 1203
stats: session 3 74381.6279296875 6517.503122042133 100699.97290039063 14805.946044921875 44895.52186949824 71
stats: users_count 280 1277
stats: finish_users_count 3 74
stats: request 196 4816.584811463649 12438.543073895857 46642.58203125 6.973876953125 2025.8593408086035 2085
stats: page 144 5941.269382052951 13443.256179393731 46642.58203125 28.200927734375 2578.3597547743057 1467
stats: connect 287 1.6040974793118465 0.1838266886515277 878.0390625 1.25390625 2.5589812551502282 986
stats: 302 19 289
stats: 200 176 1990
stats: size_rcv 1371672 24045003
stats: newphase 0 7
stats: size_sent 167162 1817763
stats: connected 280 1196
stats: 500 1 2
# stats: dump at 1449167526
stats: users 1240 1240
stats: session 0 0 0 100699.97290039063 14805.946044921875 46090.90454761402 74
stats: users_count 37 1314
stats: finish_users_count 0 74
stats: request 250 11866.171559570315 20752.935127439945 55815.61083984375 6.973876953125 2265.6586359635307 2281
stats: page 144 18229.795925564234 23474.64301493915 55815.61083984375 28.200927734375 2878.955028721 1611
stats: connect 43 1.784957530886628 1.3462964200990466 878.0390625 1.25390625 2.343701095161528 1273
stats: 302 48 337
stats: 200 198 2188
stats: size_rcv 2392021 26437024
stats: newphase 0 7
stats: size_sent 170895 1988658
stats: connected 43 1239
stats: 500 4 6
# stats: dump at 1449167536
stats: users 1235 1240
stats: session 5 71571.35263671874 29550.875726650487 101274.93798828125 14691.9580078125 46090.90454761402 74
stats: users_count 0 1314
stats: finish_users_count 5 79
stats: connect 1 1.736083984375 0.0 878.0390625 1.25390625 2.3254442765719983 1316
stats: request 260 20784.27216421274 26738.922556665715 59979.498046875 6.973876953125 3213.951101748476 2531
stats: page 175 28743.270527343746 27957.014524773538 68784.25610351563 28.200927734375 4138.51120487224 1755
stats: 302 46 383
stats: 504 21 21
stats: 200 193 2381
stats: size_rcv 3215277 29652301
stats: newphase 0 7
stats: size_sent 195278 2183936
stats: connected -4 1235
stats: 500 0 6
# stats: dump at 1449167546
stats: users 1224 1240
stats: session 11 85948.12979403409 30682.67345496418 112728.91088867188 14691.9580078125 47703.59113553205 79
stats: users_count 0 1314
stats: finish_users_count 11 90
stats: request 301 33019.313878867324 29205.572552887035 60004.842041015625 6.973876953125 4850.742028384344 2791
stats: connect 0 0 0 878.0390625 1.25390625 2.324996774451879 1317
stats: page 208 40009.357096745414 27813.973059917385 77602.86010742188 28.200927734375 6369.512697842455 1930
stats: 302 34 417
stats: 504 114 135
stats: 200 153 2534
stats: size_rcv 2146404 31798705
stats: newphase 0 7
stats: size_sent 213969 2397905
stats: connected -11 1224
stats: 500 0 6
# stats: dump at 1449167556
stats: users 1217 1240
stats: session 7 108522.39006696429 9952.085451864428 125681.9501953125 14691.9580078125 52377.923638237844 90
stats: users_count 0 1314
stats: finish_users_count 7 97
stats: request 332 44317.434537221154 25897.53562312366 60004.863037109375 6.973876953125 7592.896015122822 3092
stats: connect 0 0 0 878.0390625 1.25390625 2.324996774451879 1317
stats: page 225 48119.46903537328 23690.845099813978 83726.10717773438 28.200927734375 9642.238439176326 2138
stats: 302 19 436
stats: 504 238 373
stats: 200 75 2609
stats: size_rcv 999211 32797916
stats: newphase 0 7
stats: size_sent 201641 2599546
stats: connected -7 1217
stats: 500 0 6
# stats: dump at 1449167566
stats: users 1215 1240
stats: session 2 113600.46252441406 3677.5035400390625 125681.9501953125 14691.9580078125 56429.58616402223 97
stats: users_count 0 1314
stats: finish_users_count 2 99
stats: request 291 58922.41323695232 6008.329819457616 60004.863037109375 6.973876953125 11153.803371821608 3424
stats: connect 0 0 0 878.0390625 1.25390625 2.324996774451879 1317
stats: page 211 59257.61784934094 4074.471026494112 83726.10717773438 28.200927734375 13305.961200134563 2363
stats: 302 1 437
stats: 504 287 660
stats: 200 3 2612
stats: size_rcv 76743 32874659
stats: newphase 0 7
stats: size_sent 147104 2746650
stats: connected -2 1215
stats: 500 0 6
# stats: dump at 1449167576
stats: users 1211 1240
stats: session 4 130106.21502685547 6951.544934495862 136523.9599609375 14691.9580078125 57584.55336322206 99
stats: users_count 0 1314
stats: finish_users_count 4 103
stats: connect 0 0 0 878.0390625 1.25390625 2.324996774451879 1317
stats: page 203 59528.91985693119 306.3721520080133 83726.10717773438 28.200927734375 17072.783093290174 2574
stats: request 297 59524.267233697654 308.7172503512847 60005.11083984375 6.973876953125 14895.57065869995 3715
stats: 302 0 437
stats: 504 297 957
stats: 200 0 2612
stats: size_rcv 59976 32934635
stats: newphase 0 7
stats: size_sent 149780 2896430
stats: connected -5 1210
stats: 500 0 6
# stats: dump at 1449167586
stats: users 1205 1240
stats: session 6 121663.32735188802 22945.9451540157 143789.955078125 14691.9580078125 60400.92857346025 103
stats: users_count 0 1314
stats: finish_users_count 6 109
stats: page 83 48883.91284473833 24270.49388056486 112076.48510742188 28.200927734375 20176.346565749347 2777
stats: connect 1 2.01904296875 0.0 878.0390625 1.25390625 2.324996774451879 1317
stats: 302 9 446
stats: request 129 45277.74532347686 24372.58166104003 60005.11083984375 6.973876953125 18199.34007115616 4012
stats: 504 69 1026
stats: 200 51 2663
stats: size_rcv 923829 33858464
stats: newphase 0 7
stats: size_sent 93606 2990036
stats: connected -5 1205
stats: 500 0 6
# stats: dump at 1449167596
stats: users 1195 1240
stats: session 10 136242.76115722657 15651.092067215806 158311.98803710938 14691.9580078125 63773.17070805261 109
stats: users_count 0 1314
stats: finish_users_count 10 119
stats: page 254 31851.40702663632 35119.68099384631 127826.76391601563 26.9619140625 21009.46824447525 2860
stats: 302 48 494
stats: connect 0 0 0 878.0390625 1.25390625 2.3247646395461876 1318
stats: request 345 22457.33704710146 25902.424276780013 60005.11083984375 6.973876953125 19042.883726686072 4141
stats: 504 0 1026
stats: 200 297 2960
stats: size_rcv 5209275 39067739
stats: newphase 0 7
stats: size_sent 237038 3227074
stats: connected -10 1195
stats: 500 0 6
# stats: dump at 1449167606
stats: users 1169 1240
stats: session 26 133765.08025653547 26764.24612802495 184611.98388671875 14691.9580078125 69863.05225840336 119
stats: users_count 0 1314
stats: finish_users_count 26 145
stats: request 352 19387.000812877322 26149.529533264988 60005.11083984375 6.973876953125 19305.475433227155 4486
stats: connect 0 0 0 878.0390625 1.25390625 2.3247646395461876 1318
stats: page 249 32639.368138569906 40994.64181920616 142383.51416015625 26.9619140625 21893.81392548646 3114
stats: 302 56 550
stats: 504 7 1033
stats: 200 289 3249
stats: size_rcv 4717356 43785095
stats: newphase 0 7
stats: size_sent 283174 3510248
stats: connected -26 1169
stats: 500 0 6
# stats: dump at 1449167616
stats: users 1148 1240
stats: session 21 147273.78227306547 25795.3397785808 186905.02783203125 14691.9580078125 81321.3469339305 145
stats: users_count 0 1314
stats: finish_users_count 21 166
stats: request 422 26752.391640324153 28532.18071457762 60005.11083984375 6.973876953125 19311.407002808977 4838
stats: page 253 36609.36873243729 42478.00947322763 151545.58715820313 26.9619140625 22689.425878819136 3363
stats: connect 0 0 0 878.0390625 1.25390625 2.3247646395461876 1318
stats: 302 61 611
stats: 504 86 1119
stats: 200 275 3524
stats: size_rcv 4185878 47970973
stats: newphase 0 7
stats: size_sent 335080 3845328
stats: connected -21 1148
stats: 500 0 6
# stats: dump at 1449167626
stats: users 1130 1240
stats: session 18 162129.95684136281 16254.775346734503 198635.80200195313 14691.9580078125 89664.72730815841 166
stats: users_count 0 1314
stats: finish_users_count 18 184
stats: request 464 36041.73562095904 28344.085714789253 60005.11083984375 6.973876953125 19908.383336845367 5260
stats: page 217 41912.86145863337 43618.68280064008 151545.58715820313 26.9619140625 23663.359933566204 3616
stats: connect 0 0 0 878.0390625 1.25390625 2.3247646395461876 1318
stats: 302 49 660
stats: 504 211 1330
stats: 200 204 3728
stats: size_rcv 3190000 51160973
stats: newphase 0 7
stats: size_sent 342135 4187463
stats: connected -18 1130
stats: 500 0 6
# stats: dump at 1449167636
stats: users 1102 1240
stats: session 28 165353.1761910575 19708.199386268796 209906.91821289063 14691.9580078125 96753.71715379797 184
stats: users_count 0 1314
stats: finish_users_count 28 212
stats: request 455 38293.88433529364 28327.509161640803 60005.11083984375 6.973876953125 21216.188273922366 5724
stats: connect 0 0 0 878.0390625 1.25390625 2.3247646395461876 1318
stats: 302 42 702
stats: page 171 40255.94869620338 44460.83168065664 168663.54809570313 26.9619140625 24696.530252099878 3833
stats: 504 230 1560
stats: 200 183 3911
stats: size_rcv 2741334 53902307
stats: newphase 0 7
stats: size_sent 325055 4512518
stats: connected -27 1103
stats: 500 0 6
# stats: dump at 1449167646
stats: users 1088 1240
stats: session 14 167645.0493861607 27365.871497037824 209906.91821289063 14691.9580078125 105814.02306437942 212
stats: users_count 0 1314
stats: finish_users_count 14 226
stats: request 304 27205.157170345898 28507.156513872316 60005.11083984375 6.973876953125 22473.730223740124 6179
stats: page 213 41851.1563141872 44338.64434539461 168663.54809570313 26.9619140625 25361.030889947455 4004
stats: connect 0 0 0 878.0390625 1.25390625 2.3247646395461876 1318
stats: 302 43 745
stats: 504 44 1604
stats: 200 216 4127
stats: size_rcv 3959479 57861786
stats: newphase 0 7
stats: size_sent 217797 4730315
stats: connected -14 1089
stats: 500 1 7
# stats: dump at 1449167656
stats: users 1064 1240
stats: session 24 176694.45755004883 20656.571401720896 211464.99609375 14691.9580078125 109644.26363298534 226
stats: users_count 0 1314
stats: finish_users_count 24 250
stats: request 356 19262.38558102726 23124.783782345083 60005.11083984375 6.973876953125 22695.59568599034 6483
stats: page 327 27148.632416051463 36072.10165181022 168663.54809570313 26.70703125 26193.944505162788 4217
stats: 302 29 774
stats: connect 0 0 0 878.0390625 1.25390625 2.3247646395461876 1318
stats: 504 0 1604
stats: 200 326 4453
stats: size_rcv 6596928 64458714
stats: newphase 0 7
stats: size_sent 265583 4995898
stats: connected -24 1065
stats: 500 1 8
# stats: dump at 1449167666
stats: users 1027 1240
stats: session 37 178467.22482712203 19833.256380575145 211464.99609375 14691.9580078125 116081.08224902344 250
stats: users_count 0 1314
stats: finish_users_count 37 287
stats: request 326 18048.109349537477 23178.703323715876 60005.11083984375 6.973876953125 22516.882014785948 6839
stats: connect 0 0 0 878.0390625 1.25390625 2.3247646395461876 1318
stats: page 289 32853.50856942042 47072.500513808554 171574.67211914063 26.70703125 26262.64673818669 4544
stats: 302 37 811
stats: 504 0 1604
stats: 200 289 4742
stats: size_rcv 5591229 70049943
stats: newphase 0 7
stats: size_sent 281033 5276931
stats: connected -38 1027
stats: 500 0 8
# stats: dump at 1449167676
stats: users 991 1240
stats: session 36 191507.2327202691 18912.959310559196 236509.97607421875 14691.9580078125 124123.89505525914 287
stats: users_count 0 1314
stats: finish_users_count 36 323
stats: request 299 19738.06813728052 25361.05066135916 60005.11083984375 6.973876953125 22313.557536227538 7165
stats: connect 0 0 0 878.0390625 1.25390625 2.3247646395461876 1318
stats: page 266 39161.493089718926 55623.505953185806 177768.59399414063 26.70703125 26656.76200183795 4833
stats: 302 33 844
stats: 504 0 1604
stats: 200 266 5008
stats: size_rcv 5069882 75119825
stats: newphase 0 7
stats: size_sent 266518 5543449
stats: connected -36 991
stats: 500 0 8
# stats: dump at 1449167686
stats: users 962 1240
stats: session 29 201251.24475518588 15064.01137511966 237139.98095703125 14691.9580078125 131634.1122563129 323
stats: users_count 0 1314
stats: finish_users_count 29 352
stats: page 281 51953.96458657698 60686.83640065862 179980.38696289063 25.304931640625 27309.09745376506 5099
stats: connect 0 0 0 878.0390625 1.25390625 2.3247646395461876 1318
stats: request 371 28917.73489750042 29321.32683127343 60005.11083984375 6.973876953125 22210.386136135745 7464
stats: 302 49 893
stats: 504 89 1693
stats: 200 233 5241
stats: size_rcv 4171723 79291548
stats: newphase 0 7
stats: size_sent 293513 5836962
stats: connected -29 962
stats: 500 0 8
# stats: dump at 1449167696
stats: users 943 1240
stats: session 19 214921.9808799342 14416.69938990162 240487.958984375 14691.9580078125 137369.61464968594 352
stats: users_count 0 1314
stats: finish_users_count 19 371
stats: page 184 89941.58940190857 61801.40045298888 179999.4072265625 25.304931640625 28596.310774270663 5380
stats: request 344 54463.994741750306 17050.346389888742 60005.11083984375 6.973876953125 22527.99001494446 7835
stats: connect 0 0 0 878.0390625 1.25390625 2.3247646395461876 1318
stats: 302 3 896
stats: 504 308 2001
stats: 200 33 5274
stats: size_rcv 639191 79930739
stats: newphase 0 7
stats: size_sent 222077 6059039
stats: connected -17 945
stats: 500 0 8
# stats: dump at 1449167706
stats: users 911 1240
stats: session 32 222782.18934631348 16660.134493136582 252819.994140625 14691.9580078125 141341.29917360703 371
stats: users_count 0 1314
stats: finish_users_count 32 403
stats: page 305 31642.13457671624 32034.35105209747 179999.4072265625 25.304931640625 30624.982820907142 5564
stats: request 318 30916.20648769158 26157.47038853034 60005.11083984375 6.973876953125 23871.18424724929 8179
stats: connect 0 0 0 878.0390625 1.25390625 2.3247646395461876 1318
stats: 302 0 896
stats: 504 52 2053
stats: 200 266 5540
stats: size_rcv 5175676 85106415
stats: newphase 0 7
stats: size_sent 181000 6240039
stats: connected -33 912
stats: 500 0 8
# stats: dump at 1449167716
stats: users 847 1240
stats: session 64 229823.17513656616 16294.81176371689 273529.9621582031 14691.9580078125 147808.0696091569 403
stats: users_count 0 1314
stats: finish_users_count 64 467
stats: page 466 17675.04616091488 26162.050052128663 179999.4072265625 25.304931640625 30677.84213007766 5869
stats: request 466 15478.23578535743 19091.820511174385 60005.11083984375 6.973876953125 24134.844018046122 8497
stats: 302 0 896
stats: connect 0 0 0 878.0390625 1.25390625 2.3247646395461876 1318
stats: 504 0 2053
stats: 200 466 6006
stats: size_rcv 8734115 93840530
stats: newphase 0 7
stats: size_sent 292210 6532249
stats: connected -60 852
stats: 500 0 8
# stats: dump at 1449167726
stats: users 769 1240
stats: session 78 232944.23969288362 14178.593122432036 273529.9621582031 14691.9580078125 159047.82711184255 467
stats: users_count 0 1314
stats: finish_users_count 78 545
stats: page 340 34487.32783059513 56245.9073942639 179999.4072265625 25.304931640625 29721.361795171604 6335
stats: request 340 14469.688653923484 17481.63335500446 60005.11083984375 6.973876953125 23684.773791957432 8963
stats: connect 1 10.055908203125 0.0 878.0390625 1.25390625 2.3247646395461876 1318
stats: 302 0 896
stats: 504 0 2053
stats: 200 341 6347
stats: size_rcv 5974473 99815003
stats: newphase 0 7
stats: size_sent 265547 6797796
stats: connected -81 771
stats: 500 0 8
# stats: dump at 1449167736
stats: users 710 1240
stats: session 59 242176.35858050847 15917.4246640329 277449.0041503906 14691.9580078125 169623.827444542 545
stats: users_count 0 1314
stats: finish_users_count 59 604
stats: request 311 16963.91439063755 20530.748215267125 60005.11083984375 6.973876953125 23347.986847215783 9303
stats: 302 0 896
stats: page 311 38841.15102099451 60405.44449178932 179999.4072265625 25.304931640625 29964.12261195722 6675
stats: connect 1 2.137939453125 0.0 878.0390625 1.25390625 2.33062600691812 1319
stats: 504 0 2053
stats: 200 310 6657
stats: size_rcv 5816793 105631796
stats: newphase 0 7
stats: size_sent 225516 7023312
stats: connected -60 711
stats: 500 0 8
# stats: dump at 1449167746
stats: users 648 1240
stats: session 62 251102.45191611012 15382.131073298111 288701.955078125 14691.9580078125 176710.91243961157 604
stats: users_count 0 1314
stats: finish_users_count 62 666
stats: request 312 20204.977444379747 23568.26633777709 60005.11083984375 6.973876953125 23141.470669350605 9614
stats: page 312 41649.994969294625 62094.49356288095 179999.4072265625 25.304931640625 30359.30667081932 6986
stats: connect 1 1.666015625 0.0 878.0390625 1.25390625 2.330480032256155 1320
stats: 302 0 896
stats: 504 0 2053
stats: 200 312 6969
stats: size_rcv 5917474 111549270
stats: newphase 0 7
stats: size_sent 198684 7221996
stats: connected -62 649
stats: 500 0 8
# stats: dump at 1449167756
stats: users 601 1240
stats: session 47 263339.59790558513 17200.70734403269 298768.9548339844 14691.9580078125 183636.25094943575 666
stats: users_count 0 1314
stats: finish_users_count 47 713
stats: request 395 20404.931788345526 23491.56770016688 60005.11083984375 6.973876953125 23049.16904873899 9926
stats: page 395 29775.389422221113 46789.20876203547 179999.4072265625 25.304931640625 30841.999840060795 7298
stats: connect 0 0 0 878.0390625 1.25390625 2.329977031190859 1321
stats: 302 0 896
stats: 504 0 2053
stats: 200 396 7365
stats: size_rcv 7269821 118819091
stats: newphase 0 7
stats: size_sent 239088 7461084
stats: connected -47 602
stats: 500 0 8
# stats: dump at 1449167766
stats: users 527 1240
stats: session 74 268646.7946018529 16119.960536679011 304655.9289550781 14691.9580078125 188890.1882663208 713
stats: users_count 0 1314
stats: finish_users_count 74 787
stats: request 496 12428.302877610726 15414.986007081436 60005.11083984375 6.973876953125 22947.970161242098 10321
stats: page 496 12428.302877610726 15414.986007081436 179999.4072265625 25.304931640625 30787.234324001172 7693
stats: connect 0 0 0 878.0390625 1.25390625 2.329977031190859 1321
stats: 302 0 896
stats: 504 0 2053
stats: 200 495 7860
stats: size_rcv 8821899 127640990
stats: newphase 0 7
stats: size_sent 277341 7738425
stats: connected -73 529
stats: 500 0 8
# stats: dump at 1449167776
stats: users 418 1240
stats: session 109 274675.7618195421 13778.559062386505 315462.9599609375 14691.9580078125 196389.5387985055 787
stats: users_count 0 1314
stats: finish_users_count 109 896
stats: request 429 8026.827278759651 11406.297213645461 60005.11083984375 6.973876953125 22465.603980907334 10817
stats: page 429 8026.827278759651 11406.297213645461 179999.4072265625 25.304931640625 29675.251176191956 8189
stats: connect 1 1.985107421875 0.0 878.0390625 1.25390625 2.329977031190859 1321
stats: 302 0 896
stats: 504 0 2053
stats: 200 429 8289
stats: size_rcv 7233823 134874813
stats: newphase 0 7
stats: size_sent 228145 7966570
stats: connected -111 418
stats: 500 0 8
# stats: dump at 1449167786
stats: users 288 1240
stats: session 130 281529.5342228815 12720.539498726626 325201.955078125 14691.9580078125 205913.19762584142 896
stats: users_count 0 1314
stats: finish_users_count 130 1026
stats: request 306 3938.0207862604684 6661.171473781821 60005.11083984375 6.973876953125 21914.80945794616 11246
stats: page 306 3938.0207862604684 6661.171473781821 179999.4072265625 25.304931640625 28597.60278306148 8618
stats: connect 0 0 0 878.0390625 1.25390625 2.3297161615922843 1322
stats: 302 0 896
stats: 504 0 2053
stats: 200 306 8595
stats: size_rcv 4518797 139393610
stats: newphase 0 7
stats: size_sent 185524 8152094
stats: connected -130 288
stats: 500 0 8
# stats: dump at 1449167796
stats: users 176 1240
stats: session 112 287147.6238577707 10108.94947994148 326868.9030761719 14691.9580078125 215494.2149334586 1026
stats: users_count 0 1314
stats: finish_users_count 112 1138
stats: request 125 59.26950000000001 84.02161030232662 60005.11083984375 6.973876953125 21438.623746940637 11552
stats: page 125 59.26950000000001 84.02161030232662 179999.4072265625 24.59619140625 27752.036659011603 8924
stats: connect 0 0 0 878.0390625 1.25390625 2.3297161615922843 1322
stats: 302 0 896
stats: 504 0 2053
stats: 200 125 8720
stats: size_rcv 1776745 141170355
stats: newphase 0 7
stats: size_sent 82689 8234783
stats: connected -109 179
stats: 500 0 8
# stats: dump at 1449167806
stats: users 114 1240
stats: session 62 296350.94754520553 9274.36381321576 343473.9270019531 14691.9580078125 222546.2200297002 1138
stats: users_count 0 1314
stats: finish_users_count 62 1200
stats: request 61 36.995857613985656 6.891740339489856 60005.11083984375 6.973876953125 21209.761943320907 11677
stats: page 61 36.995857613985656 6.891740339489856 179999.4072265625 24.59619140625 27369.497605538683 9049
stats: connect 0 0 0 878.0390625 1.25390625 2.3297161615922843 1322
stats: 302 0 896
stats: 504 0 2053
stats: 200 61 8781
stats: size_rcv 882035 142052390
stats: newphase 0 7
stats: size_sent 41472 8276255
stats: connected -66 113
stats: 500 0 8
# stats: dump at 1449167816
stats: users 75 1240
stats: session 39 307275.4743339342 13144.973075497775 346791.9609375 14691.9580078125 226359.46428466798 1200
stats: users_count 0 1314
stats: finish_users_count 39 1239
stats: request 37 34.616943359375 4.044076681133592 60005.11083984375 6.973876953125 21099.731381791848 11738
stats: page 37 34.616943359375 4.044076681133592 179999.4072265625 24.59619140625 27186.480853988363 9110
stats: connect 0 0 0 878.0390625 1.25390625 2.3297161615922843 1322
stats: 302 0 896
stats: 504 0 2053
stats: 200 37 8818
stats: size_rcv 527552 142579942
stats: newphase 0 7
stats: size_sent 24747 8301002
stats: connected -40 73
stats: 500 0 8
# stats: dump at 1449167826
stats: users 42 1240
stats: session 33 314735.72591885657 11677.41997526068 364455.0041503906 14691.9580078125 228906.45733706618 1239
stats: users_count 0 1314
stats: finish_users_count 33 1272
stats: request 24 37.78392537434896 10.074423504883676 60005.11083984375 6.973876953125 21033.539514766624 11775
stats: page 24 37.78392537434896 10.074423504883676 179999.4072265625 24.59619140625 27076.650421639693 9147
stats: connect 1 10.72509765625 0.0 878.0390625 1.25390625 2.3297161615922843 1322
stats: 302 0 896
stats: 504 0 2053
stats: 200 24 8842
stats: size_rcv 344258 142924200
stats: newphase 0 7
stats: size_sent 16051 8317053
stats: connected -33 40
stats: 500 0 8
# stats: dump at 1449167836
stats: users 21 1240
stats: session 21 325226.3120698475 11049.10270221296 364455.0041503906 14691.9580078125 231133.16005970698 1272
stats: users_count 0 1314
stats: finish_users_count 21 1293
stats: request 12 40.410502115885414 13.230992646665324 60005.11083984375 6.973876953125 20990.83266383473 11799
stats: page 12 40.410502115885414 13.230992646665324 179999.4072265625 24.59619140625 27005.891202807466 9171
stats: connect 2 1.97998046875 0.195068359375 878.0390625 1.25390625 2.3360618770077477 1323
stats: 302 0 896
stats: 504 0 2053
stats: 200 12 8854
stats: size_rcv 176222 143100422
stats: newphase 0 7
stats: size_sent 8472 8325525
stats: connected -20 20
stats: 500 0 8
# stats: dump at 1449167846
stats: users 11 1240
stats: session 10 335906.6676269531 7676.8429564622065 364455.0041503906 14691.9580078125 232661.3551039552 1293
stats: users_count 0 1314
stats: finish_users_count 10 1303
stats: request 12 35.193196614583336 3.431986184483653 60005.11083984375 6.973876953125 20969.54699234708 11811
stats: page 12 35.193196614583336 3.431986184483653 179999.4072265625 24.59619140625 26970.653723943444 9183
stats: connect 2 1.9864501953125 0.1524658203125 878.0390625 1.25390625 2.3355243956367926 1325
stats: 302 0 896
stats: 504 0 2053
stats: 200 12 8866
stats: size_rcv 178130 143278552
stats: newphase 0 7
stats: size_sent 7812 8333337
stats: connected -9 11
stats: 500 0 8
# stats: dump at 1449167856
stats: users 5 1240
stats: session 6 339648.9815266927 5788.448852001279 364455.0041503906 14691.9580078125 233453.72127834504 1303
stats: users_count 0 1314
stats: finish_users_count 6 1309
stats: request 2 33.0521240234375 3.4449462890625 60005.11083984375 6.973876953125 20948.29923411746 11823
stats: page 2 33.0521240234375 3.4449462890625 179999.4072265625 24.59619140625 26935.501410041546 9195
stats: connect 0 0 0 878.0390625 1.25390625 2.3349982853122646 1327
stats: 302 0 896
stats: 504 0 2053
stats: 200 2 8868
stats: size_rcv 26171 143304723
stats: newphase 0 7
stats: size_sent 1301 8334638
stats: connected -6 5
stats: 500 0 8
# stats: dump at 1449167866
stats: users 3 1240
stats: session 2 348061.9959716797 8827.999877929688 364455.0041503906 14691.9580078125 233940.48335740546 1309
stats: users_count 0 1314
stats: finish_users_count 2 1311
stats: request 1 38.215087890625 0.0 60005.11083984375 6.973876953125 20944.761771604124 11825
stats: page 1 38.215087890625 0.0 179999.4072265625 24.59619140625 26929.651143805597 9197
stats: connect 0 0 0 878.0390625 1.25390625 2.3349982853122646 1327
stats: 302 0 896
stats: 504 0 2053
stats: 200 1 8869
stats: size_rcv 15396 143320119
stats: newphase 0 7
stats: size_sent 650 8335288
stats: connected -2 3
stats: 500 0 8
# stats: dump at 1449167876
stats: users 1 1240
stats: session 2 370885.5030517578 7597.4940185546875 378482.9970703125 14691.9580078125 234114.58177481854 1311
stats: users_count 0 1314
stats: finish_users_count 2 1313
stats: request 0 0 0 60005.11083984375 6.973876953125 20942.99392561362 11826
stats: page 0 0 0 179999.4072265625 24.59619140625 26926.72752605653 9198
stats: connect 0 0 0 878.0390625 1.25390625 2.3349982853122646 1327
stats: 302 0 896
stats: 504 0 2053
stats: 200 0 8869
stats: size_rcv 0 143320119
stats: newphase 0 7
stats: size_sent 0 8335288
stats: connected -2 1
stats: 500 0 8
# stats: dump at 1449167886
stats: users 0 1240
stats: session 1 378479.9699707031 0.0 378482.9970703125 14691.9580078125 234322.91524211015 1313
stats: users_count 0 1314
stats: finish_users_count 1 1314
stats: request 0 0 0 60005.11083984375 6.973876953125 20942.99392561362 11826
stats: page 0 0 0 179999.4072265625 24.59619140625 26926.72752605653 9198
stats: connect 0 0 0 878.0390625 1.25390625 2.3349982853122646 1327
stats: 302 0 896
stats: 504 0 2053
stats: 200 0 8869
stats: size_rcv 0 143320119
stats: newphase 0 7
stats: size_sent 0 8335288
stats: connected -1 0
stats: 500 0 8
# stats: dump at 1449167896
stats: users 0 1240
stats: session 0 0 0 378482.9970703125 14691.9580078125 234432.62380735262 1314
stats: users_count 0 1314
stats: finish_users_count 0 1314
stats: request 0 0 0 60005.11083984375 6.973876953125 20942.99392561362 11826
stats: page 0 0 0 179999.4072265625 24.59619140625 26926.72752605653 9198
stats: connect 0 0 0 878.0390625 1.25390625 2.3349982853122646 1327
stats: 302 0 896
stats: 504 0 2053
stats: 200 0 8869
stats: size_rcv 0 143320119
stats: newphase 0 7
stats: size_sent 0 8335288
stats: connected 0 0
stats: 500 0 8
# stats: dump at 1449167906
stats: users 0 1240
stats: session 0 0 0 378482.9970703125 14691.9580078125 234432.62380735262 1314
stats: users_count 0 1314
stats: finish_users_count 0 1314
stats: request 0 0 0 60005.11083984375 6.973876953125 20942.99392561362 11826
stats: page 0 0 0 179999.4072265625 24.59619140625 26926.72752605653 9198
stats: connect 0 0 0 878.0390625 1.25390625 2.3349982853122646 1327
stats: 302 0 896
stats: 504 0 2053
stats: 200 0 8869
stats: size_rcv 0 143320119
stats: newphase 0 7
stats: size_sent 0 8335288
stats: connected 0 0
stats: 500 0 8
# stats: dump at 1449167916
stats: users 0 1240
stats: session 0 0 0 378482.9970703125 14691.9580078125 234432.62380735262 1314
stats: users_count 0 1314
stats: finish_users_count 0 1314
stats: request 0 0 0 60005.11083984375 6.973876953125 20942.99392561362 11826
stats: page 0 0 0 179999.4072265625 24.59619140625 26926.72752605653 9198
stats: connect 0 0 0 878.0390625 1.25390625 2.3349982853122646 1327
stats: 302 0 896
stats: 504 0 2053
stats: 200 0 8869
stats: size_rcv 0 143320119
stats: newphase 0 7
stats: size_sent 0 8335288
stats: connected 0 0
stats: 500 0 8
# stats: dump at 1449167926
stats: users 0 1240
stats: session 0 0 0 378482.9970703125 14691.9580078125 234432.62380735262 1314
stats: users_count 0 1314
stats: finish_users_count 0 1314
stats: request 0 0 0 60005.11083984375 6.973876953125 20942.99392561362 11826
stats: page 0 0 0 179999.4072265625 24.59619140625 26926.72752605653 9198
stats: connect 0 0 0 878.0390625 1.25390625 2.3349982853122646 1327
stats: 302 0 896
stats: 504 0 2053
stats: 200 0 8869
stats: size_rcv 0 143320119
stats: newphase 0 7
stats: size_sent 0 8335288
stats: connected 0 0
stats: 500 0 8
# stats: dump at 1449167936
stats: users 0 1240
stats: session 0 0 0 378482.9970703125 14691.9580078125 234432.62380735262 1314
stats: users_count 0 1314
stats: finish_users_count 0 1314
stats: request 0 0 0 60005.11083984375 6.973876953125 20942.99392561362 11826
stats: page 0 0 0 179999.4072265625 24.59619140625 26926.72752605653 9198
stats: connect 0 0 0 878.0390625 1.25390625 2.3349982853122646 1327
stats: 302 0 896
stats: 504 0 2053
stats: 200 0 8869
stats: size_rcv 0 143320119
stats: newphase 0 7
stats: size_sent 0 8335288
stats: connected 0 0
stats: 500 0 8
# stats: dump at 1449167937
stats: users 0 1240
stats: session 0 0 0 378482.9970703125 14691.9580078125 234432.62380735262 1314
stats: users_count 0 1314
stats: finish_users_count 0 1314
stats: request 0 0 0 60005.11083984375 6.973876953125 20942.99392561362 11826
stats: page 0 0 0 179999.4072265625 24.59619140625 26926.72752605653 9198
stats: connect 0 0 0 878.0390625 1.25390625 2.3349982853122646 1327
stats: 302 0 896
stats: 504 0 2053
stats: 200 0 8869
stats: size_rcv 0 143320119
stats: newphase 0 7
stats: size_sent 0 8335288
stats: connected 0 0
stats: 500 0 8
EndMonitor:{1449,167937,986372}
