
=INFO REPORT==== 3-Dec-2015::18:29:46 ===
    ts_config_server:(5:<0.39.0>) Config server started, logdir is "/home/ec2-user/.tsung/log/20151203-1829"
 
=INFO REPORT==== 3-Dec-2015::18:29:46 ===
              ts_mon:(5:<0.38.0>) starting monitor, global 

=INFO REPORT==== 3-Dec-2015::18:29:46 ===
           ts_config:(5:<0.39.0>) Reading config file: progressive_load_test.xml

=INFO REPORT==== 3-Dec-2015::18:29:46 ===
      ts_config_http:(4:<0.39.0>) Get user agent: 100 "Mozilla/5.0 (Windows; U; Windows NT 5.2; fr-FR; rv:1.7.8) Gecko/20050511 Firefox/1.0.4" 

=INFO REPORT==== 3-Dec-2015::18:29:46 ===
           ts_config:(5:<0.39.0>) Session name for id 1 is "http-example"

=INFO REPORT==== 3-Dec-2015::18:29:46 ===
    ts_config_server:(4:<0.39.0>) SYSINFO:Tsung version: 1.5.0

=INFO REPORT==== 3-Dec-2015::18:29:46 ===
    ts_config_server:(4:<0.39.0>) SYSINFO:Erlang version: Erlang R16B03-1 (erts-5.10.4) [source] [64-bit] [smp:4:4] [async-threads:16] [hipe] [kernel-poll:true]


=INFO REPORT==== 3-Dec-2015::18:29:46 ===
    ts_config_server:(4:<0.39.0>) SYSINFO:System architecture x86_64-unknown-linux-gnu

=INFO REPORT==== 3-Dec-2015::18:29:46 ===
    ts_config_server:(4:<0.39.0>) SYSINFO:Current path: /home/ec2-user/opt/tsung-1.5.0/lib/erlang/lib/tsung-1.5.0/ebin/tsung.beam

=INFO REPORT==== 3-Dec-2015::18:29:46 ===
           ts_os_mon:(5:<0.36.0>) os_mon disabled
=INFO REPORT==== 3-Dec-2015::18:29:46 ===
              ts_mon:(5:<0.40.0>) Activate clients with text backend

=INFO REPORT==== 3-Dec-2015::18:29:46 ===
              ts_mon:(5:<0.40.0>) Starting tsung clients on hosts: [localhost]

=INFO REPORT==== 3-Dec-2015::18:29:46 ===
    ts_config_server:(5:<0.39.0>) Start a launcher on the controller beam localhost

=INFO REPORT==== 3-Dec-2015::18:29:46 ===
  ts_launcher_static:(5:<0.73.0>) Launch msg receive ("localhost")

=INFO REPORT==== 3-Dec-2015::18:29:46 ===
         ts_launcher:(5:<0.74.0>) Launch msg receive ("localhost")

=INFO REPORT==== 3-Dec-2015::18:29:46 ===
    ts_config_server:(5:<0.39.0>) All remote beams started, syncing 

=INFO REPORT==== 3-Dec-2015::18:29:46 ===
    ts_config_server:(5:<0.39.0>) New arrival phase 1 for client "localhost" (last ? true): will start 15 users

=INFO REPORT==== 3-Dec-2015::18:29:46 ===
    ts_config_server:(5:<0.39.0>) New arrival phase 2 for client "localhost" (last ? true): will start 30 users

=INFO REPORT==== 3-Dec-2015::18:29:46 ===
    ts_config_server:(5:<0.39.0>) New arrival phase 3 for client "localhost" (last ? true): will start 60 users

=INFO REPORT==== 3-Dec-2015::18:29:46 ===
    ts_config_server:(5:<0.39.0>) New arrival phase 4 for client "localhost" (last ? true): will start 90 users

=INFO REPORT==== 3-Dec-2015::18:29:46 ===
    ts_config_server:(5:<0.39.0>) New arrival phase 5 for client "localhost" (last ? true): will start 150 users

=INFO REPORT==== 3-Dec-2015::18:29:46 ===
    ts_config_server:(5:<0.39.0>) New arrival phase 6 for client "localhost" (last ? true): will start 240 users

=INFO REPORT==== 3-Dec-2015::18:29:46 ===
    ts_config_server:(5:<0.39.0>) New arrival phase 7 for client "localhost" (last ? true): will start 330 users

=INFO REPORT==== 3-Dec-2015::18:29:46 ===
    ts_config_server:(5:<0.39.0>) New arrival phase 8 for client "localhost" (last ? true): will start 450 users

=INFO REPORT==== 3-Dec-2015::18:29:46 ===
         ts_launcher:(5:<0.74.0>) Expected duration of first phase: 15.0 sec (15 users) 

=INFO REPORT==== 3-Dec-2015::18:29:47 ===
         ts_launcher:(5:<0.74.0>) Activate launcher (15 users) in 10601 msec 

=INFO REPORT==== 3-Dec-2015::18:30:09 ===
         ts_launcher:(4:<0.74.0>) Need to wait 3.164 sec before changing phase, going to sleep

=INFO REPORT==== 3-Dec-2015::18:30:12 ===
         ts_launcher:(5:<0.74.0>) Waking up

=INFO REPORT==== 3-Dec-2015::18:30:12 ===
         ts_launcher:(5:<0.74.0>) Start a new arrival phase (30 users, 0.002); expected duration=15.0 sec

=INFO REPORT==== 3-Dec-2015::18:30:27 ===
         ts_launcher:(5:<0.74.0>) Phase duration exceeded, but not all users were launched (9 users, 30.0% of phase)

=INFO REPORT==== 3-Dec-2015::18:30:27 ===
         ts_launcher:(5:<0.74.0>) Start a new arrival phase (60 users, 0.004); expected duration=15.0 sec

=INFO REPORT==== 3-Dec-2015::18:30:41 ===
         ts_launcher:(4:<0.74.0>) Need to wait 1.162 sec before changing phase, going to sleep

=INFO REPORT==== 3-Dec-2015::18:30:42 ===
         ts_launcher:(5:<0.74.0>) Waking up

=INFO REPORT==== 3-Dec-2015::18:30:42 ===
         ts_launcher:(5:<0.74.0>) Start a new arrival phase (90 users, 0.006); expected duration=15.0 sec

=INFO REPORT==== 3-Dec-2015::18:30:57 ===
         ts_launcher:(5:<0.74.0>) Phase duration exceeded, but not all users were launched (14 users, 15.6% of phase)

=INFO REPORT==== 3-Dec-2015::18:30:57 ===
         ts_launcher:(5:<0.74.0>) Start a new arrival phase (150 users, 0.01); expected duration=15.0 sec

=INFO REPORT==== 3-Dec-2015::18:31:12 ===
         ts_launcher:(4:<0.74.0>) Need to wait 0.223 sec before changing phase, going to sleep

=INFO REPORT==== 3-Dec-2015::18:31:12 ===
         ts_launcher:(5:<0.74.0>) Waking up

=INFO REPORT==== 3-Dec-2015::18:31:12 ===
         ts_launcher:(5:<0.74.0>) Start a new arrival phase (240 users, 0.016); expected duration=15.0 sec

=INFO REPORT==== 3-Dec-2015::18:31:27 ===
         ts_launcher:(5:<0.74.0>) Phase duration exceeded, but not all users were launched (5 users, 2.1% of phase)

=INFO REPORT==== 3-Dec-2015::18:31:27 ===
         ts_launcher:(5:<0.74.0>) Start a new arrival phase (330 users, 0.022); expected duration=15.0 sec

=INFO REPORT==== 3-Dec-2015::18:31:42 ===
         ts_launcher:(5:<0.74.0>) Phase duration exceeded, but not all users were launched (8 users, 2.4% of phase)

=INFO REPORT==== 3-Dec-2015::18:31:42 ===
         ts_launcher:(5:<0.74.0>) Start a new arrival phase (450 users, 0.03); expected duration=15.0 sec

=INFO REPORT==== 3-Dec-2015::18:31:57 ===
         ts_launcher:(5:<0.74.0>) Phase duration exceeded, but not all users were launched (15 users, 3.3% of phase)

=INFO REPORT==== 3-Dec-2015::18:31:57 ===
         ts_launcher:(5:<0.74.0>) This was the last phase, wait for connected users to finish their session

=INFO REPORT==== 3-Dec-2015::18:31:57 ===
     ts_launcher_mgr:(5:<0.69.0>) Still 1240 active client(s)

=INFO REPORT==== 3-Dec-2015::18:32:57 ===
     ts_launcher_mgr:(5:<0.69.0>) Still 1209 active client(s)

=INFO REPORT==== 3-Dec-2015::18:33:57 ===
     ts_launcher_mgr:(5:<0.69.0>) Still 1101 active client(s)

=INFO REPORT==== 3-Dec-2015::18:34:57 ===
     ts_launcher_mgr:(5:<0.69.0>) Still 938 active client(s)

=INFO REPORT==== 3-Dec-2015::18:35:57 ===
     ts_launcher_mgr:(5:<0.69.0>) Still 591 active client(s)

=INFO REPORT==== 3-Dec-2015::18:36:57 ===
     ts_launcher_mgr:(5:<0.69.0>) Still 71 active client(s)

=INFO REPORT==== 3-Dec-2015::18:37:57 ===
     ts_launcher_mgr:(5:<0.69.0>) Still 1 active client(s)

=INFO REPORT==== 3-Dec-2015::18:38:57 ===
     ts_launcher_mgr:(5:<0.69.0>) No more active users 'tsung_controller@ip-172-31-27-144' "3169"

=INFO REPORT==== 3-Dec-2015::18:38:57 ===
              ts_mon:(5:<0.40.0>) stopping monitor (normal)
