# stats: dump at 1449135057
stats: users 0 0
stats: users_count 0 0
stats: finish_users_count 0 0
# stats: dump at 1449135067
stats: users 9 9
stats: users_count 9 9
stats: finish_users_count 0 0
stats: request 25 449.9043359375 596.5637357176754 2937.93798828125 7.0322265625 0 0
stats: page 15 677.7053548177083 704.2894832016035 2937.93798828125 52.5419921875 0 0
stats: connect 9 353.6831868489583 743.2071568135406 2316.013916015625 1.380859375 0 0
stats: 302 5 5
stats: 200 20 20
stats: size_rcv 174731 174731
stats: size_sent 10765 10765
stats: connected 9 9
# stats: dump at 1449135077
stats: users 15 15
stats: users_count 6 15
stats: finish_users_count 0 0
stats: request 51 131.11230468749997 125.20775984524515 2937.93798828125 6.7451171875 449.9043359375 25
stats: page 33 235.50175337357956 227.55185177190077 2937.93798828125 23.723876953125 677.7053548177083 15
stats: connect 6 1.4111328125 0.09407453525471332 2316.013916015625 1.283935546875 353.6831868489583 9
stats: 302 9 14
stats: 200 42 62
stats: size_rcv 720710 895441
stats: size_sent 26700 37465
stats: connected 6 15
# stats: dump at 1449135087
stats: users 15 15
stats: users_count 0 15
stats: finish_users_count 0 0
stats: request 32 46.60247039794922 35.14589997172886 2937.93798828125 6.7451171875 235.97810444078948 76
stats: page 30 49.714908854166666 49.77173487726169 2937.93798828125 23.074951171875 373.6903788248698 48
stats: connect 0 0 0 2316.013916015625 1.283935546875 212.774365234375 15
stats: 302 1 15
stats: 200 31 93
stats: size_rcv 580238 1475679
stats: size_sent 27313 64778
stats: connected 0 15
# stats: dump at 1449135097
stats: users 11 15
stats: session 4 27065.611450195313 3374.5563579275813 30628.844970703125 22745.93212890625 0 0
stats: users_count 0 15
stats: finish_users_count 4 4
stats: request 8 39.07000732421875 19.803944817467517 2937.93798828125 6.7451171875 179.8668054651331 108
stats: page 8 39.07000732421875 19.803944817467517 2937.93798828125 23.074951171875 249.08442883613782 78
stats: connect 0 0 0 2316.013916015625 1.283935546875 212.774365234375 15
stats: 302 0 15
stats: 200 8 101
stats: size_rcv 158092 1633771
stats: size_sent 7040 71818
stats: connected -4 11
# stats: dump at 1449135107
stats: users 11 15
stats: session 0 0 0 30628.844970703125 22745.93212890625 27065.611450195313 4
stats: users_count 0 15
stats: finish_users_count 0 4
stats: request 8 38.49237060546875 13.288688126678025 2937.93798828125 6.7451171875 170.15668145541488 116
stats: page 8 38.49237060546875 13.288688126678025 2937.93798828125 23.074951171875 229.5482035792151 86
stats: connect 0 0 0 2316.013916015625 1.283935546875 212.774365234375 15
stats: 302 0 15
stats: 200 8 109
stats: size_rcv 139310 1773081
stats: size_sent 7275 79093
stats: connected 0 11
# stats: dump at 1449135117
stats: users 8 15
stats: session 3 45812.551106770836 5887.948479031023 53146.755126953125 22745.93212890625 27065.611450195313 4
stats: users_count 0 15
stats: finish_users_count 3 7
stats: request 4 26.17230224609375 2.8179358476738483 2937.93798828125 6.7451171875 161.6622097876764 124
stats: page 4 26.17230224609375 2.8179358476738483 2937.93798828125 22.266845703125 213.28813268783244 94
stats: connect 0 0 0 2316.013916015625 1.283935546875 212.774365234375 15
stats: 302 0 15
stats: 200 4 113
stats: size_rcv 55873 1828954
stats: size_sent 3472 82565
stats: connected -3 8
# stats: dump at 1449135127
stats: users 4 15
stats: session 4 55805.901306152344 5977.148169782131 62781.88720703125 22745.93212890625 35100.01416015625 7
stats: users_count 0 15
stats: finish_users_count 4 11
stats: request 6 30.722208658854168 3.7439612176096615 2937.93798828125 6.7451171875 157.42815017700195 128
stats: page 6 30.722208658854168 3.7439612176096615 2937.93798828125 22.266845703125 205.65075185347575 98
stats: connect 0 0 0 2316.013916015625 1.283935546875 212.774365234375 15
stats: 302 0 15
stats: 200 6 119
stats: size_rcv 94395 1923349
stats: size_sent 5208 87773
stats: connected -4 4
# stats: dump at 1449135137
stats: users 2 15
stats: session 2 62610.89892578125 1077.991943359375 63688.890869140625 22745.93212890625 42629.42766779119 11
stats: users_count 0 15
stats: finish_users_count 2 13
stats: request 1 32.73486328125 0.0 2937.93798828125 6.7451171875 151.75474981051772 134
stats: page 1 32.73486328125 0.0 2937.93798828125 22.266845703125 195.55872051532452 104
stats: connect 0 0 0 2316.013916015625 1.283935546875 212.774365234375 15
stats: 302 0 15
stats: 200 1 120
stats: size_rcv 18446 1941795
stats: size_sent 868 88641
stats: connected -2 2
# stats: dump at 1449135147
stats: users 0 15
stats: session 2 72369.43994140625 2914.449951171875 75283.88989257813 22745.93212890625 45703.50016902043 13
stats: users_count 0 15
stats: finish_users_count 2 15
stats: request 0 0 0 2937.93798828125 6.7451171875 150.87312102141203 135
stats: page 0 0 0 2937.93798828125 22.266845703125 194.00801711309524 105
stats: connect 0 0 0 2316.013916015625 1.283935546875 212.774365234375 15
stats: 302 0 15
stats: 200 0 120
stats: size_rcv 0 1941795
stats: size_sent 0 88641
stats: connected -2 0
# stats: dump at 1449135157
stats: users 0 15
stats: session 0 0 0 75283.88989257813 22745.93212890625 49258.958805338545 15
stats: users_count 0 15
stats: finish_users_count 0 15
stats: request 0 0 0 2937.93798828125 6.7451171875 150.87312102141203 135
stats: page 0 0 0 2937.93798828125 22.266845703125 194.00801711309524 105
stats: connect 0 0 0 2316.013916015625 1.283935546875 212.774365234375 15
stats: 302 0 15
stats: 200 0 120
stats: size_rcv 0 1941795
stats: size_sent 0 88641
stats: connected 0 0
# stats: dump at 1449135167
stats: users 0 15
stats: session 0 0 0 75283.88989257813 22745.93212890625 49258.958805338545 15
stats: users_count 0 15
stats: finish_users_count 0 15
stats: request 0 0 0 2937.93798828125 6.7451171875 150.87312102141203 135
stats: page 0 0 0 2937.93798828125 22.266845703125 194.00801711309524 105
stats: connect 0 0 0 2316.013916015625 1.283935546875 212.774365234375 15
stats: 302 0 15
stats: 200 0 120
stats: size_rcv 0 1941795
stats: size_sent 0 88641
stats: connected 0 0
# stats: dump at 1449135177
stats: users 0 15
stats: session 0 0 0 75283.88989257813 22745.93212890625 49258.958805338545 15
stats: users_count 0 15
stats: finish_users_count 0 15
stats: request 0 0 0 2937.93798828125 6.7451171875 150.87312102141203 135
stats: page 0 0 0 2937.93798828125 22.266845703125 194.00801711309524 105
stats: connect 0 0 0 2316.013916015625 1.283935546875 212.774365234375 15
stats: 302 0 15
stats: 200 0 120
stats: size_rcv 0 1941795
stats: size_sent 0 88641
stats: connected 0 0
# stats: dump at 1449135187
stats: users 0 15
stats: session 0 0 0 75283.88989257813 22745.93212890625 49258.958805338545 15
stats: users_count 0 15
stats: finish_users_count 0 15
stats: request 0 0 0 2937.93798828125 6.7451171875 150.87312102141203 135
stats: page 0 0 0 2937.93798828125 22.266845703125 194.00801711309524 105
stats: connect 0 0 0 2316.013916015625 1.283935546875 212.774365234375 15
stats: 302 0 15
stats: 200 0 120
stats: size_rcv 0 1941795
stats: size_sent 0 88641
stats: connected 0 0
# stats: dump at 1449135194
stats: users 0 15
stats: session 0 0 0 75283.88989257813 22745.93212890625 49258.958805338545 15
stats: users_count 0 15
stats: finish_users_count 0 15
stats: request 0 0 0 2937.93798828125 6.7451171875 150.87312102141203 135
stats: page 0 0 0 2937.93798828125 22.266845703125 194.00801711309524 105
stats: connect 0 0 0 2316.013916015625 1.283935546875 212.774365234375 15
stats: 302 0 15
stats: 200 0 120
stats: size_rcv 0 1941795
stats: size_sent 0 88641
stats: connected 0 0
EndMonitor:{1449,135194,6925}
