# stats: dump at 1449163360
stats: users 0 0
stats: users_count 0 0
stats: finish_users_count 0 0
# stats: dump at 1449163370
stats: users 1 4
stats: session 9 1181.976535373264 557.7638258953815 1910.072021484375 350.858154296875 0 0
stats: users_count 10 10
stats: finish_users_count 9 9
stats: request 8 1198.5005798339844 576.2965105780135 1890.513916015625 348.94482421875 0 0
stats: page 8 1198.5005798339844 576.2965105780135 1890.513916015625 348.94482421875 0 0
stats: connect 10 231.7102783203125 359.5553440462408 862.6669921875 0.930908203125 0 0
stats: 200 8 8
stats: size_rcv 50200 50200
stats: size_sent 1780 1780
stats: connected 2 2
# stats: dump at 1449163380
stats: users 0 4
stats: session 12 623.3447875976564 280.7275615864553 1910.072021484375 260.947021484375 1181.976535373264 9
stats: users_count 11 21
stats: finish_users_count 12 21
stats: request 12 669.2857666015625 284.3102782792644 1890.513916015625 258.947021484375 1198.5005798339844 8
stats: page 12 669.2857666015625 284.3102782792644 1890.513916015625 258.947021484375 1198.5005798339844 8
stats: connect 11 1.1265758167613635 0.13814925308569895 862.6669921875 0.88916015625 231.7102783203125 10
stats: 200 12 20
stats: size_rcv 75300 125500
stats: size_sent 1958 3738
stats: connected -1 1
# stats: dump at 1449163390
stats: users 2 4
stats: session 10 975.99130859375 930.3700794960449 3588.0400390625 260.947021484375 862.7583937872024 21
stats: users_count 12 33
stats: finish_users_count 10 31
stats: connect 12 1.1557820638020833 0.14383566067499035 862.6669921875 0.88916015625 110.92833891369048 21
stats: request 10 975.5781982421875 929.3477559621438 3586.041015625 258.947021484375 880.9716918945312 20
stats: page 10 975.5781982421875 929.3477559621438 3586.041015625 258.947021484375 880.9716918945312 20
stats: 200 10 30
stats: size_rcv 62750 188250
stats: size_sent 2136 5874
stats: connected 2 3
# stats: dump at 1449163400
stats: users 0 4
stats: session 9 1551.3049858940972 1366.8018310764307 4867.320068359375 260.947021484375 899.285140498992 31
stats: users_count 7 40
stats: finish_users_count 9 40
stats: request 10 1430.7244873046875 1344.5877512627198 4865.364990234375 258.947021484375 912.5071940104167 30
stats: page 10 1430.7244873046875 1344.5877512627198 4865.364990234375 258.947021484375 912.5071940104167 30
stats: connect 7 1.1157575334821428 0.16824912708043416 862.6669921875 0.842041015625 71.01104551373106 33
stats: 200 9 39
stats: size_rcv 57952 246202
stats: size_sent 1246 7120
stats: connected -3 0
stats: 500 1 1
# stats: dump at 1449163410
stats: users 0 5
stats: session 14 601.3929966517857 308.1029042170338 4867.320068359375 199.681884765625 1045.9896057128906 40
stats: users_count 14 54
stats: finish_users_count 14 54
stats: request 13 616.2349196213943 313.5038824705087 4865.364990234375 197.693115234375 1042.0615173339843 40
stats: 200 13 52
stats: page 13 616.2349196213943 313.5038824705087 4865.364990234375 197.693115234375 1042.0615173339843 40
stats: connect 14 1.118094308035714 0.14966885448512188 862.6669921875 0.842041015625 58.7793701171875 40
stats: size_rcv 81575 327777
stats: size_sent 2492 9612
stats: connected 1 1
stats: 500 0 1
# stats: dump at 1449163420
stats: users 1 5
stats: session 5 749.25283203125 256.8617669412187 4867.320068359375 199.681884765625 930.7238181785301 54
stats: users_count 6 60
stats: finish_users_count 5 59
stats: request 6 686.1859130859375 271.36325053901015 4865.364990234375 197.693115234375 937.613483932783 53
stats: connect 6 1.2513834635416667 0.05410835355085296 862.6669921875 0.842041015625 43.83015046296296 54
stats: page 6 686.1859130859375 271.36325053901015 4865.364990234375 197.693115234375 937.613483932783 53
stats: 200 6 58
stats: size_rcv 37650 365427
stats: size_sent 1068 10680
stats: connected 0 1
stats: 500 0 1
# stats: dump at 1449163430
stats: users 0 5
stats: session 15 1107.84853515625 917.6205742150595 4867.320068359375 199.681884765625 915.3449210474047 59
stats: users_count 14 74
stats: finish_users_count 15 74
stats: request 15 1105.8590657552083 917.6186525080944 4865.364990234375 197.693115234375 912.0445784229344 59
stats: page 15 1105.8590657552083 917.6186525080944 4865.364990234375 197.693115234375 912.0445784229344 59
stats: connect 14 1.1256103515625 0.33878850042939274 862.6669921875 0.842041015625 39.57227376302083 60
stats: 200 15 73
stats: size_rcv 94247 459674
stats: newphase 1 1
stats: size_sent 2492 13172
stats: connected -1 0
stats: 500 0 1
# stats: dump at 1449163440
stats: users 2 6
stats: session 18 724.144300672743 467.3032643922181 4867.320068359375 190.418212890625 954.3659239073057 74
stats: users_count 20 94
stats: finish_users_count 18 92
stats: request 18 722.1734076605903 467.2990105406052 4865.364990234375 188.419921875 951.331298828125 74
stats: page 18 722.1734076605903 467.2990105406052 4865.364990234375 188.419921875 951.331298828125 74
stats: connect 19 1.068128083881579 0.28540028041692855 862.6669921875 0.80810546875 32.29858068517736 74
stats: 200 18 91
stats: size_rcv 112950 572624
stats: newphase 0 1
stats: size_sent 3382 16554
stats: connected 1 1
stats: 500 0 1
# stats: dump at 1449163450
stats: users 0 6
stats: session 16 803.7569885253906 686.7185438095272 4867.320068359375 190.418212890625 909.3225628396739 92
stats: users_count 14 108
stats: finish_users_count 16 108
stats: request 15 786.5081705729167 706.6077045197976 4865.364990234375 188.419921875 906.4960592518682 92
stats: page 15 786.5081705729167 706.6077045197976 4865.364990234375 188.419921875 906.4960592518682 92
stats: 200 15 106
stats: connect 15 2.223486328125 4.242199660928342 862.6669921875 0.80810546875 25.918165637600808 93
stats: size_rcv 94125 666749
stats: newphase 0 1
stats: size_sent 2670 19224
stats: connected 0 1
stats: 500 0 1
# stats: dump at 1449163460
stats: users 0 6
stats: session 17 660.3140510110294 306.8022298945259 4867.320068359375 190.418212890625 893.6832184968172 108
stats: users_count 17 125
stats: finish_users_count 17 125
stats: request 17 687.9693244485294 316.85241261710985 4865.364990234375 188.419921875 889.6753271940713 107
stats: page 17 687.9693244485294 316.85241261710985 4865.364990234375 188.419921875 889.6753271940713 107
stats: connect 17 1.046774471507353 0.1208142250942806 862.6669921875 0.80810546875 22.627237955729168 108
stats: 200 17 123
stats: size_rcv 106675 773424
stats: newphase 0 1
stats: size_sent 3026 22250
stats: connected 0 1
stats: 500 0 1
# stats: dump at 1449163470
stats: users 0 6
stats: session 24 552.3550516764323 233.0467786744247 4867.320068359375 190.418212890625 861.94501171875 125
stats: users_count 24 149
stats: finish_users_count 24 149
stats: request 24 562.3609720865887 223.9503953713425 4865.364990234375 188.419921875 862.0220848821824 124
stats: 200 24 147
stats: page 24 562.3609720865887 223.9503953713425 4865.364990234375 188.419921875 862.0220848821824 124
stats: connect 24 1.9827880859375 4.360149799504601 862.6669921875 0.803955078125 19.692294921875 125
stats: size_rcv 150600 924024
stats: newphase 0 1
stats: size_sent 4272 26522
stats: connected 0 1
stats: 500 0 1
# stats: dump at 1449163480
stats: users 1 6
stats: session 12 755.7929484049479 486.19278227770275 4867.320068359375 190.418212890625 812.0781725173028 149
stats: users_count 13 162
stats: finish_users_count 12 161
stats: request 12 741.9370930989584 496.7588904964947 4865.364990234375 188.419921875 813.4283909153294 148
stats: page 12 741.9370930989584 496.7588904964947 4865.364990234375 188.419921875 813.4283909153294 148
stats: connect 12 1.1126302083333333 0.1128836189979443 862.6669921875 0.803955078125 16.83975690803272 149
stats: 200 12 159
stats: size_rcv 75300 999324
stats: newphase 0 1
stats: size_sent 2136 28658
stats: connected 0 1
stats: 500 0 1
# stats: dump at 1449163490
stats: users 5 6
stats: session 32 594.4480056762693 260.8679511766431 4867.320068359375 190.418212890625 807.8830005337733 161
stats: users_count 36 198
stats: finish_users_count 32 193
stats: page 33 586.065888375947 259.418417216425 4865.364990234375 188.419921875 808.0665435791016 160
stats: request 33 586.065888375947 259.418417216425 4865.364990234375 188.419921875 808.0665435791016 160
stats: connect 36 1.0316094292534723 0.20064206183596248 862.6669921875 0.803955078125 15.667548706812887 161
stats: 200 33 192
stats: size_rcv 207075 1206399
stats: newphase 1 2
stats: size_sent 6408 35066
stats: connected 3 4
stats: 500 0 1
# stats: dump at 1449163500
stats: users 1 9
stats: session 34 971.6428294462316 466.9232319283512 4867.320068359375 190.418212890625 772.4948148579177 193
stats: users_count 30 228
stats: finish_users_count 34 227
stats: request 34 969.6636603860296 466.9061228451138 4865.364990234375 188.419921875 770.1078823267487 193
stats: 200 33 225
stats: page 34 969.6636603860296 466.9061228451138 4865.364990234375 188.419921875 770.1078823267487 193
stats: connect 31 0.958740234375 0.08988519384152735 862.6669921875 0.803955078125 12.99296081852792 197
stats: size_rcv 208552 1414951
stats: newphase 0 2
stats: size_sent 5518 40584
stats: connected -3 1
stats: 500 1 2
# stats: dump at 1449163510
stats: users 2 10
stats: session 26 972.278376652644 534.9642978201713 4867.320068359375 190.418212890625 802.3231518447136 227
stats: users_count 27 255
stats: finish_users_count 26 253
stats: 200 26 251
stats: request 26 970.3004150390625 534.9696697533445 4865.364990234375 188.419921875 799.9972940184472 227
stats: page 26 970.3004150390625 534.9696697533445 4865.364990234375 188.419921875 799.9972940184472 227
stats: connect 26 1.4004563551682692 1.3531529672864584 862.6669921875 0.803955078125 11.356729072436952 228
stats: size_rcv 163149 1578100
stats: newphase 0 2
stats: size_sent 4628 45212
stats: connected 0 1
stats: 500 0 2
# stats: dump at 1449163520
stats: users 2 10
stats: session 25 956.533251953125 520.5047981956841 4867.320068359375 190.418212890625 819.7889061728014 253
stats: users_count 25 280
stats: finish_users_count 25 278
stats: request 25 954.541328125 520.5000953710531 4865.364990234375 188.419921875 817.4988005264946 253
stats: page 25 954.541328125 520.5000953710531 4865.364990234375 188.419921875 817.4988005264946 253
stats: connect 26 1.9661207932692308 3.3062180873459615 862.6669921875 0.803955078125 10.337583046259843 254
stats: 200 25 276
stats: size_rcv 156874 1734974
stats: newphase 0 2
stats: size_sent 4628 49840
stats: connected 1 2
stats: 500 0 2
# stats: dump at 1449163530
stats: users 3 10
stats: session 31 745.0685011340726 372.5607212354066 4867.320068359375 190.418212890625 832.0860595703125 278
stats: users_count 32 312
stats: finish_users_count 31 309
stats: request 31 743.079329952117 372.55610508439514 4865.364990234375 188.419921875 829.8227688357127 278
stats: page 31 743.079329952117 372.55610508439514 4865.364990234375 188.419921875 829.8227688357127 278
stats: connect 31 1.3131930443548387 1.2403070803543084 862.6669921875 0.7880859375 9.560232979910714 280
stats: 200 31 307
stats: size_rcv 194522 1929496
stats: newphase 0 2
stats: size_sent 5518 55358
stats: connected 0 2
stats: 500 0 2
# stats: dump at 1449163540
stats: users 3 10
stats: session 32 651.3324813842773 280.7984839295342 4867.320068359375 190.418212890625 823.3561427045408 309
stats: users_count 32 344
stats: finish_users_count 32 341
stats: request 32 649.3475875854492 280.80118981830185 4865.364990234375 188.419921875 821.1203526370349 309
stats: page 32 649.3475875854492 280.80118981830185 4865.364990234375 188.419921875 821.1203526370349 309
stats: connect 31 3.219844695060484 5.392765492233734 862.6669921875 0.77001953125 8.738180767684888 311
stats: 200 32 339
stats: size_rcv 200799 2130295
stats: newphase 0 2
stats: size_sent 5518 60876
stats: connected -1 1
stats: 500 0 2
# stats: dump at 1449163550
stats: users 0 10
stats: session 7 627.681884765625 338.7740484338086 4867.320068359375 190.418212890625 807.2131598240469 341
stats: users_count 4 348
stats: finish_users_count 7 348
stats: request 7 625.692138671875 338.79934408220197 4865.364990234375 188.419921875 805.0009142744226 341
stats: page 7 625.692138671875 338.79934408220197 4865.364990234375 188.419921875 805.0009142744226 341
stats: connect 6 1.1540120442708333 0.3736005051351053 862.6669921875 0.762939453125 8.237980714318349 342
stats: 200 7 346
stats: size_rcv 43924 2174219
stats: newphase 0 2
stats: size_sent 1068 61944
stats: connected -1 0
stats: 500 0 2
# stats: dump at 1449163560
stats: users 0 10
stats: session 0 0 0 4867.320068359375 190.418212890625 803.6018985441361 348
stats: users_count 0 348
stats: finish_users_count 0 348
stats: request 0 0 0 4865.364990234375 188.419921875 801.3941285582795 348
stats: page 0 0 0 4865.364990234375 188.419921875 801.3941285582795 348
stats: 200 0 346
stats: connect 0 0 0 862.6669921875 0.762939453125 8.115843323455461 348
stats: size_rcv 0 2174219
stats: newphase 0 2
stats: size_sent 0 61944
stats: connected 0 0
stats: 500 0 2
# stats: dump at 1449163570
stats: users 0 10
stats: session 0 0 0 4867.320068359375 190.418212890625 803.6018985441361 348
stats: users_count 0 348
stats: finish_users_count 0 348
stats: request 0 0 0 4865.364990234375 188.419921875 801.3941285582795 348
stats: page 0 0 0 4865.364990234375 188.419921875 801.3941285582795 348
stats: 200 0 346
stats: connect 0 0 0 862.6669921875 0.762939453125 8.115843323455461 348
stats: size_rcv 0 2174219
stats: newphase 0 2
stats: size_sent 0 61944
stats: connected 0 0
stats: 500 0 2
# stats: dump at 1449163580
stats: users 0 10
stats: session 0 0 0 4867.320068359375 190.418212890625 803.6018985441361 348
stats: users_count 0 348
stats: finish_users_count 0 348
stats: page 0 0 0 4865.364990234375 188.419921875 801.3941285582795 348
stats: connect 0 0 0 862.6669921875 0.762939453125 8.115843323455461 348
stats: request 0 0 0 4865.364990234375 188.419921875 801.3941285582795 348
stats: 200 0 346
stats: size_rcv 0 2174219
stats: newphase 0 2
stats: size_sent 0 61944
stats: connected 0 0
stats: 500 0 2
# stats: dump at 1449163590
stats: users 0 10
stats: session 0 0 0 4867.320068359375 190.418212890625 803.6018985441361 348
stats: users_count 0 348
stats: finish_users_count 0 348
stats: request 0 0 0 4865.364990234375 188.419921875 801.3941285582795 348
stats: page 0 0 0 4865.364990234375 188.419921875 801.3941285582795 348
stats: connect 0 0 0 862.6669921875 0.762939453125 8.115843323455461 348
stats: 200 0 346
stats: size_rcv 0 2174219
stats: newphase 0 2
stats: size_sent 0 61944
stats: connected 0 0
stats: 500 0 2
# stats: dump at 1449163600
stats: users 0 10
stats: session 0 0 0 4867.320068359375 190.418212890625 803.6018985441361 348
stats: users_count 0 348
stats: finish_users_count 0 348
stats: request 0 0 0 4865.364990234375 188.419921875 801.3941285582795 348
stats: page 0 0 0 4865.364990234375 188.419921875 801.3941285582795 348
stats: connect 0 0 0 862.6669921875 0.762939453125 8.115843323455461 348
stats: 200 0 346
stats: size_rcv 0 2174219
stats: newphase 0 2
stats: size_sent 0 61944
stats: connected 0 0
stats: 500 0 2
# stats: dump at 1449163601
stats: users 0 10
stats: session 0 0 0 4867.320068359375 190.418212890625 803.6018985441361 348
stats: users_count 0 348
stats: finish_users_count 0 348
stats: page 0 0 0 4865.364990234375 188.419921875 801.3941285582795 348
stats: request 0 0 0 4865.364990234375 188.419921875 801.3941285582795 348
stats: connect 0 0 0 862.6669921875 0.762939453125 8.115843323455461 348
stats: 200 0 346
stats: size_rcv 0 2174219
stats: newphase 0 2
stats: size_sent 0 61944
stats: connected 0 0
stats: 500 0 2
EndMonitor:{1449,163601,403445}
