# stats: dump at 1449145873
stats: users 0 0
stats: users_count 0 0
stats: finish_users_count 0 0
# stats: dump at 1449145883
stats: users 11 11
stats: users_count 11 11
stats: finish_users_count 0 0
stats: request 34 770.9804184857537 1076.5703402613476 4225.138916015625 7.383056640625 0 0
stats: page 20 1310.7329956054687 1224.6366730664731 4225.138916015625 62.173095703125 0 0
stats: connect 11 769.9407404119319 955.4777098965491 2129.10009765625 1.183837890625 0 0
stats: 302 7 7
stats: 200 27 27
stats: size_rcv 153734 153734
stats: size_sent 12719 12719
stats: connected 11 11
# stats: dump at 1449145893
stats: users 18 18
stats: users_count 7 18
stats: finish_users_count 0 0
stats: request 56 97.26239885602679 98.23171665282267 4225.138916015625 6.9970703125 770.9804184857537 34
stats: page 36 151.3472154405382 136.9220449863082 4225.138916015625 10.473876953125 1310.7329956054687 20
stats: connect 7 1.4200265066964286 0.07900374427363664 2129.10009765625 1.183837890625 769.9407404119319 11
stats: 302 10 17
stats: 200 46 73
stats: size_rcv 260941 414675
stats: newphase 1 1
stats: size_sent 31126 43845
stats: connected 7 18
# stats: dump at 1449145903
stats: users 22 22
stats: session 1 24844.83203125 0 24844.83203125 24844.83203125 0 0
stats: users_count 5 23
stats: finish_users_count 1 1
stats: request 43 58.66713980741279 65.50708037127323 4225.138916015625 6.9970703125 351.7780951605903 90
stats: page 37 68.19626266891892 85.68120208442612 4225.138916015625 9.447998046875 565.4135654994419 56
stats: connect 5 1.339013671875 0.056033033913820904 2129.10009765625 1.183837890625 471.0715738932292 18
stats: 302 3 20
stats: 200 40 113
stats: size_rcv 228656 643331
stats: newphase 0 1
stats: size_sent 30618 74463
stats: connected 4 22
# stats: dump at 1449145913
stats: users 23 25
stats: session 3 26921.577392578125 9597.27480106913 37880.984130859375 14507.89404296875 24844.83203125 1
stats: users_count 4 27
stats: finish_users_count 3 4
stats: request 50 86.00135742187504 118.54813244905209 4225.138916015625 6.77099609375 257.0128990689615 133
stats: page 36 119.47824435763889 158.69771362408733 4225.138916015625 8.987060546875 367.59592888944894 93
stats: connect 4 1.40692138671875 0.06984371633336836 2129.10009765625 1.183837890625 368.9557999320652 23
stats: 302 7 27
stats: 200 43 156
stats: size_rcv 236089 879420
stats: newphase 1 2
stats: size_sent 31717 106180
stats: connected 1 23
# stats: dump at 1449145923
stats: users 20 25
stats: session 4 36704.418029785156 3178.0863322060413 41742.97998046875 14507.89404296875 26402.391052246094 4
stats: users_count 1 28
stats: finish_users_count 4 8
stats: request 22 20.424249822443183 14.21175236361238 4225.138916015625 6.77099609375 210.28843413806354 183
stats: page 22 20.424249822443183 14.21175236361238 4225.138916015625 8.760986328125 298.3537843689438 129
stats: connect 0 0 0 2129.10009765625 1.183837890625 314.50411422164353 27
stats: 302 0 27
stats: 200 22 178
stats: size_rcv 120216 999636
stats: newphase 1 3
stats: size_sent 19622 125802
stats: connected -4 19
# stats: dump at 1449145933
stats: users 17 25
stats: session 4 40583.16271972656 12287.954190144697 51547.929931640625 14507.89404296875 31553.404541015625 8
stats: users_count 1 29
stats: finish_users_count 4 12
stats: request 37 45.504104201858105 72.0159406062306 4225.138916015625 6.77099609375 189.9127655773628 205
stats: page 33 51.032241358901516 92.11544926629946 4225.138916015625 8.572998046875 257.86073960057945 151
stats: connect 2 1.5513916015625 0.1214599609375 2129.10009765625 1.183837890625 314.50411422164353 27
stats: 302 2 29
stats: 200 35 213
stats: size_rcv 188091 1187727
stats: newphase 0 3
stats: size_sent 28986 154788
stats: connected -2 17
# stats: dump at 1449145943
stats: users 15 25
stats: session 3 34854.90828450521 6299.219206561858 51547.929931640625 14507.89404296875 34563.32393391927 12
stats: users_count 1 30
stats: finish_users_count 3 15
stats: request 12 59.240620930989586 81.03140042218199 4225.138916015625 6.77099609375 167.83375536705836 242
stats: page 10 71.1075439453125 106.5504729292801 4225.138916015625 8.572998046875 220.76649806810462 184
stats: connect 1 2.261962890625 0.0 2129.10009765625 1.183837890625 292.92116783405174 29
stats: 302 1 30
stats: 200 11 224
stats: size_rcv 60651 1248378
stats: newphase 1 4
stats: size_sent 8388 163176
stats: connected -2 15
# stats: dump at 1449145953
stats: users 7 25
stats: session 8 60321.06188964844 11118.318980377942 74667.98486328125 14507.89404296875 34621.640804036455 15
stats: users_count 0 30
stats: finish_users_count 8 23
stats: request 9 14.955810546875 8.820036999544833 4225.138916015625 6.77099609375 162.70337106299212 254
stats: page 9 14.955810546875 8.820036999544833 4225.138916015625 8.572998046875 213.0521189896102 194
stats: connect 0 0 0 2129.10009765625 1.183837890625 283.23252766927084 30
stats: 302 0 30
stats: 200 9 233
stats: size_rcv 48311 1296689
stats: newphase 0 4
stats: size_sent 7921 171097
stats: connected -8 7
# stats: dump at 1449145963
stats: users 4 25
stats: session 3 59088.255045572914 21591.179478791495 85723.97900390625 14507.89404296875 43560.5698772928 23
stats: users_count 0 30
stats: finish_users_count 3 26
stats: request 3 20.701009114583332 15.312023556794585 4225.138916015625 6.77099609375 157.64737089323907 263
stats: page 3 20.701009114583332 15.312023556794585 4225.138916015625 8.572998046875 204.26952403402095 203
stats: connect 0 0 0 2129.10009765625 1.183837890625 283.23252766927084 30
stats: 302 0 30
stats: 200 3 236
stats: size_rcv 14664 1311353
stats: newphase 0 4
stats: size_sent 2713 173810
stats: connected -3 4
# stats: dump at 1449145973
stats: users 2 25
stats: session 2 60539.93640136719 12395.024536132813 85723.97900390625 14507.89404296875 45352.225858248195 26
stats: users_count 0 30
stats: finish_users_count 2 28
stats: request 4 11.47467041015625 0.4187092994368212 4225.138916015625 6.77099609375 156.10286305363016 266
stats: page 4 11.47467041015625 0.4187092994368212 4225.138916015625 8.572998046875 201.59619614684465 206
stats: connect 0 0 0 2129.10009765625 1.183837890625 283.23252766927084 30
stats: 302 0 30
stats: 200 4 240
stats: size_rcv 20853 1332206
stats: newphase 0 4
stats: size_sent 3471 177281
stats: connected -2 2
# stats: dump at 1449145983
stats: users 1 25
stats: session 1 35759.87109375 0.0 85723.97900390625 14507.89404296875 46437.06232561384 28
stats: users_count 0 30
stats: finish_users_count 1 29
stats: request 0 0 0 4225.138916015625 6.77099609375 153.96022316261573 270
stats: page 0 0 0 4225.138916015625 8.572998046875 197.97483375186013 210
stats: connect 0 0 0 2129.10009765625 1.183837890625 283.23252766927084 30
stats: 302 0 30
stats: 200 0 240
stats: size_rcv 0 1332206
stats: newphase 0 4
stats: size_sent 0 177281
stats: connected -1 1
# stats: dump at 1449145993
stats: users 0 25
stats: session 1 85277.96606445313 0.0 85723.97900390625 14507.89404296875 46068.883317618536 29
stats: users_count 0 30
stats: finish_users_count 1 30
stats: request 0 0 0 4225.138916015625 6.77099609375 153.96022316261573 270
stats: page 0 0 0 4225.138916015625 8.572998046875 197.97483375186013 210
stats: connect 0 0 0 2129.10009765625 1.183837890625 283.23252766927084 30
stats: 302 0 30
stats: 200 0 240
stats: size_rcv 0 1332206
stats: newphase 0 4
stats: size_sent 0 177281
stats: connected -1 0
# stats: dump at 1449145997
stats: users 0 25
stats: session 0 0 0 85723.97900390625 14507.89404296875 47375.85274251302 30
stats: users_count 0 30
stats: finish_users_count 0 30
stats: request 0 0 0 4225.138916015625 6.77099609375 153.96022316261573 270
stats: page 0 0 0 4225.138916015625 8.572998046875 197.97483375186013 210
stats: connect 0 0 0 2129.10009765625 1.183837890625 283.23252766927084 30
stats: 302 0 30
stats: 200 0 240
stats: size_rcv 0 1332206
stats: newphase 0 4
stats: size_sent 0 177281
stats: connected 0 0
EndMonitor:{1449,145997,659986}
