# stats: dump at 1449146056
stats: users 0 0
stats: users_count 0 0
stats: finish_users_count 0 0
# stats: dump at 1449146066
stats: users 8 8
stats: users_count 8 8
stats: finish_users_count 0 0
stats: request 25 488.7032031249999 607.4348837910678 2293.094970703125 6.19091796875 0 0
stats: page 15 814.5740071614583 757.0870755706101 2293.094970703125 45.068115234375 0 0
stats: connect 7 619.7122279575893 812.2492386810728 2134.31689453125 1.19287109375 0 0
stats: 302 5 5
stats: 200 20 20
stats: size_rcv 123127 123127
stats: size_sent 10252 10252
stats: connected 7 7
# stats: dump at 1449146076
stats: users 16 16
stats: session 1 15030.9189453125 0 15030.9189453125 15030.9189453125 0 0
stats: users_count 9 17
stats: finish_users_count 1 1
stats: request 63 151.9441499255953 208.7186689695801 2293.094970703125 5.843994140625 488.7032031249999 25
stats: page 39 243.16774964943912 313.7925061800293 2293.094970703125 8.5009765625 814.5740071614583 15
stats: connect 10 1.2489501953125 0.1010952132530384 2134.31689453125 1.01220703125 619.7122279575893 7
stats: 302 12 17
stats: 200 51 71
stats: size_rcv 314601 437728
stats: newphase 1 1
stats: size_sent 33079 43331
stats: connected 9 16
# stats: dump at 1449146086
stats: users 19 21
stats: session 3 17974.583740234375 2521.0535987812605 21069.08203125 14893.8330078125 15030.9189453125 1
stats: users_count 6 23
stats: finish_users_count 3 4
stats: request 62 68.87522838961696 105.08947950329008 2293.094970703125 5.51708984375 247.61433549360797 88
stats: page 53 82.19768020341978 129.313833857796 2293.094970703125 8.039794921875 401.89171006944446 54
stats: connect 6 1.2765299479166667 0.09997677003404826 2134.31689453125 1.01220703125 255.91029986213235 17
stats: 302 4 21
stats: 200 58 129
stats: size_rcv 343389 781117
stats: newphase 0 1
stats: size_sent 44392 87723
stats: connected 4 20
# stats: dump at 1449146096
stats: users 18 21
stats: session 3 25930.209554036457 6768.248271598868 30967.787841796875 14893.8330078125 17238.667541503906 4
stats: users_count 2 25
stats: finish_users_count 3 7
stats: request 33 68.20456764914775 111.1314751995294 2293.094970703125 5.51708984375 173.73550455729168 150
stats: page 28 80.60059465680804 144.1540552114745 2293.094970703125 7.962890625 243.53859247225466 107
stats: connect 2 1.260009765625 0.009033203125 2134.31689453125 1.01220703125 189.48409901494566 23
stats: 302 3 24
stats: 200 30 159
stats: size_rcv 176536 957653
stats: newphase 1 2
stats: size_sent 24032 111755
stats: connected -2 18
# stats: dump at 1449146106
stats: users 16 21
stats: session 3 33849.29532877604 11472.36045321629 49649.99609375 14893.8330078125 20963.614118303572 7
stats: users_count 1 26
stats: finish_users_count 3 10
stats: request 18 37.59210883246528 52.511949360727435 2293.094970703125 5.51708984375 154.70533560664276 183
stats: page 16 42.30316162109375 68.86253736678867 2293.094970703125 7.962890625 209.74404477719906 135
stats: connect 1 1.412109375 0.0 2134.31689453125 1.01220703125 174.426171875 25
stats: 302 1 25
stats: 200 17 176
stats: size_rcv 91572 1049225
stats: newphase 0 2
stats: size_sent 13937 125692
stats: connected -1 17
# stats: dump at 1449146116
stats: users 13 21
stats: session 4 32360.707885742188 8078.822040022415 49649.99609375 14893.8330078125 24829.318481445313 10
stats: users_count 1 27
stats: finish_users_count 4 14
stats: request 21 50.07598586309524 65.10822443799678 2293.094970703125 5.51708984375 144.2175839552239 201
stats: page 17 61.8833438648897 95.46527462333579 2293.094970703125 7.962890625 192.0019644427773 151
stats: connect 1 1.319091796875 0.0 2134.31689453125 1.01220703125 167.77178485576923 26
stats: 302 2 27
stats: 200 19 195
stats: size_rcv 109404 1158629
stats: newphase 1 3
stats: size_sent 15206 140898
stats: connected -4 13
# stats: dump at 1449146126
stats: users 10 21
stats: session 4 48006.43927001953 6650.344415226534 55141.945068359375 14893.8330078125 26981.144025530135 14
stats: users_count 1 28
stats: finish_users_count 4 18
stats: request 12 51.14947509765625 58.92464230872552 2293.094970703125 5.51708984375 135.3122976492117 222
stats: page 10 61.39716796875 84.20947761298645 2293.094970703125 7.962890625 178.83519926525298 168
stats: connect 1 1.177001953125 0.0 2134.31689453125 1.01220703125 161.60687029803242 27
stats: 302 1 28
stats: 200 11 206
stats: size_rcv 67706 1226335
stats: newphase 0 3
stats: size_sent 8488 149386
stats: connected -3 10
# stats: dump at 1449146136
stats: users 7 21
stats: session 4 54710.18682861328 8586.71959450313 65656.89306640625 14893.8330078125 31653.43185763889 18
stats: users_count 1 29
stats: finish_users_count 4 22
stats: request 16 49.649749755859375 79.20577747854108 2293.094970703125 5.51708984375 130.99625546708066 234
stats: page 14 56.757986886160715 94.18875986235486 2293.094970703125 7.962890625 172.23755705758427 178
stats: connect 1 2.583984375 0.0 2134.31689453125 1.01220703125 155.87723214285714 28
stats: 302 1 29
stats: 200 15 221
stats: size_rcv 83716 1310051
stats: newphase 1 4
stats: size_sent 12079 161465
stats: connected -3 7
# stats: dump at 1449146146
stats: users 7 21
stats: session 1 76896.80004882813 0.0 76896.80004882813 14893.8330078125 35845.569125088776 22
stats: users_count 1 30
stats: finish_users_count 1 23
stats: request 5 51.186962890625 70.74809480390049 2293.094970703125 5.51708984375 125.7900791015625 250
stats: page 5 51.186962890625 70.74809480390049 2293.094970703125 7.962890625 163.81717173258463 192
stats: connect 1 1.2890625 0.0 2134.31689453125 1.01220703125 150.59125808189654 29
stats: 302 0 29
stats: 200 5 226
stats: size_rcv 28083 1338134
stats: newphase 0 4
stats: size_sent 3642 165107
stats: connected 0 7
# stats: dump at 1449146156
stats: users 6 21
stats: session 1 50162.93408203125 0.0 76896.80004882813 14893.8330078125 37630.40525220788 23
stats: users_count 0 30
stats: finish_users_count 1 24
stats: request 7 49.76527622767857 59.64220667150682 2293.094970703125 5.51708984375 124.32727290134804 255
stats: page 5 69.7078125 102.89942970789774 2293.094970703125 7.962890625 160.9585369904029 197
stats: connect 0 0 0 2134.31689453125 1.01220703125 145.61451822916666 30
stats: 302 1 30
stats: 200 6 232
stats: size_rcv 36274 1374408
stats: newphase 0 4
stats: size_sent 4749 169856
stats: connected -1 6
# stats: dump at 1449146166
stats: users 3 21
stats: session 3 65363.878743489586 19324.364340506672 87873.79809570313 14893.8330078125 38152.59395345052 24
stats: users_count 0 30
stats: finish_users_count 3 27
stats: request 4 26.56646728515625 16.704408475324957 2293.094970703125 5.51708984375 122.33515848640268 262
stats: page 4 26.56646728515625 16.704408475324957 2293.094970703125 7.962890625 158.6998556911355 202
stats: connect 0 0 0 2134.31689453125 1.01220703125 145.61451822916666 30
stats: 302 0 30
stats: 200 4 236
stats: size_rcv 23034 1397442
stats: newphase 0 4
stats: size_sent 3689 173545
stats: connected -3 3
# stats: dump at 1449146176
stats: users 2 21
stats: session 1 59630.947998046875 0.0 87873.79809570313 14893.8330078125 41176.07004123264 27
stats: users_count 0 30
stats: finish_users_count 1 28
stats: request 1 11.6689453125 0.0 2293.094970703125 5.51708984375 120.89502779164708 266
stats: page 1 11.6689453125 0.0 2293.094970703125 7.962890625 156.13415882888347 206
stats: connect 0 0 0 2134.31689453125 1.01220703125 145.61451822916666 30
stats: 302 0 30
stats: 200 1 237
stats: size_rcv 5534 1402976
stats: newphase 0 4
stats: size_sent 867 174412
stats: connected -1 2
# stats: dump at 1449146186
stats: users 2 21
stats: session 0 0 0 87873.79809570313 14893.8330078125 41835.172825404574 28
stats: users_count 0 30
stats: finish_users_count 0 28
stats: request 1 10.912109375 0.0 2293.094970703125 5.51708984375 120.48594134041433 267
stats: page 1 10.912109375 0.0 2293.094970703125 7.962890625 155.43625924667873 207
stats: connect 0 0 0 2134.31689453125 1.01220703125 145.61451822916666 30
stats: 302 0 30
stats: 200 1 238
stats: size_rcv 4980 1407956
stats: newphase 0 4
stats: size_sent 866 175278
stats: connected 0 2
# stats: dump at 1449146196
stats: users 2 21
stats: session 0 0 0 87873.79809570313 14893.8330078125 41835.172825404574 28
stats: users_count 0 30
stats: finish_users_count 0 28
stats: request 1 10.843994140625 0.0 2293.094970703125 5.51708984375 120.07708375845382 268
stats: page 1 10.843994140625 0.0 2293.094970703125 7.962890625 154.74143160306488 208
stats: connect 0 0 0 2134.31689453125 1.01220703125 145.61451822916666 30
stats: 302 0 30
stats: 200 1 239
stats: size_rcv 4966 1412922
stats: newphase 0 4
stats: size_sent 867 176145
stats: connected 0 2
# stats: dump at 1449146206
stats: users 1 21
stats: session 1 53750.8759765625 0.0 87873.79809570313 14893.8330078125 41835.172825404574 28
stats: users_count 0 30
stats: finish_users_count 1 29
stats: request 1 12.15380859375 0.0 2293.094970703125 5.51708984375 119.67101279333178 269
stats: page 1 12.15380859375 0.0 2293.094970703125 7.962890625 154.05292711759867 209
stats: connect 0 0 0 2134.31689453125 1.01220703125 145.61451822916666 30
stats: 302 0 30
stats: 200 1 240
stats: size_rcv 5874 1418796
stats: newphase 0 4
stats: size_sent 866 177011
stats: connected -1 1
# stats: dump at 1449146216
stats: users 0 21
stats: session 1 77329.82397460938 0.0 87873.79809570313 14893.8330078125 42246.05914096175 29
stats: users_count 0 30
stats: finish_users_count 1 30
stats: request 0 0 0 2293.094970703125 5.51708984375 119.27280092592592 270
stats: page 0 0 0 2293.094970703125 7.962890625 153.37721702938987 210
stats: connect 0 0 0 2134.31689453125 1.01220703125 145.61451822916666 30
stats: 302 0 30
stats: 200 0 240
stats: size_rcv 0 1418796
stats: newphase 0 4
stats: size_sent 0 177011
stats: connected -1 0
# stats: dump at 1449146226
stats: users 0 21
stats: session 0 0 0 87873.79809570313 14893.8330078125 43415.51796875 30
stats: users_count 0 30
stats: finish_users_count 0 30
stats: request 0 0 0 2293.094970703125 5.51708984375 119.27280092592592 270
stats: page 0 0 0 2293.094970703125 7.962890625 153.37721702938987 210
stats: connect 0 0 0 2134.31689453125 1.01220703125 145.61451822916666 30
stats: 302 0 30
stats: 200 0 240
stats: size_rcv 0 1418796
stats: newphase 0 4
stats: size_sent 0 177011
stats: connected 0 0
# stats: dump at 1449146236
stats: users 0 21
stats: session 0 0 0 87873.79809570313 14893.8330078125 43415.51796875 30
stats: users_count 0 30
stats: finish_users_count 0 30
stats: request 0 0 0 2293.094970703125 5.51708984375 119.27280092592592 270
stats: page 0 0 0 2293.094970703125 7.962890625 153.37721702938987 210
stats: connect 0 0 0 2134.31689453125 1.01220703125 145.61451822916666 30
stats: 302 0 30
stats: 200 0 240
stats: size_rcv 0 1418796
stats: newphase 0 4
stats: size_sent 0 177011
stats: connected 0 0
# stats: dump at 1449146246
stats: users 0 21
stats: session 0 0 0 87873.79809570313 14893.8330078125 43415.51796875 30
stats: users_count 0 30
stats: finish_users_count 0 30
stats: request 0 0 0 2293.094970703125 5.51708984375 119.27280092592592 270
stats: page 0 0 0 2293.094970703125 7.962890625 153.37721702938987 210
stats: connect 0 0 0 2134.31689453125 1.01220703125 145.61451822916666 30
stats: 302 0 30
stats: 200 0 240
stats: size_rcv 0 1418796
stats: newphase 0 4
stats: size_sent 0 177011
stats: connected 0 0
# stats: dump at 1449146256
stats: users 0 21
stats: session 0 0 0 87873.79809570313 14893.8330078125 43415.51796875 30
stats: users_count 0 30
stats: finish_users_count 0 30
stats: request 0 0 0 2293.094970703125 5.51708984375 119.27280092592592 270
stats: page 0 0 0 2293.094970703125 7.962890625 153.37721702938987 210
stats: connect 0 0 0 2134.31689453125 1.01220703125 145.61451822916666 30
stats: 302 0 30
stats: 200 0 240
stats: size_rcv 0 1418796
stats: newphase 0 4
stats: size_sent 0 177011
stats: connected 0 0
# stats: dump at 1449146264
stats: users 0 21
stats: session 0 0 0 87873.79809570313 14893.8330078125 43415.51796875 30
stats: users_count 0 30
stats: finish_users_count 0 30
stats: request 0 0 0 2293.094970703125 5.51708984375 119.27280092592592 270
stats: page 0 0 0 2293.094970703125 7.962890625 153.37721702938987 210
stats: connect 0 0 0 2134.31689453125 1.01220703125 145.61451822916666 30
stats: 302 0 30
stats: 200 0 240
stats: size_rcv 0 1418796
stats: newphase 0 4
stats: size_sent 0 177011
stats: connected 0 0
EndMonitor:{1449,146264,710986}
