# stats: dump at 1449164917
stats: users 0 0
stats: users_count 0 0
stats: finish_users_count 0 0
# stats: dump at 1449164927
stats: users 10 10
stats: users_count 10 10
stats: finish_users_count 0 0
stats: request 46 376.0957084324048 541.3755978942032 1664.610107421875 5.87109375 0 0
stats: 302 7 7
stats: page 25 692.061318359375 702.3237537772726 1954.81494140625 9.537841796875 0 0
stats: connect 10 87.73720703125 260.2442644205288 868.469970703125 0.8701171875 0 0
stats: 200 39 39
stats: size_rcv 161633 161633
stats: size_sent 23949 23949
stats: connected 10 10
# stats: dump at 1449164937
stats: users 22 22
stats: session 3 10360.293701171875 1787.905439317784 12620.612060546875 8248.742919921875 0 0
stats: users_count 15 25
stats: finish_users_count 3 3
stats: request 86 87.26823389807414 151.1491389498797 1664.610107421875 4.588134765625 376.0957084324048 46
stats: page 63 119.14643399677577 166.07061467149845 1954.81494140625 4.588134765625 692.061318359375 25
stats: connect 13 0.9020057091346154 0.09620716010766008 868.469970703125 0.781005859375 87.73720703125 10
stats: 302 12 19
stats: 200 74 113
stats: size_rcv 320187 481820
stats: newphase 1 1
stats: size_sent 47991 71940
stats: connected 10 20
# stats: dump at 1449164947
stats: users 43 43
stats: session 12 14198.039733886719 4402.175472441328 19154.385986328125 4358.1669921875 10360.293701171875 3
stats: users_count 33 58
stats: finish_users_count 12 15
stats: request 262 74.81453139909354 187.0920478488956 1728.56298828125 4.343994140625 187.92023259943178 132
stats: page 177 110.77067609021893 219.4570586556005 1954.81494140625 4.343994140625 281.9063443270597 88
stats: connect 31 0.998810798891129 0.12387921862224112 868.469970703125 0.781005859375 38.656441066576086 23
stats: 302 43 62
stats: 200 218 331
stats: size_rcv 893268 1375088
stats: newphase 1 2
stats: size_sent 153173 225113
stats: connected 19 39
stats: 500 1 1
# stats: dump at 1449164957
stats: users 74 74
stats: session 30 12191.79697265625 3941.9496247197303 20175.94091796875 4045.85107421875 13430.49052734375 15
stats: users_count 61 119
stats: finish_users_count 30 45
stats: request 473 101.04457347135974 196.02445906845423 1728.56298828125 4.052001953125 112.707812004283 394
stats: page 330 144.8386075106534 234.28545869384445 1954.81494140625 4.052001953125 167.60063384433963 265
stats: connect 62 0.8822572769657258 0.1361970796441081 868.469970703125 0.72802734375 17.03817183883102 54
stats: 302 82 144
stats: 200 391 722
stats: size_rcv 1609534 2984622
stats: newphase 1 3
stats: size_sent 282355 507468
stats: connected 32 71
stats: 500 0 1
# stats: dump at 1449164967
stats: users 164 164
stats: session 26 13943.406419020434 6078.295245295139 34427.718994140625 4045.85107421875 12604.69482421875 45
stats: users_count 116 235
stats: finish_users_count 26 71
stats: request 423 764.4069737644055 722.3239314838546 2944.368896484375 3.908935546875 106.34482258551402 867
stats: page 291 911.8867598595901 889.8676541124639 3768.753173828125 3.908935546875 154.9763167180935 595
stats: 302 68 212
stats: connect 106 0.7865750294811322 0.058006560387610935 868.469970703125 0.68603515625 8.403114055765085 116
stats: 200 355 1077
stats: size_rcv 1531689 4516311
stats: newphase 1 4
stats: size_sent 263111 770579
stats: connected 80 151
stats: 500 0 1
# stats: dump at 1449164977
stats: users 395 395
stats: session 34 20469.17435948989 4186.247689460322 34427.718994140625 4045.85107421875 13094.92723921655 71
stats: users_count 265 500
stats: finish_users_count 34 105
stats: request 1635 658.9697937571673 982.3949628607753 3480.155029296875 0.466064453125 322.1279930883598 1290
stats: page 1019 1066.5129940792885 1699.7765590682975 6833.531005859375 0.47314453125 403.57782795305457 886
stats: connect 263 0.7887784428469582 0.06917312861672184 868.469970703125 0.653076171875 4.766388214386262 222
stats: 302 104 316
stats: 200 406 1483
stats: size_rcv 2289696 6806007
stats: newphase 1 5
stats: size_sent 619572 1390151
stats: connected 231 382
stats: 503 1088 1088
stats: 500 37 38
# stats: dump at 1449164987
stats: users 776 776
stats: session 189 16338.053329871458 5835.270238793333 34427.718994140625 4045.85107421875 15482.778687686012 105
stats: users_count 570 1070
stats: finish_users_count 189 294
stats: request 4178 249.86714980955003 577.3997056579668 3480.155029296875 0.448974609375 510.4139226929753 2925
stats: page 2846 368.6570223113306 880.2031561922532 6833.531005859375 0.451904296875 758.1872422746463 1905
stats: connect 568 0.7597703530754847 0.4033025785470333 868.469970703125 0.61083984375 2.609457554768041 485
stats: 302 111 427
stats: 200 471 1954
stats: size_rcv 3889296 10695303
stats: newphase 1 6
stats: size_sent 1283651 2673802
stats: connected 388 770
stats: 503 3469 4557
stats: 500 127 165
# stats: dump at 1449164997
stats: users 1416 1416
stats: session 407 15257.488446809735 6120.185319590578 41591.700927734375 3440.551025390625 16032.598100519512 294
stats: users_count 1047 2117
stats: finish_users_count 407 701
stats: page 4374 390.1703752710434 761.2059314837758 6833.531005859375 0.451904296875 524.8462601623338 4751
stats: connect 683 88.598246047996 420.65400332101353 3008.297119140625 0.61083984375 1.6117155504362537 1053
stats: 302 261 688
stats: request 6179 271.1666375731429 564.2921060851907 3934.5009765625 0.373046875 357.1597459920108 7103
stats: 200 918 2872
stats: size_rcv 6430825 17126128
stats: newphase 1 7
stats: size_sent 1760968 4434770
stats: connected 237 1007
stats: 503 4591 9148
stats: 500 410 575
# stats: dump at 1449165007
stats: users 2945 2945
stats: session 570 16279.217176363762 5029.03346632258 41591.700927734375 3440.551025390625 15582.570099007558 701
stats: users_count 2099 4216
stats: finish_users_count 570 1271
stats: request 6049 424.9820137093295 863.1828449721436 10706.93896484375 0.37109375 317.1543690216611 13282
stats: connect 614 461.8835556577007 1265.357835794673 7016.3310546875 0.61083984375 35.83510283720659 1736
stats: 302 431 1119
stats: page 4426 578.6876198087299 999.4738579568372 10706.93896484375 0.37109375 460.29038942101835 9125
stats: 200 1291 4163
stats: size_rcv 7488408 24614536
stats: newphase 1 8
stats: size_sent 2022909 6457679
stats: connected 15 1022
stats: 503 3833 12981
stats: 500 493 1068
# stats: dump at 1449165017
stats: users 3085 3482
stats: session 567 17733.131998697918 4936.3484664968255 41591.700927734375 3440.551025390625 15894.992470441888 1271
stats: users_count 707 4923
stats: finish_users_count 567 1838
stats: request 6169 711.4888959350685 2130.5384430481135 17454.059814453125 0.37109375 350.895480330735 19331
stats: page 4478 976.9051820619554 2449.8196473686307 17454.059814453125 0.37109375 498.96105148994394 13551
stats: connect 578 6069.2755388834075 5449.539860980291 15046.31396484375 0.61083984375 147.15159221243357 2350
stats: 302 434 1553
stats: 200 1264 5427
stats: size_rcv 7424240 32038776
stats: newphase 0 8
stats: size_sent 2186795 8644474
stats: connected -26 996
stats: 503 4001 16982
stats: 500 470 1538
# stats: dump at 1449165027
stats: users 2551 3482
stats: session 534 19843.307550437443 5130.070136585873 46587.27001953125 3440.551025390625 16462.03551316287 1838
stats: users_count 0 4923
stats: finish_users_count 534 2372
stats: request 6153 1858.0581890709445 5321.147318741737 33433.759033203125 0.37109375 438.13080507046567 25500
stats: page 4462 2559.015208286643 6097.470126537089 33433.759033203125 0.37109375 617.6716741923384 18029
stats: connect 578 18087.207370850454 7721.642748606817 31080.340087890625 0.449951171875 1316.2047483517172 2928
stats: 302 401 1954
stats: 200 1196 6623
stats: size_rcv 7241539 39280315
stats: newphase 0 8
stats: size_sent 2109590 10754064
stats: connected 0 996
stats: 503 4103 21085
stats: 500 454 1992
# stats: dump at 1449165037
stats: users 1988 3482
stats: session 563 27735.15938696854 5146.183919710384 53143.090087890625 3440.551025390625 17223.249369783705 2372
stats: users_count 0 4923
stats: finish_users_count 563 2935
stats: request 5942 3164.4502949491557 9380.878254513394 34959.30517578125 0.37109375 714.1492928521909 31653
stats: 302 403 2357
stats: page 4368 4312.019321986588 10728.80301127348 34959.30517578125 0.37109375 1002.8157251073172 22491
stats: connect 604 29066.340395087438 7425.087327806086 31100.27099609375 0.449951171875 4081.076258849227 3506
stats: 200 1279 7902
stats: size_rcv 7328011 46608326
stats: newphase 0 8
stats: size_sent 2118312 12872376
stats: connected 4 1000
stats: 503 3832 24917
stats: 500 427 2419
# stats: dump at 1449165047
stats: users 1457 3482
stats: session 531 40199.201214634144 5873.554899639173 54581.2958984375 3440.551025390625 19239.673676316947 2935
stats: users_count 0 4923
stats: finish_users_count 531 3466
stats: page 4116 3229.6599492405776 9353.633234599778 35927.91015625 0.37109375 1540.9817518085588 26859
stats: request 5675 2340.3734382313432 8091.34939655895 35927.91015625 0.37109375 1101.4265519148366 37595
stats: connect 273 27495.100831866705 9654.653656248847 31100.27099609375 0.449951171875 7752.876633128517 4110
stats: 302 424 2781
stats: 200 1428 9330
stats: size_rcv 7822393 54430719
stats: newphase 0 8
stats: size_sent 1993406 14865782
stats: connected -285 715
stats: 503 3320 28237
stats: 500 503 2922
# stats: dump at 1449165057
stats: users 942 3482
stats: session 515 48407.36179317732 4463.782734477962 63578.553955078125 3440.551025390625 22450.726510375353 3466
stats: users_count 0 4923
stats: finish_users_count 515 3981
stats: request 2385 1765.3214112863593 9969.763578578853 64617.551025390625 0.37109375 1263.9184303489983 43270
stats: page 2122 1987.8494761446307 10550.777442133645 64617.551025390625 0.37109375 1765.3756004164745 30975
stats: connect 111 58093.81524493243 13995.05577308214 63162.281005859375 0.449951171875 8982.54289054479 4383
stats: 302 533 3314
stats: 200 1400 10730
stats: size_rcv 5941356 60372075
stats: newphase 0 8
stats: size_sent 1034819 15900601
stats: connected -409 306
stats: 503 153 28390
stats: 500 299 3221
# stats: dump at 1449165067
stats: users 756 3482
stats: session 186 55418.475893082155 4917.817208008028 74812.52514648438 3440.551025390625 25808.593169667747 3981
stats: users_count 0 4923
stats: finish_users_count 186 4167
stats: request 1990 10995.969229693392 23628.946819097546 67249.02905273438 0.37109375 1290.1115331753176 45655
stats: 302 123 3437
stats: page 1355 16122.755760097147 27173.091031349282 67249.02905273438 0.37109375 1779.6394178106539 33097
stats: connect 303 63123.9839689047 21.2807871799809 63168.31396484375 0.449951171875 10195.571646961575 4494
stats: 200 322 11052
stats: size_rcv 2211247 62583322
stats: newphase 0 8
stats: size_sent 619253 16519854
stats: connected 119 425
stats: 503 1484 29874
stats: 500 61 3282
# stats: dump at 1449165077
stats: users 561 3482
stats: session 195 75393.07483097957 5621.946101283175 84661.912109375 3440.551025390625 27130.272600086533 4167
stats: users_count 0 4923
stats: finish_users_count 195 4362
stats: request 4142 5599.34304486859 17492.859766368416 67249.02905273438 0.37109375 1695.4983904755795 47645
stats: 302 279 3716
stats: page 2781 8347.064843872897 20812.63551466951 67249.02905273438 0.37109375 2343.7553659065034 34452
stats: connect 337 63125.11063192577 21.821750593404794 63170.3388671875 0.449951171875 13538.767171987374 4797
stats: 200 1081 12133
stats: size_rcv 5956248 68539570
stats: newphase 0 8
stats: size_sent 1334890 17854744
stats: connected 141 566
stats: 503 2419 32293
stats: 500 364 3646
# stats: dump at 1449165087
stats: users 156 3482
stats: session 405 78920.99052071264 4450.020782742755 92927.77905273438 3440.551025390625 29287.825657175974 4362
stats: users_count 0 4923
stats: finish_users_count 405 4767
stats: request 2049 67.09094089342355 106.08965422366937 67249.02905273438 0.37109375 2007.733595420756 51787
stats: page 1836 83.07417526743765 173.34629581815756 67249.02905273438 0.37109375 2792.1533907292287 37233
stats: connect 0 0 0 63170.3388671875 0.449951171875 16793.65570841107 5134
stats: 302 430 4146
stats: 200 1323 13456
stats: size_rcv 5582865 74122435
stats: newphase 0 8
stats: size_sent 872438 18727182
stats: connected -406 160
stats: 503 0 32293
stats: 500 295 3941
# stats: dump at 1449165097
stats: users 14 3482
stats: session 142 84728.484375 4069.5054379176445 101943.35717773438 3440.551025390625 33504.614364902496 4767
stats: users_count 0 4923
stats: finish_users_count 142 4909
stats: connect 0 0 0 63170.3388671875 0.449951171875 16793.65570841107 5134
stats: request 294 4.326675103635203 1.8977367625533055 67249.02905273438 0.37109375 1933.8726696624065 53836
stats: page 292 4.356601662831764 2.083006595063846 67249.02905273438 0.37109375 2664.843517438695 39069
stats: 302 146 4292
stats: 200 131 13587
stats: size_rcv 477926 74600361
stats: newphase 0 8
stats: size_sent 145786 18872968
stats: connected -146 14
stats: 503 0 32293
stats: 500 17 3958
# stats: dump at 1449165107
stats: users 1 3482
stats: session 13 91426.55889423077 2523.096419993963 101943.35717773438 3440.551025390625 34986.33967381141 4909
stats: users_count 0 4923
stats: finish_users_count 13 4922
stats: request 21 5.235921223958333 1.9884183007696596 67249.02905273438 0.37109375 1923.3925935050024 54130
stats: connect 0 0 0 63170.3388671875 0.449951171875 16793.65570841107 5134
stats: page 21 5.235921223958333 1.9884183007696596 67249.02905273438 0.37109375 2645.106666764003 39361
stats: 302 13 4305
stats: 200 6 13593
stats: size_rcv 27393 74627754
stats: newphase 0 8
stats: size_sent 10437 18883405
stats: connected -13 1
stats: 503 0 32293
stats: 500 2 3960
# stats: dump at 1449165117
stats: users 0 3482
stats: session 1 110045.60009765625 0.0 110045.60009765625 3440.551025390625 35135.409736766596 4922
stats: users_count 0 4923
stats: finish_users_count 1 4923
stats: request 2 3.8294677734375 0.2525634765625 67249.02905273438 0.37109375 1922.6487237681943 54151
stats: page 2 3.8294677734375 0.2525634765625 67249.02905273438 0.37109375 2643.6989859540813 39382
stats: connect 0 0 0 63170.3388671875 0.449951171875 16793.65570841107 5134
stats: 302 1 4306
stats: 200 1 13594
stats: size_rcv 3049 74630803
stats: newphase 0 8
stats: size_sent 372 18883777
stats: connected -1 0
stats: 503 0 32293
stats: 500 0 3960
# stats: dump at 1449165127
stats: users 0 3482
stats: session 0 0 0 110045.60009765625 3440.551025390625 35150.62610693943 4923
stats: users_count 0 4923
stats: finish_users_count 0 4923
stats: request 0 0 0 67249.02905273438 0.37109375 1922.5778571770174 54153
stats: page 0 0 0 67249.02905273438 0.37109375 2643.5649279854556 39384
stats: connect 0 0 0 63170.3388671875 0.449951171875 16793.65570841107 5134
stats: 302 0 4306
stats: 200 0 13594
stats: size_rcv 0 74630803
stats: newphase 0 8
stats: size_sent 0 18883777
stats: connected 0 0
stats: 503 0 32293
stats: 500 0 3960
# stats: dump at 1449165130
stats: users 0 3482
stats: session 0 0 0 110045.60009765625 3440.551025390625 35150.62610693943 4923
stats: users_count 0 4923
stats: finish_users_count 0 4923
stats: connect 0 0 0 63170.3388671875 0.449951171875 16793.65570841107 5134
stats: page 0 0 0 67249.02905273438 0.37109375 2643.5649279854556 39384
stats: request 0 0 0 67249.02905273438 0.37109375 1922.5778571770174 54153
stats: 302 0 4306
stats: 200 0 13594
stats: size_rcv 0 74630803
stats: newphase 0 8
stats: size_sent 0 18883777
stats: connected 0 0
stats: 503 0 32293
stats: 500 0 3960
EndMonitor:{1449,165130,332764}
