# stats: dump at 1449129110
stats: users 0 0
stats: users_count 0 0
stats: finish_users_count 0 0
# stats: dump at 1449129120
stats: users 10 10
stats: users_count 10 10
stats: finish_users_count 0 0
stats: request 32 352.59583282470703 618.8294649006427 3414.751953125 6.783935546875 0 0
stats: page 20 564.2119995117189 776.7752137367927 3414.751953125 31.226806640625 0 0
stats: connect 9 302.3747829861111 666.1623613320803 2130.872802734375 1.282958984375 0 0
stats: 302 6 6
stats: 200 26 26
stats: size_rcv 180060 180060
stats: size_sent 13708 13708
stats: connected 9 9
# stats: dump at 1449129130
stats: users 15 15
stats: users_count 5 15
stats: finish_users_count 0 0
stats: request 52 114.02746582031256 133.73617046756246 3414.751953125 4.72314453125 352.59583282470703 32
stats: page 36 164.74722629123264 255.51173639163474 3414.751953125 4.72314453125 564.2119995117189 20
stats: connect 6 1.5163167317708333 0.10472915889663317 2130.872802734375 1.282958984375 302.3747829861111 9
stats: 302 8 14
stats: 200 40 66
stats: size_rcv 329972 510032
stats: size_sent 30880 44588
stats: connected 6 15
stats: 500 4 4
# stats: dump at 1449129140
stats: users 13 15
stats: session 2 17840.885986328125 1608.962890625 19449.848876953125 16231.923095703125 0 0
stats: users_count 0 15
stats: finish_users_count 2 2
stats: request 25 32.289511718750006 31.45617986919332 3414.751953125 4.591064453125 204.91065325055808 84
stats: page 23 35.10529891304348 47.31301473651378 3414.751953125 4.591064453125 307.4132167271206 56
stats: connect 0 0 0 2130.872802734375 1.282958984375 182.031396484375 15
stats: 302 1 15
stats: 200 22 88
stats: size_rcv 190222 700254
stats: size_sent 20956 65544
stats: connected -2 13
stats: 500 2 6
# stats: dump at 1449129150
stats: users 9 15
stats: session 4 28100.664489746094 2107.5728299551015 30157.927001953125 16231.923095703125 17840.885986328125 2
stats: users_count 0 15
stats: finish_users_count 4 6
stats: request 10 18.0955810546875 12.054655267742822 3414.751953125 4.591064453125 165.31864831207 109
stats: page 10 18.0955810546875 12.054655267742822 3414.751953125 4.591064453125 228.1336963508703 79
stats: connect 0 0 0 2130.872802734375 1.282958984375 182.031396484375 15
stats: 302 0 15
stats: 200 10 98
stats: size_rcv 67018 767272
stats: size_sent 8885 74429
stats: connected -4 9
stats: 500 0 6
# stats: dump at 1449129160
stats: users 7 15
stats: session 2 44550.41796875 3683.52490234375 48233.94287109375 16231.923095703125 24680.738321940105 6
stats: users_count 0 15
stats: finish_users_count 2 8
stats: request 11 12.921542080965908 10.339613972247134 3414.751953125 4.591064453125 152.9469619879202 119
stats: page 11 12.921542080965908 10.339613972247134 3414.751953125 4.591064453125 204.53390811534413 89
stats: connect 0 0 0 2130.872802734375 1.282958984375 182.031396484375 15
stats: 302 0 15
stats: 200 5 103
stats: size_rcv 44107 811379
stats: size_sent 9643 84072
stats: connected -2 7
stats: 500 6 12
# stats: dump at 1449129170
stats: users 5 15
stats: session 2 54015.905029296875 2783.9951171875 56799.900146484375 16231.923095703125 29648.158233642578 8
stats: users_count 0 15
stats: finish_users_count 2 10
stats: request 2 15.0704345703125 3.7015380859375 3414.751953125 4.591064453125 141.09865722656252 130
stats: page 2 15.0704345703125 3.7015380859375 3414.751953125 4.591064453125 183.45654785156253 100
stats: connect 0 0 0 2130.872802734375 1.282958984375 182.031396484375 15
stats: 302 0 15
stats: 200 2 105
stats: size_rcv 12910 824289
stats: size_sent 1732 85804
stats: connected -2 5
stats: 500 0 12
# stats: dump at 1449129180
stats: users 3 15
stats: session 2 52788.39099121094 656.4940185546875 56799.900146484375 16231.923095703125 34521.70759277344 10
stats: users_count 0 15
stats: finish_users_count 2 12
stats: request 2 10.8070068359375 1.1590576171875 3414.751953125 4.591064453125 139.18913870146784 132
stats: page 2 10.8070068359375 1.1590576171875 3414.751953125 4.591064453125 180.15485935585176 102
stats: connect 0 0 0 2130.872802734375 1.282958984375 182.031396484375 15
stats: 302 0 15
stats: 200 1 106
stats: size_rcv 7486 831775
stats: size_sent 1735 87539
stats: connected -2 3
stats: 500 1 13
# stats: dump at 1449129190
stats: users 0 15
stats: session 3 64074.277018229164 3159.1289636668193 66800.92919921875 16231.923095703125 37566.15482584635 12
stats: users_count 0 15
stats: finish_users_count 3 15
stats: request 1 14.011962890625 0.0 3414.751953125 4.591064453125 137.27298747959424 134
stats: page 1 14.011962890625 0.0 3414.751953125 4.591064453125 176.89816988431494 104
stats: connect 0 0 0 2130.872802734375 1.282958984375 182.031396484375 15
stats: 302 0 15
stats: 200 1 107
stats: size_rcv 7665 839440
stats: size_sent 866 88405
stats: connected -3 0
stats: 500 0 13
# stats: dump at 1449129200
stats: users 0 15
stats: session 0 0 0 66800.92919921875 16231.923095703125 42867.77926432292 15
stats: users_count 0 15
stats: finish_users_count 0 15
stats: request 0 0 0 3414.751953125 4.591064453125 136.35994285300927 135
stats: page 0 0 0 3414.751953125 4.591064453125 175.34687267485123 105
stats: connect 0 0 0 2130.872802734375 1.282958984375 182.031396484375 15
stats: 302 0 15
stats: 200 0 107
stats: size_rcv 0 839440
stats: size_sent 0 88405
stats: connected 0 0
stats: 500 0 13
# stats: dump at 1449129210
stats: users 0 15
stats: session 0 0 0 66800.92919921875 16231.923095703125 42867.77926432292 15
stats: users_count 0 15
stats: finish_users_count 0 15
stats: request 0 0 0 3414.751953125 4.591064453125 136.35994285300927 135
stats: page 0 0 0 3414.751953125 4.591064453125 175.34687267485123 105
stats: connect 0 0 0 2130.872802734375 1.282958984375 182.031396484375 15
stats: 302 0 15
stats: 200 0 107
stats: size_rcv 0 839440
stats: size_sent 0 88405
stats: connected 0 0
stats: 500 0 13
# stats: dump at 1449129220
stats: users 0 15
stats: session 0 0 0 66800.92919921875 16231.923095703125 42867.77926432292 15
stats: users_count 0 15
stats: finish_users_count 0 15
stats: request 0 0 0 3414.751953125 4.591064453125 136.35994285300927 135
stats: page 0 0 0 3414.751953125 4.591064453125 175.34687267485123 105
stats: connect 0 0 0 2130.872802734375 1.282958984375 182.031396484375 15
stats: 302 0 15
stats: 200 0 107
stats: size_rcv 0 839440
stats: size_sent 0 88405
stats: connected 0 0
stats: 500 0 13
# stats: dump at 1449129230
stats: users 0 15
stats: session 0 0 0 66800.92919921875 16231.923095703125 42867.77926432292 15
stats: users_count 0 15
stats: finish_users_count 0 15
stats: request 0 0 0 3414.751953125 4.591064453125 136.35994285300927 135
stats: page 0 0 0 3414.751953125 4.591064453125 175.34687267485123 105
stats: connect 0 0 0 2130.872802734375 1.282958984375 182.031396484375 15
stats: 302 0 15
stats: 200 0 107
stats: size_rcv 0 839440
stats: size_sent 0 88405
stats: connected 0 0
stats: 500 0 13
# stats: dump at 1449129240
stats: users 0 15
stats: session 0 0 0 66800.92919921875 16231.923095703125 42867.77926432292 15
stats: users_count 0 15
stats: finish_users_count 0 15
stats: request 0 0 0 3414.751953125 4.591064453125 136.35994285300927 135
stats: page 0 0 0 3414.751953125 4.591064453125 175.34687267485123 105
stats: connect 0 0 0 2130.872802734375 1.282958984375 182.031396484375 15
stats: 302 0 15
stats: 200 0 107
stats: size_rcv 0 839440
stats: size_sent 0 88405
stats: connected 0 0
stats: 500 0 13
# stats: dump at 1449129244
stats: users 0 15
stats: session 0 0 0 66800.92919921875 16231.923095703125 42867.77926432292 15
stats: users_count 0 15
stats: finish_users_count 0 15
stats: request 0 0 0 3414.751953125 4.591064453125 136.35994285300927 135
stats: page 0 0 0 3414.751953125 4.591064453125 175.34687267485123 105
stats: connect 0 0 0 2130.872802734375 1.282958984375 182.031396484375 15
stats: 302 0 15
stats: 200 0 107
stats: size_rcv 0 839440
stats: size_sent 0 88405
stats: connected 0 0
stats: 500 0 13
EndMonitor:{1449,129244,225076}
