# stats: dump at 1449146310
stats: users 0 0
stats: users_count 0 0
stats: finish_users_count 0 0
# stats: dump at 1449146320
stats: users 6 6
stats: users_count 6 6
stats: finish_users_count 0 0
stats: request 17 691.2661850873162 775.0125854919743 2746.7451171875 11.8349609375 0 0
stats: page 9 1285.85791015625 833.1592780572338 2746.7451171875 301.3330078125 0 0
stats: connect 6 924.0069986979166 971.0014646663857 2226.037841796875 1.4970703125 0 0
stats: 302 4 4
stats: 200 13 13
stats: size_rcv 71859 71859
stats: size_sent 6411 6411
stats: connected 6 6
# stats: dump at 1449146330
stats: users 16 16
stats: users_count 10 16
stats: finish_users_count 0 0
stats: request 63 127.32682679191466 135.67679782562877 2746.7451171875 7.046142578125 691.2661850873162 17
stats: page 43 190.77778660973837 189.7372205432305 2746.7451171875 9.490966796875 1285.85791015625 9
stats: connect 10 1.479736328125 0.1344538080529479 2226.037841796875 1.24609375 924.0069986979166 6
stats: 302 10 14
stats: 200 53 66
stats: size_rcv 315595 387454
stats: newphase 1 1
stats: size_sent 34844 41255
stats: connected 10 16
# stats: dump at 1449146340
stats: users 21 21
stats: session 1 20998.7158203125 0 20998.7158203125 20998.7158203125 0 0
stats: users_count 6 22
stats: finish_users_count 1 1
stats: request 53 77.76603957841981 118.21085431758704 2746.7451171875 6.76806640625 247.1639404296875 80
stats: page 43 95.87220089934593 150.84977275193972 2746.7451171875 7.781005859375 380.31088491586536 52
stats: connect 6 1.7568359375 0.6022270297352822 2226.037841796875 1.24609375 347.4274597167969 16
stats: 302 5 19
stats: 200 48 114
stats: size_rcv 278207 665661
stats: newphase 0 1
stats: size_sent 35923 77178
stats: connected 5 21
# stats: dump at 1449146350
stats: users 23 23
stats: session 2 21614.910034179688 1752.9869384765625 23367.89697265625 19861.923095703125 20998.7158203125 1
stats: users_count 4 26
stats: finish_users_count 2 3
stats: request 35 85.93722098214286 117.08953855753347 2746.7451171875 6.76806640625 179.65951377467104 133
stats: page 27 111.43006727430556 146.46386333561722 2746.7451171875 7.781005859375 251.5649542557566 95
stats: connect 3 1.516357421875 0.17497815949527531 2226.037841796875 1.24609375 253.1536532315341 22
stats: 302 4 23
stats: 200 31 145
stats: size_rcv 174877 840538
stats: newphase 1 2
stats: size_sent 22826 100004
stats: connected 1 22
# stats: dump at 1449146360
stats: users 22 24
stats: session 2 35858.95910644531 2428.9268798828125 38287.885986328125 19861.923095703125 21409.511962890625 3
stats: users_count 1 27
stats: finish_users_count 2 5
stats: request 40 70.74248657226562 98.24697103156065 2746.7451171875 6.76806640625 160.134036109561 168
stats: page 32 88.45726013183594 146.6842955563761 2746.7451171875 7.781005859375 220.55149566150104 122
stats: connect 2 4.5760498046875 3.1119384765625 2226.037841796875 1.24609375 222.957177734375 25
stats: 302 4 27
stats: 200 36 181
stats: size_rcv 206187 1046725
stats: newphase 1 3
stats: size_sent 28414 128418
stats: connected 0 22
# stats: dump at 1449146370
stats: users 18 24
stats: session 6 36421.8788655599 8049.979545095143 46736.947998046875 19861.923095703125 27189.2908203125 5
stats: users_count 2 29
stats: finish_users_count 6 11
stats: request 29 58.21155206088361 85.74384710749413 2746.7451171875 6.76806640625 142.94335350623498 208
stats: page 25 67.54208984375 110.8094014074186 2746.7451171875 7.781005859375 193.103342824168 154
stats: connect 2 3.0440673828125 1.5819091796875 2226.037841796875 1.24609375 206.7807978877315 27
stats: 302 2 29
stats: 200 27 208
stats: size_rcv 151785 1198510
stats: newphase 0 3
stats: size_sent 21669 150087
stats: connected -3 19
# stats: dump at 1449146380
stats: users 11 24
stats: session 7 54255.82383510045 4318.080557394275 60637.27783203125 19861.923095703125 32225.24793590199 11
stats: users_count 0 29
stats: finish_users_count 7 18
stats: request 13 13.547344501201923 8.606358724419287 2746.7451171875 6.76806640625 132.5753271690401 237
stats: page 13 13.547344501201923 8.606358724419287 2746.7451171875 7.781005859375 175.56685497774092 179
stats: connect 0 0 0 2226.037841796875 1.24609375 192.72998888739224 29
stats: 302 0 29
stats: 200 13 221
stats: size_rcv 68073 1266583
stats: newphase 1 4
stats: size_sent 11380 161467
stats: connected -8 11
# stats: dump at 1449146390
stats: users 7 24
stats: session 5 47551.90659179688 9339.334177971195 63761.916015625 19861.923095703125 40792.69411892361 18
stats: users_count 1 30
stats: finish_users_count 5 23
stats: request 15 45.809326171875 60.54607335514441 2746.7451171875 6.76806640625 126.38587207031252 250
stats: page 13 52.87300931490385 82.10989190170984 2746.7451171875 7.781005859375 164.59678395589194 192
stats: connect 1 2.962158203125 0.0 2226.037841796875 1.24609375 192.72998888739224 29
stats: 302 1 30
stats: 200 14 235
stats: size_rcv 78755 1345338
stats: newphase 0 4
stats: size_sent 12079 173546
stats: connected -4 7
# stats: dump at 1449146400
stats: users 4 24
stats: session 3 39168.9052734375 8456.642293717423 63761.916015625 19861.923095703125 42262.088134765625 23
stats: users_count 0 30
stats: finish_users_count 3 26
stats: request 4 11.1619873046875 0.9081146607332209 2746.7451171875 6.76806640625 121.8249355100236 265
stats: page 4 11.1619873046875 0.9081146607332209 2746.7451171875 7.781005859375 157.51186166158536 205
stats: connect 0 0 0 2226.037841796875 1.24609375 186.40439453125 30
stats: 302 0 30
stats: 200 4 239
stats: size_rcv 21379 1366717
stats: newphase 0 4
stats: size_sent 2601 176147
stats: connected -3 4
# stats: dump at 1449146410
stats: users 2 24
stats: session 2 53808.388427734375 6991.515625 63761.916015625 19861.923095703125 41905.18241999699 26
stats: users_count 0 30
stats: finish_users_count 2 28
stats: request 1 11.176025390625 0.0 2746.7451171875 6.76806640625 120.17938981180299 269
stats: page 1 11.176025390625 0.0 2746.7451171875 7.781005859375 154.71090712843898 209
stats: connect 0 0 0 2226.037841796875 1.24609375 186.40439453125 30
stats: 302 0 30
stats: 200 1 240
stats: size_rcv 4977 1371694
stats: newphase 0 4
stats: size_sent 867 177014
stats: connected -2 2
# stats: dump at 1449146420
stats: users 1 24
stats: session 1 31931.9111328125 0.0 63761.916015625 19861.923095703125 42755.411420549666 28
stats: users_count 0 30
stats: finish_users_count 1 29
stats: request 0 0 0 2746.7451171875 6.76806640625 119.7756736472801 270
stats: page 0 0 0 2746.7451171875 7.781005859375 154.02740769159223 210
stats: connect 0 0 0 2226.037841796875 1.24609375 186.40439453125 30
stats: 302 0 30
stats: 200 0 240
stats: size_rcv 0 1371694
stats: newphase 0 4
stats: size_sent 0 177014
stats: connected -1 1
# stats: dump at 1449146430
stats: users 0 24
stats: session 1 84087.89306640625 0.0 84087.89306640625 19861.923095703125 42382.18727269666 29
stats: users_count 0 30
stats: finish_users_count 1 30
stats: request 0 0 0 2746.7451171875 6.76806640625 119.7756736472801 270
stats: page 0 0 0 2746.7451171875 7.781005859375 154.02740769159223 210
stats: connect 0 0 0 2226.037841796875 1.24609375 186.40439453125 30
stats: 302 0 30
stats: 200 0 240
stats: size_rcv 0 1371694
stats: newphase 0 4
stats: size_sent 0 177014
stats: connected -1 0
# stats: dump at 1449146440
stats: users 0 24
stats: session 0 0 0 84087.89306640625 19861.923095703125 43772.37746582031 30
stats: users_count 0 30
stats: finish_users_count 0 30
stats: request 0 0 0 2746.7451171875 6.76806640625 119.7756736472801 270
stats: page 0 0 0 2746.7451171875 7.781005859375 154.02740769159223 210
stats: connect 0 0 0 2226.037841796875 1.24609375 186.40439453125 30
stats: 302 0 30
stats: 200 0 240
stats: size_rcv 0 1371694
stats: newphase 0 4
stats: size_sent 0 177014
stats: connected 0 0
# stats: dump at 1449146444
stats: users 0 24
stats: session 0 0 0 84087.89306640625 19861.923095703125 43772.37746582031 30
stats: users_count 0 30
stats: finish_users_count 0 30
stats: request 0 0 0 2746.7451171875 6.76806640625 119.7756736472801 270
stats: page 0 0 0 2746.7451171875 7.781005859375 154.02740769159223 210
stats: connect 0 0 0 2226.037841796875 1.24609375 186.40439453125 30
stats: 302 0 30
stats: 200 0 240
stats: size_rcv 0 1371694
stats: newphase 0 4
stats: size_sent 0 177014
stats: connected 0 0
EndMonitor:{1449,146444,238136}
