# stats: dump at 1449138940
stats: users 0 0
stats: users_count 0 0
stats: finish_users_count 0 0
# stats: dump at 1449138950
stats: users 6 6
stats: users_count 6 6
stats: finish_users_count 0 0
stats: request 16 394.7865905761719 758.2590270413441 3189.637939453125 5.67919921875 0 0
stats: page 8 778.7992248535156 949.2730660734527 3189.637939453125 206.865966796875 0 0
stats: connect 6 475.0 807.9559822839805 2204.965087890625 1.339111328125 0 0
stats: 302 4 4
stats: 200 12 12
stats: size_rcv 65595 65595
stats: size_sent 6224 6224
stats: connected 6 6
# stats: dump at 1449138960
stats: users 15 15
stats: users_count 9 15
stats: finish_users_count 0 0
stats: request 54 144.72859700520837 131.94321951305366 3189.637939453125 5.67919921875 394.7865905761719 16
stats: page 37 213.45147540118242 195.664240556825 3189.637939453125 9.27099609375 778.7992248535156 8
stats: connect 9 1.2901475694444444 0.14776799924903766 2204.965087890625 1.0478515625 475.0 6
stats: 302 8 12
stats: 200 46 58
stats: size_rcv 296038 361633
stats: size_sent 28126 34350
stats: connected 9 15
# stats: dump at 1449138970
stats: users 15 15
stats: users_count 0 15
stats: finish_users_count 0 0
stats: request 31 59.61054845010081 108.92726256792899 3189.637939453125 5.67919921875 201.8847098214286 70
stats: page 26 71.33986253004808 143.9697863984679 3189.637939453125 8.364990234375 313.9577419704861 45
stats: connect 0 0 0 2204.965087890625 1.0478515625 190.77408854166666 15
stats: 302 3 15
stats: 200 28 86
stats: size_rcv 170091 531724
stats: size_sent 24143 58493
stats: connected 0 15
# stats: dump at 1449138980
stats: users 13 15
stats: session 2 27372.908081054688 2167.9820556640625 29540.89013671875 25204.926025390625 0 0
stats: users_count 0 15
stats: finish_users_count 2 2
stats: request 19 19.869654605263158 15.038462161342881 3189.637939453125 5.67919921875 158.21640286587254 101
stats: page 19 19.869654605263158 15.038462161342881 3189.637939453125 8.364990234375 225.11175795004402 71
stats: connect 0 0 0 2204.965087890625 1.0478515625 190.77408854166666 15
stats: 302 0 15
stats: 200 19 105
stats: size_rcv 107259 638983
stats: size_sent 17012 75505
stats: connected -2 13
# stats: dump at 1449138990
stats: users 7 15
stats: session 6 34169.12019856771 3716.547684752904 39435.85498046875 25204.926025390625 27372.908081054688 2
stats: users_count 0 15
stats: finish_users_count 6 8
stats: request 8 10.996063232421875 1.0909883268152891 3189.637939453125 5.67919921875 136.31150105794273 120
stats: page 8 10.996063232421875 1.0909883268152891 3189.637939453125 8.364990234375 181.78286946614583 90
stats: connect 0 0 0 2204.965087890625 1.0478515625 190.77408854166666 15
stats: 302 0 15
stats: 200 8 113
stats: size_rcv 40788 679771
stats: size_sent 6934 82439
stats: connected -6 7
# stats: dump at 1449139000
stats: users 3 15
stats: session 4 47131.32751464844 1200.4986077856822 48764.52197265625 25204.926025390625 32470.067169189453 8
stats: users_count 0 15
stats: finish_users_count 4 12
stats: request 5 14.51025390625 5.605325606907626 3189.637939453125 5.67919921875 128.47928619384768 128
stats: page 5 14.51025390625 5.605325606907626 3189.637939453125 8.364990234375 167.84108936543367 98
stats: connect 0 0 0 2204.965087890625 1.0478515625 190.77408854166666 15
stats: 302 0 15
stats: 200 5 118
stats: size_rcv 26147 705918
stats: size_sent 4333 86772
stats: connected -4 3
# stats: dump at 1449139010
stats: users 2 15
stats: session 1 51459.884033203125 0.0 51459.884033203125 25204.926025390625 37357.15395100912 12
stats: users_count 0 15
stats: finish_users_count 1 13
stats: request 1 11.244873046875 0.0 3189.637939453125 5.67919921875 124.19473610784777 133
stats: page 1 11.244873046875 0.0 3189.637939453125 8.364990234375 160.39784492566747 103
stats: connect 0 0 0 2204.965087890625 1.0478515625 190.77408854166666 15
stats: 302 0 15
stats: 200 1 119
stats: size_rcv 5511 711429
stats: size_sent 867 87639
stats: connected -1 2
# stats: dump at 1449139020
stats: users 2 15
stats: session 0 0 0 51459.884033203125 25204.926025390625 38441.97934194712 13
stats: users_count 0 15
stats: finish_users_count 0 13
stats: request 1 12.037841796875 0.0 3189.637939453125 5.67919921875 123.35182668201962 134
stats: page 1 12.037841796875 0.0 3189.637939453125 8.364990234375 158.96368173452524 104
stats: connect 0 0 0 2204.965087890625 1.0478515625 190.77408854166666 15
stats: 302 0 15
stats: 200 1 120
stats: size_rcv 5532 716961
stats: size_sent 867 88506
stats: connected 0 2
# stats: dump at 1449139030
stats: users 2 15
stats: session 0 0 0 51459.884033203125 25204.926025390625 38441.97934194712 13
stats: users_count 0 15
stats: finish_users_count 0 13
stats: request 0 0 0 3189.637939453125 5.67919921875 122.52727864583336 135
stats: page 0 0 0 3189.637939453125 8.364990234375 157.56438802083332 105
stats: connect 0 0 0 2204.965087890625 1.0478515625 190.77408854166666 15
stats: 302 0 15
stats: 200 0 120
stats: size_rcv 0 716961
stats: size_sent 0 88506
stats: connected 0 2
# stats: dump at 1449139040
stats: users 0 15
stats: session 2 82840.458984375 6825.492919921875 89665.95190429688 25204.926025390625 38441.97934194712 13
stats: users_count 0 15
stats: finish_users_count 2 15
stats: request 0 0 0 3189.637939453125 5.67919921875 122.52727864583336 135
stats: page 0 0 0 3189.637939453125 8.364990234375 157.56438802083332 105
stats: connect 0 0 0 2204.965087890625 1.0478515625 190.77408854166666 15
stats: 302 0 15
stats: 200 0 120
stats: size_rcv 0 716961
stats: size_sent 0 88506
stats: connected -2 0
# stats: dump at 1449139050
stats: users 0 15
stats: session 0 0 0 89665.95190429688 25204.926025390625 44361.776627604166 15
stats: users_count 0 15
stats: finish_users_count 0 15
stats: request 0 0 0 3189.637939453125 5.67919921875 122.52727864583336 135
stats: page 0 0 0 3189.637939453125 8.364990234375 157.56438802083332 105
stats: connect 0 0 0 2204.965087890625 1.0478515625 190.77408854166666 15
stats: 302 0 15
stats: 200 0 120
stats: size_rcv 0 716961
stats: size_sent 0 88506
stats: connected 0 0
# stats: dump at 1449139060
stats: users 0 15
stats: session 0 0 0 89665.95190429688 25204.926025390625 44361.776627604166 15
stats: users_count 0 15
stats: finish_users_count 0 15
stats: request 0 0 0 3189.637939453125 5.67919921875 122.52727864583336 135
stats: page 0 0 0 3189.637939453125 8.364990234375 157.56438802083332 105
stats: connect 0 0 0 2204.965087890625 1.0478515625 190.77408854166666 15
stats: 302 0 15
stats: 200 0 120
stats: size_rcv 0 716961
stats: size_sent 0 88506
stats: connected 0 0
# stats: dump at 1449139070
stats: users 0 15
stats: session 0 0 0 89665.95190429688 25204.926025390625 44361.776627604166 15
stats: users_count 0 15
stats: finish_users_count 0 15
stats: request 0 0 0 3189.637939453125 5.67919921875 122.52727864583336 135
stats: page 0 0 0 3189.637939453125 8.364990234375 157.56438802083332 105
stats: connect 0 0 0 2204.965087890625 1.0478515625 190.77408854166666 15
stats: 302 0 15
stats: 200 0 120
stats: size_rcv 0 716961
stats: size_sent 0 88506
stats: connected 0 0
# stats: dump at 1449139075
stats: users 0 15
stats: session 0 0 0 89665.95190429688 25204.926025390625 44361.776627604166 15
stats: users_count 0 15
stats: finish_users_count 0 15
stats: request 0 0 0 3189.637939453125 5.67919921875 122.52727864583336 135
stats: page 0 0 0 3189.637939453125 8.364990234375 157.56438802083332 105
stats: connect 0 0 0 2204.965087890625 1.0478515625 190.77408854166666 15
stats: 302 0 15
stats: 200 0 120
stats: size_rcv 0 716961
stats: size_sent 0 88506
stats: connected 0 0
EndMonitor:{1449,139075,439548}
