# stats: dump at 1449140809
stats: users 0 0
stats: users_count 0 0
stats: finish_users_count 0 0
# stats: dump at 1449140819
stats: users 8 8
stats: users_count 8 8
stats: finish_users_count 0 0
stats: request 20 477.2610595703124 689.8227725102654 2650.274169921875 7.19580078125 0 0
stats: page 14 681.8456508091518 762.7961540668744 2650.274169921875 39.215087890625 0 0
stats: connect 8 578.2402038574219 803.3545064926129 2193.0029296875 1.31884765625 0 0
stats: 302 3 3
stats: 200 17 17
stats: size_rcv 95248 95248
stats: size_sent 7816 7816
stats: connected 8 8
# stats: dump at 1449140829
stats: users 15 15
stats: users_count 7 15
stats: finish_users_count 0 0
stats: request 70 138.42336425781247 173.22477159382598 2650.274169921875 6.507080078125 477.2610595703124 20
stats: page 46 208.73002292798913 293.6930254367851 2650.274169921875 7.494140625 681.8456508091518 14
stats: connect 7 1.4723772321428572 0.193701170493425 2193.0029296875 1.19482421875 578.2402038574219 8
stats: 302 12 15
stats: 200 58 75
stats: size_rcv 287802 383050
stats: size_sent 41598 49414
stats: connected 7 15
# stats: dump at 1449140839
stats: users 14 15
stats: session 1 25487.924072265625 0 25487.924072265625 25487.924072265625 0 0
stats: users_count 0 15
stats: finish_users_count 1 1
stats: request 12 53.193583170572914 119.47272100427453 2650.274169921875 6.507080078125 213.72062988281246 90
stats: page 12 60.71925862630207 144.3142435469615 2650.274169921875 7.47607421875 319.12366943359376 60
stats: connect 0 0 0 2193.0029296875 1.19482421875 309.081884765625 15
stats: 302 0 15
stats: 200 12 87
stats: size_rcv 54602 437652
stats: size_sent 9607 59021
stats: connected 0 15
# stats: dump at 1449140849
stats: users 12 15
stats: session 2 24744.391967773438 1792.5430908203125 26536.93505859375 22951.848876953125 25487.924072265625 1
stats: users_count 0 15
stats: finish_users_count 2 3
stats: request 17 17.913574218750004 14.105355070854985 2650.274169921875 6.507080078125 194.83509497549016 102
stats: page 17 17.913574218750004 14.105355070854985 2650.274169921875 7.47607421875 276.0562676323785 72
stats: connect 0 0 0 2193.0029296875 1.19482421875 309.081884765625 15
stats: 302 0 15
stats: 200 17 104
stats: size_rcv 75072 512724
stats: size_sent 15274 74295
stats: connected -3 12
# stats: dump at 1449140859
stats: users 8 15
stats: session 4 33782.674255371094 2503.517049048656 36410.8759765625 22951.848876953125 24992.236002604168 3
stats: users_count 0 15
stats: finish_users_count 4 7
stats: request 7 17.686244419642858 14.82903608481859 2650.274169921875 6.507080078125 169.56059201024158 119
stats: page 7 17.686244419642858 14.82903608481859 2650.274169921875 7.320068359375 226.74811271067415 89
stats: connect 0 0 0 2193.0029296875 1.19482421875 309.081884765625 15
stats: 302 0 15
stats: 200 7 111
stats: size_rcv 30969 543693
stats: size_sent 6282 80577
stats: connected -4 8
# stats: dump at 1449140869
stats: users 5 15
stats: session 3 48199.493408203125 4767.105766342696 54046.77490234375 22951.848876953125 30015.34357561384 7
stats: users_count 0 15
stats: finish_users_count 3 10
stats: request 6 9.0445556640625 0.18419913994553477 2650.274169921875 6.507080078125 161.12312825520831 126
stats: page 6 9.0445556640625 0.18419913994553477 2650.274169921875 7.320068359375 211.50401814778647 96
stats: connect 0 0 0 2193.0029296875 1.19482421875 309.081884765625 15
stats: 302 0 15
stats: 200 6 117
stats: size_rcv 24941 568634
stats: size_sent 5196 85773
stats: connected -3 5
# stats: dump at 1449140879
stats: users 4 15
stats: session 1 49949.885986328125 0.0 54046.77490234375 22951.848876953125 35470.58852539062 10
stats: users_count 0 15
stats: finish_users_count 1 11
stats: request 3 8.804361979166666 0.041139607018770875 2650.274169921875 6.507080078125 154.2104658647017 132
stats: page 3 8.804361979166666 0.041139607018770875 2650.274169921875 7.320068359375 199.59463800168504 102
stats: connect 0 0 0 2193.0029296875 1.19482421875 309.081884765625 15
stats: 302 0 15
stats: 200 3 120
stats: size_rcv 12177 580811
stats: size_sent 2597 88370
stats: connected -1 4
# stats: dump at 1449140889
stats: users 2 15
stats: session 2 64708.947021484375 6223.968994140625 70932.916015625 22951.848876953125 36786.888294566765 11
stats: users_count 0 15
stats: finish_users_count 2 13
stats: request 0 0 0 2650.274169921875 6.507080078125 150.9792191116898 135
stats: page 0 0 0 2650.274169921875 7.320068359375 194.14348725818454 105
stats: connect 0 0 0 2193.0029296875 1.19482421875 309.081884765625 15
stats: 302 0 15
stats: 200 0 120
stats: size_rcv 0 580811
stats: size_sent 0 88370
stats: connected -2 2
# stats: dump at 1449140899
stats: users 1 15
stats: session 1 67578.97900390625 0.0 70932.916015625 22951.848876953125 41082.58963716947 13
stats: users_count 0 15
stats: finish_users_count 1 14
stats: request 0 0 0 2650.274169921875 6.507080078125 150.9792191116898 135
stats: page 0 0 0 2650.274169921875 7.320068359375 194.14348725818454 105
stats: connect 0 0 0 2193.0029296875 1.19482421875 309.081884765625 15
stats: 302 0 15
stats: 200 0 120
stats: size_rcv 0 580811
stats: size_sent 0 88370
stats: connected -1 1
# stats: dump at 1449140909
stats: users 1 15
stats: session 0 0 0 70932.916015625 22951.848876953125 42975.18887765067 14
stats: users_count 0 15
stats: finish_users_count 0 14
stats: request 0 0 0 2650.274169921875 6.507080078125 150.9792191116898 135
stats: page 0 0 0 2650.274169921875 7.320068359375 194.14348725818454 105
stats: connect 0 0 0 2193.0029296875 1.19482421875 309.081884765625 15
stats: 302 0 15
stats: 200 0 120
stats: size_rcv 0 580811
stats: size_sent 0 88370
stats: connected 0 1
# stats: dump at 1449140919
stats: users 0 15
stats: session 1 92384.92016601563 0.0 92384.92016601563 22951.848876953125 42975.18887765067 14
stats: users_count 0 15
stats: finish_users_count 1 15
stats: request 0 0 0 2650.274169921875 6.507080078125 150.9792191116898 135
stats: page 0 0 0 2650.274169921875 7.320068359375 194.14348725818454 105
stats: connect 0 0 0 2193.0029296875 1.19482421875 309.081884765625 15
stats: 302 0 15
stats: 200 0 120
stats: size_rcv 0 580811
stats: size_sent 0 88370
stats: connected -1 0
# stats: dump at 1449140929
stats: users 0 15
stats: session 0 0 0 92384.92016601563 22951.848876953125 46269.17096354167 15
stats: users_count 0 15
stats: finish_users_count 0 15
stats: request 0 0 0 2650.274169921875 6.507080078125 150.9792191116898 135
stats: page 0 0 0 2650.274169921875 7.320068359375 194.14348725818454 105
stats: connect 0 0 0 2193.0029296875 1.19482421875 309.081884765625 15
stats: 302 0 15
stats: 200 0 120
stats: size_rcv 0 580811
stats: size_sent 0 88370
stats: connected 0 0
# stats: dump at 1449140939
stats: users 0 15
stats: session 0 0 0 92384.92016601563 22951.848876953125 46269.17096354167 15
stats: users_count 0 15
stats: finish_users_count 0 15
stats: request 0 0 0 2650.274169921875 6.507080078125 150.9792191116898 135
stats: page 0 0 0 2650.274169921875 7.320068359375 194.14348725818454 105
stats: connect 0 0 0 2193.0029296875 1.19482421875 309.081884765625 15
stats: 302 0 15
stats: 200 0 120
stats: size_rcv 0 580811
stats: size_sent 0 88370
stats: connected 0 0
# stats: dump at 1449140945
stats: users 0 15
stats: session 0 0 0 92384.92016601563 22951.848876953125 46269.17096354167 15
stats: users_count 0 15
stats: finish_users_count 0 15
stats: request 0 0 0 2650.274169921875 6.507080078125 150.9792191116898 135
stats: page 0 0 0 2650.274169921875 7.320068359375 194.14348725818454 105
stats: connect 0 0 0 2193.0029296875 1.19482421875 309.081884765625 15
stats: 302 0 15
stats: 200 0 120
stats: size_rcv 0 580811
stats: size_sent 0 88370
stats: connected 0 0
EndMonitor:{1449,140945,515955}
