# stats: dump at 1449138725
stats: users 0 0
stats: users_count 0 0
stats: finish_users_count 0 0
# stats: dump at 1449138735
stats: users 13 13
stats: users_count 13 13
stats: finish_users_count 0 0
stats: request 41 384.4185880335365 638.4818874644819 3031.48095703125 6.156005859375 0 0
stats: page 23 677.4766898777174 749.5912014180979 3031.48095703125 43.43310546875 0 0
stats: connect 13 409.9367112379808 658.8481705398135 2127.3701171875 1.253173828125 0 0
stats: 302 9 9
stats: 200 32 32
stats: size_rcv 184543 184543
stats: size_sent 16390 16390
stats: connected 13 13
# stats: dump at 1449138745
stats: users 18 18
stats: users_count 5 18
stats: finish_users_count 0 0
stats: request 59 104.05399645789191 172.98183092006195 3031.48095703125 5.85400390625 384.4185880335365 41
stats: page 46 137.28690238620928 216.81067597543267 3031.48095703125 7.844970703125 677.4766898777174 23
stats: connect 5 1.424658203125 0.07990355280686628 2127.3701171875 1.253173828125 409.9367112379808 13
stats: 302 6 15
stats: 200 53 85
stats: size_rcv 322921 507464
stats: newphase 1 1
stats: size_sent 38615 55005
stats: connected 5 18
# stats: dump at 1449138755
stats: users 18 20
stats: session 2 26132.878051757813 1727.0321044921875 27859.91015625 24405.845947265625 0 0
stats: users_count 2 20
stats: finish_users_count 2 2
stats: request 41 75.97867640053353 120.50560089770453 3031.48095703125 5.825927734375 219.00347900390616 100
stats: page 32 97.56914520263672 162.80692805751661 3031.48095703125 7.844970703125 317.3501648833786 69
stats: connect 2 1.5859375 0.156005859375 2127.3701171875 1.253173828125 296.4611409505208 18
stats: 302 5 20
stats: 200 36 121
stats: size_rcv 206648 714112
stats: newphase 0 1
stats: size_sent 28152 83157
stats: connected 0 18
# stats: dump at 1449138765
stats: users 16 20
stats: session 4 27102.401489257813 5950.133472675265 31546.76708984375 16859.871826171875 26132.878051757813 2
stats: users_count 2 22
stats: finish_users_count 4 6
stats: request 20 60.809716796875 92.85159493157795 3031.48095703125 5.825927734375 177.41470661569144 141
stats: page 18 67.57645670572917 106.66358312363903 3031.48095703125 7.715087890625 247.7165744894802 101
stats: connect 2 1.3958740234375 0.0150146484375 2127.3701171875 1.253173828125 266.97362060546874 20
stats: 302 1 21
stats: 200 19 140
stats: size_rcv 107571 821683
stats: newphase 1 2
stats: size_sent 15036 98193
stats: connected -2 16
# stats: dump at 1449138775
stats: users 13 20
stats: session 4 38474.90753173828 3160.0702729317964 42744.9130859375 16859.871826171875 26779.227010091145 6
stats: users_count 1 23
stats: finish_users_count 4 10
stats: request 24 54.025675455729164 81.88081498121814 3031.48095703125 5.825927734375 162.92961471273287 161
stats: page 20 64.84715576171875 111.6900952627213 3031.48095703125 7.715087890625 220.4684894465599 119
stats: connect 1 1.47802734375 0.0 2127.3701171875 1.253173828125 242.83018909801137 22
stats: 302 2 23
stats: 200 22 162
stats: size_rcv 127604 949287
stats: newphase 0 2
stats: size_sent 17868 116061
stats: connected -3 13
# stats: dump at 1449138785
stats: users 11 20
stats: session 3 51561.054036458336 7369.845248619691 58159.373046875 16859.871826171875 31457.49921875 10
stats: users_count 1 24
stats: finish_users_count 3 13
stats: request 14 122.30535016741071 307.71994663090794 3031.48095703125 5.825927734375 148.8015361064189 185
stats: page 12 142.705078125 355.4294250323807 3031.48095703125 7.715087890625 198.07693064298562 139
stats: connect 1 1.466064453125 0.0 2127.3701171875 1.253173828125 232.3366168478261 23
stats: 302 1 24
stats: 200 13 175
stats: size_rcv 73875 1023162
stats: newphase 0 2
stats: size_sent 10081 126142
stats: connected -2 11
# stats: dump at 1449138795
stats: users 8 20
stats: session 3 44285.05037434896 10862.923296640223 58159.373046875 16859.871826171875 36096.78109975962 13
stats: users_count 0 24
stats: finish_users_count 3 16
stats: request 6 16.495686848958332 10.819043476101516 3031.48095703125 5.825927734375 146.93748282427762 199
stats: page 6 16.495686848958332 10.819043476101516 3031.48095703125 7.715087890625 193.676518522351 151
stats: connect 0 0 0 2127.3701171875 1.253173828125 222.71701049804688 24
stats: 302 0 24
stats: 200 6 181
stats: size_rcv 33579 1056741
stats: newphase 0 2
stats: size_sent 5301 131443
stats: connected -3 8
# stats: dump at 1449138805
stats: users 5 20
stats: session 3 58997.60799153646 7851.557731874089 69862.96899414063 16859.871826171875 37632.08158874512 16
stats: users_count 0 24
stats: finish_users_count 3 19
stats: request 4 17.79705810546875 12.38174677980012 3031.48095703125 5.825927734375 143.11967416158535 205
stats: page 4 17.79705810546875 12.38174677980012 3031.48095703125 7.715087890625 186.90527654757165 157
stats: connect 0 0 0 2127.3701171875 1.253173828125 222.71701049804688 24
stats: 302 0 24
stats: 200 4 185
stats: size_rcv 22341 1079082
stats: newphase 0 2
stats: size_sent 3571 135014
stats: connected -3 5
# stats: dump at 1449138815
stats: users 5 20
stats: session 0 0 0 69862.96899414063 16859.871826171875 41005.58575760691 19
stats: users_count 0 24
stats: finish_users_count 0 19
stats: request 5 16.891162109375 12.59095589606991 3031.48095703125 5.825927734375 140.72115519400418 209
stats: page 5 16.891162109375 12.59095589606991 3031.48095703125 7.715087890625 182.70383012664985 161
stats: connect 0 0 0 2127.3701171875 1.253173828125 222.71701049804688 24
stats: 302 0 24
stats: 200 5 190
stats: size_rcv 27345 1106427
stats: newphase 0 2
stats: size_sent 4436 139450
stats: connected 0 5
# stats: dump at 1449138825
stats: users 3 20
stats: session 2 90858.416015625 7806.490966796875 98664.90698242188 16859.871826171875 41005.58575760691 19
stats: users_count 0 24
stats: finish_users_count 2 21
stats: request 1 10.18798828125 0.0 3031.48095703125 5.825927734375 137.82793105651285 214
stats: page 1 10.18798828125 0.0 3031.48095703125 7.715087890625 177.70947265625 166
stats: connect 0 0 0 2127.3701171875 1.253173828125 222.71701049804688 24
stats: 302 0 24
stats: 200 1 191
stats: size_rcv 4433 1110860
stats: newphase 0 2
stats: size_sent 865 140315
stats: connected -1 4
# stats: dump at 1449138835
stats: users 1 20
stats: session 2 54766.91101074219 6024.0040283203125 98664.90698242188 16859.871826171875 45753.47435360863 21
stats: users_count 0 24
stats: finish_users_count 2 23
stats: request 1 12.388916015625 0.0 3031.48095703125 5.825927734375 137.23425690406978 215
stats: page 1 12.388916015625 0.0 3031.48095703125 7.715087890625 176.70634999532186 167
stats: connect 0 0 0 2127.3701171875 1.253173828125 222.71701049804688 24
stats: 302 0 24
stats: 200 1 192
stats: size_rcv 6269 1117129
stats: newphase 0 2
stats: size_sent 865 141180
stats: connected -3 1
# stats: dump at 1449138837
stats: users 0 20
stats: session 1 76521.92504882813 0.0 98664.90698242188 16859.871826171875 46537.25145422894 23
stats: users_count 0 24
stats: finish_users_count 1 24
stats: request 0 0 0 3031.48095703125 5.825927734375 136.65626921477144 216
stats: page 0 0 0 3031.48095703125 7.715087890625 175.728270031157 168
stats: connect 0 0 0 2127.3701171875 1.253173828125 222.71701049804688 24
stats: 302 0 24
stats: 200 0 192
stats: size_rcv 0 1117129
stats: newphase 0 2
stats: size_sent 0 141180
stats: connected -1 0
EndMonitor:{1449,138837,337026}
