# stats: dump at 1449169741
stats: users 0 0
stats: users_count 0 0
stats: finish_users_count 0 0
# stats: dump at 1449169751
stats: users 12 12
stats: users_count 12 12
stats: finish_users_count 0 0
stats: request 42 314.7057407924107 299.7410643809824 1343.85302734375 8.34912109375 0 0
stats: page 26 508.4199594350961 330.80820470748046 1343.85302734375 79.9140625 0 0
stats: connect 12 150.83101399739584 294.6689753534089 893.609130859375 1.053955078125 0 0
stats: 302 8 8
stats: 200 34 34
stats: size_rcv 419240 419240
stats: size_sent 22692 22692
stats: connected 12 12
# stats: dump at 1449169761
stats: users 25 25
stats: users_count 13 25
stats: finish_users_count 0 0
stats: request 60 188.66394856770833 187.5063457013499 1343.85302734375 7.180908203125 314.7057407924107 42
stats: page 38 295.41219289679276 237.1935529161652 1343.85302734375 28.8330078125 508.4199594350961 26
stats: connect 12 1.3790283203125 0.382083230620065 893.609130859375 0.77197265625 150.83101399739584 12
stats: 302 11 19
stats: 200 49 83
stats: size_rcv 599232 1018472
stats: newphase 1 1
stats: size_sent 39937 62629
stats: connected 12 24
# stats: dump at 1449169771
stats: users 45 45
stats: users_count 20 45
stats: finish_users_count 0 0
stats: request 106 209.66157963590803 238.38427269865588 1343.85302734375 6.362060546875 240.56351007199754 102
stats: page 74 301.6418753959037 274.6123578441584 1343.85302734375 20.932861328125 381.9465980529785 64
stats: connect 19 1.353065892269737 0.33994606230158614 893.609130859375 0.751953125 76.10502115885417 24
stats: 302 16 35
stats: 200 90 173
stats: size_rcv 1296268 2314740
stats: newphase 0 1
stats: size_sent 70722 133351
stats: connected 19 43
# stats: dump at 1449169781
stats: users 83 83
stats: session 4 28584.175537109375 8029.059592260256 34674.942138671875 14859.9580078125 0 0
stats: users_count 42 87
stats: finish_users_count 4 4
stats: request 230 197.71457094938856 231.1634870273982 1343.85302734375 6.362060546875 224.81541090745193 208
stats: page 158 287.1571214893195 276.2417325507357 1343.85302734375 20.932861328125 338.88464532382244 138
stats: connect 44 1.2774047851562498 0.3577409850923084 893.609130859375 0.719970703125 43.07508743640988 43
stats: 302 36 71
stats: 200 194 367
stats: size_rcv 2577661 4892401
stats: newphase 1 2
stats: size_sent 162043 295394
stats: connected 40 83
# stats: dump at 1449169791
stats: users 120 120
stats: session 6 39672.37666829427 8522.041911232653 48180.840087890625 14859.9580078125 28584.175537109375 4
stats: users_count 43 130
stats: finish_users_count 6 10
stats: request 242 192.19505120900055 259.3845806720323 1408.52392578125 6.362060546875 210.5843762262771 438
stats: page 175 265.32294642857124 305.139311314917 1501.532958984375 18.945068359375 311.27333192567556 296
stats: connect 38 1.286036441200658 0.37545223548204776 893.609130859375 0.719970703125 21.936029543821835 87
stats: 302 33 104
stats: 200 209 576
stats: size_rcv 2952304 7844705
stats: newphase 1 3
stats: size_sent 176187 471581
stats: connected 32 115
# stats: dump at 1449169801
stats: users 162 162
stats: session 13 31720.791334885816 8170.393461591678 48180.840087890625 14859.9580078125 35237.09621582031 10
stats: users_count 55 185
stats: finish_users_count 13 23
stats: request 396 276.7631096117422 445.92210488764016 2620.625 6.2548828125 204.03993997012867 680
stats: page 273 400.39556594122024 527.3841851737491 2712.89501953125 18.945068359375 294.2004710721867 471
stats: connect 58 1.2710886988146552 0.3680462770911437 893.609130859375 0.719970703125 15.658431640624997 125
stats: 302 62 166
stats: 200 331 907
stats: size_rcv 4213141 12057846
stats: newphase 0 3
stats: size_sent 284029 755610
stats: connected 45 160
stats: 500 3 3
# stats: dump at 1449169811
stats: users 224 225
stats: session 18 36907.45400661892 9713.493814754589 57246.942138671875 14859.9580078125 33249.61954398777 23
stats: users_count 80 265
stats: finish_users_count 18 41
stats: request 542 251.04711823973707 318.6480833267989 2830.84814453125 6.2548828125 230.80422916908682 1076
stats: page 406 335.084067960091 386.5536465962063 2927.281005859375 18.945068359375 333.16721959267886 744
stats: connect 82 1.5549197313262195 2.3635206931771067 893.609130859375 0.719970703125 11.098508741034834 183
stats: 302 67 233
stats: 200 474 1381
stats: size_rcv 6760088 18817934
stats: newphase 1 4
stats: size_sent 409975 1165585
stats: connected 64 224
stats: 500 1 4
# stats: dump at 1449169821
stats: users 334 334
stats: session 22 39941.905007102265 15471.30185027596 78330.96020507813 12789.9609375 34855.49808855754 41
stats: users_count 132 397
stats: finish_users_count 22 63
stats: request 700 433.5208199637273 499.4481916703614 3607.10205078125 6.2548828125 237.58522167606606 1618
stats: page 509 581.20053010652 630.0535813915985 3607.10205078125 18.945068359375 333.8439504076087 1150
stats: connect 126 1.2512923952132933 0.3639241273852322 893.609130859375 0.70703125 8.145398179540093 265
stats: 302 95 328
stats: 200 605 1986
stats: size_rcv 8049962 26867896
stats: newphase 1 5
stats: size_sent 512103 1677688
stats: connected 104 328
stats: 500 0 4
# stats: dump at 1449169831
stats: users 469 469
stats: session 34 36497.03827263327 13355.651750485627 78330.96020507813 12789.9609375 36631.70367916046 63
stats: users_count 169 566
stats: finish_users_count 34 97
stats: request 770 625.05678298752 901.9070474896923 7099.77685546875 6.2548828125 296.7547293556877 2318
stats: page 536 869.1005126042156 1128.1366787709467 7099.77685546875 18.763916015625 409.735752135605 1659
stats: connect 170 1.284665096507354 0.3739835829988724 893.609130859375 0.703857421875 5.923768182544756 391
stats: 302 116 444
stats: 200 652 2638
stats: size_rcv 8342982 35210878
stats: newphase 0 5
stats: size_sent 622856 2300544
stats: connected 136 464
stats: 500 2 6
# stats: dump at 1449169841
stats: users 622 622
stats: session 37 42569.22804713894 14122.648575764299 78330.96020507813 12789.9609375 36584.50137171793 97
stats: users_count 190 756
stats: finish_users_count 37 134
stats: page 615 1509.400177845529 2837.52711952198 14447.166015625 18.2119140625 521.9086503639309 2195
stats: request 844 1100.0559168811112 2419.7709508850467 14473.64404296875 6.2548828125 378.6176118998946 3088
stats: connect 191 1.2462957092604716 0.35901569233498876 893.609130859375 0.697998046875 4.517979368594028 561
stats: 302 114 558
stats: 200 729 3367
stats: size_rcv 9407828 44618706
stats: newphase 1 6
stats: size_sent 658945 2959489
stats: connected 155 619
stats: 500 1 7
# stats: dump at 1449169851
stats: users 818 818
stats: session 47 47266.58608813996 17457.07512340861 87395.85791015625 12789.9609375 38237.00052836403 134
stats: users_count 243 999
stats: finish_users_count 47 181
stats: request 1007 1371.910522824602 3964.6398389265864 21598.44677734375 6.2548828125 533.473646844998 3932
stats: connect 240 1.2647583007812506 0.367624921654182 893.609130859375 0.697998046875 3.6870065242686163 752
stats: page 747 1780.1851216715827 4458.3285457116 21598.44677734375 18.2119140625 738.0322408981597 2810
stats: 302 130 688
stats: 200 877 4244
stats: size_rcv 11851148 56469854
stats: newphase 1 7
stats: size_sent 797384 3756873
stats: connected 193 812
stats: 500 0 7
# stats: dump at 1449169861
stats: users 1030 1030
stats: session 56 46233.555868966236 16405.34546860184 87395.85791015625 12789.9609375 40581.699541123526 181
stats: users_count 268 1267
stats: finish_users_count 56 237
stats: request 686 1739.7638145869396 4083.378209506135 28360.753173828125 6.2548828125 704.4203838588593 4939
stats: page 485 2440.8272471005175 5038.857644255474 28556.1748046875 18.2119140625 956.8931354547374 3557
stats: connect 271 1.2486351548085801 0.47120234643466474 893.609130859375 0.679931640625 3.1009787282636085 992
stats: 302 99 787
stats: 200 587 4831
stats: size_rcv 6847449 63317303
stats: newphase 0 7
stats: size_sent 633072 4389945
stats: connected 215 1027
stats: 500 0 7
# stats: dump at 1449169871
stats: users 1007 1051
stats: session 44 50287.91700883345 16240.254362941305 88138.96704101563 12789.9609375 41917.159264158094 237
stats: users_count 21 1288
stats: finish_users_count 44 281
stats: page 718 7117.6016791298525 11512.848257531603 36092.135009765625 18.2119140625 1134.950543705159 4042
stats: request 998 5287.189397838646 10346.959486612608 35902.433837890625 6.2548828125 830.6862671440972 5625
stats: connect 26 2.089947040264423 4.228465702617065 893.609130859375 0.679931640625 2.703524168955364 1263
stats: 302 142 929
stats: 200 852 5683
stats: size_rcv 12322081 75639384
stats: newphase 0 7
stats: size_sent 707003 5096948
stats: connected -17 1010
stats: 500 4 11
# stats: dump at 1449169881
stats: users 932 1051
stats: session 75 51500.1933984375 18209.41287338701 102941.90478515625 12789.9609375 43227.882896776304 281
stats: users_count 0 1288
stats: finish_users_count 75 356
stats: request 980 5561.4810903121 11991.801077005053 36850.410888671875 6.2548828125 1502.2233537261839 6623
stats: page 779 7059.878446801791 13237.317198329876 37064.98095703125 18.091064453125 2037.3756519477913 4760
stats: connect 0 0 0 893.609130859375 0.679931640625 2.6911479041408066 1289
stats: 302 101 1030
stats: 200 879 6562
stats: size_rcv 13201261 88840645
stats: newphase 0 7
stats: size_sent 775927 5872875
stats: connected -78 932
stats: 500 0 11
# stats: dump at 1449169891
stats: users 849 1051
stats: session 83 56113.64126329537 18919.067141140476 102941.90478515625 12789.9609375 44970.644940665596 356
stats: users_count 0 1288
stats: finish_users_count 83 439
stats: request 649 7046.983032038474 13816.7458628248 38989.840087890625 6.2548828125 2025.4474207857916 7603
stats: page 523 8355.253649972365 14832.619330454247 38989.840087890625 18.091064453125 2743.7359475230332 5539
stats: connect 0 0 0 893.609130859375 0.679931640625 2.6911479041408066 1289
stats: 302 61 1091
stats: 200 584 7146
stats: size_rcv 8162418 97003063
stats: newphase 0 7
stats: size_sent 617838 6490713
stats: connected -79 853
stats: 500 4 15
# stats: dump at 1449169901
stats: users 754 1051
stats: session 95 55331.41533203125 16415.958431442727 120489.97485351563 12789.9609375 47077.40734334959 439
stats: users_count 0 1288
stats: finish_users_count 95 534
stats: request 642 9436.103692455841 16581.606983719645 42337.323974609375 6.2548828125 2420.379147846261 8252
stats: page 510 12054.573172774963 18142.72081059812 63692.14599609375 18.091064453125 3227.8705167049866 6062
stats: connect 0 0 0 893.609130859375 0.679931640625 2.6911479041408066 1289
stats: 302 68 1159
stats: 200 574 7720
stats: size_rcv 7868054 104871117
stats: newphase 0 7
stats: size_sent 534663 7025376
stats: connected -97 756
stats: 500 0 15
# stats: dump at 1449169911
stats: users 692 1051
stats: session 62 67162.88573431199 17450.969439956712 120489.97485351563 12789.9609375 48545.81700425738 534
stats: users_count 0 1288
stats: finish_users_count 62 596
stats: request 566 11379.997185049964 17886.21071405861 46142.2939453125 6.2548828125 2926.7986618601294 8894
stats: page 435 14595.997611350573 19327.24844395499 63692.14599609375 18.091064453125 3912.839834202809 6572
stats: connect 0 0 0 893.609130859375 0.679931640625 2.6911479041408066 1289
stats: 302 65 1224
stats: 200 501 8221
stats: size_rcv 7146114 112017231
stats: newphase 0 7
stats: size_sent 459226 7484602
stats: connected -61 695
stats: 500 0 15
# stats: dump at 1449169921
stats: users 587 1051
stats: session 105 83368.1458333333 16614.339096363678 122609.96508789063 12789.9609375 50482.491939263055 596
stats: users_count 0 1288
stats: finish_users_count 105 701
stats: page 670 10524.292417793835 13131.0549860007 65933.173828125 18.091064453125 4576.058563053854 7007
stats: request 778 8684.229325243004 11665.690474410261 46142.2939453125 6.2548828125 3432.5608567993945 9460
stats: connect 1 0.944091796875 0.0 893.609130859375 0.679931640625 2.6911479041408066 1289
stats: 302 56 1280
stats: 200 722 8943
stats: size_rcv 11700079 123717310
stats: newphase 0 7
stats: size_sent 548671 8033273
stats: connected -107 588
stats: 500 0 15
# stats: dump at 1449169931
stats: users 456 1051
stats: session 131 90101.16140490815 16324.040144163924 133191.96801757813 12789.9609375 55408.30315021509 701
stats: users_count 0 1288
stats: finish_users_count 131 832
stats: page 654 2750.906529977779 6083.06504454342 65933.173828125 18.091064453125 5095.182789011362 7677
stats: request 669 2520.6358009418163 5691.9234426512885 46142.2939453125 6.2548828125 3831.642520058735 10238
stats: connect 1 1.5029296875 0.0 893.609130859375 0.679931640625 2.6897935970809104 1290
stats: 302 8 1288
stats: 200 660 9603
stats: size_rcv 9770003 133487313
stats: newphase 0 7
stats: size_sent 551531 8584804
stats: connected -130 458
stats: 500 1 16
# stats: dump at 1449169941
stats: users 322 1051
stats: session 134 93639.42683797808 13847.349738766356 133191.96801757813 12789.9609375 60870.760399451625 832
stats: users_count 0 1288
stats: finish_users_count 134 966
stats: page 323 40.77302026896285 18.17780626614046 65933.173828125 18.091064453125 4911.1524597102025 8331
stats: connect 1 8.10986328125 0.0 893.609130859375 0.679931640625 2.688874260202846 1291
stats: request 323 40.77302026896285 18.17780626614046 46142.2939453125 6.2548828125 3751.229620536482 10907
stats: 302 0 1288
stats: 200 323 9926
stats: size_rcv 4159350 137646663
stats: newphase 0 7
stats: size_sent 340606 8925410
stats: connected -136 322
stats: 500 0 16
# stats: dump at 1449169951
stats: users 199 1051
stats: session 123 101729.29313151044 11745.220095462806 133191.96801757813 12789.9609375 65416.3104023114 966
stats: users_count 0 1288
stats: finish_users_count 123 1089
stats: request 172 35.7683886150981 12.324631116211615 46142.2939453125 6.2548828125 3644.5085624878257 11230
stats: page 172 35.7683886150981 12.324631116211615 65933.173828125 18.091064453125 4729.371484561194 8654
stats: connect 0 0 0 893.609130859375 0.679931640625 2.6930700721386414 1292
stats: 302 0 1288
stats: 200 172 10098
stats: size_rcv 2106539 139753202
stats: newphase 0 7
stats: size_sent 175476 9100886
stats: connected -123 199
stats: 500 0 16
# stats: dump at 1449169961
stats: users 118 1051
stats: session 81 109316.2432092737 10405.863520951083 142572.10595703125 12789.9609375 69517.7767711741 1089
stats: users_count 0 1288
stats: finish_users_count 81 1170
stats: request 95 32.71635999177632 8.772376372369342 46142.2939453125 6.2548828125 3590.0704542694334 11402
stats: page 95 32.71635999177632 8.772376372369342 65933.173828125 18.091064453125 4637.903126017944 8826
stats: connect 0 0 0 893.609130859375 0.679931640625 2.6930700721386414 1292
stats: 302 0 1288
stats: 200 95 10193
stats: size_rcv 1175957 140929159
stats: newphase 0 7
stats: size_sent 98425 9199311
stats: connected -80 119
stats: 500 0 16
# stats: dump at 1449169971
stats: users 70 1051
stats: session 48 119376.53160095215 12991.121884438811 158149.97900390625 12789.9609375 72273.0552168887 1170
stats: users_count 0 1288
stats: finish_users_count 48 1218
stats: request 45 33.507535807291674 15.323500650300245 46142.2939453125 6.2548828125 3560.6759479672346 11497
stats: page 45 33.507535807291674 15.323500650300245 65933.173828125 18.091064453125 4588.862352251271 8921
stats: connect 0 0 0 893.609130859375 0.679931640625 2.6930700721386414 1292
stats: 302 0 1288
stats: 200 45 10238
stats: size_rcv 545131 141474290
stats: newphase 0 7
stats: size_sent 46470 9245781
stats: connected -49 70
stats: 500 0 16
# stats: dump at 1449169981
stats: users 38 1051
stats: session 32 128456.17171478271 13284.325258006265 160058.98120117188 12789.9609375 74129.34985271384 1218
stats: users_count 0 1288
stats: finish_users_count 32 1250
stats: request 26 31.67180926983173 10.837983006848688 46142.2939453125 6.2548828125 3546.924208359957 11542
stats: page 26 31.67180926983173 10.837983006848688 65933.173828125 18.091064453125 4565.999206284287 8966
stats: connect 2 1.4375 0.383544921875 893.609130859375 0.679931640625 2.6930700721386414 1292
stats: 302 0 1288
stats: 200 26 10264
stats: size_rcv 327343 141801633
stats: newphase 0 7
stats: size_sent 27975 9273756
stats: connected -32 38
stats: 500 0 16
# stats: dump at 1449169991
stats: users 20 1051
stats: session 18 135724.27176920572 11992.67482338033 172803.96704101563 12789.9609375 75520.11649238282 1250
stats: users_count 0 1288
stats: finish_users_count 18 1268
stats: request 12 29.1121826171875 2.88273561318271 46142.2939453125 6.2548828125 3539.0233990259026 11568
stats: page 12 29.1121826171875 2.88273561318271 65933.173828125 18.091064453125 4552.888384184378 8992
stats: connect 1 1.468994140625 0.0 893.609130859375 0.679931640625 2.691129469245073 1294
stats: 302 0 1288
stats: 200 12 10276
stats: size_rcv 134849 141936482
stats: newphase 0 7
stats: size_sent 11305 9285061
stats: connected -20 18
stats: 500 0 16
# stats: dump at 1449170001
stats: users 12 1051
stats: session 8 152642.34637451172 9291.383181614035 172803.96704101563 12789.9609375 76374.74961145443 1268
stats: users_count 0 1288
stats: finish_users_count 8 1276
stats: request 8 39.898681640625 19.82020895558377 46142.2939453125 6.2548828125 3535.3861853301423 11580
stats: page 8 39.898681640625 19.82020895558377 65933.173828125 18.091064453125 4546.859362147638 9004
stats: connect 2 29.155517578125 27.592529296875 893.609130859375 0.679931640625 2.6901857354005787 1295
stats: 302 0 1288
stats: 200 8 10284
stats: size_rcv 98869 142035351
stats: newphase 0 7
stats: size_sent 8223 9293284
stats: connected -6 12
stats: 500 0 16
# stats: dump at 1449170011
stats: users 6 1051
stats: session 6 149451.80216471353 4522.954739102906 172803.96704101563 12789.9609375 76852.91636232 1276
stats: users_count 0 1288
stats: finish_users_count 6 1282
stats: request 3 29.269938151041668 0.49635457602260863 46142.2939453125 6.2548828125 3532.9730079026726 11588
stats: page 3 29.269938151041668 0.49635457602260863 65933.173828125 18.091064453125 4542.858509346478 9012
stats: connect 0 0 0 893.609130859375 0.679931640625 2.7309958076329988 1297
stats: 302 0 1288
stats: 200 3 10287
stats: size_rcv 34703 142070054
stats: newphase 0 7
stats: size_sent 3084 9296368
stats: connected -6 6
stats: 500 0 16
# stats: dump at 1449170021
stats: users 3 1051
stats: session 3 171397.32845052084 11406.290085613118 182750.9921875 12789.9609375 77192.69273893027 1282
stats: users_count 0 1288
stats: finish_users_count 3 1285
stats: request 1 29.448974609375 0.0 46142.2939453125 6.2548828125 3532.06617422057 11591
stats: page 1 29.448974609375 0.0 65933.173828125 18.091064453125 4541.356483199657 9015
stats: connect 0 0 0 893.609130859375 0.679931640625 2.7309958076329988 1297
stats: 302 0 1288
stats: 200 1 10288
stats: size_rcv 14131 142084185
stats: newphase 0 7
stats: size_sent 1028 9297396
stats: connected -3 3
stats: 500 0 16
# stats: dump at 1449170031
stats: users 2 1051
stats: session 1 172605.92114257813 0.0 182750.9921875 12789.9609375 77412.62574059157 1285
stats: users_count 0 1288
stats: finish_users_count 1 1286
stats: request 0 0 0 46142.2939453125 6.2548828125 3531.764016077056 11592
stats: page 0 0 0 65933.173828125 18.091064453125 4540.85604980252 9016
stats: connect 0 0 0 893.609130859375 0.679931640625 2.7309958076329988 1297
stats: 302 0 1288
stats: 200 0 10288
stats: size_rcv 0 142084185
stats: newphase 0 7
stats: size_sent 0 9297396
stats: connected -1 2
stats: 500 0 16
# stats: dump at 1449170041
stats: users 1 1051
stats: session 1 183725.00219726563 0.0 183725.00219726563 12789.9609375 77486.64852084195 1286
stats: users_count 0 1288
stats: finish_users_count 1 1287
stats: request 0 0 0 46142.2939453125 6.2548828125 3531.764016077056 11592
stats: page 0 0 0 65933.173828125 18.091064453125 4540.85604980252 9016
stats: connect 0 0 0 893.609130859375 0.679931640625 2.7309958076329988 1297
stats: 302 0 1288
stats: 200 0 10288
stats: size_rcv 0 142084185
stats: newphase 0 7
stats: size_sent 0 9297396
stats: connected -1 1
stats: 500 0 16
# stats: dump at 1449170051
stats: users 1 1051
stats: session 0 0 0 183725.00219726563 12789.9609375 77569.19580419581 1287
stats: users_count 0 1288
stats: finish_users_count 0 1287
stats: request 0 0 0 46142.2939453125 6.2548828125 3531.764016077056 11592
stats: page 0 0 0 65933.173828125 18.091064453125 4540.85604980252 9016
stats: connect 0 0 0 893.609130859375 0.679931640625 2.7309958076329988 1297
stats: 302 0 1288
stats: 200 0 10288
stats: size_rcv 0 142084185
stats: newphase 0 7
stats: size_sent 0 9297396
stats: connected 0 1
stats: 500 0 16
# stats: dump at 1449170061
stats: users 1 1051
stats: session 0 0 0 183725.00219726563 12789.9609375 77569.19580419581 1287
stats: users_count 0 1288
stats: finish_users_count 0 1287
stats: request 0 0 0 46142.2939453125 6.2548828125 3531.764016077056 11592
stats: page 0 0 0 65933.173828125 18.091064453125 4540.85604980252 9016
stats: connect 0 0 0 893.609130859375 0.679931640625 2.7309958076329988 1297
stats: 302 0 1288
stats: 200 0 10288
stats: size_rcv 0 142084185
stats: newphase 0 7
stats: size_sent 0 9297396
stats: connected -1 0
stats: 500 0 16
# stats: dump at 1449170071
stats: users 0 1051
stats: session 1 201714.97485351563 0.0 201714.97485351563 12789.9609375 77569.19580419581 1287
stats: users_count 0 1288
stats: finish_users_count 1 1288
stats: request 0 0 0 46142.2939453125 6.2548828125 3531.764016077056 11592
stats: page 0 0 0 65933.173828125 18.091064453125 4540.85604980252 9016
stats: connect 0 0 0 893.609130859375 0.679931640625 2.7309958076329988 1297
stats: 302 0 1288
stats: 200 0 10288
stats: size_rcv 0 142084185
stats: newphase 0 7
stats: size_sent 0 9297396
stats: connected 0 0
stats: 500 0 16
# stats: dump at 1449170081
stats: users 0 1051
stats: session 0 0 0 201714.97485351563 12789.9609375 77665.58227861299 1288
stats: users_count 0 1288
stats: finish_users_count 0 1288
stats: request 0 0 0 46142.2939453125 6.2548828125 3531.764016077056 11592
stats: page 0 0 0 65933.173828125 18.091064453125 4540.85604980252 9016
stats: connect 0 0 0 893.609130859375 0.679931640625 2.7309958076329988 1297
stats: 302 0 1288
stats: 200 0 10288
stats: size_rcv 0 142084185
stats: newphase 0 7
stats: size_sent 0 9297396
stats: connected 0 0
stats: 500 0 16
# stats: dump at 1449170091
stats: users 0 1051
stats: session 0 0 0 201714.97485351563 12789.9609375 77665.58227861299 1288
stats: users_count 0 1288
stats: finish_users_count 0 1288
stats: request 0 0 0 46142.2939453125 6.2548828125 3531.764016077056 11592
stats: page 0 0 0 65933.173828125 18.091064453125 4540.85604980252 9016
stats: connect 0 0 0 893.609130859375 0.679931640625 2.7309958076329988 1297
stats: 302 0 1288
stats: 200 0 10288
stats: size_rcv 0 142084185
stats: newphase 0 7
stats: size_sent 0 9297396
stats: connected 0 0
stats: 500 0 16
# stats: dump at 1449170101
stats: users 0 1051
stats: session 0 0 0 201714.97485351563 12789.9609375 77665.58227861299 1288
stats: users_count 0 1288
stats: finish_users_count 0 1288
stats: request 0 0 0 46142.2939453125 6.2548828125 3531.764016077056 11592
stats: page 0 0 0 65933.173828125 18.091064453125 4540.85604980252 9016
stats: connect 0 0 0 893.609130859375 0.679931640625 2.7309958076329988 1297
stats: 302 0 1288
stats: 200 0 10288
stats: size_rcv 0 142084185
stats: newphase 0 7
stats: size_sent 0 9297396
stats: connected 0 0
stats: 500 0 16
# stats: dump at 1449170101
stats: users 0 1051
stats: session 0 0 0 201714.97485351563 12789.9609375 77665.58227861299 1288
stats: users_count 0 1288
stats: finish_users_count 0 1288
stats: request 0 0 0 46142.2939453125 6.2548828125 3531.764016077056 11592
stats: page 0 0 0 65933.173828125 18.091064453125 4540.85604980252 9016
stats: connect 0 0 0 893.609130859375 0.679931640625 2.7309958076329988 1297
stats: 302 0 1288
stats: 200 0 10288
stats: size_rcv 0 142084185
stats: newphase 0 7
stats: size_sent 0 9297396
stats: connected 0 0
stats: 500 0 16
EndMonitor:{1449,170101,890717}
