# stats: dump at 1449128503
stats: users 0 0
stats: users_count 0 0
stats: finish_users_count 0 0
# stats: dump at 1449128513
stats: users 9 9
stats: users_count 9 9
stats: finish_users_count 0 0
stats: request 22 1245.8205233487215 447.15795788062627 2278.04296875 396.007080078125 0 0
stats: page 12 2044.0789998372395 655.3319312094947 3214.967041015625 1200.60009765625 0 0
stats: connect 9 486.04747178819446 728.6218621255998 2088.508056640625 1.134033203125 0 0
stats: 302 5 5
stats: 200 17 17
stats: size_rcv 93804 93804
stats: size_sent 9055 9055
stats: connected 9 9
# stats: dump at 1449128523
stats: users 13 13
stats: users_count 4 13
stats: finish_users_count 0 0
stats: request 43 891.7797567678052 506.90591162008775 2692.038818359375 47.631103515625 1245.8205233487215 22
stats: page 31 1329.9204810357862 1078.9305047299433 3932.659912109375 92.2041015625 2044.0789998372395 12
stats: connect 4 5.62847900390625 7.30501857430584 2088.508056640625 1.134033203125 486.04747178819446 9
stats: 302 6 11
stats: 200 35 52
stats: size_rcv 274360 368164
stats: size_sent 24231 33286
stats: connected 4 13
stats: 500 2 2
# stats: dump at 1449128533
stats: users 13 13
stats: users_count 0 13
stats: finish_users_count 0 0
stats: request 30 199.00694173177084 695.3452028944134 3912.845947265625 10.56103515625 1011.6089393028847 65
stats: page 26 229.6358642578125 873.9328576687399 4579.527099609375 10.984130859375 1529.2205327943313 43
stats: connect 0 0 0 2088.508056640625 1.134033203125 338.2262432391827 13
stats: 302 2 13
stats: 200 26 78
stats: size_rcv 173963 542127
stats: size_sent 23927 57213
stats: connected 0 13
stats: 500 2 4
# stats: dump at 1449128543
stats: users 10 13
stats: session 3 29356.920003255207 3474.8060805966707 33370.998046875 24894.927001953125 0 0
stats: users_count 0 13
stats: finish_users_count 3 3
stats: request 10 31.86982421875 17.632009310228884 3912.845947265625 8.00390625 754.9977821751645 95
stats: page 10 31.86982421875 17.632009310228884 4579.527099609375 8.00390625 1039.5219620414402 69
stats: connect 0 0 0 2088.508056640625 1.134033203125 338.2262432391827 13
stats: 302 0 13
stats: 200 9 87
stats: size_rcv 57742 599869
stats: size_sent 8993 66206
stats: connected -3 10
stats: 500 1 5
# stats: dump at 1449128553
stats: users 7 13
stats: session 3 39854.607584635414 2341.375321710878 42775.9150390625 24894.927001953125 29356.920003255207 3
stats: users_count 0 13
stats: finish_users_count 3 6
stats: request 4 19.67950439453125 1.011410056707702 3912.845947265625 8.00390625 686.1284528459821 105
stats: page 4 19.67950439453125 1.011410056707702 4579.527099609375 8.00390625 911.9710585195807 79
stats: connect 0 0 0 2088.508056640625 1.134033203125 338.2262432391827 13
stats: 302 0 13
stats: 200 4 91
stats: size_rcv 24088 623957
stats: size_sent 3466 69672
stats: connected -3 7
stats: 500 0 5
# stats: dump at 1449128563
stats: users 6 13
stats: session 1 44341.924072265625 0.0 44341.924072265625 24894.927001953125 34605.76379394531 6
stats: users_count 0 13
stats: finish_users_count 1 7
stats: request 5 18.863232421875 0.6263657791412098 3912.845947265625 8.00390625 661.6716107009747 109
stats: page 5 18.863232421875 0.6263657791412098 4579.527099609375 8.00390625 868.9690559111446 83
stats: connect 0 0 0 2088.508056640625 1.134033203125 338.2262432391827 13
stats: 302 0 13
stats: 200 5 96
stats: size_rcv 30382 654339
stats: size_sent 4334 74006
stats: connected -1 6
stats: 500 0 5
# stats: dump at 1449128573
stats: users 2 13
stats: session 4 57411.050231933594 4175.754722586394 62498.59814453125 24894.927001953125 35996.643833705355 7
stats: users_count 0 13
stats: finish_users_count 4 11
stats: request 1 58.440185546875 0.0 3912.845947265625 8.00390625 633.4782607764529 114
stats: page 1 58.440185546875 0.0 4579.527099609375 8.00390625 820.6675886674361 88
stats: connect 0 0 0 2088.508056640625 1.134033203125 338.2262432391827 13
stats: 302 0 13
stats: 200 1 97
stats: size_rcv 6517 660856
stats: size_sent 866 74872
stats: connected -4 2
stats: 500 0 5
# stats: dump at 1449128583
stats: users 2 13
stats: session 0 0 0 62498.59814453125 24894.927001953125 43783.70070578835 11
stats: users_count 0 13
stats: finish_users_count 0 11
stats: request 2 14.948486328125 4.33251953125 3912.845947265625 8.00390625 628.4779296875 115
stats: page 2 14.948486328125 4.33251953125 4579.527099609375 8.00390625 812.1032358233848 89
stats: connect 0 0 0 2088.508056640625 1.134033203125 338.2262432391827 13
stats: 302 0 13
stats: 200 1 98
stats: size_rcv 7768 668624
stats: size_sent 1732 76604
stats: connected 0 2
stats: 500 1 6
# stats: dump at 1449128593
stats: users 0 13
stats: session 2 67878.47009277344 370.5150146484375 68248.98510742188 24894.927001953125 43783.70070578835 11
stats: users_count 0 13
stats: finish_users_count 2 13
stats: request 0 0 0 3912.845947265625 8.00390625 617.9902468950321 117
stats: page 0 0 0 4579.527099609375 8.00390625 794.5833512190934 91
stats: connect 0 0 0 2088.508056640625 1.134033203125 338.2262432391827 13
stats: 302 0 13
stats: 200 0 98
stats: size_rcv 0 668624
stats: size_sent 0 76604
stats: connected -2 0
stats: 500 0 6
# stats: dump at 1449128603
stats: users 0 13
stats: session 0 0 0 68248.98510742188 24894.927001953125 47490.588303786055 13
stats: users_count 0 13
stats: finish_users_count 0 13
stats: request 0 0 0 3912.845947265625 8.00390625 617.9902468950321 117
stats: page 0 0 0 4579.527099609375 8.00390625 794.5833512190934 91
stats: connect 0 0 0 2088.508056640625 1.134033203125 338.2262432391827 13
stats: 302 0 13
stats: 200 0 98
stats: size_rcv 0 668624
stats: size_sent 0 76604
stats: connected 0 0
stats: 500 0 6
# stats: dump at 1449128613
stats: users 0 13
stats: session 0 0 0 68248.98510742188 24894.927001953125 47490.588303786055 13
stats: users_count 0 13
stats: finish_users_count 0 13
stats: request 0 0 0 3912.845947265625 8.00390625 617.9902468950321 117
stats: page 0 0 0 4579.527099609375 8.00390625 794.5833512190934 91
stats: connect 0 0 0 2088.508056640625 1.134033203125 338.2262432391827 13
stats: 302 0 13
stats: 200 0 98
stats: size_rcv 0 668624
stats: size_sent 0 76604
stats: connected 0 0
stats: 500 0 6
# stats: dump at 1449128623
stats: users 0 13
stats: session 0 0 0 68248.98510742188 24894.927001953125 47490.588303786055 13
stats: users_count 0 13
stats: finish_users_count 0 13
stats: request 0 0 0 3912.845947265625 8.00390625 617.9902468950321 117
stats: page 0 0 0 4579.527099609375 8.00390625 794.5833512190934 91
stats: connect 0 0 0 2088.508056640625 1.134033203125 338.2262432391827 13
stats: 302 0 13
stats: 200 0 98
stats: size_rcv 0 668624
stats: size_sent 0 76604
stats: connected 0 0
stats: 500 0 6
# stats: dump at 1449128633
stats: users 0 13
stats: session 0 0 0 68248.98510742188 24894.927001953125 47490.588303786055 13
stats: users_count 0 13
stats: finish_users_count 0 13
stats: request 0 0 0 3912.845947265625 8.00390625 617.9902468950321 117
stats: page 0 0 0 4579.527099609375 8.00390625 794.5833512190934 91
stats: connect 0 0 0 2088.508056640625 1.134033203125 338.2262432391827 13
stats: 302 0 13
stats: 200 0 98
stats: size_rcv 0 668624
stats: size_sent 0 76604
stats: connected 0 0
stats: 500 0 6
# stats: dump at 1449128639
stats: users 0 13
stats: session 0 0 0 68248.98510742188 24894.927001953125 47490.588303786055 13
stats: users_count 0 13
stats: finish_users_count 0 13
stats: request 0 0 0 3912.845947265625 8.00390625 617.9902468950321 117
stats: page 0 0 0 4579.527099609375 8.00390625 794.5833512190934 91
stats: connect 0 0 0 2088.508056640625 1.134033203125 338.2262432391827 13
stats: 302 0 13
stats: 200 0 98
stats: size_rcv 0 668624
stats: size_sent 0 76604
stats: connected 0 0
stats: 500 0 6
EndMonitor:{1449,128639,143937}
