# stats: dump at 1449139163
stats: users 0 0
stats: users_count 0 0
stats: finish_users_count 0 0
# stats: dump at 1449139173
stats: users 14 14
stats: users_count 14 14
stats: finish_users_count 0 0
stats: request 46 260.516697095788 475.98194894868743 2439.946044921875 5.7099609375 0 0
stats: page 26 450.54129732572125 572.8469267599407 2439.946044921875 11.157958984375 0 0
stats: connect 14 388.3518589564732 658.9873881689495 2115.273193359375 0.9130859375 0 0
stats: 302 10 10
stats: 200 36 36
stats: size_rcv 213250 213250
stats: size_sent 20830 20830
stats: connected 14 14
# stats: dump at 1449139183
stats: users 16 16
stats: users_count 2 16
stats: finish_users_count 0 0
stats: request 58 79.22738331761853 111.72718063070862 2439.946044921875 5.7099609375 260.516697095788 46
stats: page 48 101.40786234537761 164.95700632685268 2439.946044921875 8.42919921875 450.54129732572125 26
stats: connect 2 1.407470703125 0.03466796875 2115.273193359375 0.9130859375 388.3518589564732 14
stats: 302 5 15
stats: 200 53 89
stats: size_rcv 341431 554681
stats: newphase 1 1
stats: size_sent 40425 61255
stats: connected 2 16
# stats: dump at 1449139193
stats: users 21 23
stats: session 2 21944.869995117188 1671.9710693359375 23616.841064453125 20272.89892578125 0 0
stats: users_count 7 23
stats: finish_users_count 2 2
stats: request 40 120.85021972656246 178.6251840288497 2439.946044921875 5.541015625 159.4130413348858 104
stats: page 31 155.77741462953628 202.86087446413734 2439.946044921875 8.177001953125 224.07636652766047 74
stats: connect 7 1.3303571428571428 0.09222058573691541 2115.273193359375 0.9130859375 339.9838104248047 16
stats: 302 4 19
stats: 200 36 125
stats: size_rcv 203767 758448
stats: newphase 0 1
stats: size_sent 23937 85192
stats: connected 6 22
# stats: dump at 1449139203
stats: users 16 23
stats: session 7 31028.037981305803 3271.3650334095737 35131.97412109375 20272.89892578125 21944.869995117188 2
stats: users_count 2 25
stats: finish_users_count 7 9
stats: request 45 80.55665147569444 127.64396798676172 2439.946044921875 5.541015625 148.7011464436849 144
stats: page 36 100.87040201822911 166.3567074095926 2439.946044921875 8.177001953125 203.9119140625 105
stats: connect 2 1.3760986328125 0.0509033203125 2115.273193359375 0.9130859375 236.91536812160325 23
stats: 302 5 24
stats: 200 40 165
stats: size_rcv 252205 1010653
stats: newphase 1 2
stats: size_sent 31992 117184
stats: connected -5 17
# stats: dump at 1449139213
stats: users 15 23
stats: session 3 39918.59171549479 1423.4239962511642 41892.833984375 20272.89892578125 29009.556206597223 9
stats: users_count 2 27
stats: finish_users_count 3 12
stats: request 18 82.59935167100694 121.91909746500855 2439.946044921875 5.541015625 132.47626668940146 189
stats: page 14 106.2279052734375 160.86915894996287 2439.946044921875 8.177001953125 177.60344290226064 141
stats: connect 2 1.5445556640625 0.0274658203125 2115.273193359375 0.9130859375 218.0722265625 25
stats: 302 2 26
stats: 200 16 181
stats: size_rcv 86995 1097648
stats: newphase 0 2
stats: size_sent 11717 128901
stats: connected -2 15
# stats: dump at 1449139223
stats: users 9 23
stats: session 6 34255.77197265625 12191.424178093148 51142.969970703125 18383.912841796875 31736.815083821613 12
stats: users_count 0 27
stats: finish_users_count 6 18
stats: request 20 43.3364990234375 88.34535485325978 2439.946044921875 5.541015625 128.13914364432367 207
stats: page 18 48.16333007812501 112.18558654942075 2439.946044921875 8.177001953125 171.1566201486895 155
stats: connect 0 0 0 2115.273193359375 0.9130859375 202.03313982928242 27
stats: 302 1 27
stats: 200 19 200
stats: size_rcv 116376 1214024
stats: newphase 0 2
stats: size_sent 16322 145223
stats: connected -6 9
# stats: dump at 1449139233
stats: users 8 23
stats: session 1 40878.944091796875 0.0 51142.969970703125 18383.912841796875 32576.467380099828 18
stats: users_count 0 27
stats: finish_users_count 1 19
stats: request 6 16.659912109375 12.847617568671797 2439.946044921875 5.541015625 120.66754499931167 227
stats: page 6 16.659912109375 12.847617568671797 2439.946044921875 8.177001953125 158.3596304303649 173
stats: connect 0 0 0 2115.273193359375 0.9130859375 202.03313982928242 27
stats: 302 0 27
stats: 200 6 206
stats: size_rcv 33184 1247208
stats: newphase 0 2
stats: size_sent 5313 150536
stats: connected -1 8
# stats: dump at 1449139243
stats: users 6 23
stats: session 2 51266.906005859375 1877.055908203125 53143.9619140625 18383.912841796875 33013.4398386102 19
stats: users_count 0 27
stats: finish_users_count 2 21
stats: request 5 16.78359375 12.768401194106094 2439.946044921875 5.541015625 117.98923685622317 233
stats: page 5 16.78359375 12.768401194106094 2439.946044921875 8.177001953125 153.60991920172836 179
stats: connect 0 0 0 2115.273193359375 0.9130859375 202.03313982928242 27
stats: 302 0 27
stats: 200 5 211
stats: size_rcv 27688 1274896
stats: newphase 0 2
stats: size_sent 4446 154982
stats: connected -2 6
# stats: dump at 1449139253
stats: users 4 23
stats: session 2 69582.38647460938 11748.508544921875 81330.89501953125 18383.912841796875 34751.86518787203 21
stats: users_count 0 27
stats: finish_users_count 2 23
stats: request 1 10.718017578125 0.0 2439.946044921875 5.541015625 115.86306788340336 238
stats: page 1 10.718017578125 0.0 2439.946044921875 8.177001953125 149.89181253184444 184
stats: connect 0 0 0 2115.273193359375 0.9130859375 202.03313982928242 27
stats: 302 0 27
stats: 200 1 212
stats: size_rcv 5145 1280041
stats: newphase 0 2
stats: size_sent 867 155849
stats: connected -2 4
# stats: dump at 1449139263
stats: users 3 23
stats: session 1 57679.9541015625 0.0 81330.89501953125 18383.912841796875 37780.606169327446 23
stats: users_count 0 27
stats: finish_users_count 1 24
stats: request 1 10.43505859375 0.0 2439.946044921875 5.541015625 115.4231304344273 239
stats: page 1 10.43505859375 0.0 2439.946044921875 8.177001953125 149.1395217483108 185
stats: connect 0 0 0 2115.273193359375 0.9130859375 202.03313982928242 27
stats: 302 0 27
stats: 200 1 213
stats: size_rcv 4797 1284838
stats: newphase 0 2
stats: size_sent 867 156716
stats: connected -1 3
# stats: dump at 1449139273
stats: users 2 23
stats: session 1 84753.90576171875 0.0 84753.90576171875 18383.912841796875 38609.745666503906 24
stats: users_count 0 27
stats: finish_users_count 1 25
stats: request 1 11.18115234375 0.0 2439.946044921875 5.541015625 114.98568013509114 240
stats: page 1 11.18115234375 0.0 2439.946044921875 8.177001953125 148.393798828125 186
stats: connect 0 0 0 2115.273193359375 0.9130859375 202.03313982928242 27
stats: 302 0 27
stats: 200 1 214
stats: size_rcv 5512 1290350
stats: newphase 0 2
stats: size_sent 867 157583
stats: connected -1 2
# stats: dump at 1449139283
stats: users 1 23
stats: session 1 63803.868896484375 0.0 84753.90576171875 18383.912841796875 40455.5120703125 25
stats: users_count 0 27
stats: finish_users_count 1 26
stats: request 1 11.32421875 0.0 2439.946044921875 5.541015625 114.55495595338434 241
stats: page 1 11.32421875 0.0 2439.946044921875 8.177001953125 147.66004136029412 187
stats: connect 0 0 0 2115.273193359375 0.9130859375 202.03313982928242 27
stats: 302 0 27
stats: 200 1 215
stats: size_rcv 5513 1295863
stats: newphase 0 2
stats: size_sent 867 158450
stats: connected -1 1
# stats: dump at 1449139293
stats: users 0 23
stats: session 1 81791.88720703125 0.0 84753.90576171875 18383.912841796875 41353.52579439603 26
stats: users_count 0 27
stats: finish_users_count 1 27
stats: request 1 10.837890625 0.0 2439.946044921875 5.541015625 114.12838265915548 242
stats: page 1 10.837890625 0.0 2439.946044921875 8.177001953125 146.9348508144947 188
stats: connect 0 0 0 2115.273193359375 0.9130859375 202.03313982928242 27
stats: 302 0 27
stats: 200 1 216
stats: size_rcv 5171 1301034
stats: newphase 0 2
stats: size_sent 867 159317
stats: connected -1 0
# stats: dump at 1449139303
stats: users 0 23
stats: session 0 0 0 84753.90576171875 18383.912841796875 42851.24288375289 27
stats: users_count 0 27
stats: finish_users_count 0 27
stats: request 0 0 0 2439.946044921875 5.541015625 113.7033189059285 243
stats: page 0 0 0 2439.946044921875 8.177001953125 146.21476107804236 189
stats: connect 0 0 0 2115.273193359375 0.9130859375 202.03313982928242 27
stats: 302 0 27
stats: 200 0 216
stats: size_rcv 0 1301034
stats: newphase 0 2
stats: size_sent 0 159317
stats: connected 0 0
# stats: dump at 1449139313
stats: users 0 23
stats: session 0 0 0 84753.90576171875 18383.912841796875 42851.24288375289 27
stats: users_count 0 27
stats: finish_users_count 0 27
stats: request 0 0 0 2439.946044921875 5.541015625 113.7033189059285 243
stats: page 0 0 0 2439.946044921875 8.177001953125 146.21476107804236 189
stats: connect 0 0 0 2115.273193359375 0.9130859375 202.03313982928242 27
stats: 302 0 27
stats: 200 0 216
stats: size_rcv 0 1301034
stats: newphase 0 2
stats: size_sent 0 159317
stats: connected 0 0
# stats: dump at 1449139323
stats: users 0 23
stats: session 0 0 0 84753.90576171875 18383.912841796875 42851.24288375289 27
stats: users_count 0 27
stats: finish_users_count 0 27
stats: request 0 0 0 2439.946044921875 5.541015625 113.7033189059285 243
stats: page 0 0 0 2439.946044921875 8.177001953125 146.21476107804236 189
stats: connect 0 0 0 2115.273193359375 0.9130859375 202.03313982928242 27
stats: 302 0 27
stats: 200 0 216
stats: size_rcv 0 1301034
stats: newphase 0 2
stats: size_sent 0 159317
stats: connected 0 0
# stats: dump at 1449139329
stats: users 0 23
stats: session 0 0 0 84753.90576171875 18383.912841796875 42851.24288375289 27
stats: users_count 0 27
stats: finish_users_count 0 27
stats: request 0 0 0 2439.946044921875 5.541015625 113.7033189059285 243
stats: page 0 0 0 2439.946044921875 8.177001953125 146.21476107804236 189
stats: connect 0 0 0 2115.273193359375 0.9130859375 202.03313982928242 27
stats: 302 0 27
stats: 200 0 216
stats: size_rcv 0 1301034
stats: newphase 0 2
stats: size_sent 0 159317
stats: connected 0 0
EndMonitor:{1449,139329,843080}
