# stats: dump at 1449167160
stats: users 0 0
stats: users_count 0 0
stats: finish_users_count 0 0
# stats: dump at 1449167170
stats: users 10 10
stats: users_count 10 10
stats: finish_users_count 0 0
stats: request 16 347.9185028076172 397.36420340784906 1440.511962890625 9.160888671875 0 0
stats: page 10 546.44580078125 414.48698677411835 1440.511962890625 114.083984375 0 0
stats: connect 8 111.640625 290.5541558610203 880.3740234375 1.19287109375 0 0
stats: 302 3 3
stats: 200 13 13
stats: size_rcv 116633 116633
stats: size_sent 7972 7972
stats: connected 8 8
# stats: dump at 1449167180
stats: users 28 28
stats: users_count 18 28
stats: finish_users_count 0 0
stats: request 84 249.8016560872396 275.17042012540287 1440.511962890625 8.55908203125 347.9185028076172 16
stats: page 51 413.3173157935049 302.1383444069394 1477.116943359375 40.532958984375 546.44580078125 10
stats: connect 19 1.6932308799342106 0.39340981188903323 880.3740234375 1.0439453125 111.640625 8
stats: 302 16 19
stats: 200 68 81
stats: size_rcv 807180 923813
stats: newphase 1 1
stats: size_sent 50121 58093
stats: connected 19 27
# stats: dump at 1449167190
stats: users 44 44
stats: users_count 16 44
stats: finish_users_count 0 0
stats: request 130 186.62891751802886 217.1433332316861 1440.511962890625 8.43310546875 265.5003515625 100
stats: page 97 249.15234123308633 254.50031444768928 1477.116943359375 38.4130859375 435.1416575947746 61
stats: connect 17 1.683205997242647 0.3001504209946738 880.3740234375 1.0439453125 34.270236545138886 27
stats: 302 17 36
stats: 200 113 194
stats: size_rcv 1929519 2853332
stats: newphase 0 1
stats: size_sent 98317 156410
stats: connected 17 44
# stats: dump at 1449167200
stats: users 74 74
stats: session 5 24886.128955078126 5467.873095681736 31435.893798828125 15377.93115234375 0 0
stats: users_count 35 79
stats: finish_users_count 5 5
stats: request 178 265.81044949306516 406.2874903681931 2395.64892578125 7.589111328125 220.9208453634511 230
stats: page 126 375.60647437686026 471.11029332849347 2395.64892578125 36.485107421875 320.95834311956094 158
stats: connect 33 1.6673694957386365 0.49120812121498 880.3740234375 1.01513671875 21.679792924360793 44
stats: 302 26 62
stats: 200 152 346
stats: size_rcv 1954634 4807966
stats: newphase 1 2
stats: size_sent 124900 281310
stats: connected 28 72
# stats: dump at 1449167210
stats: users 131 131
stats: session 5 33685.75336914063 3739.2085148927 37637.9189453125 15377.93115234375 24886.128955078126 5
stats: users_count 62 141
stats: finish_users_count 5 10
stats: request 277 658.2622793039255 996.3884993097197 4341.093994140625 7.373046875 240.50503540039054 408
stats: page 189 949.3191899698247 1117.170882331163 4341.093994140625 35.356201171875 345.2036407900529 284
stats: connect 63 1.5854724702380953 0.364853756617939 880.3740234375 0.965087890625 13.103040026379869 77
stats: 302 44 106
stats: 200 232 578
stats: size_rcv 3152343 7960309
stats: newphase 1 3
stats: size_sent 196976 478286
stats: connected 58 130
stats: 500 1 1
# stats: dump at 1449167220
stats: users 171 171
stats: session 13 36331.693321814906 8522.365024137183 50442.637939453125 15377.93115234375 29285.941162109375 10
stats: users_count 53 194
stats: finish_users_count 13 23
stats: request 429 686.8331409801143 1007.5573523930229 4578.68310546875 7.302978515625 409.4375267307252 685
stats: page 300 966.2114396158854 1303.0761782018683 7809.371826171875 35.356201171875 586.5944204834501 473
stats: connect 54 1.7692328559027777 1.2856287850660133 880.3740234375 0.85302734375 7.920134626116071 140
stats: 302 62 168
stats: 200 367 945
stats: size_rcv 5593476 13553785
stats: newphase 0 3
stats: size_sent 318396 796682
stats: connected 41 171
stats: 500 0 1
# stats: dump at 1449167230
stats: users 233 233
stats: session 18 30960.935248480902 9641.339701248537 50442.637939453125 10536.88818359375 33268.32281759511 23
stats: users_count 80 274
stats: finish_users_count 18 41
stats: request 403 766.4829331769544 1175.1923250059588 4841.886962890625 7.302978515625 516.2622291660824 1114
stats: page 298 1034.7918258769391 1410.009178995311 8316.066162109375 35.356201171875 733.9231471842659 773
stats: connect 78 1.8867563100961537 1.525342198316797 880.3740234375 0.85302734375 6.208027947809279 194
stats: 302 51 219
stats: 200 349 1294
stats: size_rcv 5263601 18817386
stats: newphase 1 4
stats: size_sent 319050 1115732
stats: connected 61 232
stats: 500 3 4
# stats: dump at 1449167240
stats: users 345 345
stats: session 19 40950.15785618832 12392.438531034813 72402.86889648438 10536.88818359375 32255.323397008386 41
stats: users_count 131 405
stats: finish_users_count 19 60
stats: request 471 944.5967242651938 1634.0054280832148 9407.68798828125 7.055908203125 582.7348354392409 1517
stats: page 333 1268.3164700344876 1882.3714736373288 9407.68798828125 35.356201171875 817.6382417224701 1071
stats: connect 124 1.5706216135332662 0.42661640069291784 880.3740234375 0.8359375 4.968839757582721 272
stats: 302 66 285
stats: 200 405 1699
stats: size_rcv 5227678 24045064
stats: newphase 1 5
stats: size_sent 366132 1481864
stats: connected 104 336
stats: 500 0 4
# stats: dump at 1449167250
stats: users 479 480
stats: session 21 44476.14179920015 13529.097924411273 78606.89013671875 10536.88818359375 35008.68764241537 60
stats: users_count 155 560
stats: finish_users_count 21 81
stats: request 548 1991.024972289148 3649.1717024813656 15934.342041015625 6.89990234375 668.4677074900578 1988
stats: page 393 2452.9520888000966 4017.715949512609 16291.6279296875 35.356201171875 924.5298727964741 1404
stats: connect 164 1.5311487709603664 0.40346745858643734 880.3740234375 0.8359375 3.904751247829861 396
stats: 302 64 349
stats: 200 484 2183
stats: size_rcv 6166452 30211516
stats: newphase 0 5
stats: size_sent 429228 1911092
stats: connected 142 478
stats: 500 0 4
# stats: dump at 1449167260
stats: users 690 690
stats: session 26 49398.86942232572 12914.326031471313 84067.90405273438 10536.88818359375 37463.21279417438 81
stats: users_count 237 797
stats: finish_users_count 26 107
stats: request 515 2504.0638140928395 4978.327914297331 23619.049072265625 6.616943359375 954.256895624877 2536
stats: page 370 3032.396295001057 5307.963969110954 24207.39306640625 35.356201171875 1258.7924943264816 1797
stats: connect 233 1.4996489823631973 0.3871143571283513 880.3740234375 0.820068359375 3.209624808175223 560
stats: 302 57 406
stats: 200 458 2641
stats: size_rcv 5434444 35645960
stats: newphase 1 6
stats: size_sent 423484 2334576
stats: connected 207 685
stats: 500 0 4
# stats: dump at 1449167270
stats: users 897 897
stats: session 26 50823.2311354417 12215.941389633357 84067.90405273438 10536.88818359375 40363.46580662237 107
stats: users_count 233 1030
stats: finish_users_count 26 133
stats: request 506 3310.547774846375 6572.529930214735 30648.3828125 6.616943359375 1215.8598333538184 3051
stats: page 353 4507.6963284846415 7784.4118696208025 30648.3828125 35.356201171875 1561.622861769764 2167
stats: connect 232 1.5843011264143314 0.7966014488095761 880.3740234375 0.820068359375 2.707198115345208 793
stats: 302 61 467
stats: 200 445 3086
stats: size_rcv 5066064 40712024
stats: newphase 1 7
stats: size_sent 406302 2740878
stats: connected 206 891
stats: 500 0 4
# stats: dump at 1449167280
stats: users 1168 1168
stats: session 11 58268.04410067471 18174.998123170924 90569.93286132813 10536.88818359375 42408.231961128404 133
stats: users_count 282 1312
stats: finish_users_count 11 144
stats: request 506 3942.0214438457256 8485.067206443411 40287.47998046875 6.616943359375 1513.8390569678845 3557
stats: page 352 5494.696961142802 10113.890102414829 42007.43115234375 35.356201171875 1974.306962464348 2520
stats: connect 283 1.5183364275066256 0.6361326486005339 880.3740234375 0.801025390625 2.453039967606707 1025
stats: 302 77 544
stats: 200 429 3515
stats: size_rcv 4687059 45399083
stats: newphase 0 7
stats: size_sent 435670 3176548
stats: connected 272 1163
stats: 500 0 4
# stats: dump at 1449167290
stats: users 1153 1171
stats: session 18 63450.82431369358 19299.09369300702 104146.50903320313 10536.88818359375 43619.74538845486 144
stats: users_count 3 1315
stats: finish_users_count 18 162
stats: request 533 9899.24559539165 14555.270479798652 46219.468994140625 6.616943359375 1816.2412936797202 4063
stats: page 331 14781.695050657341 16583.806488578426 57143.0 35.356201171875 2405.7753745586433 2872
stats: connect 8 1.58502197265625 0.4702135563374263 880.3740234375 0.801025390625 2.250806709312882 1308
stats: 302 92 636
stats: 200 437 3952
stats: size_rcv 5875366 51274449
stats: newphase 0 7
stats: size_sent 388186 3564734
stats: connected -10 1153
stats: 500 4 8
# stats: dump at 1449167300
stats: users 1124 1171
stats: session 29 66867.48840752963 16077.740662076301 104146.50903320313 10536.88818359375 45823.19860237028 162
stats: users_count 0 1315
stats: finish_users_count 29 191
stats: request 511 11627.072732884353 16223.745598800979 49846.4619140625 6.616943359375 2753.630608913066 4596
stats: page 363 15615.890596752324 17578.83195021054 57143.0 35.356201171875 3684.710564314706 3203
stats: connect 0 0 0 880.3740234375 0.801025390625 2.24675938568579 1316
stats: 302 72 708
stats: 200 439 4391
stats: size_rcv 6501218 57775667
stats: newphase 0 7
stats: size_sent 395656 3960390
stats: connected -28 1125
stats: 500 0 8
# stats: dump at 1449167310
stats: users 1095 1171
stats: session 29 74391.91829707702 18744.4680447264 119197.94677734375 10536.88818359375 49018.404907865675 191
stats: users_count 0 1315
stats: finish_users_count 29 220
stats: request 501 13970.15500346962 18978.812755651365 55729.072998046875 6.616943359375 3641.4960730503935 5107
stats: page 345 19124.08475713315 20397.48654637476 64425.30615234375 35.356201171875 4899.241790275126 3566
stats: connect 0 0 0 880.3740234375 0.801025390625 2.24675938568579 1316
stats: 302 83 791
stats: 200 418 4809
stats: size_rcv 6257632 64033299
stats: newphase 0 7
stats: size_sent 408636 4369026
stats: connected -33 1092
stats: 500 0 8
# stats: dump at 1449167320
stats: users 1070 1171
stats: session 25 81611.61270507812 16193.329243965962 135144.9150390625 10536.88818359375 52363.09530917081 220
stats: users_count 0 1315
stats: finish_users_count 25 245
stats: page 372 21528.914902553763 24209.359222976855 70766.68994140625 35.356201171875 6154.054069376639 3911
stats: request 503 17590.32014116473 23284.14786707926 59902.1708984375 6.616943359375 4564.223983917019 5608
stats: connect 1 12.031005859375 0.0 880.3740234375 0.801025390625 2.24675938568579 1316
stats: 302 68 859
stats: 504 37 37
stats: 200 398 5207
stats: size_rcv 7049901 71083200
stats: newphase 0 7
stats: size_sent 398997 4768023
stats: connected -25 1067
stats: 500 0 8
# stats: dump at 1449167330
stats: users 1041 1171
stats: session 29 92960.95900963093 17009.0189353322 135144.9150390625 10536.88818359375 55347.63790058992 245
stats: users_count 0 1315
stats: finish_users_count 29 274
stats: request 517 20327.466313788245 24701.13084023814 59977.33203125 6.616943359375 5636.409610998609 6111
stats: page 384 23647.582525889084 24796.07292118957 70766.68994140625 35.356201171875 7489.4377326831745 4283
stats: 302 59 918
stats: connect 2 1.4945068359375 0.2584228515625 880.3740234375 0.801025390625 2.2541885781487276 1317
stats: 504 61 98
stats: 200 397 5604
stats: size_rcv 6184360 77267560
stats: newphase 0 7
stats: size_sent 406327 5174350
stats: connected -28 1039
stats: 500 0 8
# stats: dump at 1449167340
stats: users 1007 1171
stats: session 34 92323.51910759421 14344.618408369477 135144.9150390625 10536.88818359375 59328.60984278769 274
stats: users_count 0 1315
stats: finish_users_count 34 308
stats: request 513 29793.62941642301 27020.999142502133 59999.714111328125 6.616943359375 6782.347498044814 6628
stats: page 396 28966.255134967843 26364.17765546074 85347.23706054688 35.356201171875 8818.927254986811 4667
stats: connect 1 2.154052734375 0.0 880.3740234375 0.801025390625 2.253036672550227 1319
stats: 302 28 946
stats: 504 186 284
stats: 200 299 5903
stats: size_rcv 4966742 82234302
stats: newphase 0 7
stats: size_sent 408834 5583184
stats: connected -32 1007
stats: 500 0 8
# stats: dump at 1449167350
stats: users 977 1171
stats: session 30 95634.19881998698 18538.084338544497 141256.955078125 10536.88818359375 62970.90502137023 308
stats: users_count 0 1315
stats: finish_users_count 30 338
stats: request 366 16250.333810941764 23416.398276710195 59999.714111328125 6.616943359375 8435.447571441819 7141
stats: connect 0 0 0 880.3740234375 0.801025390625 2.252961684718276 1320
stats: page 292 17977.63430744327 24754.01684588033 96024.67895507813 35.356201171875 10394.740377734684 5063
stats: 302 35 981
stats: 504 36 320
stats: 200 294 6197
stats: size_rcv 5278609 87512911
stats: newphase 0 7
stats: size_sent 342497 5925681
stats: connected -29 978
stats: 500 1 9
# stats: dump at 1449167360
stats: users 929 1171
stats: session 48 102456.37009175618 22269.280571665757 180886.88403320313 10536.88818359375 65870.01393840722 338
stats: users_count 0 1315
stats: finish_users_count 48 386
stats: request 322 19334.399364779452 23557.310910531654 59999.714111328125 6.616943359375 8816.458409813602 7507
stats: page 288 19472.645350986055 24192.75584279422 106138.55004882813 35.356201171875 10808.224042996106 5355
stats: connect 0 0 0 880.3740234375 0.801025390625 2.252961684718276 1320
stats: 302 16 997
stats: 504 9 329
stats: 200 297 6494
stats: size_rcv 5027465 92540376
stats: newphase 0 7
stats: size_sent 272289 6197970
stats: connected -50 928
stats: 500 0 9
# stats: dump at 1449167370
stats: users 873 1171
stats: session 56 107149.59150041852 17424.241398321803 180886.88403320313 10536.88818359375 70419.61263105166 386
stats: users_count 0 1315
stats: finish_users_count 56 442
stats: page 308 17686.652163815186 27535.40823095244 112541.50708007813 35.356201171875 11250.427363340092 5643
stats: request 349 14216.139200729764 21499.74079375009 59999.714111328125 6.616943359375 9249.052226073532 7829
stats: connect 1 1.239990234375 0.0 880.3740234375 0.801025390625 2.252961684718276 1320
stats: 302 28 1025
stats: 504 0 329
stats: 200 321 6815
stats: size_rcv 5543170 98083546
stats: newphase 0 7
stats: size_sent 268372 6466342
stats: connected -55 873
stats: 500 0 9
# stats: dump at 1449167380
stats: users 795 1171
stats: session 78 114596.80132587139 15529.11411218758 180886.88403320313 10536.88818359375 75073.18461450085 442
stats: users_count 0 1315
stats: finish_users_count 78 520
stats: request 338 17701.961351383372 25649.117593402116 59999.714111328125 6.616943359375 9461.025001098604 8178
stats: page 278 24688.126326087564 35191.74845173355 138334.81982421875 35.356201171875 11583.540661701096 5951
stats: connect 0 0 0 880.3740234375 0.801025390625 2.2521948630299007 1321
stats: 302 39 1064
stats: 504 0 329
stats: 200 299 7114
stats: size_rcv 4945203 103028749
stats: newphase 0 7
stats: size_sent 271574 6737916
stats: connected -78 795
stats: 500 0 9
# stats: dump at 1449167390
stats: users 722 1171
stats: session 73 129794.62561536815 20136.777112687665 185646.98803710938 10536.88818359375 81001.72712120644 520
stats: users_count 0 1315
stats: finish_users_count 73 593
stats: request 324 22407.899923442328 27480.675263854853 60002.072998046875 6.616943359375 9788.10772613339 8516
stats: page 223 33001.28742139328 39143.97896929903 138334.81982421875 35.352783203125 12168.397751875993 6229
stats: connect 0 0 0 880.3740234375 0.801025390625 2.2521948630299007 1321
stats: 302 53 1117
stats: 504 12 341
stats: 200 259 7373
stats: size_rcv 4146236 107174985
stats: newphase 0 7
stats: size_sent 264598 7002514
stats: connected -73 722
stats: 500 0 9
# stats: dump at 1449167400
stats: users 679 1171
stats: session 43 145333.36447924236 22761.875114660055 207003.00805664063 10536.88818359375 87008.27280429885 593
stats: users_count 0 1315
stats: finish_users_count 43 636
stats: request 347 31637.98465713369 29258.438852446943 60003.027099609375 6.616943359375 10250.643096261003 8840
stats: 302 41 1158
stats: page 210 39647.33547014508 38575.480368256736 142072.74291992188 35.352783203125 12888.443380565137 6452
stats: connect 0 0 0 880.3740234375 0.801025390625 2.2521948630299007 1321
stats: 504 107 448
stats: 200 199 7572
stats: size_rcv 2871726 110046711
stats: newphase 0 7
stats: size_sent 262738 7265252
stats: connected -40 682
stats: 500 0 9
# stats: dump at 1449167410
stats: users 655 1171
stats: session 24 156589.8483988444 25426.15860669665 210545.9521484375 10536.88818359375 90951.63592068655 636
stats: users_count 0 1315
stats: finish_users_count 24 660
stats: connect 0 0 0 880.3740234375 0.801025390625 2.2521948630299007 1321
stats: 302 12 1170
stats: request 248 26146.03787034557 28368.877719639677 60003.785888671875 6.616943359375 11058.459306299408 9187
stats: page 217 32815.58068791404 39186.77553546062 154959.916015625 35.352783203125 13731.9389282703 6662
stats: 504 33 481
stats: 200 203 7775
stats: size_rcv 3715223 113761934
stats: newphase 0 7
stats: size_sent 229939 7495191
stats: connected -26 656
stats: 500 0 9
# stats: dump at 1449167420
stats: users 620 1171
stats: session 35 158946.54454520094 14741.862161182116 210545.9521484375 10536.88818359375 93338.48001080137 660
stats: users_count 0 1315
stats: finish_users_count 35 695
stats: request 287 23464.256675161974 25084.931157484418 60660.05908203125 6.616943359375 11455.037947940473 9435
stats: connect 0 0 0 880.3740234375 0.801025390625 2.2521948630299007 1321
stats: page 268 26300.48456903714 30181.949264103696 154959.916015625 35.352783203125 14333.937803374629 6879
stats: 302 17 1187
stats: 504 9 490
stats: 200 261 8036
stats: size_rcv 4925864 118687798
stats: newphase 0 7
stats: size_sent 230774 7725965
stats: connected -36 620
stats: 500 0 9
# stats: dump at 1449167430
stats: users 585 1171
stats: session 35 177409.8900878906 18702.918607155763 223682.99389648438 10536.88818359375 96642.48326073516 695
stats: users_count 0 1315
stats: finish_users_count 35 730
stats: request 258 17552.091828102304 21000.231059998874 60660.05908203125 6.616943359375 11809.558188087825 9722
stats: page 239 26184.559159665918 37923.44068044017 156603.43994140625 35.352783203125 14782.662377769138 7147
stats: connect 0 0 0 880.3740234375 0.801025390625 2.2521948630299007 1321
stats: 302 19 1206
stats: 504 0 490
stats: 200 239 8275
stats: size_rcv 4209141 122896939
stats: newphase 0 7
stats: size_sent 223754 7949719
stats: connected -34 586
stats: 500 0 9
# stats: dump at 1449167440
stats: users 549 1171
stats: session 36 189561.93381076388 16526.62638631709 227657.93896484375 10536.88818359375 100514.89317710562 730
stats: users_count 0 1315
stats: finish_users_count 36 766
stats: request 263 18341.79370674163 20490.266175330937 60660.05908203125 6.616943359375 11958.01246455313 9980
stats: page 240 36014.53998311361 48482.25251781755 163028.77197265625 35.352783203125 15151.610838488517 7386
stats: connect 0 0 0 880.3740234375 0.801025390625 2.2521948630299007 1321
stats: 302 23 1229
stats: 504 0 490
stats: 200 240 8515
stats: size_rcv 4916504 127813443
stats: newphase 0 7
stats: size_sent 212040 8161759
stats: connected -36 550
stats: 500 0 9
# stats: dump at 1449167450
stats: users 522 1171
stats: session 27 187415.5166377315 14247.742939611015 227657.93896484375 10536.88818359375 104699.87158808696 766
stats: users_count 0 1315
stats: finish_users_count 27 793
stats: request 281 16898.97833403998 21345.16488689999 60660.05908203125 6.616943359375 12121.922887934521 10243
stats: 302 13 1242
stats: page 268 27010.30323540987 42120.443699053765 167349.34814453125 35.352783203125 15808.19397443266 7626
stats: connect 0 0 0 880.3740234375 0.801025390625 2.2521948630299007 1321
stats: 504 0 490
stats: 200 268 8783
stats: size_rcv 5186729 133000172
stats: newphase 0 7
stats: size_sent 224348 8386107
stats: connected -28 522
stats: 500 0 9
# stats: dump at 1449167460
stats: users 457 1171
stats: session 65 201852.7983961839 15944.003377400506 240604.93408203125 10536.88818359375 107516.16719507359 793
stats: users_count 0 1315
stats: finish_users_count 65 858
stats: request 280 17955.069727434442 20308.061916809307 60660.05908203125 6.616943359375 12249.474444410731 10524
stats: page 280 21581.18143572126 30727.207563286094 167349.34814453125 35.352783203125 16188.503739056663 7894
stats: connect 0 0 0 880.3740234375 0.801025390625 2.2521948630299007 1321
stats: 302 0 1242
stats: 504 0 490
stats: 200 280 9063
stats: size_rcv 4713831 137714003
stats: newphase 0 7
stats: size_sent 221215 8607322
stats: connected -64 458
stats: 500 0 9
# stats: dump at 1449167470
stats: users 394 1171
stats: session 63 207180.8230639261 15065.018709918704 240604.93408203125 10536.88818359375 114662.88168000619 858
stats: users_count 0 1315
stats: finish_users_count 63 921
stats: request 250 17713.415548828118 17755.0944628342 60660.05908203125 6.616943359375 12397.342519128117 10804
stats: page 250 18138.621249023454 19476.275519373532 167349.34814453125 35.352783203125 16373.229669453787 8174
stats: connect 0 0 0 880.3740234375 0.801025390625 2.2521948630299007 1321
stats: 302 0 1242
stats: 504 0 490
stats: 200 250 9313
stats: size_rcv 4520207 142234210
stats: newphase 0 7
stats: size_sent 183534 8790856
stats: connected -66 392
stats: 500 0 9
# stats: dump at 1449167480
stats: users 321 1171
stats: session 73 218048.69215204948 12467.79057082634 250844.94311523438 10536.88818359375 120991.47050431342 921
stats: users_count 0 1315
stats: finish_users_count 73 994
stats: request 275 12569.448466796879 12903.572651121585 60660.05908203125 6.616943359375 12517.57214256081 11054
stats: page 275 12569.448466796879 12903.572651121585 167349.34814453125 35.352783203125 16425.621394868365 8424
stats: connect 0 0 0 880.3740234375 0.801025390625 2.2521948630299007 1321
stats: 302 0 1242
stats: 504 0 490
stats: 200 275 9588
stats: size_rcv 4418730 146652940
stats: newphase 0 7
stats: size_sent 195268 8986124
stats: connected -72 320
stats: 500 0 9
# stats: dump at 1449167490
stats: users 246 1171
stats: session 75 225126.99715820313 13688.919062261395 257488.00903320313 10536.88818359375 128119.41535369444 994
stats: users_count 0 1315
stats: finish_users_count 75 1069
stats: request 273 7679.5981624170145 8214.163519193518 60660.05908203125 6.616943359375 12518.831387786771 11329
stats: page 273 7679.5981624170145 8214.163519193518 167349.34814453125 35.352783203125 16303.716859264314 8699
stats: connect 1 10.102783203125 0.0 880.3740234375 0.801025390625 2.2521948630299007 1321
stats: 302 0 1242
stats: 504 0 490
stats: 200 273 9861
stats: size_rcv 3937170 150590110
stats: newphase 0 7
stats: size_sent 153164 9139288
stats: connected -74 246
stats: 500 0 9
# stats: dump at 1449167500
stats: users 153 1171
stats: session 93 230347.23387884325 12161.841309371526 262985.8759765625 10536.88818359375 134925.37291715387 1069
stats: users_count 0 1315
stats: finish_users_count 93 1162
stats: request 134 1008.4491148991369 2289.662446347872 60660.05908203125 6.616943359375 12404.962169503204 11602
stats: page 134 1008.4491148991369 2289.662446347872 167349.34814453125 35.352783203125 16041.302190936258 8972
stats: connect 0 0 0 880.3740234375 0.801025390625 2.2581332808363266 1322
stats: 302 0 1242
stats: 504 0 490
stats: 200 134 9995
stats: size_rcv 1905795 152495905
stats: newphase 0 7
stats: size_sent 106704 9245992
stats: connected -89 157
stats: 500 0 9
# stats: dump at 1449167510
stats: users 91 1171
stats: session 62 239305.07908187373 12389.24903220125 272401.9599609375 10536.88818359375 142562.40653973314 1162
stats: users_count 0 1315
stats: finish_users_count 62 1224
stats: request 50 49.8128662109375 11.484988770387057 60660.05908203125 6.616943359375 12274.838383774084 11736
stats: page 50 49.8128662109375 11.484988770387057 167349.34814453125 35.315185546875 15820.085156872017 9106
stats: connect 0 0 0 880.3740234375 0.801025390625 2.2581332808363266 1322
stats: 302 0 1242
stats: 504 0 490
stats: 200 50 10045
stats: size_rcv 705522 153201427
stats: newphase 0 7
stats: size_sent 44969 9290961
stats: connected -65 92
stats: 500 0 9
# stats: dump at 1449167520
stats: users 51 1171
stats: session 40 249013.05808105468 12116.268116307569 277638.03515625 10536.88818359375 147462.7706717697 1224
stats: users_count 0 1315
stats: finish_users_count 40 1264
stats: request 31 48.31730405745968 11.525166291631342 60660.05908203125 6.616943359375 12222.97589642654 11786
stats: page 31 48.31730405745968 11.525166291631342 167349.34814453125 35.315185546875 15733.965277608906 9156
stats: connect 0 0 0 880.3740234375 0.801025390625 2.2581332808363266 1322
stats: 302 0 1242
stats: 504 0 490
stats: 200 31 10076
stats: size_rcv 443941 153645368
stats: newphase 0 7
stats: size_sent 28106 9319067
stats: connected -40 52
stats: 500 0 9
# stats: dump at 1449167530
stats: users 21 1171
stats: session 30 256213.49489746094 10762.439894627267 284246.00390625 10536.88818359375 150676.38736193694 1264
stats: users_count 0 1315
stats: finish_users_count 30 1294
stats: request 8 79.62750244140625 81.37413505718128 60660.05908203125 6.616943359375 12191.037636600575 11817
stats: page 8 79.62750244140625 81.37413505718128 167349.34814453125 35.315185546875 15681.036673365943 9187
stats: connect 0 0 0 880.3740234375 0.801025390625 2.2581332808363266 1322
stats: 302 0 1242
stats: 504 0 490
stats: 200 8 10084
stats: size_rcv 114348 153759716
stats: newphase 0 7
stats: size_sent 6374 9325441
stats: connected -31 21
stats: 500 0 9
# stats: dump at 1449167540
stats: users 13 1171
stats: session 8 266550.2208557129 9886.253009945687 284246.00390625 10536.88818359375 153123.15183339422 1294
stats: users_count 0 1315
stats: finish_users_count 8 1302
stats: request 8 45.163543701171875 2.3476972003148546 60660.05908203125 6.616943359375 12182.843870759283 11825
stats: page 8 45.163543701171875 2.3476972003148546 167349.34814453125 35.315185546875 15667.462853532621 9195
stats: connect 0 0 0 880.3740234375 0.801025390625 2.2581332808363266 1322
stats: 302 0 1242
stats: 504 0 490
stats: 200 8 10092
stats: size_rcv 119402 153879118
stats: newphase 0 7
stats: size_sent 7128 9332569
stats: connected -8 13
stats: 500 0 9
# stats: dump at 1449167550
stats: users 5 1171
stats: session 8 278967.3569946289 12534.504200588444 305453.93994140625 10536.88818359375 153820.09234966038 1302
stats: users_count 0 1315
stats: finish_users_count 8 1310
stats: request 1 90.427001953125 0.0 60660.05908203125 6.616943359375 12174.637883890655 11833
stats: page 1 90.427001953125 0.0 167349.34814453125 35.315185546875 15653.882673756607 9203
stats: connect 0 0 0 880.3740234375 0.801025390625 2.2581332808363266 1322
stats: 302 0 1242
stats: 504 0 490
stats: 200 1 10093
stats: size_rcv 12901 153892019
stats: newphase 0 7
stats: size_sent 656 9333225
stats: connected -8 5
stats: 500 0 9
# stats: dump at 1449167560
stats: users 2 1171
stats: session 3 295893.34529622394 9034.422160343944 306324.02392578125 10536.88818359375 154584.3504543625 1310
stats: users_count 0 1315
stats: finish_users_count 3 1313
stats: request 1 48.27294921875 0.0 60660.05908203125 6.616943359375 12173.61674050026 11834
stats: page 1 48.27294921875 0.0 167349.34814453125 35.315185546875 15652.19172898566 9204
stats: connect 0 0 0 880.3740234375 0.801025390625 2.2581332808363266 1322
stats: 302 0 1242
stats: 504 0 490
stats: 200 1 10094
stats: size_rcv 15953 153907972
stats: newphase 0 7
stats: size_sent 1031 9334256
stats: connected -3 2
stats: 500 0 9
# stats: dump at 1449167570
stats: users 0 1171
stats: session 2 305276.99853515625 6195.99853515625 311472.9970703125 10536.88818359375 154907.2194448618 1313
stats: users_count 0 1315
stats: finish_users_count 2 1315
stats: request 0 0 0 60660.05908203125 6.616943359375 12172.592207860524 11835
stats: page 0 0 0 167349.34814453125 35.315185546875 15650.49657213832 9205
stats: connect 0 0 0 880.3740234375 0.801025390625 2.2581332808363266 1322
stats: 302 0 1242
stats: 504 0 490
stats: 200 0 10094
stats: size_rcv 0 153907972
stats: newphase 0 7
stats: size_sent 0 9334256
stats: connected -2 0
stats: 500 0 9
# stats: dump at 1449167580
stats: users 0 1171
stats: session 0 0 0 311472.9970703125 10536.88818359375 155135.91872864933 1315
stats: users_count 0 1315
stats: finish_users_count 0 1315
stats: request 0 0 0 60660.05908203125 6.616943359375 12172.592207860524 11835
stats: page 0 0 0 167349.34814453125 35.315185546875 15650.49657213832 9205
stats: connect 0 0 0 880.3740234375 0.801025390625 2.2581332808363266 1322
stats: 302 0 1242
stats: 504 0 490
stats: 200 0 10094
stats: size_rcv 0 153907972
stats: newphase 0 7
stats: size_sent 0 9334256
stats: connected 0 0
stats: 500 0 9
# stats: dump at 1449167580
stats: users 0 1171
stats: session 0 0 0 311472.9970703125 10536.88818359375 155135.91872864933 1315
stats: users_count 0 1315
stats: finish_users_count 0 1315
stats: request 0 0 0 60660.05908203125 6.616943359375 12172.592207860524 11835
stats: page 0 0 0 167349.34814453125 35.315185546875 15650.49657213832 9205
stats: connect 0 0 0 880.3740234375 0.801025390625 2.2581332808363266 1322
stats: 302 0 1242
stats: 504 0 490
stats: 200 0 10094
stats: size_rcv 0 153907972
stats: newphase 0 7
stats: size_sent 0 9334256
stats: connected 0 0
stats: 500 0 9
EndMonitor:{1449,167580,488697}
