
=INFO REPORT==== 3-Dec-2015::18:25:50 ===
    ts_config_server:(5:<0.39.0>) Config server started, logdir is "/home/ec2-user/.tsung/log/20151203-1825"
 
=INFO REPORT==== 3-Dec-2015::18:25:50 ===
              ts_mon:(5:<0.38.0>) starting monitor, global 

=INFO REPORT==== 3-Dec-2015::18:25:50 ===
           ts_config:(5:<0.39.0>) Reading config file: progressive_load_test.xml

=INFO REPORT==== 3-Dec-2015::18:25:50 ===
      ts_config_http:(4:<0.39.0>) Get user agent: 100 "Mozilla/5.0 (Windows; U; Windows NT 5.2; fr-FR; rv:1.7.8) Gecko/20050511 Firefox/1.0.4" 

=INFO REPORT==== 3-Dec-2015::18:25:50 ===
           ts_config:(5:<0.39.0>) Session name for id 1 is "http-example"

=INFO REPORT==== 3-Dec-2015::18:25:50 ===
    ts_config_server:(4:<0.39.0>) SYSINFO:Tsung version: 1.5.0

=INFO REPORT==== 3-Dec-2015::18:25:50 ===
    ts_config_server:(4:<0.39.0>) SYSINFO:Erlang version: Erlang R16B03-1 (erts-5.10.4) [source] [64-bit] [smp:4:4] [async-threads:16] [hipe] [kernel-poll:true]


=INFO REPORT==== 3-Dec-2015::18:25:50 ===
    ts_config_server:(4:<0.39.0>) SYSINFO:System architecture x86_64-unknown-linux-gnu

=INFO REPORT==== 3-Dec-2015::18:25:50 ===
    ts_config_server:(4:<0.39.0>) SYSINFO:Current path: /home/ec2-user/opt/tsung-1.5.0/lib/erlang/lib/tsung-1.5.0/ebin/tsung.beam

=INFO REPORT==== 3-Dec-2015::18:25:50 ===
           ts_os_mon:(5:<0.36.0>) os_mon disabled
=INFO REPORT==== 3-Dec-2015::18:25:50 ===
              ts_mon:(5:<0.40.0>) Activate clients with text backend

=INFO REPORT==== 3-Dec-2015::18:25:50 ===
              ts_mon:(5:<0.40.0>) Starting tsung clients on hosts: [localhost]

=INFO REPORT==== 3-Dec-2015::18:25:50 ===
    ts_config_server:(5:<0.39.0>) Start a launcher on the controller beam localhost

=INFO REPORT==== 3-Dec-2015::18:25:50 ===
  ts_launcher_static:(5:<0.73.0>) Launch msg receive ("localhost")

=INFO REPORT==== 3-Dec-2015::18:25:50 ===
         ts_launcher:(5:<0.74.0>) Launch msg receive ("localhost")

=INFO REPORT==== 3-Dec-2015::18:25:50 ===
    ts_config_server:(5:<0.39.0>) All remote beams started, syncing 

=INFO REPORT==== 3-Dec-2015::18:25:50 ===
    ts_config_server:(5:<0.39.0>) New arrival phase 1 for client "localhost" (last ? true): will start 15 users

=INFO REPORT==== 3-Dec-2015::18:25:50 ===
    ts_config_server:(5:<0.39.0>) New arrival phase 2 for client "localhost" (last ? true): will start 30 users

=INFO REPORT==== 3-Dec-2015::18:25:50 ===
    ts_config_server:(5:<0.39.0>) New arrival phase 3 for client "localhost" (last ? true): will start 60 users

=INFO REPORT==== 3-Dec-2015::18:25:50 ===
    ts_config_server:(5:<0.39.0>) New arrival phase 4 for client "localhost" (last ? true): will start 90 users

=INFO REPORT==== 3-Dec-2015::18:25:50 ===
    ts_config_server:(5:<0.39.0>) New arrival phase 5 for client "localhost" (last ? true): will start 150 users

=INFO REPORT==== 3-Dec-2015::18:25:50 ===
    ts_config_server:(5:<0.39.0>) New arrival phase 6 for client "localhost" (last ? true): will start 240 users

=INFO REPORT==== 3-Dec-2015::18:25:50 ===
    ts_config_server:(5:<0.39.0>) New arrival phase 7 for client "localhost" (last ? true): will start 330 users

=INFO REPORT==== 3-Dec-2015::18:25:50 ===
    ts_config_server:(5:<0.39.0>) New arrival phase 8 for client "localhost" (last ? true): will start 450 users

=INFO REPORT==== 3-Dec-2015::18:25:50 ===
         ts_launcher:(5:<0.74.0>) Expected duration of first phase: 15.0 sec (15 users) 

=INFO REPORT==== 3-Dec-2015::18:25:51 ===
         ts_launcher:(5:<0.74.0>) Activate launcher (15 users) in 9766 msec 

=INFO REPORT==== 3-Dec-2015::18:26:15 ===
         ts_launcher:(5:<0.74.0>) Phase duration exceeded, but not all users were launched (1 users, 6.7% of phase)

=INFO REPORT==== 3-Dec-2015::18:26:15 ===
         ts_launcher:(5:<0.74.0>) Start a new arrival phase (30 users, 0.002); expected duration=15.0 sec

=INFO REPORT==== 3-Dec-2015::18:26:28 ===
         ts_launcher:(4:<0.74.0>) Need to wait 1.733 sec before changing phase, going to sleep

=INFO REPORT==== 3-Dec-2015::18:26:30 ===
         ts_launcher:(5:<0.74.0>) Waking up

=INFO REPORT==== 3-Dec-2015::18:26:30 ===
         ts_launcher:(5:<0.74.0>) Start a new arrival phase (60 users, 0.004); expected duration=15.0 sec

=INFO REPORT==== 3-Dec-2015::18:26:45 ===
         ts_launcher:(4:<0.74.0>) Need to wait 0.086 sec before changing phase, going to sleep

=INFO REPORT==== 3-Dec-2015::18:26:45 ===
         ts_launcher:(5:<0.74.0>) Waking up

=INFO REPORT==== 3-Dec-2015::18:26:45 ===
         ts_launcher:(5:<0.74.0>) Start a new arrival phase (90 users, 0.006); expected duration=15.0 sec

=INFO REPORT==== 3-Dec-2015::18:26:59 ===
         ts_launcher:(4:<0.74.0>) Need to wait 0.473 sec before changing phase, going to sleep

=INFO REPORT==== 3-Dec-2015::18:27:00 ===
         ts_launcher:(5:<0.74.0>) Waking up

=INFO REPORT==== 3-Dec-2015::18:27:00 ===
         ts_launcher:(5:<0.74.0>) Start a new arrival phase (150 users, 0.01); expected duration=15.0 sec

=INFO REPORT==== 3-Dec-2015::18:27:15 ===
         ts_launcher:(5:<0.74.0>) Phase duration exceeded, but not all users were launched (20 users, 13.3% of phase)

=INFO REPORT==== 3-Dec-2015::18:27:15 ===
         ts_launcher:(5:<0.74.0>) Start a new arrival phase (240 users, 0.016); expected duration=15.0 sec

=INFO REPORT==== 3-Dec-2015::18:27:30 ===
         ts_launcher:(5:<0.74.0>) Phase duration exceeded, but not all users were launched (3 users, 1.3% of phase)

=INFO REPORT==== 3-Dec-2015::18:27:30 ===
         ts_launcher:(5:<0.74.0>) Start a new arrival phase (330 users, 0.022); expected duration=15.0 sec

=INFO REPORT==== 3-Dec-2015::18:27:44 ===
         ts_launcher:(4:<0.74.0>) Need to wait 0.466 sec before changing phase, going to sleep

=INFO REPORT==== 3-Dec-2015::18:27:45 ===
         ts_launcher:(5:<0.74.0>) Waking up

=INFO REPORT==== 3-Dec-2015::18:27:45 ===
         ts_launcher:(5:<0.74.0>) Start a new arrival phase (450 users, 0.03); expected duration=15.0 sec

=INFO REPORT==== 3-Dec-2015::18:28:00 ===
         ts_launcher:(5:<0.74.0>) Phase duration exceeded, but not all users were launched (26 users, 5.8% of phase)

=INFO REPORT==== 3-Dec-2015::18:28:00 ===
         ts_launcher:(5:<0.74.0>) This was the last phase, wait for connected users to finish their session

=INFO REPORT==== 3-Dec-2015::18:28:00 ===
     ts_launcher_mgr:(5:<0.69.0>) Still 1171 active client(s)

=INFO REPORT==== 3-Dec-2015::18:29:00 ===
     ts_launcher_mgr:(5:<0.69.0>) Still 1007 active client(s)

=INFO REPORT==== 3-Dec-2015::18:30:00 ===
     ts_launcher_mgr:(5:<0.69.0>) Still 679 active client(s)

=INFO REPORT==== 3-Dec-2015::18:31:00 ===
     ts_launcher_mgr:(5:<0.69.0>) Still 457 active client(s)

=INFO REPORT==== 3-Dec-2015::18:32:00 ===
     ts_launcher_mgr:(5:<0.69.0>) Still 51 active client(s)

=INFO REPORT==== 3-Dec-2015::18:33:00 ===
     ts_launcher_mgr:(5:<0.69.0>) No more active users 'tsung_controller@ip-172-31-25-170' "1719"

=INFO REPORT==== 3-Dec-2015::18:33:00 ===
              ts_mon:(5:<0.40.0>) stopping monitor (normal)
