# stats: dump at 1449138360
stats: users 0 0
stats: users_count 0 0
stats: finish_users_count 0 0
# stats: dump at 1449138370
stats: users 11 11
stats: users_count 11 11
stats: finish_users_count 0 0
stats: request 30 370.6888427734375 503.46920062145426 2550.14599609375 6.505859375 0 0
stats: page 17 653.7372616038602 598.8244019097654 2550.14599609375 78.61083984375 0 0
stats: connect 10 334.6713134765625 669.5034508769069 2101.739990234375 1.297119140625 0 0
stats: 302 6 6
stats: 200 24 24
stats: size_rcv 135493 135493
stats: size_sent 12530 12530
stats: connected 10 10
# stats: dump at 1449138380
stats: users 13 13
stats: users_count 2 13
stats: finish_users_count 0 0
stats: request 45 81.00231119791667 92.69673034776194 2550.14599609375 6.370849609375 370.6888427734375 30
stats: page 34 107.49407599954044 135.23657696999578 2550.14599609375 8.600830078125 653.7372616038602 17
stats: connect 3 1.5152994791666667 0.12889366216882578 2101.739990234375 1.297119140625 334.6713134765625 10
stats: 302 6 12
stats: 200 39 63
stats: size_rcv 242304 377797
stats: size_sent 28173 40703
stats: connected 3 13
# stats: dump at 1449138390
stats: users 12 13
stats: session 1 18287.8408203125 0 18287.8408203125 18287.8408203125 0 0
stats: users_count 0 13
stats: finish_users_count 1 1
stats: request 13 20.22368915264423 13.504762570277345 2550.14599609375 6.370849609375 196.876923828125 75
stats: page 13 20.22368915264423 13.504762570277345 2550.14599609375 8.600830078125 289.5751378676471 51
stats: connect 0 0 0 2101.739990234375 1.297119140625 257.78915640024036 13
stats: 302 0 12
stats: 200 13 76
stats: size_rcv 76102 453899
stats: size_sent 11561 52264
stats: connected 0 13
# stats: dump at 1449138400
stats: users 12 13
stats: session 0 0 0 18287.8408203125 18287.8408203125 18287.8408203125 1
stats: users_count 0 13
stats: finish_users_count 0 1
stats: request 14 35.74511718749999 53.8205230556415 2550.14599609375 6.370849609375 170.78042325106534 88
stats: page 12 41.717386881510414 80.13289322978467 2550.14599609375 8.600830078125 234.8631248474121 64
stats: connect 0 0 0 2101.739990234375 1.297119140625 257.78915640024036 13
stats: 302 1 13
stats: 200 13 89
stats: size_rcv 70795 524694
stats: size_sent 11135 63399
stats: connected -1 12
# stats: dump at 1449138410
stats: users 8 13
stats: session 4 41395.395751953125 833.4663403082601 42726.125 18287.8408203125 18287.8408203125 1
stats: users_count 0 13
stats: finish_users_count 4 5
stats: request 5 16.818798828125 12.064499389302824 2550.14599609375 6.370849609375 152.2461655560662 102
stats: page 5 16.818798828125 12.064499389302824 2550.14599609375 8.600830078125 204.36642937911185 76
stats: connect 0 0 0 2101.739990234375 1.297119140625 257.78915640024036 13
stats: 302 0 13
stats: 200 5 94
stats: size_rcv 28573 553267
stats: size_sent 4310 67709
stats: connected -4 8
# stats: dump at 1449138420
stats: users 6 13
stats: session 2 46926.87902832031 6552.0169677734375 53478.89599609375 18287.8408203125 36773.884765625 5
stats: users_count 0 13
stats: finish_users_count 2 7
stats: request 7 13.995675223214286 10.093128691978132 2550.14599609375 6.370849609375 145.9177839332652 107
stats: page 7 13.995675223214286 10.093128691978132 2550.14599609375 8.600830078125 192.78941514756946 81
stats: connect 0 0 0 2101.739990234375 1.297119140625 257.78915640024036 13
stats: 302 0 13
stats: 200 7 101
stats: size_rcv 36906 590173
stats: size_sent 6163 73872
stats: connected -2 6
# stats: dump at 1449138430
stats: users 3 13
stats: session 3 57298.944091796875 1528.739252145324 59317.96923828125 18287.8408203125 39674.74026925223 7
stats: users_count 0 13
stats: finish_users_count 3 10
stats: request 1 10.6630859375 0.0 2550.14599609375 6.370849609375 137.81730357387613 114
stats: page 1 10.6630859375 0.0 2550.14599609375 8.600830078125 178.56718583540484 88
stats: connect 0 0 0 2101.739990234375 1.297119140625 257.78915640024036 13
stats: 302 0 13
stats: 200 1 102
stats: size_rcv 5173 595346
stats: size_sent 865 74737
stats: connected -3 3
# stats: dump at 1449138440
stats: users 2 13
stats: session 1 76098.498046875 0.0 76098.498046875 18287.8408203125 44962.00141601563 10
stats: users_count 0 13
stats: finish_users_count 1 11
stats: request 1 10.81494140625 0.0 2550.14599609375 6.370849609375 136.71161472486415 115
stats: page 1 10.81494140625 0.0 2550.14599609375 8.600830078125 176.68062291520368 89
stats: connect 0 0 0 2101.739990234375 1.297119140625 257.78915640024036 13
stats: 302 0 13
stats: 200 1 103
stats: size_rcv 5343 600689
stats: size_sent 865 75602
stats: connected -1 2
# stats: dump at 1449138450
stats: users 2 13
stats: session 0 0 0 76098.498046875 18287.8408203125 47792.59201882102 11
stats: users_count 0 13
stats: finish_users_count 0 11
stats: request 0 0 0 2550.14599609375 6.370849609375 135.62629857556576 116
stats: page 0 0 0 2550.14599609375 8.600830078125 174.83767089843755 90
stats: connect 0 0 0 2101.739990234375 1.297119140625 257.78915640024036 13
stats: 302 0 13
stats: 200 0 103
stats: size_rcv 0 600689
stats: size_sent 0 75602
stats: connected 0 2
# stats: dump at 1449138460
stats: users 0 13
stats: session 2 89328.90502929688 2538.923828125 91867.82885742188 18287.8408203125 47792.59201882102 11
stats: users_count 0 13
stats: finish_users_count 2 13
stats: request 1 10.31494140625 0.0 2550.14599609375 6.370849609375 135.62629857556576 116
stats: page 1 10.31494140625 0.0 2550.14599609375 8.600830078125 174.83767089843755 90
stats: connect 0 0 0 2101.739990234375 1.297119140625 257.78915640024036 13
stats: 302 0 13
stats: 200 1 104
stats: size_rcv 4824 605513
stats: size_sent 865 76467
stats: connected -2 0
# stats: dump at 1449138470
stats: users 0 13
stats: session 0 0 0 91867.82885742188 18287.8408203125 54182.794020432695 13
stats: users_count 0 13
stats: finish_users_count 0 13
stats: request 0 0 0 2550.14599609375 6.370849609375 134.55526133480237 117
stats: page 0 0 0 2550.14599609375 8.600830078125 173.02972881610583 91
stats: connect 0 0 0 2101.739990234375 1.297119140625 257.78915640024036 13
stats: 302 0 13
stats: 200 0 104
stats: size_rcv 0 605513
stats: size_sent 0 76467
stats: connected 0 0
# stats: dump at 1449138480
stats: users 0 13
stats: session 0 0 0 91867.82885742188 18287.8408203125 54182.794020432695 13
stats: users_count 0 13
stats: finish_users_count 0 13
stats: request 0 0 0 2550.14599609375 6.370849609375 134.55526133480237 117
stats: page 0 0 0 2550.14599609375 8.600830078125 173.02972881610583 91
stats: connect 0 0 0 2101.739990234375 1.297119140625 257.78915640024036 13
stats: 302 0 13
stats: 200 0 104
stats: size_rcv 0 605513
stats: size_sent 0 76467
stats: connected 0 0
# stats: dump at 1449138490
stats: users 0 13
stats: session 0 0 0 91867.82885742188 18287.8408203125 54182.794020432695 13
stats: users_count 0 13
stats: finish_users_count 0 13
stats: request 0 0 0 2550.14599609375 6.370849609375 134.55526133480237 117
stats: page 0 0 0 2550.14599609375 8.600830078125 173.02972881610583 91
stats: connect 0 0 0 2101.739990234375 1.297119140625 257.78915640024036 13
stats: 302 0 13
stats: 200 0 104
stats: size_rcv 0 605513
stats: size_sent 0 76467
stats: connected 0 0
# stats: dump at 1449138497
stats: users 0 13
stats: session 0 0 0 91867.82885742188 18287.8408203125 54182.794020432695 13
stats: users_count 0 13
stats: finish_users_count 0 13
stats: request 0 0 0 2550.14599609375 6.370849609375 134.55526133480237 117
stats: page 0 0 0 2550.14599609375 8.600830078125 173.02972881610583 91
stats: connect 0 0 0 2101.739990234375 1.297119140625 257.78915640024036 13
stats: 302 0 13
stats: 200 0 104
stats: size_rcv 0 605513
stats: size_sent 0 76467
stats: connected 0 0
EndMonitor:{1449,138497,767992}
