# stats: dump at 1449128863
stats: users 0 0
stats: users_count 0 0
stats: finish_users_count 0 0
# stats: dump at 1449128873
stats: users 8 8
stats: users_count 8 8
stats: finish_users_count 0 0
stats: request 26 397.55237755408655 539.4544773321487 2249.60986328125 8.403076171875 0 0
stats: page 16 646.0905456542969 705.9550682514335 2249.60986328125 43.916015625 0 0
stats: connect 7 546.9532645089286 865.9260969511312 2077.10205078125 1.5859375 0 0
stats: 302 5 5
stats: 200 21 21
stats: size_rcv 136160 136160
stats: size_sent 14584 14584
stats: connected 7 7
# stats: dump at 1449128883
stats: users 15 15
stats: users_count 7 15
stats: finish_users_count 0 0
stats: request 55 174.96585138494325 236.86713197290123 2249.60986328125 8.154052734375 397.55237755408655 26
stats: page 35 275.0017299107144 324.9339452950153 2249.60986328125 19.630126953125 646.0905456542969 16
stats: connect 8 1.999359130859375 0.35768538673204203 2077.10205078125 1.583984375 546.9532645089286 7
stats: 302 10 15
stats: 200 44 65
stats: size_rcv 316966 453126
stats: size_sent 37208 51792
stats: connected 8 15
stats: 500 1 1
# stats: dump at 1449128893
stats: users 15 15
stats: users_count 0 15
stats: finish_users_count 0 0
stats: request 19 31.436703330592106 15.87998507934814 2249.60986328125 7.218994140625 246.4133783034337 81
stats: page 19 31.436703330592106 15.87998507934814 2249.60986328125 7.218994140625 391.42175053615205 51
stats: connect 0 0 0 2077.10205078125 1.583984375 256.311181640625 15
stats: 302 0 15
stats: 200 18 83
stats: size_rcv 118158 571284
stats: size_sent 20352 72144
stats: connected 0 15
stats: 500 1 2
# stats: dump at 1449128903
stats: users 14 15
stats: session 1 22119.8779296875 0 22119.8779296875 22119.8779296875 0 0
stats: users_count 0 15
stats: finish_users_count 1 1
stats: request 16 23.607574462890625 12.398560323532 2249.60986328125 5.68505859375 205.56781005859378 100
stats: page 16 23.607574462890625 12.398560323532 2249.60986328125 5.68505859375 293.71152343750003 70
stats: connect 0 0 0 2077.10205078125 1.583984375 256.311181640625 15
stats: 302 0 15
stats: 200 15 98
stats: size_rcv 89560 660844
stats: size_sent 16958 89102
stats: connected -1 14
stats: 500 1 3
# stats: dump at 1449128913
stats: users 11 15
stats: session 3 36485.257649739586 3366.2783881596797 40424.929931640625 22119.8779296875 22119.8779296875 1
stats: users_count 0 15
stats: finish_users_count 3 4
stats: request 10 20.892431640625 8.142538370212453 2249.60986328125 5.68505859375 180.46984652815198 116
stats: page 10 20.892431640625 8.142538370212453 2249.60986328125 5.68505859375 243.4596259538518 86
stats: connect 0 0 0 2077.10205078125 1.583984375 256.311181640625 15
stats: 302 0 15
stats: 200 10 108
stats: size_rcv 59623 720467
stats: size_sent 10429 99531
stats: connected -3 11
stats: 500 0 3
# stats: dump at 1449128923
stats: users 7 15
stats: session 4 48688.664306640625 2484.7594343303563 52066.959228515625 22119.8779296875 32893.91271972656 4
stats: users_count 0 15
stats: finish_users_count 4 8
stats: request 2 15.75 0.27099609375 2249.60986328125 5.68505859375 167.80497233072919 126
stats: page 2 15.75 0.27099609375 2249.60986328125 5.68505859375 220.27554321289065 96
stats: connect 0 0 0 2077.10205078125 1.583984375 256.311181640625 15
stats: 302 0 15
stats: 200 2 110
stats: size_rcv 11264 731731
stats: size_sent 2067 101598
stats: connected -4 7
stats: 500 0 3
# stats: dump at 1449128933
stats: users 3 15
stats: session 4 52519.17449951172 4950.010851647442 58971.905029296875 22119.8779296875 40791.288513183594 8
stats: users_count 0 15
stats: finish_users_count 4 12
stats: request 4 19.8184814453125 1.6131369824132575 2249.60986328125 5.68505859375 165.42911338806155 128
stats: page 4 19.8184814453125 1.6131369824132575 2249.60986328125 5.68505859375 216.10155253507656 98
stats: connect 0 0 0 2077.10205078125 1.583984375 256.311181640625 15
stats: 302 0 15
stats: 200 4 114
stats: size_rcv 25347 757078
stats: size_sent 4127 105725
stats: connected -4 3
stats: 500 0 3
# stats: dump at 1449128943
stats: users 2 15
stats: session 1 63207.947021484375 0.0 63207.947021484375 22119.8779296875 44700.58384195963 12
stats: users_count 0 15
stats: finish_users_count 1 13
stats: request 1 29.510009765625 0.0 2249.60986328125 5.68505859375 161.01666999585703 132
stats: page 1 29.510009765625 0.0 2249.60986328125 5.68505859375 208.40417719822307 102
stats: connect 0 0 0 2077.10205078125 1.583984375 256.311181640625 15
stats: 302 0 15
stats: 200 1 115
stats: size_rcv 6925 764003
stats: size_sent 1032 106757
stats: connected -1 2
stats: 500 0 3
# stats: dump at 1449128953
stats: users 1 15
stats: session 1 71178.97998046875 0.0 71178.97998046875 22119.8779296875 46124.22716346154 13
stats: users_count 0 15
stats: finish_users_count 1 14
stats: request 1 28.399169921875 0.0 2249.60986328125 5.68505859375 160.0278981144267 133
stats: page 1 28.399169921875 0.0 2249.60986328125 5.68505859375 206.66734062120756 103
stats: connect 0 0 0 2077.10205078125 1.583984375 256.311181640625 15
stats: 302 0 15
stats: 200 1 116
stats: size_rcv 6925 770928
stats: size_sent 1032 107789
stats: connected -1 1
stats: 500 0 3
# stats: dump at 1449128963
stats: users 1 15
stats: session 0 0 0 71178.97998046875 22119.8779296875 47913.85236467634 14
stats: users_count 0 15
stats: finish_users_count 0 14
stats: request 0 0 0 2249.60986328125 5.68505859375 159.04559417269124 134
stats: page 0 0 0 2249.60986328125 5.68505859375 204.95322359525244 104
stats: connect 0 0 0 2077.10205078125 1.583984375 256.311181640625 15
stats: 302 0 15
stats: 200 0 116
stats: size_rcv 0 770928
stats: size_sent 0 107789
stats: connected 0 1
stats: 500 0 3
# stats: dump at 1449128973
stats: users 1 15
stats: session 0 0 0 71178.97998046875 22119.8779296875 47913.85236467634 14
stats: users_count 0 15
stats: finish_users_count 0 14
stats: request 0 0 0 2249.60986328125 5.68505859375 159.04559417269124 134
stats: page 0 0 0 2249.60986328125 5.68505859375 204.95322359525244 104
stats: connect 0 0 0 2077.10205078125 1.583984375 256.311181640625 15
stats: 302 0 15
stats: 200 0 116
stats: size_rcv 0 770928
stats: size_sent 0 107789
stats: connected 0 1
stats: 500 0 3
# stats: dump at 1449128983
stats: users 0 15
stats: session 1 118331.89599609375 0.0 118331.89599609375 22119.8779296875 47913.85236467634 14
stats: users_count 0 15
stats: finish_users_count 1 15
stats: request 1 8.843994140625 0.0 2249.60986328125 5.68505859375 159.04559417269124 134
stats: page 1 8.843994140625 0.0 2249.60986328125 5.68505859375 204.95322359525244 104
stats: connect 0 0 0 2077.10205078125 1.583984375 256.311181640625 15
stats: 302 0 15
stats: 200 0 116
stats: size_rcv 1674 772602
stats: size_sent 1032 108821
stats: connected -1 0
stats: 500 1 4
# stats: dump at 1449128993
stats: users 0 15
stats: session 0 0 0 118331.89599609375 22119.8779296875 52608.38860677083 15
stats: users_count 0 15
stats: finish_users_count 0 15
stats: request 0 0 0 2249.60986328125 5.68505859375 157.93298972800926 135
stats: page 0 0 0 2249.60986328125 5.68505859375 203.08551664806552 105
stats: connect 0 0 0 2077.10205078125 1.583984375 256.311181640625 15
stats: 302 0 15
stats: 200 0 116
stats: size_rcv 0 772602
stats: size_sent 0 108821
stats: connected 0 0
stats: 500 0 4
# stats: dump at 1449128998
stats: users 0 15
stats: session 0 0 0 118331.89599609375 22119.8779296875 52608.38860677083 15
stats: users_count 0 15
stats: finish_users_count 0 15
stats: request 0 0 0 2249.60986328125 5.68505859375 157.93298972800926 135
stats: page 0 0 0 2249.60986328125 5.68505859375 203.08551664806552 105
stats: connect 0 0 0 2077.10205078125 1.583984375 256.311181640625 15
stats: 302 0 15
stats: 200 0 116
stats: size_rcv 0 772602
stats: size_sent 0 108821
stats: connected 0 0
stats: 500 0 4
EndMonitor:{1449,128998,850055}
