
=INFO REPORT==== 3-Dec-2015::17:35:02 ===
    ts_config_server:(5:<0.39.0>) Config server started, logdir is "/home/ec2-user/.tsung/log/20151203-1735"
 
=INFO REPORT==== 3-Dec-2015::17:35:02 ===
              ts_mon:(5:<0.38.0>) starting monitor, global 

=INFO REPORT==== 3-Dec-2015::17:35:02 ===
           ts_config:(5:<0.39.0>) Reading config file: view_pages.xml

=INFO REPORT==== 3-Dec-2015::17:35:02 ===
      ts_config_http:(4:<0.39.0>) Get user agent: 100 "Mozilla/5.0 (Windows; U; Windows NT 5.2; fr-FR; rv:1.7.8) Gecko/20050511 Firefox/1.0.4" 

=INFO REPORT==== 3-Dec-2015::17:35:02 ===
           ts_config:(5:<0.39.0>) Session name for id 1 is "http-example"

=INFO REPORT==== 3-Dec-2015::17:35:02 ===
    ts_config_server:(4:<0.39.0>) SYSINFO:Tsung version: 1.5.0

=INFO REPORT==== 3-Dec-2015::17:35:02 ===
    ts_config_server:(4:<0.39.0>) SYSINFO:Erlang version: Erlang R16B03-1 (erts-5.10.4) [source] [64-bit] [smp:4:4] [async-threads:16] [hipe] [kernel-poll:true]


=INFO REPORT==== 3-Dec-2015::17:35:02 ===
    ts_config_server:(4:<0.39.0>) SYSINFO:System architecture x86_64-unknown-linux-gnu

=INFO REPORT==== 3-Dec-2015::17:35:02 ===
    ts_config_server:(4:<0.39.0>) SYSINFO:Current path: /home/ec2-user/opt/tsung-1.5.0/lib/erlang/lib/tsung-1.5.0/ebin/tsung.beam

=INFO REPORT==== 3-Dec-2015::17:35:02 ===
           ts_os_mon:(5:<0.36.0>) os_mon disabled
=INFO REPORT==== 3-Dec-2015::17:35:02 ===
              ts_mon:(5:<0.40.0>) Activate clients with text backend

=INFO REPORT==== 3-Dec-2015::17:35:02 ===
              ts_mon:(5:<0.40.0>) Starting tsung clients on hosts: [localhost]

=INFO REPORT==== 3-Dec-2015::17:35:02 ===
    ts_config_server:(5:<0.39.0>) Start a launcher on the controller beam localhost

=INFO REPORT==== 3-Dec-2015::17:35:02 ===
  ts_launcher_static:(5:<0.73.0>) Launch msg receive ("localhost")

=INFO REPORT==== 3-Dec-2015::17:35:02 ===
         ts_launcher:(5:<0.74.0>) Launch msg receive ("localhost")

=INFO REPORT==== 3-Dec-2015::17:35:02 ===
    ts_config_server:(5:<0.39.0>) All remote beams started, syncing 

=INFO REPORT==== 3-Dec-2015::17:35:02 ===
    ts_config_server:(5:<0.39.0>) New arrival phase 1 for client "localhost" (last ? true): will start 10 users

=INFO REPORT==== 3-Dec-2015::17:35:02 ===
    ts_config_server:(5:<0.39.0>) New arrival phase 2 for client "localhost" (last ? true): will start 20 users

=INFO REPORT==== 3-Dec-2015::17:35:02 ===
    ts_config_server:(5:<0.39.0>) New arrival phase 3 for client "localhost" (last ? true): will start 40 users

=INFO REPORT==== 3-Dec-2015::17:35:02 ===
    ts_config_server:(5:<0.39.0>) New arrival phase 4 for client "localhost" (last ? true): will start 80 users

=INFO REPORT==== 3-Dec-2015::17:35:02 ===
    ts_config_server:(5:<0.39.0>) New arrival phase 5 for client "localhost" (last ? true): will start 160 users

=INFO REPORT==== 3-Dec-2015::17:35:02 ===
    ts_config_server:(5:<0.39.0>) New arrival phase 6 for client "localhost" (last ? true): will start 320 users

=INFO REPORT==== 3-Dec-2015::17:35:02 ===
    ts_config_server:(5:<0.39.0>) New arrival phase 7 for client "localhost" (last ? true): will start 640 users

=INFO REPORT==== 3-Dec-2015::17:35:02 ===
    ts_config_server:(5:<0.39.0>) New arrival phase 8 for client "localhost" (last ? true): will start 1280 users

=INFO REPORT==== 3-Dec-2015::17:35:02 ===
    ts_config_server:(5:<0.39.0>) New arrival phase 9 for client "localhost" (last ? true): will start 2560 users

=INFO REPORT==== 3-Dec-2015::17:35:02 ===
         ts_launcher:(5:<0.74.0>) Expected duration of first phase: 10.0 sec (10 users) 

=INFO REPORT==== 3-Dec-2015::17:35:03 ===
         ts_launcher:(5:<0.74.0>) Activate launcher (10 users) in 9645 msec 

=INFO REPORT==== 3-Dec-2015::17:35:22 ===
         ts_launcher:(4:<0.74.0>) Need to wait 0.361 sec before changing phase, going to sleep

=INFO REPORT==== 3-Dec-2015::17:35:22 ===
         ts_launcher:(5:<0.74.0>) Waking up

=INFO REPORT==== 3-Dec-2015::17:35:22 ===
         ts_launcher:(5:<0.74.0>) Start a new arrival phase (20 users, 0.002); expected duration=10.0 sec

=INFO REPORT==== 3-Dec-2015::17:35:31 ===
         ts_launcher:(4:<0.74.0>) Need to wait 1.67 sec before changing phase, going to sleep

=INFO REPORT==== 3-Dec-2015::17:35:32 ===
         ts_launcher:(5:<0.74.0>) Waking up

=INFO REPORT==== 3-Dec-2015::17:35:32 ===
         ts_launcher:(5:<0.74.0>) Start a new arrival phase (40 users, 0.004); expected duration=10.0 sec

=INFO REPORT==== 3-Dec-2015::17:35:42 ===
         ts_launcher:(4:<0.74.0>) Need to wait 0.076 sec before changing phase, going to sleep

=INFO REPORT==== 3-Dec-2015::17:35:42 ===
         ts_launcher:(5:<0.74.0>) Waking up

=INFO REPORT==== 3-Dec-2015::17:35:42 ===
         ts_launcher:(5:<0.74.0>) Start a new arrival phase (80 users, 0.008); expected duration=10.0 sec

=INFO REPORT==== 3-Dec-2015::17:35:52 ===
         ts_launcher:(4:<0.74.0>) Phase duration exceeded, more than 20% (21.3%) of users were not launched in time (17 users), tsung may be overloaded !

=INFO REPORT==== 3-Dec-2015::17:35:52 ===
         ts_launcher:(5:<0.74.0>) Start a new arrival phase (160 users, 0.016); expected duration=10.0 sec

=INFO REPORT==== 3-Dec-2015::17:36:02 ===
         ts_launcher:(5:<0.74.0>) Phase duration exceeded, but not all users were launched (5 users, 3.1% of phase)

=INFO REPORT==== 3-Dec-2015::17:36:02 ===
         ts_launcher:(5:<0.74.0>) Start a new arrival phase (320 users, 0.032); expected duration=10.0 sec

=INFO REPORT==== 3-Dec-2015::17:36:12 ===
         ts_launcher:(5:<0.74.0>) Phase duration exceeded, but not all users were launched (17 users, 5.3% of phase)

=INFO REPORT==== 3-Dec-2015::17:36:12 ===
         ts_launcher:(5:<0.74.0>) Start a new arrival phase (640 users, 0.064); expected duration=10.0 sec

=INFO REPORT==== 3-Dec-2015::17:36:22 ===
         ts_launcher:(5:<0.74.0>) Phase duration exceeded, but not all users were launched (18 users, 2.8% of phase)

=INFO REPORT==== 3-Dec-2015::17:36:22 ===
         ts_launcher:(5:<0.74.0>) Start a new arrival phase (1280 users, 0.128); expected duration=10.0 sec

=INFO REPORT==== 3-Dec-2015::17:36:32 ===
         ts_launcher:(4:<0.74.0>) Need to wait 0.093 sec before changing phase, going to sleep

=INFO REPORT==== 3-Dec-2015::17:36:32 ===
         ts_launcher:(5:<0.74.0>) Waking up

=INFO REPORT==== 3-Dec-2015::17:36:32 ===
         ts_launcher:(5:<0.74.0>) Start a new arrival phase (2560 users, 0.256); expected duration=10.0 sec

=INFO REPORT==== 3-Dec-2015::17:36:42 ===
         ts_launcher:(5:<0.74.0>) Phase duration exceeded, but not all users were launched (103 users, 4.0% of phase)

=INFO REPORT==== 3-Dec-2015::17:36:42 ===
         ts_launcher:(5:<0.74.0>) This was the last phase, wait for connected users to finish their session

=INFO REPORT==== 3-Dec-2015::17:36:42 ===
     ts_launcher_mgr:(5:<0.69.0>) Still 3937 active client(s)

=INFO REPORT==== 3-Dec-2015::17:37:42 ===
     ts_launcher_mgr:(5:<0.69.0>) Still 1654 active client(s)

=INFO REPORT==== 3-Dec-2015::17:38:42 ===
     ts_launcher_mgr:(5:<0.69.0>) Still 609 active client(s)

=INFO REPORT==== 3-Dec-2015::17:39:42 ===
     ts_launcher_mgr:(5:<0.69.0>) Still 2 active client(s)

=INFO REPORT==== 3-Dec-2015::17:40:42 ===
     ts_launcher_mgr:(5:<0.69.0>) No more active users 'tsung_controller@ip-172-31-27-144' "1788"

=INFO REPORT==== 3-Dec-2015::17:40:42 ===
              ts_mon:(5:<0.40.0>) stopping monitor (normal)
