# stats: dump at 1449164112
stats: users 0 0
stats: users_count 0 0
stats: finish_users_count 0 0
# stats: dump at 1449164122
stats: users 10 10
stats: users_count 10 10
stats: finish_users_count 0 0
stats: request 9 2584.0367567274307 1076.161999914243 4630.31103515625 763.281982421875 0 0
stats: page 7 2939.4955705915177 1648.803253706087 5721.72802734375 763.281982421875 0 0
stats: 302 1 1
stats: connect 10 90.7008544921875 257.79678714077306 863.927001953125 0.953857421875 0 0
stats: 200 8 8
stats: size_rcv 44587 44587
stats: size_sent 3925 3925
stats: connected 10 10
# stats: dump at 1449164132
stats: users 30 30
stats: users_count 20 30
stats: finish_users_count 0 0
stats: request 21 3997.8023856026784 1116.3202978976974 6716.323974609375 763.281982421875 2584.0367567274307 9
stats: page 13 4403.079026442308 1433.533757215098 8406.0908203125 763.281982421875 2939.4955705915177 7
stats: connect 20 5.152844238281251 6.748780669564201 863.927001953125 0.89306640625 90.7008544921875 10
stats: 302 2 3
stats: 200 19 27
stats: size_rcv 96183 140770
stats: newphase 1 1
stats: size_sent 10711 14636
stats: connected 20 30
# stats: dump at 1449164142
stats: users 70 70
stats: users_count 40 70
stats: finish_users_count 0 0
stats: page 46 7095.222205120583 3730.542243130114 16457.89697265625 763.281982421875 3890.824816894531 20
stats: request 65 5610.081531700721 2230.1989071784137 12008.847900390625 763.281982421875 3573.6726969401043 30
stats: connect 38 7.129831414473684 7.789790947688346 863.927001953125 0.759033203125 33.66884765625 30
stats: 302 9 12
stats: 200 56 83
stats: size_rcv 291948 432718
stats: newphase 1 2
stats: size_sent 24709 39345
stats: connected 38 68
# stats: dump at 1449164152
stats: users 134 134
stats: users_count 64 134
stats: finish_users_count 0 0
stats: request 171 3244.484894691156 1979.5021233211774 12008.847900390625 0.6201171875 4967.00505756579 95
stats: connect 62 6.532647901965726 7.609767351746985 863.927001953125 0.7548828125 18.838220932904413 68
stats: page 94 5146.621358668549 3659.420901488983 16457.89697265625 1.387939453125 6124.192693536931 66
stats: 302 28 40
stats: 200 101 184
stats: size_rcv 488571 921289
stats: newphase 1 3
stats: size_sent 87399 126744
stats: connected 62 130
stats: 503 42 42
# stats: dump at 1449164162
stats: users 277 277
stats: session 13 20879.684701772836 9932.10679999278 42207.031005859375 5364.675048828125 0 0
stats: users_count 156 290
stats: finish_users_count 13 13
stats: request 990 1016.7908807311373 2573.466654525767 12008.847900390625 0.60791015625 3859.6706671463826 266
stats: page 603 1450.02343871463 3543.3776801608715 17055.10693359375 0.670166015625 5549.869534301756 160
stats: connect 154 6.639149058948863 7.858315294347012 863.927001953125 0.718994140625 12.9694091796875 130
stats: 302 19 59
stats: 200 112 296
stats: size_rcv 885664 1806953
stats: newphase 1 4
stats: size_sent 300179 426923
stats: connected 145 275
stats: 503 858 900
stats: 500 1 1
# stats: dump at 1449164172
stats: users 497 499
stats: session 88 20342.477075750183 12031.764382106596 53569.954833984375 5364.675048828125 20879.684701772836 13
stats: users_count 308 598
stats: finish_users_count 88 101
stats: page 1578 780.2522415141792 3011.6874179163806 24299.427978515625 0.630859375 2309.7552543030183 763
stats: request 2343 513.7319568303515 2086.187221376597 12169.829833984375 0.593994140625 1618.865739956022 1256
stats: 302 23 82
stats: connect 298 6.743909592596478 8.081720292544652 863.927001953125 0.718994140625 9.536803339568662 284
stats: 200 74 370
stats: size_rcv 1292406 3099359
stats: newphase 1 5
stats: size_sent 606428 1033351
stats: connected 215 490
stats: 503 2234 3134
stats: 500 12 13
# stats: dump at 1449164182
stats: users 893 894
stats: session 227 20481.863757700652 11462.84959777252 63990.73388671875 4151.81298828125 20411.622611772902 101
stats: users_count 623 1221
stats: finish_users_count 227 328
stats: request 4269 476.90752720603945 1525.5017550627608 12756.52490234375 0.41015625 899.4079867291686 3599
stats: page 2863 749.2422112915606 2375.428142265666 27149.77197265625 0.462158203125 1278.7617668272437 2341
stats: connect 618 7.959418534460961 8.885591958589183 863.927001953125 0.7099609375 8.106764960534793 582
stats: 302 25 107
stats: 200 98 468
stats: size_rcv 2237981 5337340
stats: newphase 1 6
stats: 502 244 244
stats: size_sent 1019113 2052464
stats: connected 395 885
stats: 503 3862 6996
stats: 500 40 53
# stats: dump at 1449164192
stats: users 1861 1861
stats: session 315 19293.48552439855 9558.408617168874 63990.73388671875 4151.81298828125 20460.23462435095 328
stats: users_count 1283 2504
stats: finish_users_count 315 643
stats: request 4235 789.9417556564515 1537.7470314654877 12756.52490234375 0.41015625 670.1687313015835 7868
stats: page 3090 1094.9812759942606 1932.7039443637252 27149.77197265625 0.462158203125 987.444609352482 5204
stats: connect 454 986.7935898566566 1515.2307625396465 7027.136962890625 0.47607421875 8.030881551106772 1200
stats: 302 28 135
stats: 200 66 534
stats: size_rcv 2170022 7507362
stats: newphase 1 7
stats: 502 251 495
stats: size_sent 900032 2952496
stats: connected 18 903
stats: 503 3737 10733
stats: 500 153 206
# stats: dump at 1449164202
stats: users 3931 3937
stats: session 376 21366.702997085882 7128.161219072641 71630.59008789063 4151.81298828125 19888.654583161206 643
stats: users_count 2446 4950
stats: finish_users_count 376 1019
stats: page 3028 1502.5494145301416 2432.053512480056 27149.77197265625 0.444091796875 1027.508305991389 8294
stats: connect 665 2717.8615906220616 3615.107922861338 15059.400146484375 0.47607421875 276.6876346168381 1654
stats: request 4189 1080.6529603085244 2089.4217928406197 19229.48193359375 0.41015625 712.0788988751493 12103
stats: 302 46 181
stats: 200 96 630
stats: size_rcv 2201798 9709160
stats: newphase 1 8
stats: 502 471 966
stats: size_sent 942162 3894658
stats: connected 200 1103
stats: 503 3427 14160
stats: 500 152 358
# stats: dump at 1449164212
stats: users 3595 3937
stats: session 336 24043.05857340495 6127.268017301443 71630.59008789063 4151.81298828125 20434.038492519085 1019
stats: users_count 0 4950
stats: finish_users_count 336 1355
stats: page 3226 2400.379546873181 4323.692626849053 28367.4501953125 0.444091796875 1154.5551596087132 11322
stats: request 4581 1686.79007439654 3769.9114378561803 28367.4501953125 0.41015625 806.8466832689872 16292
stats: connect 633 7511.260378483533 5507.047748866966 15059.400146484375 0.47607421875 976.7224257955675 2319
stats: 302 34 215
stats: 200 112 742
stats: size_rcv 2398667 12107827
stats: newphase 0 8
stats: 502 87 1053
stats: size_sent 950493 4845151
stats: connected 45 1148
stats: 503 4033 18193
stats: 500 248 606
# stats: dump at 1449164222
stats: users 3270 3937
stats: session 325 25759.143769531238 6287.499282750935 71630.59008789063 4151.81298828125 21328.968933240598 1355
stats: users_count 0 4950
stats: finish_users_count 325 1680
stats: connect 401 14329.687243073955 11399.229705137044 31094.4169921875 0.47607421875 2377.9292428861777 2952
stats: request 4063 3082.70294202973 7084.866255624764 36703.26318359375 0.40087890625 999.9679727221238 20873
stats: page 2964 4179.196213201002 8035.8285738559125 36703.26318359375 0.402099609375 1430.815090411241 14548
stats: 302 36 251
stats: 200 120 862
stats: size_rcv 2140604 14248431
stats: newphase 0 8
stats: 502 224 1277
stats: size_sent 857449 5702600
stats: connected -216 932
stats: 503 3341 21534
stats: 500 194 800
# stats: dump at 1449164232
stats: users 2859 3937
stats: session 411 32858.58368796095 6353.392132332721 71630.59008789063 4151.81298828125 22185.99680335635 1680
stats: users_count 0 4950
stats: finish_users_count 411 2091
stats: request 4401 3426.866811664339 8862.184827426041 44074.404052734375 0.40087890625 1339.322808313109 24936
stats: connect 541 24009.21648820183 11792.429255078127 31119.73095703125 0.47607421875 3807.2924871675073 3353
stats: page 3194 4751.454832379205 10124.359664429545 44074.404052734375 0.402099609375 1895.9933480602162 17512
stats: 302 33 284
stats: 200 119 981
stats: size_rcv 2401060 16649491
stats: newphase 0 8
stats: 502 500 1777
stats: size_sent 896398 6598998
stats: connected 50 982
stats: 503 3608 25142
stats: 500 125 925
# stats: dump at 1449164242
stats: users 2396 3937
stats: session 463 43404.5967519278 7181.280746384505 74343.0341796875 4151.81298828125 24283.7649571452 2091
stats: users_count 0 4950
stats: finish_users_count 463 2554
stats: page 3072 4531.327318827308 10639.041919566975 59125.018798828125 0.402099609375 2336.462003566584 20706
stats: request 4124 3380.6136484673357 9370.91140780979 59125.018798828125 0.40087890625 1652.4864296359697 29337
stats: connect 255 19301.25927830115 13652.818798127953 31119.73095703125 0.47607421875 6613.97992542112 3894
stats: 302 34 318
stats: 200 90 1071
stats: size_rcv 2162461 18811952
stats: newphase 0 8
stats: 502 302 2079
stats: size_sent 833239 7432237
stats: connected -262 720
stats: 503 3592 28734
stats: 500 106 1031
# stats: dump at 1449164252
stats: users 1952 3937
stats: session 444 53232.39105774475 6908.582663526393 105218.90795898438 4151.81298828125 27750.070799347366 2554
stats: users_count 0 4950
stats: finish_users_count 444 2998
stats: page 2742 9731.759477143743 21387.680266643063 67984.21801757813 0.402099609375 2620.0277470471515 23778
stats: connect 441 56924.97704192356 13579.909359245912 63216.732177734375 0.47607421875 7393.747636914109 4149
stats: request 3510 7581.4851048483215 19310.39790319202 67984.21801757813 0.40087890625 1865.4745845165935 33461
stats: 302 45 363
stats: 200 117 1188
stats: size_rcv 1980030 20791982
stats: newphase 0 8
stats: 502 25 2104
stats: size_sent 753394 8185631
stats: connected -17 703
stats: 503 3272 32006
stats: 500 53 1084
# stats: dump at 1449164262
stats: users 1647 3937
stats: session 305 64305.11964571593 8682.026844378539 105218.90795898438 4151.81298828125 31523.9701304776 2998
stats: users_count 0 4950
stats: finish_users_count 305 3303
stats: page 2887 11446.782544697948 23848.138531166613 71998.826171875 0.402099609375 3355.335756244921 26520
stats: connect 640 56762.94910240173 18945.323831995756 63217.222900390625 0.47607421875 12152.63046210129 4590
stats: request 4183 7901.4147671984965 20495.68454053231 71998.826171875 0.40087890625 2408.1484891003042 36971
stats: 302 41 404
stats: 200 50 1238
stats: size_rcv 2011186 22803168
stats: newphase 0 8
stats: 502 455 2559
stats: size_sent 928233 9113864
stats: connected 238 941
stats: 503 3501 35507
stats: 500 135 1219
# stats: dump at 1449164272
stats: users 1278 3937
stats: session 369 78148.70117385981 6129.058100272895 105218.90795898438 4151.81298828125 34550.991202880774 3303
stats: users_count 0 4950
stats: finish_users_count 369 3672
stats: request 3924 4264.702357300928 15170.887485496914 77791.15405273438 0.40087890625 2966.49841477666 41154
stats: page 2890 5782.999324262683 17439.92650093468 77791.15405273438 0.402099609375 4149.704677871197 29407
stats: connect 177 24591.283452782925 29789.16498984321 63217.222900390625 0.47607421875 17611.636949633277 5230
stats: 302 30 434
stats: 200 54 1292
stats: size_rcv 1967692 24770860
stats: newphase 0 8
stats: 502 334 2893
stats: size_sent 808419 9922283
stats: connected -271 670
stats: 503 3389 38896
stats: 500 115 1334
# stats: dump at 1449164282
stats: users 896 3937
stats: session 382 85317.86513786917 4842.15638960264 105218.90795898438 4151.81298828125 38932.13362643504 3672
stats: users_count 0 4950
stats: finish_users_count 382 4054
stats: connect 7 6448.280552455357 7441.4807131167045 63217.222900390625 0.47607421875 17840.118072447684 5407
stats: request 2057 961.818827241963 4093.8515053866217 80467.63110351563 0.40087890625 3079.505918890978 45078
stats: page 1789 1133.0359579974413 4492.9486328772655 80467.63110351563 0.402099609375 4295.855141631652 32297
stats: 302 66 500
stats: 200 164 1456
stats: size_rcv 1516227 26287087
stats: newphase 0 8
stats: 502 15 2908
stats: size_sent 471017 10393300
stats: connected -379 291
stats: 503 1721 40617
stats: 500 92 1426
# stats: dump at 1449164292
stats: users 648 3937
stats: session 248 92250.93731591011 4420.262895244857 105218.90795898438 4151.81298828125 43302.96476540096 4054
stats: users_count 0 4950
stats: finish_users_count 248 4302
stats: request 641 970.8506937250148 730.2495213792854 80467.63110351563 0.40087890625 2987.088769267089 47135
stats: page 628 1034.2035530236117 980.6117005796062 80467.63110351563 0.402099609375 4129.854921027251 34086
stats: connect 0 0 0 63217.222900390625 0.47607421875 17825.389061985927 5414
stats: 302 221 721
stats: 200 261 1717
stats: size_rcv 1154284 27441371
stats: newphase 0 8
stats: 502 0 2908
stats: size_sent 138502 10531802
stats: connected -250 41
stats: 503 68 40685
stats: 500 90 1516
# stats: dump at 1449164302
stats: users 611 3937
stats: session 37 99670.83111407305 4991.950189458204 113552.203125 4151.81298828125 46124.69818997703 4302
stats: users_count 0 4950
stats: finish_users_count 37 4339
stats: 302 39 760
stats: page 76 7.771943744860196 9.345794496022327 80467.63110351563 0.402099609375 4073.852470744763 34714
stats: request 76 7.771943744860196 9.345794496022327 80467.63110351563 0.40087890625 2960.037350010088 47776
stats: connect 0 0 0 63217.222900390625 0.47607421875 17825.389061985927 5414
stats: 200 31 1748
stats: size_rcv 117240 27558611
stats: newphase 0 8
stats: 502 0 2908
stats: size_sent 24168 10555970
stats: connected -39 2
stats: 503 0 40685
stats: 500 6 1522
# stats: dump at 1449164312
stats: users 609 3937
stats: session 2 106371.33410644531 5478.4119873046875 113552.203125 4151.81298828125 46581.30268829267 4339
stats: users_count 0 4950
stats: finish_users_count 2 4341
stats: page 3 5.867024739583333 1.4211719344399252 80467.63110351563 0.402099609375 4064.969972324183 34790
stats: request 3 5.867024739583333 1.4211719344399252 80467.63110351563 0.40087890625 2955.348472410904 47852
stats: connect 0 0 0 63217.222900390625 0.47607421875 17825.389061985927 5414
stats: 302 2 762
stats: 200 1 1749
stats: size_rcv 3151 27561762
stats: newphase 0 8
stats: 502 0 2908
stats: size_sent 560 10556530
stats: connected -2 0
stats: 503 0 40685
stats: 500 0 1522
# stats: dump at 1449164322
stats: users 609 3937
stats: session 0 0 0 113552.203125 4151.81298828125 46608.849351005476 4341
stats: users_count 0 4950
stats: finish_users_count 0 4341
stats: request 0 0 0 80467.63110351563 0.40087890625 2955.1635712648795 47855
stats: page 0 0 0 80467.63110351563 0.402099609375 4064.619979255383 34793
stats: connect 0 0 0 63217.222900390625 0.47607421875 17825.389061985927 5414
stats: 302 0 762
stats: 200 0 1749
stats: size_rcv 0 27561762
stats: newphase 0 8
stats: 502 0 2908
stats: size_sent 0 10556530
stats: connected 0 0
stats: error_connect_etimedout 73 73
stats: 503 0 40685
stats: 500 0 1522
# stats: dump at 1449164332
stats: users 609 3937
stats: session 0 0 0 113552.203125 4151.81298828125 46608.849351005476 4341
stats: users_count 0 4950
stats: finish_users_count 0 4341
stats: request 0 0 0 80467.63110351563 0.40087890625 2955.1635712648795 47855
stats: connect 73 1.7518193493150682 0.5446596802662401 63217.222900390625 0.47607421875 17825.389061985927 5414
stats: page 0 0 0 80467.63110351563 0.402099609375 4064.619979255383 34793
stats: 302 0 762
stats: 200 0 1749
stats: size_rcv 0 27561762
stats: newphase 0 8
stats: 502 0 2908
stats: size_sent 12649 10569179
stats: connected 73 73
stats: error_connect_etimedout 536 609
stats: 503 0 40685
stats: 500 0 1522
# stats: dump at 1449164342
stats: users 584 3937
stats: session 25 147131.412265625 6772.004842328695 168414.81103515625 4151.81298828125 46608.849351005476 4341
stats: users_count 0 4950
stats: finish_users_count 25 4366
stats: request 3149 164.08024085957285 941.855781774671 80467.63110351563 0.40087890625 2955.1635712648795 47855
stats: page 1920 832.6297204335525 8904.49907867026 137363.85693359375 0.402099609375 4064.619979255383 34793
stats: connect 533 1.7481728387371 1.7750657184629208 63217.222900390625 0.47607421875 17588.260299690963 5487
stats: 302 0 762
stats: 200 114 1863
stats: size_rcv 2126471 29688233
stats: newphase 0 8
stats: 502 0 2908
stats: size_sent 652291 11221470
stats: connected 512 585
stats: error_connect_etimedout 0 609
stats: error_connect_econnrefused 3 3
stats: 503 3035 43720
stats: 500 0 1522
# stats: dump at 1449164352
stats: users 337 3937
stats: session 247 150294.4259077683 3358.2175974677602 168414.81103515625 4151.81298828125 47184.44808505621 4366
stats: users_count 0 4950
stats: finish_users_count 247 4613
stats: connect 0 0 0 63217.222900390625 0.47607421875 16031.182066532783 6020
stats: page 1848 707.3970347482921 2195.915830865135 137363.85693359375 0.402099609375 3895.594802970745 36713
stats: request 2345 606.187838985876 1898.966671519511 80467.63110351563 0.40087890625 2782.841372859925 51004
stats: 302 22 784
stats: 200 112 1975
stats: size_rcv 1442862 31131095
stats: newphase 0 8
stats: 502 0 2908
stats: size_sent 474123 11695593
stats: connected -243 342
stats: error_connect_etimedout 0 609
stats: error_connect_econnrefused 0 3
stats: 503 2175 45895
stats: 500 36 1558
# stats: dump at 1449164362
stats: users 115 3937
stats: session 222 158847.94328679275 3906.0822463428053 174681.69677734375 4151.81298828125 52705.40289151836 4613
stats: users_count 0 4950
stats: finish_users_count 222 4835
stats: request 800 1529.4776998901361 1525.539511743364 80467.63110351563 0.40087890625 2687.1647428024794 53349
stats: connect 3 11.437337239583334 7.386984934371206 63217.222900390625 0.47607421875 16031.182066532783 6020
stats: page 749 1808.0099406630718 2395.5493195298873 137363.85693359375 0.402099609375 3742.8033951837297 38561
stats: 302 152 936
stats: 200 264 2239
stats: size_rcv 1377756 32508851
stats: newphase 0 8
stats: 502 0 2908
stats: size_sent 167565 11863158
stats: connected -217 125
stats: error_connect_etimedout 0 609
stats: error_connect_econnrefused 0 3
stats: 503 252 46147
stats: 500 132 1690
# stats: dump at 1449164372
stats: users 13 3937
stats: session 102 167802.3360571768 3819.5831086065164 181208.31396484375 4151.81298828125 57578.959037899105 4835
stats: users_count 0 4950
stats: finish_users_count 102 4937
stats: request 272 300.4109640682444 335.14733260482427 80467.63110351563 0.40087890625 2670.0610172612896 54149
stats: connect 0 0 0 63217.222900390625 0.47607421875 16023.202781427706 6023
stats: page 261 313.07423558728453 380.747022592843 137363.85693359375 0.402099609375 3705.938467749592 39310
stats: 302 114 1050
stats: 200 125 2364
stats: size_rcv 506640 33015491
stats: newphase 0 8
stats: 502 0 2908
stats: size_sent 79109 11942267
stats: connected -111 14
stats: error_connect_etimedout 0 609
stats: error_connect_econnrefused 0 3
stats: 503 0 46147
stats: 500 33 1723
# stats: dump at 1449164382
stats: users 2 3937
stats: session 11 176520.94939630682 2227.6683163532252 181208.31396484375 4151.81298828125 59856.20928217019 4937
stats: users_count 0 4950
stats: finish_users_count 11 4948
stats: connect 0 0 0 63217.222900390625 0.47607421875 16023.202781427706 6023
stats: request 25 8.005439453125 3.902425501745886 80467.63110351563 0.40087890625 2658.2173390034754 54421
stats: page 25 8.005439453125 3.902425501745886 137363.85693359375 0.402099609375 3683.5600197802614 39571
stats: 302 12 1062
stats: 200 11 2375
stats: size_rcv 41141 33056632
stats: newphase 0 8
stats: 502 0 2908
stats: size_sent 9956 11952223
stats: connected -12 2
stats: error_connect_etimedout 0 609
stats: error_connect_econnrefused 0 3
stats: 503 0 46147
stats: 500 2 1725
# stats: dump at 1449164392
stats: users 0 3937
stats: session 2 185281.82202148438 1134.780029296875 186416.60205078125 4151.81298828125 60115.56905202781 4948
stats: users_count 0 4950
stats: finish_users_count 2 4950
stats: request 4 7.12628173828125 1.6373771888510205 80467.63110351563 0.40087890625 2657.0004397365183 54446
stats: connect 0 0 0 63217.222900390625 0.47607421875 16023.202781427706 6023
stats: page 4 7.12628173828125 1.6373771888510205 137363.85693359375 0.402099609375 3681.2393594987134 39596
stats: 302 2 1064
stats: 200 1 2376
stats: size_rcv 4628 33061260
stats: newphase 0 8
stats: 502 0 2908
stats: size_sent 745 11952968
stats: connected -2 0
stats: error_connect_etimedout 0 609
stats: error_connect_econnrefused 0 3
stats: 503 0 46147
stats: 500 1 1726
# stats: dump at 1449164402
stats: users 0 3937
stats: session 0 0 0 186416.60205078125 4151.81298828125 60166.14127544981 4950
stats: users_count 0 4950
stats: finish_users_count 0 4950
stats: request 0 0 0 80467.63110351563 0.40087890625 2656.805774968254 54450
stats: connect 0 0 0 63217.222900390625 0.47607421875 16023.202781427706 6023
stats: page 0 0 0 137363.85693359375 0.402099609375 3680.8682369656062 39600
stats: 302 0 1064
stats: 200 0 2376
stats: size_rcv 0 33061260
stats: newphase 0 8
stats: 502 0 2908
stats: size_sent 0 11952968
stats: connected 0 0
stats: error_connect_etimedout 0 609
stats: error_connect_econnrefused 0 3
stats: 503 0 46147
stats: 500 0 1726
# stats: dump at 1449164412
stats: users 0 3937
stats: session 0 0 0 186416.60205078125 4151.81298828125 60166.14127544981 4950
stats: users_count 0 4950
stats: finish_users_count 0 4950
stats: request 0 0 0 80467.63110351563 0.40087890625 2656.805774968254 54450
stats: connect 0 0 0 63217.222900390625 0.47607421875 16023.202781427706 6023
stats: page 0 0 0 137363.85693359375 0.402099609375 3680.8682369656062 39600
stats: 302 0 1064
stats: 200 0 2376
stats: size_rcv 0 33061260
stats: newphase 0 8
stats: 502 0 2908
stats: size_sent 0 11952968
stats: connected 0 0
stats: error_connect_etimedout 0 609
stats: error_connect_econnrefused 0 3
stats: 503 0 46147
stats: 500 0 1726
# stats: dump at 1449164422
stats: users 0 3937
stats: session 0 0 0 186416.60205078125 4151.81298828125 60166.14127544981 4950
stats: users_count 0 4950
stats: finish_users_count 0 4950
stats: request 0 0 0 80467.63110351563 0.40087890625 2656.805774968254 54450
stats: page 0 0 0 137363.85693359375 0.402099609375 3680.8682369656062 39600
stats: connect 0 0 0 63217.222900390625 0.47607421875 16023.202781427706 6023
stats: 302 0 1064
stats: 200 0 2376
stats: size_rcv 0 33061260
stats: newphase 0 8
stats: 502 0 2908
stats: size_sent 0 11952968
stats: connected 0 0
stats: error_connect_etimedout 0 609
stats: error_connect_econnrefused 0 3
stats: 503 0 46147
stats: 500 0 1726
# stats: dump at 1449164432
stats: users 0 3937
stats: session 0 0 0 186416.60205078125 4151.81298828125 60166.14127544981 4950
stats: users_count 0 4950
stats: finish_users_count 0 4950
stats: request 0 0 0 80467.63110351563 0.40087890625 2656.805774968254 54450
stats: page 0 0 0 137363.85693359375 0.402099609375 3680.8682369656062 39600
stats: connect 0 0 0 63217.222900390625 0.47607421875 16023.202781427706 6023
stats: 302 0 1064
stats: 200 0 2376
stats: size_rcv 0 33061260
stats: newphase 0 8
stats: 502 0 2908
stats: size_sent 0 11952968
stats: connected 0 0
stats: error_connect_etimedout 0 609
stats: error_connect_econnrefused 0 3
stats: 503 0 46147
stats: 500 0 1726
# stats: dump at 1449164442
stats: users 0 3937
stats: session 0 0 0 186416.60205078125 4151.81298828125 60166.14127544981 4950
stats: users_count 0 4950
stats: finish_users_count 0 4950
stats: request 0 0 0 80467.63110351563 0.40087890625 2656.805774968254 54450
stats: connect 0 0 0 63217.222900390625 0.47607421875 16023.202781427706 6023
stats: page 0 0 0 137363.85693359375 0.402099609375 3680.8682369656062 39600
stats: 302 0 1064
stats: 200 0 2376
stats: size_rcv 0 33061260
stats: newphase 0 8
stats: 502 0 2908
stats: size_sent 0 11952968
stats: connected 0 0
stats: error_connect_etimedout 0 609
stats: error_connect_econnrefused 0 3
stats: 503 0 46147
stats: 500 0 1726
EndMonitor:{1449,164442,765062}
