# stats: dump at 1449134654
stats: users 0 0
stats: users_count 0 0
stats: finish_users_count 0 0
# stats: dump at 1449134664
stats: users 9 9
stats: users_count 9 9
stats: finish_users_count 0 0
stats: request 24 575.477793375651 605.5528432284653 2557.094970703125 7.3779296875 0 0
stats: page 15 887.8642415364583 684.4084835543543 2557.094970703125 40.3701171875 0 0
stats: connect 9 288.9926486545139 673.7376423203909 2155.843994140625 1.2958984375 0 0
stats: 302 4 4
stats: 200 20 20
stats: size_rcv 199800 199800
stats: size_sent 10770 10770
stats: connected 9 9
# stats: dump at 1449134674
stats: users 15 15
stats: users_count 6 15
stats: finish_users_count 0 0
stats: request 61 412.014404296875 846.130674690617 4824.662109375 6.283935546875 575.477793375651 24
stats: page 44 582.4717462713069 984.7689594901308 4824.662109375 23.889892578125 887.8642415364583 15
stats: connect 6 1.4124755859375 0.07210939720762385 2155.843994140625 1.2958984375 288.9926486545139 9
stats: 302 9 13
stats: 200 52 72
stats: size_rcv 850903 1050703
stats: size_sent 35865 46635
stats: connected 6 15
# stats: dump at 1449134684
stats: users 12 15
stats: session 3 19211.875244140625 397.92279077359296 19596.85986328125 18663.919921875 0 0
stats: users_count 0 15
stats: finish_users_count 3 3
stats: request 26 106.34493314302884 270.30822858374836 4824.662109375 6.283935546875 458.16877297794116 85
stats: page 22 125.6960782137784 314.8561798382193 4824.662109375 22.733154296875 660.113906084481 59
stats: connect 0 0 0 2155.843994140625 1.2958984375 173.96057942708333 15
stats: 302 2 15
stats: 200 24 96
stats: size_rcv 385193 1435896
stats: size_sent 20404 67039
stats: connected -3 12
# stats: dump at 1449134694
stats: users 7 15
stats: session 5 29360.516162109376 5822.819668550415 38203.847900390625 18663.919921875 19211.875244140625 3
stats: users_count 0 15
stats: finish_users_count 5 8
stats: request 16 34.009765625 11.2921388872741 4824.662109375 6.283935546875 375.7595852688626 111
stats: page 16 34.009765625 11.2921388872741 4824.662109375 21.330078125 514.9633849344136 81
stats: connect 0 0 0 2155.843994140625 1.2958984375 173.96057942708333 15
stats: 302 0 15
stats: 200 16 112
stats: size_rcv 246864 1682760
stats: size_sent 14279 81318
stats: connected -5 7
# stats: dump at 1449134704
stats: users 6 15
stats: session 1 29652.906982421875 0.0 38203.847900390625 18663.919921875 25554.775817871094 8
stats: users_count 0 15
stats: finish_users_count 1 9
stats: request 3 25.335611979166668 2.6806260946827996 4824.662109375 6.283935546875 332.7044898806594 127
stats: page 3 25.335611979166668 2.6806260946827996 4824.662109375 21.330078125 435.6308291720361 97
stats: connect 0 0 0 2155.843994140625 1.2958984375 173.96057942708333 15
stats: 302 0 15
stats: 200 3 115
stats: size_rcv 38870 1721630
stats: size_sent 2594 83912
stats: connected -1 6
# stats: dump at 1449134714
stats: users 4 15
stats: session 2 53104.887939453125 2896.053955078125 56000.94189453125 18663.919921875 26010.123725043402 9
stats: users_count 0 15
stats: finish_users_count 2 11
stats: request 1 24.502197265625 0.0 4824.662109375 6.283935546875 325.6113619290865 130
stats: page 1 24.502197265625 0.0 4824.662109375 21.330078125 423.32197265625 100
stats: connect 0 0 0 2155.843994140625 1.2958984375 173.96057942708333 15
stats: 302 0 15
stats: 200 1 116
stats: size_rcv 12516 1734146
stats: size_sent 865 84777
stats: connected -2 4
# stats: dump at 1449134724
stats: users 3 15
stats: session 1 59485.926025390625 0.0 59485.926025390625 18663.919921875 30936.444491299717 11
stats: users_count 0 15
stats: finish_users_count 1 12
stats: request 1 27.52001953125 0.0 4824.662109375 6.283935546875 323.31281868738074 131
stats: page 1 27.52001953125 0.0 4824.662109375 21.330078125 419.3732620088181 101
stats: connect 0 0 0 2155.843994140625 1.2958984375 173.96057942708333 15
stats: 302 0 15
stats: 200 1 117
stats: size_rcv 15431 1749577
stats: size_sent 865 85642
stats: connected 0 4
# stats: dump at 1449134734
stats: users 2 15
stats: session 1 63227.9169921875 0.0 63227.9169921875 18663.919921875 33315.56795247396 12
stats: users_count 0 15
stats: finish_users_count 1 13
stats: request 2 24.7900390625 3.278076171875 4824.662109375 6.283935546875 321.0719641483191 132
stats: page 2 24.7900390625 3.278076171875 4824.662109375 21.330078125 415.53156355315565 102
stats: connect 0 0 0 2155.843994140625 1.2958984375 173.96057942708333 15
stats: 302 0 15
stats: 200 2 119
stats: size_rcv 25225 1774802
stats: size_sent 1729 87371
stats: connected -2 2
# stats: dump at 1449134744
stats: users 2 15
stats: session 0 0 0 63227.9169921875 18663.919921875 35616.517878605766 13
stats: users_count 0 15
stats: finish_users_count 0 13
stats: request 0 0 0 4824.662109375 6.283935546875 316.64984586345616 134
stats: page 0 0 0 4824.662109375 21.330078125 408.0173034667969 104
stats: connect 0 0 0 2155.843994140625 1.2958984375 173.96057942708333 15
stats: 302 0 15
stats: 200 0 119
stats: size_rcv 0 1774802
stats: size_sent 0 87371
stats: connected 0 2
# stats: dump at 1449134754
stats: users 2 15
stats: session 0 0 0 63227.9169921875 18663.919921875 35616.517878605766 13
stats: users_count 0 15
stats: finish_users_count 0 13
stats: request 0 0 0 4824.662109375 6.283935546875 316.64984586345616 134
stats: page 0 0 0 4824.662109375 21.330078125 408.0173034667969 104
stats: connect 0 0 0 2155.843994140625 1.2958984375 173.96057942708333 15
stats: 302 0 15
stats: 200 0 119
stats: size_rcv 0 1774802
stats: size_sent 0 87371
stats: connected -1 1
# stats: dump at 1449134764
stats: users 1 15
stats: session 1 88049.9599609375 0.0 88049.9599609375 18663.919921875 35616.517878605766 13
stats: users_count 0 15
stats: finish_users_count 1 14
stats: request 0 0 0 4824.662109375 6.283935546875 316.64984586345616 134
stats: page 0 0 0 4824.662109375 21.330078125 408.0173034667969 104
stats: connect 0 0 0 2155.843994140625 1.2958984375 173.96057942708333 15
stats: 302 0 15
stats: 200 0 119
stats: size_rcv 0 1774802
stats: size_sent 0 87371
stats: connected -1 0
# stats: dump at 1449134774
stats: users 1 15
stats: session 0 0 0 88049.9599609375 18663.919921875 39361.76374162947 14
stats: users_count 0 15
stats: finish_users_count 0 14
stats: request 0 0 0 4824.662109375 6.283935546875 316.64984586345616 134
stats: page 0 0 0 4824.662109375 21.330078125 408.0173034667969 104
stats: connect 0 0 0 2155.843994140625 1.2958984375 173.96057942708333 15
stats: 302 0 15
stats: 200 0 119
stats: size_rcv 0 1774802
stats: size_sent 0 87371
stats: connected 0 0
# stats: dump at 1449134784
stats: users 1 15
stats: session 0 0 0 88049.9599609375 18663.919921875 39361.76374162947 14
stats: users_count 0 15
stats: finish_users_count 0 14
stats: request 0 0 0 4824.662109375 6.283935546875 316.64984586345616 134
stats: page 0 0 0 4824.662109375 21.330078125 408.0173034667969 104
stats: connect 0 0 0 2155.843994140625 1.2958984375 173.96057942708333 15
stats: 302 0 15
stats: 200 0 119
stats: size_rcv 0 1774802
stats: size_sent 0 87371
stats: connected 0 0
# stats: dump at 1449134794
stats: users 1 15
stats: session 0 0 0 88049.9599609375 18663.919921875 39361.76374162947 14
stats: users_count 0 15
stats: finish_users_count 0 14
stats: request 0 0 0 4824.662109375 6.283935546875 316.64984586345616 134
stats: page 0 0 0 4824.662109375 21.330078125 408.0173034667969 104
stats: connect 0 0 0 2155.843994140625 1.2958984375 173.96057942708333 15
stats: 302 0 15
stats: 200 0 119
stats: size_rcv 0 1774802
stats: size_sent 0 87371
stats: connected 0 0
# stats: dump at 1449134804
stats: users 1 15
stats: session 0 0 0 88049.9599609375 18663.919921875 39361.76374162947 14
stats: users_count 0 15
stats: finish_users_count 0 14
stats: request 0 0 0 4824.662109375 6.283935546875 316.64984586345616 134
stats: page 0 0 0 4824.662109375 21.330078125 408.0173034667969 104
stats: connect 0 0 0 2155.843994140625 1.2958984375 173.96057942708333 15
stats: 302 0 15
stats: 200 0 119
stats: size_rcv 0 1774802
stats: size_sent 0 87371
stats: connected 0 0
# stats: dump at 1449134814
stats: users 1 15
stats: session 0 0 0 88049.9599609375 18663.919921875 39361.76374162947 14
stats: users_count 0 15
stats: finish_users_count 0 14
stats: request 1 30.0859375 0.0 4824.662109375 6.283935546875 316.64984586345616 134
stats: page 1 30.0859375 0.0 4824.662109375 21.330078125 408.0173034667969 104
stats: connect 1 2.822998046875 0.0 2155.843994140625 1.2958984375 173.96057942708333 15
stats: 302 0 15
stats: 200 1 120
stats: size_rcv 15421 1790223
stats: size_sent 864 88235
stats: connected 1 1
# stats: dump at 1449134824
stats: users 1 15
stats: session 0 0 0 88049.9599609375 18663.919921875 39361.76374162947 14
stats: users_count 0 15
stats: finish_users_count 0 14
stats: request 0 0 0 4824.662109375 6.283935546875 314.5271502459491 135
stats: page 0 0 0 4824.662109375 21.330078125 404.41795712425596 105
stats: connect 0 0 0 2155.843994140625 1.2958984375 163.2644805908203 16
stats: 302 0 15
stats: 200 0 120
stats: size_rcv 0 1790223
stats: size_sent 0 88235
stats: connected 0 1
# stats: dump at 1449134834
stats: users 0 15
stats: session 1 159454.8759765625 0.0 159454.8759765625 18663.919921875 39361.76374162947 14
stats: users_count 0 15
stats: finish_users_count 1 15
stats: request 0 0 0 4824.662109375 6.283935546875 314.5271502459491 135
stats: page 0 0 0 4824.662109375 21.330078125 404.41795712425596 105
stats: connect 0 0 0 2155.843994140625 1.2958984375 163.2644805908203 16
stats: 302 0 15
stats: 200 0 120
stats: size_rcv 0 1790223
stats: size_sent 0 88235
stats: connected -1 0
# stats: dump at 1449134844
stats: users 0 15
stats: session 0 0 0 159454.8759765625 18663.919921875 47367.97122395833 15
stats: users_count 0 15
stats: finish_users_count 0 15
stats: request 0 0 0 4824.662109375 6.283935546875 314.5271502459491 135
stats: page 0 0 0 4824.662109375 21.330078125 404.41795712425596 105
stats: connect 0 0 0 2155.843994140625 1.2958984375 163.2644805908203 16
stats: 302 0 15
stats: 200 0 120
stats: size_rcv 0 1790223
stats: size_sent 0 88235
stats: connected 0 0
# stats: dump at 1449134849
stats: users 0 15
stats: session 0 0 0 159454.8759765625 18663.919921875 47367.97122395833 15
stats: users_count 0 15
stats: finish_users_count 0 15
stats: request 0 0 0 4824.662109375 6.283935546875 314.5271502459491 135
stats: page 0 0 0 4824.662109375 21.330078125 404.41795712425596 105
stats: connect 0 0 0 2155.843994140625 1.2958984375 163.2644805908203 16
stats: 302 0 15
stats: 200 0 120
stats: size_rcv 0 1790223
stats: size_sent 0 88235
stats: connected 0 0
EndMonitor:{1449,134849,228937}
