# stats: dump at 1449166306
stats: users 0 0
stats: users_count 0 0
stats: finish_users_count 0 0
# stats: dump at 1449166316
stats: users 12 12
stats: users_count 12 12
stats: finish_users_count 0 0
stats: request 18 1173.2386067708333 395.23863784038804 1737.590087890625 327.18798828125 0 0
stats: page 13 1333.8933481069712 642.8876554061685 3089.333984375 327.18798828125 0 0
stats: connect 12 151.29608154296875 308.2702803971553 855.06201171875 0.87890625 0 0
stats: 302 2 2
stats: 200 16 16
stats: size_rcv 93379 93379
stats: size_sent 6967 6967
stats: connected 12 12
# stats: dump at 1449166326
stats: users 26 26
stats: users_count 14 26
stats: finish_users_count 0 0
stats: request 22 3488.6863236860795 2074.3480866600885 7829.569091796875 327.18798828125 1173.2386067708333 18
stats: page 9 4785.648627387152 3011.5169344395295 10725.01708984375 327.18798828125 1333.8933481069712 13
stats: connect 13 7.624943659855769 7.661969440794147 855.06201171875 0.85400390625 151.29608154296875 12
stats: 302 5 7
stats: 200 17 33
stats: size_rcv 86184 179563
stats: newphase 1 1
stats: size_sent 12421 19388
stats: connected 13 25
# stats: dump at 1449166336
stats: users 46 46
stats: users_count 20 46
stats: finish_users_count 0 0
stats: request 70 3695.3146379743307 2114.9042975008306 12661.01904296875 327.18798828125 2446.7348510742186 40
stats: page 41 5717.102705792683 4686.290233248387 17801.64892578125 327.18798828125 2745.9750532670455 22
stats: connect 20 6.70311279296875 7.357460520698272 855.06201171875 0.85400390625 76.58708984375 25
stats: 302 14 21
stats: 200 56 89
stats: size_rcv 319204 498767
stats: newphase 0 1
stats: size_sent 32445 51833
stats: connected 20 45
# stats: dump at 1449166346
stats: users 85 85
stats: users_count 39 85
stats: finish_users_count 0 0
stats: request 133 2651.9020885955133 406.6350922759107 12661.01904296875 327.18798828125 3241.285624556108 110
stats: 302 22 43
stats: page 89 4069.2766524754215 2708.5547764561907 17801.64892578125 327.18798828125 4679.566065228175 63
stats: connect 37 5.739218222128378 7.801126486069662 855.06201171875 0.784912109375 45.52754448784722 45
stats: 200 111 200
stats: size_rcv 649820 1148587
stats: newphase 1 2
stats: size_sent 73249 125082
stats: connected 37 82
# stats: dump at 1449166356
stats: users 133 133
stats: users_count 48 133
stats: finish_users_count 0 0
stats: request 122 4248.588002689549 965.6945508684979 12661.01904296875 327.18798828125 2918.701220100309 243
stats: 302 18 61
stats: page 78 5205.728362254606 2231.2204880324075 17801.64892578125 327.18798828125 4322.225553813733 152
stats: connect 47 7.52383747506649 9.572078277696559 855.06201171875 0.784912109375 27.574275319169207 82
stats: 200 104 304
stats: size_rcv 588193 1736780
stats: newphase 1 3
stats: size_sent 77143 202225
stats: connected 47 129
# stats: dump at 1449166366
stats: users 192 194
stats: session 3 52074.293701171875 6076.282568884143 58174.931884765625 43782.93701171875 0 0
stats: users_count 62 195
stats: finish_users_count 3 3
stats: request 305 2581.9499959976956 3002.54944598296 12661.01904296875 0.086181640625 3363.211322773973 365
stats: connect 70 7.176789202008929 8.744057578301337 855.06201171875 0.77294921875 20.269077034883722 129
stats: page 193 3428.7120873643967 4400.234428407263 17801.64892578125 0.086181640625 4621.8482453719425 230
stats: 302 23 84
stats: 200 110 414
stats: size_rcv 698195 2434975
stats: newphase 0 3
stats: size_sent 119911 322136
stats: connected 64 193
stats: 503 171 171
# stats: dump at 1449166376
stats: users 276 276
stats: session 5 62977.03403320313 7145.847696547857 68627.83813476563 43782.93701171875 52074.293701171875 3
stats: users_count 89 284
stats: finish_users_count 5 8
stats: request 515 2234.642273304763 3738.3285391091435 12661.01904296875 0.083984375 3007.562509838503 670
stats: page 359 2886.295861714399 5360.343317619167 21274.9521484375 0.083984375 4077.462244200651 423
stats: 302 17 101
stats: connect 107 5.51257210134346 7.063670351703162 855.06201171875 0.718994140625 15.663749656485553 199
stats: 200 119 533
stats: size_rcv 831577 3266552
stats: newphase 1 4
stats: size_sent 189812 511948
stats: connected 80 273
stats: 503 377 548
# stats: dump at 1449166386
stats: users 409 409
stats: session 19 50797.40822882401 14728.51466280852 76052.94897460938 23086.943115234375 58888.506408691406 8
stats: users_count 152 436
stats: finish_users_count 19 27
stats: request 910 1057.219800341257 2849.247406399858 12661.01904296875 0.083984375 2671.652027294304 1185
stats: connect 168 6.9611642020089315 8.129803286242547 855.06201171875 0.718994140625 12.114154890471815 306
stats: page 634 1415.628934745911 4387.575690184809 26134.64990234375 0.083984375 3530.622434338037 782
stats: 302 23 124
stats: error_send_einval 1 1
stats: 200 84 617
stats: size_rcv 828026 4094578
stats: newphase 1 5
stats: size_sent 295413 807361
stats: connected 125 398
stats: 503 799 1347
stats: 500 2 2
# stats: dump at 1449166396
stats: users 527 538
stats: session 31 41788.67608839466 20116.62431408106 86030.94604492188 7591.97314453125 53194.77065248843 27
stats: users_count 149 585
stats: finish_users_count 31 58
stats: request 1265 920.6535356966407 2890.553328260623 12661.01904296875 0.0830078125 1970.3950695247227 2095
stats: page 893 1461.9796630585993 4881.901554354742 28910.949951171875 0.0830078125 2583.655005848342 1416
stats: connect 177 7.704544326006358 9.14546111703422 855.06201171875 0.718994140625 10.287778443928008 474
stats: 302 19 143
stats: error_send_einval 0 1
stats: 200 95 712
stats: size_rcv 1009844 5104422
stats: newphase 0 5
stats: size_sent 374306 1181667
stats: connected 125 523
stats: 503 1146 2493
stats: 500 0 2
# stats: dump at 1449166406
stats: users 665 665
stats: session 58 43314.65528606546 17427.48103580225 86030.94604492188 7591.97314453125 47098.40976478314 58
stats: users_count 196 781
stats: finish_users_count 58 116
stats: request 1282 840.6538847686729 2501.244348852057 12661.01904296875 0.0830078125 1575.1798789614718 3360
stats: page 964 1228.9506177466915 4072.609531138132 29406.22998046875 0.0830078125 2149.8498602826253 2309
stats: connect 215 8.286358784520349 9.587840491835571 855.06201171875 0.7060546875 9.585424467165902 651
stats: 302 21 164
stats: error_send_einval 0 1
stats: 200 103 815
stats: size_rcv 1088078 6192500
stats: newphase 1 6
stats: size_sent 385859 1567526
stats: connected 130 653
stats: 503 1157 3650
stats: 500 0 2
# stats: dump at 1449166416
stats: users 823 823
stats: session 83 42066.12247035014 18383.588898565587 86030.94604492188 7591.97314453125 45206.5325254243 116
stats: users_count 241 1022
stats: finish_users_count 83 199
stats: request 1680 591.0415604364305 2055.216700334592 12661.01904296875 0.0810546875 1372.3228508367047 4642
stats: page 1243 843.3605312798549 3037.6237749844263 29406.22998046875 0.0810546875 1878.6164750688642 3273
stats: connect 279 6.539023122479835 7.5995794146985745 855.06201171875 0.7060546875 9.26290816027353 866
stats: 302 16 180
stats: error_send_einval 0 1
stats: 200 105 920
stats: size_rcv 1299961 7492461
stats: newphase 1 7
stats: size_sent 482370 2049896
stats: connected 157 810
stats: 503 1556 5206
stats: 500 0 2
# stats: dump at 1449166426
stats: users 1025 1025
stats: session 102 42832.81452253752 19639.5806463367 98915.81713867188 7591.97314453125 43896.713256222516 199
stats: users_count 304 1326
stats: finish_users_count 102 301
stats: page 1488 947.7384620584461 2910.7543185454733 29406.22998046875 0.0810546875 1593.6689245529788 4516
stats: request 1949 719.7716852993531 2107.7923541167356 12661.01904296875 0.0810546875 1164.7061839793082 6322
stats: connect 366 7.5655450873036205 8.705226026668294 855.06201171875 0.52587890625 8.599184207832971 1145
stats: 302 15 195
stats: error_send_einval 1 2
stats: 200 147 1067
stats: size_rcv 1639487 9131948
stats: newphase 0 7
stats: size_sent 578416 2628312
stats: connected 186 996
stats: 503 1746 6952
stats: 500 39 41
# stats: dump at 1449166436
stats: users 903 1033
stats: session 132 43912.74095015091 17961.536351030332 99584.91381835938 7591.97314453125 43536.18943284754 301
stats: users_count 10 1336
stats: finish_users_count 132 433
stats: request 1533 1102.803357387476 2285.067524004626 12661.01904296875 0.0810546875 1059.8606589004503 8271
stats: page 1211 1361.8089370790542 2852.0905154419565 29406.22998046875 0.0810546875 1433.5848925423415 6004
stats: connect 100 7.530537109374998 8.78849430730928 855.06201171875 0.52587890625 8.34881232291322 1511
stats: 302 17 212
stats: error_send_einval 1 3
stats: 200 113 1180
stats: size_rcv 1224007 10355955
stats: newphase 0 7
stats: size_sent 434849 3063161
stats: connected -109 887
stats: 503 1352 8304
stats: 500 49 90
# stats: dump at 1449166446
stats: users 748 1033
stats: session 155 46777.08871440273 19443.292743460504 99584.91381835938 7591.97314453125 43650.981119415774 433
stats: users_count 0 1336
stats: finish_users_count 155 588
stats: request 816 1453.230612362133 3309.048977988106 12661.01904296875 0.072021484375 1066.5753831742784 9804
stats: connect 27 7.262297453703703 8.52489308401445 855.06201171875 0.52587890625 8.298019323935057 1611
stats: page 742 1424.306254672231 3813.61867626503 29406.22998046875 0.072021484375 1421.5376739607696 7215
stats: 302 19 231
stats: error_send_einval 0 3
stats: 200 110 1290
stats: size_rcv 885562 11241517
stats: newphase 0 7
stats: size_sent 264615 3327776
stats: connected -154 733
stats: 503 683 8987
stats: 500 1 91
# stats: dump at 1449166456
stats: users 586 1033
stats: session 162 48917.19186137634 16348.889820442466 110142.9580078125 7591.97314453125 44475.040094284785 588
stats: users_count 0 1336
stats: finish_users_count 162 750
stats: request 483 2629.4231705122625 2929.2780254387458 12661.01904296875 0.072021484375 1096.2844855299552 10620
stats: connect 18 6.9154052734375 8.285013589705416 855.06201171875 0.52587890625 8.28094698541476 1638
stats: page 474 3374.4028212148933 5197.577559793822 29406.22998046875 0.072021484375 1421.7958475045555 7957
stats: 302 9 240
stats: error_send_einval 0 3
stats: 200 222 1512
stats: size_rcv 1304098 12545615
stats: newphase 0 7
stats: size_sent 184924 3512700
stats: connected -148 585
stats: 503 250 9237
stats: 500 0 91
# stats: dump at 1449166466
stats: users 445 1033
stats: session 141 56154.09691517066 18102.77055601341 113556.9619140625 7591.97314453125 45434.544875976564 750
stats: users_count 0 1336
stats: finish_users_count 141 891
stats: request 350 3014.7101967075932 1333.9025995017712 12661.01904296875 0.072021484375 1162.9787109506933 11103
stats: page 350 3014.7101967075932 1333.9025995017712 29406.22998046875 0.072021484375 1531.5735376408027 8431
stats: connect 9 13.046305338541666 10.774807263917596 855.06201171875 0.52587890625 8.266104140719355 1656
stats: 302 0 240
stats: error_send_einval 0 3
stats: 200 295 1807
stats: size_rcv 1540313 14085928
stats: newphase 0 7
stats: size_sent 138193 3650893
stats: connected -144 441
stats: 503 55 9292
stats: 500 0 91
# stats: dump at 1449166476
stats: users 303 1033
stats: session 142 66181.49882743727 17887.622633454204 146146.86401367188 7591.97314453125 47130.90496298708 891
stats: users_count 0 1336
stats: finish_users_count 142 1033
stats: page 284 1691.606484856404 908.3815517236412 29406.22998046875 0.072021484375 1590.6895643659338 8781
stats: request 284 1691.606484856404 908.3815517236412 12661.01904296875 0.072021484375 1219.567030169668 11453
stats: connect 5 14.52919921875 11.087588928106868 855.06201171875 0.52587890625 8.291943066112989 1665
stats: 302 0 240
stats: error_send_einval 0 3
stats: 200 284 2091
stats: size_rcv 1428070 15513998
stats: newphase 0 7
stats: size_sent 103609 3754502
stats: connected -135 306
stats: 503 0 9292
stats: 500 0 91
# stats: dump at 1449166486
stats: users 184 1033
stats: session 119 70124.25452583372 14905.49386683536 146146.86401367188 7591.97314453125 49749.67004406348 1033
stats: users_count 0 1336
stats: finish_users_count 119 1152
stats: page 152 62.069184955797745 66.16264939421391 29406.22998046875 0.072021484375 1593.8512196797005 9065
stats: request 152 62.069184955797745 66.16264939421391 12661.01904296875 0.072021484375 1230.9889612535083 11737
stats: connect 1 1.030029296875 0.0 855.06201171875 0.52587890625 8.310617485731663 1670
stats: 302 0 240
stats: error_send_einval 0 3
stats: 200 152 2243
stats: size_rcv 760791 16274789
stats: newphase 0 7
stats: size_sent 77223 3831725
stats: connected -121 185
stats: 503 0 9292
stats: 500 0 91
# stats: dump at 1449166496
stats: users 103 1033
stats: session 81 76393.70131353685 14024.163456314835 146146.86401367188 7591.97314453125 51854.33632299634 1152
stats: users_count 0 1336
stats: finish_users_count 81 1233
stats: request 70 21.402975027901785 12.935741525241006 12661.01904296875 0.072021484375 1216.0444069598543 11889
stats: connect 0 0 0 855.06201171875 0.52587890625 8.306260461082438 1671
stats: page 70 21.402975027901785 12.935741525241006 29406.22998046875 0.072021484375 1568.5901944786556 9217
stats: 302 0 240
stats: error_send_einval 0 3
stats: 200 70 2313
stats: size_rcv 340611 16615400
stats: newphase 0 7
stats: size_sent 36881 3868606
stats: connected -86 99
stats: 503 0 9292
stats: 500 0 91
# stats: dump at 1449166506
stats: users 56 1033
stats: session 47 88502.40582405253 17416.829789052976 152401.95703125 7591.97314453125 53466.41139536762 1233
stats: users_count 0 1336
stats: finish_users_count 47 1280
stats: request 32 20.353332519531246 18.129348547388968 12661.01904296875 0.072021484375 1209.0517737768762 11959
stats: 302 0 240
stats: connect 1 2.52001953125 0.0 855.06201171875 0.52587890625 8.306260461082438 1671
stats: page 32 20.353332519531246 18.129348547388968 29406.22998046875 0.072021484375 1556.9283978423305 9287
stats: error_send_einval 0 3
stats: 200 32 2345
stats: size_rcv 155892 16771292
stats: newphase 0 7
stats: size_sent 16029 3884635
stats: connected -48 51
stats: 503 0 9292
stats: 500 0 91
# stats: dump at 1449166516
stats: users 33 1033
stats: session 23 95428.41977326767 12346.943941306376 152401.95703125 7591.97314453125 54752.889315795896 1280
stats: users_count 0 1336
stats: finish_users_count 23 1303
stats: connect 2 1.3115234375 0.003662109375 855.06201171875 0.52587890625 8.302799790669859 1672
stats: request 17 21.240406709558822 19.471656234600584 12661.01904296875 0.072021484375 1205.8795320855882 11991
stats: page 17 21.240406709558822 19.471656234600584 29406.22998046875 0.072021484375 1551.652037493545 9319
stats: 302 0 240
stats: error_send_einval 0 3
stats: 200 17 2362
stats: size_rcv 86308 16857600
stats: newphase 0 7
stats: size_sent 9018 3893653
stats: connected -21 30
stats: 503 0 9292
stats: 500 0 91
# stats: dump at 1449166526
stats: users 15 1033
stats: session 18 106393.79439290364 10849.614063706702 152401.95703125 7591.97314453125 55470.8764228733 1303
stats: users_count 0 1336
stats: finish_users_count 18 1321
stats: page 11 16.601828835227273 1.6066867279673203 29406.22998046875 0.072021484375 1548.8652982344056 9336
stats: request 11 16.601828835227273 1.6066867279673203 12661.01904296875 0.072021484375 1204.2024114050923 12008
stats: connect 1 1.215087890625 0.0 855.06201171875 0.52587890625 8.294447011275391 1674
stats: 302 0 240
stats: error_send_einval 0 3
stats: 200 11 2373
stats: size_rcv 54291 16911891
stats: newphase 0 7
stats: size_sent 5967 3899620
stats: connected -17 13
stats: 503 0 9292
stats: 500 0 91
# stats: dump at 1449166536
stats: users 9 1033
stats: session 6 112397.8008626302 8222.262935964154 152401.95703125 7591.97314453125 56164.754184766214 1321
stats: users_count 0 1336
stats: finish_users_count 6 1327
stats: request 2 18.384521484375 0.679443359375 12661.01904296875 0.072021484375 1203.1154984831962 12019
stats: page 2 18.384521484375 0.679443359375 29406.22998046875 0.072021484375 1547.0620567490744 9347
stats: 302 0 240
stats: connect 1 1.444091796875 0.0 855.06201171875 0.52587890625 8.290220528218287 1675
stats: error_send_einval 0 3
stats: 200 2 2375
stats: size_rcv 10744 16922635
stats: newphase 0 7
stats: size_sent 1050 3900670
stats: connected -5 8
stats: 503 0 9292
stats: 500 0 91
# stats: dump at 1449166546
stats: users 2 1033
stats: session 7 126989.83405412946 16137.474314579613 165718.97680664063 7591.97314453125 56419.010612850005 1327
stats: users_count 0 1336
stats: finish_users_count 7 1334
stats: request 2 16.06103515625 0.498046875 12661.01904296875 0.072021484375 1202.918388263248 12021
stats: connect 1 1.278076171875 0.0 855.06201171875 0.52587890625 8.286135725872617 1676
stats: page 2 16.06103515625 0.498046875 29406.22998046875 0.072021484375 1546.735031926042 9349
stats: 302 0 240
stats: error_send_einval 0 3
stats: 200 2 2377
stats: size_rcv 8760 16931395
stats: newphase 0 7
stats: size_sent 980 3901650
stats: connected -6 2
stats: 503 0 9292
stats: 500 0 91
# stats: dump at 1449166556
stats: users 1 1033
stats: session 1 127929.00415039063 0.0 165718.97680664063 7591.97314453125 56789.322280083106 1334
stats: users_count 0 1336
stats: finish_users_count 1 1335
stats: request 0 0 0 12661.01904296875 0.072021484375 1202.7209571140995 12023
stats: page 0 0 0 29406.22998046875 0.072021484375 1546.4076500424424 9351
stats: connect 0 0 0 855.06201171875 0.52587890625 8.281956799483828 1677
stats: 302 0 240
stats: error_send_einval 0 3
stats: 200 0 2377
stats: size_rcv 0 16931395
stats: newphase 0 7
stats: size_sent 0 3901650
stats: connected -1 1
stats: 503 0 9292
stats: 500 0 91
# stats: dump at 1449166566
stats: users 1 1033
stats: session 0 0 0 165718.97680664063 7591.97314453125 56842.61043129682 1335
stats: users_count 0 1336
stats: finish_users_count 0 1335
stats: request 1 40.43994140625 0.0 12661.01904296875 0.072021484375 1202.7209571140995 12023
stats: page 1 40.43994140625 0.0 29406.22998046875 0.072021484375 1546.4076500424424 9351
stats: connect 0 0 0 855.06201171875 0.52587890625 8.281956799483828 1677
stats: 302 0 240
stats: error_send_einval 0 3
stats: 200 1 2378
stats: size_rcv 4205 16935600
stats: newphase 0 7
stats: size_sent 490 3902140
stats: connected 0 1
stats: 503 0 9292
stats: 500 0 91
# stats: dump at 1449166576
stats: users 0 1033
stats: session 1 147382.98608398438 0.0 165718.97680664063 7591.97314453125 56842.61043129682 1335
stats: users_count 0 1336
stats: finish_users_count 1 1336
stats: request 0 0 0 12661.01904296875 0.072021484375 1202.6242936896394 12024
stats: page 0 0 0 29406.22998046875 0.072021484375 1546.246618422614 9352
stats: connect 0 0 0 855.06201171875 0.52587890625 8.281956799483828 1677
stats: 302 0 240
stats: error_send_einval 0 3
stats: 200 0 2378
stats: size_rcv 0 16935600
stats: newphase 0 7
stats: size_sent 0 3902140
stats: connected -1 0
stats: 503 0 9292
stats: 500 0 91
# stats: dump at 1449166586
stats: users 0 1033
stats: session 0 0 0 165718.97680664063 7591.97314453125 56910.38017355182 1336
stats: users_count 0 1336
stats: finish_users_count 0 1336
stats: request 0 0 0 12661.01904296875 0.072021484375 1202.6242936896394 12024
stats: connect 0 0 0 855.06201171875 0.52587890625 8.281956799483828 1677
stats: page 0 0 0 29406.22998046875 0.072021484375 1546.246618422614 9352
stats: 302 0 240
stats: error_send_einval 0 3
stats: 200 0 2378
stats: size_rcv 0 16935600
stats: newphase 0 7
stats: size_sent 0 3902140
stats: connected 0 0
stats: 503 0 9292
stats: 500 0 91
# stats: dump at 1449166596
stats: users 0 1033
stats: session 0 0 0 165718.97680664063 7591.97314453125 56910.38017355182 1336
stats: users_count 0 1336
stats: finish_users_count 0 1336
stats: request 0 0 0 12661.01904296875 0.072021484375 1202.6242936896394 12024
stats: page 0 0 0 29406.22998046875 0.072021484375 1546.246618422614 9352
stats: connect 0 0 0 855.06201171875 0.52587890625 8.281956799483828 1677
stats: 302 0 240
stats: error_send_einval 0 3
stats: 200 0 2378
stats: size_rcv 0 16935600
stats: newphase 0 7
stats: size_sent 0 3902140
stats: connected 0 0
stats: 503 0 9292
stats: 500 0 91
# stats: dump at 1449166606
stats: users 0 1033
stats: session 0 0 0 165718.97680664063 7591.97314453125 56910.38017355182 1336
stats: users_count 0 1336
stats: finish_users_count 0 1336
stats: page 0 0 0 29406.22998046875 0.072021484375 1546.246618422614 9352
stats: request 0 0 0 12661.01904296875 0.072021484375 1202.6242936896394 12024
stats: connect 0 0 0 855.06201171875 0.52587890625 8.281956799483828 1677
stats: 302 0 240
stats: error_send_einval 0 3
stats: 200 0 2378
stats: size_rcv 0 16935600
stats: newphase 0 7
stats: size_sent 0 3902140
stats: connected 0 0
stats: 503 0 9292
stats: 500 0 91
# stats: dump at 1449166607
stats: users 0 1033
stats: session 0 0 0 165718.97680664063 7591.97314453125 56910.38017355182 1336
stats: users_count 0 1336
stats: finish_users_count 0 1336
stats: request 0 0 0 12661.01904296875 0.072021484375 1202.6242936896394 12024
stats: connect 0 0 0 855.06201171875 0.52587890625 8.281956799483828 1677
stats: page 0 0 0 29406.22998046875 0.072021484375 1546.246618422614 9352
stats: 302 0 240
stats: error_send_einval 0 3
stats: 200 0 2378
stats: size_rcv 0 16935600
stats: newphase 0 7
stats: size_sent 0 3902140
stats: connected 0 0
stats: 503 0 9292
stats: 500 0 91
EndMonitor:{1449,166607,317686}
