
=INFO REPORT==== 3-Dec-2015::18:19:40 ===
    ts_config_server:(5:<0.39.0>) Config server started, logdir is "/home/ec2-user/.tsung/log/20151203-1819"
 
=INFO REPORT==== 3-Dec-2015::18:19:40 ===
              ts_mon:(5:<0.38.0>) starting monitor, global 

=INFO REPORT==== 3-Dec-2015::18:19:40 ===
           ts_config:(5:<0.39.0>) Reading config file: progressive_load_test.xml

=INFO REPORT==== 3-Dec-2015::18:19:40 ===
      ts_config_http:(4:<0.39.0>) Get user agent: 100 "Mozilla/5.0 (Windows; U; Windows NT 5.2; fr-FR; rv:1.7.8) Gecko/20050511 Firefox/1.0.4" 

=INFO REPORT==== 3-Dec-2015::18:19:40 ===
           ts_config:(5:<0.39.0>) Session name for id 1 is "http-example"

=INFO REPORT==== 3-Dec-2015::18:19:40 ===
    ts_config_server:(4:<0.39.0>) SYSINFO:Tsung version: 1.5.0

=INFO REPORT==== 3-Dec-2015::18:19:40 ===
    ts_config_server:(4:<0.39.0>) SYSINFO:Erlang version: Erlang R16B03-1 (erts-5.10.4) [source] [64-bit] [smp:4:4] [async-threads:16] [hipe] [kernel-poll:true]


=INFO REPORT==== 3-Dec-2015::18:19:40 ===
    ts_config_server:(4:<0.39.0>) SYSINFO:System architecture x86_64-unknown-linux-gnu

=INFO REPORT==== 3-Dec-2015::18:19:40 ===
    ts_config_server:(4:<0.39.0>) SYSINFO:Current path: /home/ec2-user/opt/tsung-1.5.0/lib/erlang/lib/tsung-1.5.0/ebin/tsung.beam

=INFO REPORT==== 3-Dec-2015::18:19:40 ===
           ts_os_mon:(5:<0.36.0>) os_mon disabled
=INFO REPORT==== 3-Dec-2015::18:19:40 ===
              ts_mon:(5:<0.40.0>) Activate clients with text backend

=INFO REPORT==== 3-Dec-2015::18:19:40 ===
              ts_mon:(5:<0.40.0>) Starting tsung clients on hosts: [localhost]

=INFO REPORT==== 3-Dec-2015::18:19:40 ===
    ts_config_server:(5:<0.39.0>) Start a launcher on the controller beam localhost

=INFO REPORT==== 3-Dec-2015::18:19:40 ===
  ts_launcher_static:(5:<0.73.0>) Launch msg receive ("localhost")

=INFO REPORT==== 3-Dec-2015::18:19:40 ===
         ts_launcher:(5:<0.74.0>) Launch msg receive ("localhost")

=INFO REPORT==== 3-Dec-2015::18:19:40 ===
    ts_config_server:(5:<0.39.0>) All remote beams started, syncing 

=INFO REPORT==== 3-Dec-2015::18:19:40 ===
    ts_config_server:(5:<0.39.0>) New arrival phase 1 for client "localhost" (last ? true): will start 15 users

=INFO REPORT==== 3-Dec-2015::18:19:40 ===
    ts_config_server:(5:<0.39.0>) New arrival phase 2 for client "localhost" (last ? true): will start 30 users

=INFO REPORT==== 3-Dec-2015::18:19:40 ===
    ts_config_server:(5:<0.39.0>) New arrival phase 3 for client "localhost" (last ? true): will start 60 users

=INFO REPORT==== 3-Dec-2015::18:19:40 ===
    ts_config_server:(5:<0.39.0>) New arrival phase 4 for client "localhost" (last ? true): will start 90 users

=INFO REPORT==== 3-Dec-2015::18:19:40 ===
    ts_config_server:(5:<0.39.0>) New arrival phase 5 for client "localhost" (last ? true): will start 150 users

=INFO REPORT==== 3-Dec-2015::18:19:40 ===
    ts_config_server:(5:<0.39.0>) New arrival phase 6 for client "localhost" (last ? true): will start 240 users

=INFO REPORT==== 3-Dec-2015::18:19:40 ===
    ts_config_server:(5:<0.39.0>) New arrival phase 7 for client "localhost" (last ? true): will start 330 users

=INFO REPORT==== 3-Dec-2015::18:19:40 ===
    ts_config_server:(5:<0.39.0>) New arrival phase 8 for client "localhost" (last ? true): will start 450 users

=INFO REPORT==== 3-Dec-2015::18:19:40 ===
         ts_launcher:(5:<0.74.0>) Expected duration of first phase: 15.0 sec (15 users) 

=INFO REPORT==== 3-Dec-2015::18:19:41 ===
         ts_launcher:(5:<0.74.0>) Activate launcher (15 users) in 9928 msec 

=INFO REPORT==== 3-Dec-2015::18:20:03 ===
         ts_launcher:(4:<0.74.0>) Need to wait 2.191 sec before changing phase, going to sleep

=INFO REPORT==== 3-Dec-2015::18:20:05 ===
         ts_launcher:(5:<0.74.0>) Waking up

=INFO REPORT==== 3-Dec-2015::18:20:05 ===
         ts_launcher:(5:<0.74.0>) Start a new arrival phase (30 users, 0.002); expected duration=15.0 sec

=INFO REPORT==== 3-Dec-2015::18:20:18 ===
         ts_launcher:(4:<0.74.0>) Need to wait 2.016 sec before changing phase, going to sleep

=INFO REPORT==== 3-Dec-2015::18:20:20 ===
         ts_launcher:(5:<0.74.0>) Waking up

=INFO REPORT==== 3-Dec-2015::18:20:20 ===
         ts_launcher:(5:<0.74.0>) Start a new arrival phase (60 users, 0.004); expected duration=15.0 sec

=INFO REPORT==== 3-Dec-2015::18:20:35 ===
         ts_launcher:(5:<0.74.0>) Phase duration exceeded, but not all users were launched (6 users, 10.0% of phase)

=INFO REPORT==== 3-Dec-2015::18:20:35 ===
         ts_launcher:(5:<0.74.0>) Start a new arrival phase (90 users, 0.006); expected duration=15.0 sec

=INFO REPORT==== 3-Dec-2015::18:20:51 ===
         ts_launcher:(5:<0.74.0>) Phase duration exceeded, but not all users were launched (1 users, 1.1% of phase)

=INFO REPORT==== 3-Dec-2015::18:20:51 ===
         ts_launcher:(5:<0.74.0>) Start a new arrival phase (150 users, 0.01); expected duration=15.0 sec

=INFO REPORT==== 3-Dec-2015::18:20:57 ===
           ts_client:(4:<0.206.0>) connection close while sending message !

=INFO REPORT==== 3-Dec-2015::18:20:57 ===
           ts_client:(5:<0.206.0>) Server must have closed connection upon us, waiting 10 msec

=INFO REPORT==== 3-Dec-2015::18:20:59 ===
           ts_client:(4:<0.252.0>) connection close while sending message !

=INFO REPORT==== 3-Dec-2015::18:20:59 ===
           ts_client:(5:<0.252.0>) Server must have closed connection upon us, waiting 10 msec

=INFO REPORT==== 3-Dec-2015::18:20:59 ===
           ts_client:(4:<0.184.0>) connection close while sending message !

=INFO REPORT==== 3-Dec-2015::18:20:59 ===
           ts_client:(5:<0.184.0>) Server must have closed connection upon us, waiting 10 msec

=INFO REPORT==== 3-Dec-2015::18:21:00 ===
           ts_client:(4:<0.189.0>) connection close while sending message !

=INFO REPORT==== 3-Dec-2015::18:21:00 ===
           ts_client:(5:<0.189.0>) Server must have closed connection upon us, waiting 10 msec

=INFO REPORT==== 3-Dec-2015::18:21:00 ===
           ts_client:(4:<0.265.0>) connection close while sending message !

=INFO REPORT==== 3-Dec-2015::18:21:00 ===
           ts_client:(5:<0.265.0>) Server must have closed connection upon us, waiting 10 msec

=INFO REPORT==== 3-Dec-2015::18:21:02 ===
           ts_client:(4:<0.229.0>) connection close while sending message !

=INFO REPORT==== 3-Dec-2015::18:21:02 ===
           ts_client:(5:<0.229.0>) Server must have closed connection upon us, waiting 10 msec

=INFO REPORT==== 3-Dec-2015::18:21:03 ===
           ts_client:(4:<0.266.0>) connection close while sending message !

=INFO REPORT==== 3-Dec-2015::18:21:03 ===
           ts_client:(5:<0.266.0>) Server must have closed connection upon us, waiting 10 msec

=INFO REPORT==== 3-Dec-2015::18:21:03 ===
           ts_client:(4:<0.230.0>) connection close while sending message !

=INFO REPORT==== 3-Dec-2015::18:21:03 ===
           ts_client:(5:<0.230.0>) Server must have closed connection upon us, waiting 10 msec

=INFO REPORT==== 3-Dec-2015::18:21:03 ===
           ts_client:(4:<0.234.0>) connection close while sending message !

=INFO REPORT==== 3-Dec-2015::18:21:03 ===
           ts_client:(5:<0.234.0>) Server must have closed connection upon us, waiting 10 msec

=INFO REPORT==== 3-Dec-2015::18:21:04 ===
           ts_client:(4:<0.246.0>) connection close while sending message !

=INFO REPORT==== 3-Dec-2015::18:21:04 ===
           ts_client:(5:<0.246.0>) Server must have closed connection upon us, waiting 10 msec

=INFO REPORT==== 3-Dec-2015::18:21:05 ===
           ts_client:(4:<0.280.0>) connection close while sending message !

=INFO REPORT==== 3-Dec-2015::18:21:05 ===
           ts_client:(5:<0.280.0>) Server must have closed connection upon us, waiting 10 msec

=INFO REPORT==== 3-Dec-2015::18:21:05 ===
           ts_client:(4:<0.183.0>) connection close while sending message !

=INFO REPORT==== 3-Dec-2015::18:21:05 ===
           ts_client:(5:<0.183.0>) Server must have closed connection upon us, waiting 10 msec

=INFO REPORT==== 3-Dec-2015::18:21:05 ===
           ts_client:(4:<0.263.0>) connection close while sending message !

=INFO REPORT==== 3-Dec-2015::18:21:05 ===
           ts_client:(5:<0.263.0>) Server must have closed connection upon us, waiting 10 msec

=INFO REPORT==== 3-Dec-2015::18:21:05 ===
         ts_launcher:(4:<0.74.0>) Need to wait 0.349 sec before changing phase, going to sleep

=INFO REPORT==== 3-Dec-2015::18:21:06 ===
         ts_launcher:(5:<0.74.0>) Waking up

=INFO REPORT==== 3-Dec-2015::18:21:06 ===
         ts_launcher:(5:<0.74.0>) Start a new arrival phase (240 users, 0.016); expected duration=15.0 sec

=INFO REPORT==== 3-Dec-2015::18:21:06 ===
           ts_client:(4:<0.205.0>) connection close while sending message !

=INFO REPORT==== 3-Dec-2015::18:21:06 ===
           ts_client:(5:<0.205.0>) Server must have closed connection upon us, waiting 10 msec

=INFO REPORT==== 3-Dec-2015::18:21:07 ===
           ts_client:(4:<0.275.0>) connection close while sending message !

=INFO REPORT==== 3-Dec-2015::18:21:07 ===
           ts_client:(5:<0.275.0>) Server must have closed connection upon us, waiting 10 msec

=INFO REPORT==== 3-Dec-2015::18:21:07 ===
           ts_client:(4:<0.248.0>) connection close while sending message !

=INFO REPORT==== 3-Dec-2015::18:21:07 ===
           ts_client:(5:<0.248.0>) Server must have closed connection upon us, waiting 10 msec

=INFO REPORT==== 3-Dec-2015::18:21:07 ===
           ts_client:(4:<0.250.0>) connection close while sending message !

=INFO REPORT==== 3-Dec-2015::18:21:07 ===
           ts_client:(5:<0.250.0>) Server must have closed connection upon us, waiting 10 msec

=INFO REPORT==== 3-Dec-2015::18:21:08 ===
           ts_client:(4:<0.226.0>) connection close while sending message !

=INFO REPORT==== 3-Dec-2015::18:21:08 ===
           ts_client:(5:<0.226.0>) Server must have closed connection upon us, waiting 10 msec

=INFO REPORT==== 3-Dec-2015::18:21:08 ===
           ts_client:(4:<0.292.0>) connection close while sending message !

=INFO REPORT==== 3-Dec-2015::18:21:08 ===
           ts_client:(5:<0.292.0>) Server must have closed connection upon us, waiting 10 msec

=INFO REPORT==== 3-Dec-2015::18:21:09 ===
           ts_client:(4:<0.239.0>) connection close while sending message !

=INFO REPORT==== 3-Dec-2015::18:21:09 ===
           ts_client:(5:<0.239.0>) Server must have closed connection upon us, waiting 10 msec

=INFO REPORT==== 3-Dec-2015::18:21:09 ===
           ts_client:(4:<0.157.0>) connection close while sending message !

=INFO REPORT==== 3-Dec-2015::18:21:09 ===
           ts_client:(5:<0.157.0>) Server must have closed connection upon us, waiting 10 msec

=INFO REPORT==== 3-Dec-2015::18:21:09 ===
           ts_client:(4:<0.214.0>) connection close while sending message !

=INFO REPORT==== 3-Dec-2015::18:21:09 ===
           ts_client:(5:<0.214.0>) Server must have closed connection upon us, waiting 10 msec

=INFO REPORT==== 3-Dec-2015::18:21:09 ===
           ts_client:(4:<0.233.0>) connection close while sending message !

=INFO REPORT==== 3-Dec-2015::18:21:09 ===
           ts_client:(5:<0.233.0>) Server must have closed connection upon us, waiting 10 msec

=INFO REPORT==== 3-Dec-2015::18:21:09 ===
           ts_client:(4:<0.302.0>) connection close while sending message !

=INFO REPORT==== 3-Dec-2015::18:21:09 ===
           ts_client:(5:<0.302.0>) Server must have closed connection upon us, waiting 10 msec

=INFO REPORT==== 3-Dec-2015::18:21:09 ===
           ts_client:(4:<0.326.0>) connection close while sending message !

=INFO REPORT==== 3-Dec-2015::18:21:09 ===
           ts_client:(5:<0.326.0>) Server must have closed connection upon us, waiting 10 msec

=INFO REPORT==== 3-Dec-2015::18:21:10 ===
           ts_client:(4:<0.276.0>) connection close while sending message !

=INFO REPORT==== 3-Dec-2015::18:21:10 ===
           ts_client:(5:<0.276.0>) Server must have closed connection upon us, waiting 10 msec

=INFO REPORT==== 3-Dec-2015::18:21:11 ===
           ts_client:(4:<0.342.0>) connection close while sending message !

=INFO REPORT==== 3-Dec-2015::18:21:11 ===
           ts_client:(5:<0.342.0>) Server must have closed connection upon us, waiting 10 msec

=INFO REPORT==== 3-Dec-2015::18:21:11 ===
           ts_client:(4:<0.428.0>) connection close while sending message !

=INFO REPORT==== 3-Dec-2015::18:21:11 ===
           ts_client:(5:<0.428.0>) Server must have closed connection upon us, waiting 10 msec

=INFO REPORT==== 3-Dec-2015::18:21:11 ===
           ts_client:(4:<0.175.0>) connection close while sending message !

=INFO REPORT==== 3-Dec-2015::18:21:11 ===
           ts_client:(5:<0.175.0>) Server must have closed connection upon us, waiting 10 msec

=INFO REPORT==== 3-Dec-2015::18:21:12 ===
           ts_client:(4:<0.311.0>) connection close while sending message !

=INFO REPORT==== 3-Dec-2015::18:21:12 ===
           ts_client:(5:<0.311.0>) Server must have closed connection upon us, waiting 10 msec

=INFO REPORT==== 3-Dec-2015::18:21:12 ===
           ts_client:(4:<0.290.0>) connection close while sending message !

=INFO REPORT==== 3-Dec-2015::18:21:12 ===
           ts_client:(5:<0.290.0>) Server must have closed connection upon us, waiting 10 msec

=INFO REPORT==== 3-Dec-2015::18:21:12 ===
           ts_client:(4:<0.301.0>) connection close while sending message !

=INFO REPORT==== 3-Dec-2015::18:21:12 ===
           ts_client:(5:<0.301.0>) Server must have closed connection upon us, waiting 10 msec

=INFO REPORT==== 3-Dec-2015::18:21:13 ===
           ts_client:(4:<0.247.0>) connection close while sending message !

=INFO REPORT==== 3-Dec-2015::18:21:13 ===
           ts_client:(5:<0.247.0>) Server must have closed connection upon us, waiting 10 msec

=INFO REPORT==== 3-Dec-2015::18:21:13 ===
           ts_client:(4:<0.296.0>) connection close while sending message !

=INFO REPORT==== 3-Dec-2015::18:21:13 ===
           ts_client:(5:<0.296.0>) Server must have closed connection upon us, waiting 10 msec

=INFO REPORT==== 3-Dec-2015::18:21:13 ===
           ts_client:(4:<0.312.0>) connection close while sending message !

=INFO REPORT==== 3-Dec-2015::18:21:13 ===
           ts_client:(5:<0.312.0>) Server must have closed connection upon us, waiting 10 msec

=INFO REPORT==== 3-Dec-2015::18:21:13 ===
           ts_client:(4:<0.258.0>) connection close while sending message !

=INFO REPORT==== 3-Dec-2015::18:21:13 ===
           ts_client:(5:<0.258.0>) Server must have closed connection upon us, waiting 10 msec

=INFO REPORT==== 3-Dec-2015::18:21:14 ===
           ts_client:(4:<0.298.0>) connection close while sending message !

=INFO REPORT==== 3-Dec-2015::18:21:14 ===
           ts_client:(5:<0.298.0>) Server must have closed connection upon us, waiting 10 msec

=INFO REPORT==== 3-Dec-2015::18:21:14 ===
           ts_client:(4:<0.297.0>) connection close while sending message !

=INFO REPORT==== 3-Dec-2015::18:21:14 ===
           ts_client:(5:<0.297.0>) Server must have closed connection upon us, waiting 10 msec

=INFO REPORT==== 3-Dec-2015::18:21:14 ===
           ts_client:(4:<0.412.0>) connection close while sending message !

=INFO REPORT==== 3-Dec-2015::18:21:14 ===
           ts_client:(5:<0.412.0>) Server must have closed connection upon us, waiting 10 msec

=INFO REPORT==== 3-Dec-2015::18:21:14 ===
           ts_client:(4:<0.345.0>) connection close while sending message !

=INFO REPORT==== 3-Dec-2015::18:21:14 ===
           ts_client:(5:<0.345.0>) Server must have closed connection upon us, waiting 10 msec

=INFO REPORT==== 3-Dec-2015::18:21:14 ===
           ts_client:(4:<0.281.0>) connection close while sending message !

=INFO REPORT==== 3-Dec-2015::18:21:14 ===
           ts_client:(5:<0.281.0>) Server must have closed connection upon us, waiting 10 msec

=INFO REPORT==== 3-Dec-2015::18:21:14 ===
           ts_client:(4:<0.225.0>) connection close while sending message !

=INFO REPORT==== 3-Dec-2015::18:21:14 ===
           ts_client:(5:<0.225.0>) Server must have closed connection upon us, waiting 10 msec

=INFO REPORT==== 3-Dec-2015::18:21:15 ===
           ts_client:(4:<0.420.0>) connection close while sending message !

=INFO REPORT==== 3-Dec-2015::18:21:15 ===
           ts_client:(5:<0.420.0>) Server must have closed connection upon us, waiting 10 msec

=INFO REPORT==== 3-Dec-2015::18:21:15 ===
           ts_client:(4:<0.321.0>) connection close while sending message !

=INFO REPORT==== 3-Dec-2015::18:21:15 ===
           ts_client:(5:<0.321.0>) Server must have closed connection upon us, waiting 10 msec

=INFO REPORT==== 3-Dec-2015::18:21:15 ===
           ts_client:(4:<0.282.0>) connection close while sending message !

=INFO REPORT==== 3-Dec-2015::18:21:15 ===
           ts_client:(5:<0.282.0>) Server must have closed connection upon us, waiting 10 msec

=INFO REPORT==== 3-Dec-2015::18:21:15 ===
           ts_client:(4:<0.299.0>) connection close while sending message !

=INFO REPORT==== 3-Dec-2015::18:21:15 ===
           ts_client:(5:<0.299.0>) Server must have closed connection upon us, waiting 10 msec

=INFO REPORT==== 3-Dec-2015::18:21:15 ===
           ts_client:(4:<0.288.0>) connection close while sending message !

=INFO REPORT==== 3-Dec-2015::18:21:15 ===
           ts_client:(5:<0.288.0>) Server must have closed connection upon us, waiting 10 msec

=INFO REPORT==== 3-Dec-2015::18:21:15 ===
           ts_client:(4:<0.328.0>) connection close while sending message !

=INFO REPORT==== 3-Dec-2015::18:21:15 ===
           ts_client:(5:<0.328.0>) Server must have closed connection upon us, waiting 10 msec

=INFO REPORT==== 3-Dec-2015::18:21:16 ===
           ts_client:(4:<0.224.0>) connection close while sending message !

=INFO REPORT==== 3-Dec-2015::18:21:16 ===
           ts_client:(5:<0.224.0>) Server must have closed connection upon us, waiting 10 msec

=INFO REPORT==== 3-Dec-2015::18:21:16 ===
           ts_client:(4:<0.359.0>) connection close while sending message !

=INFO REPORT==== 3-Dec-2015::18:21:16 ===
           ts_client:(5:<0.359.0>) Server must have closed connection upon us, waiting 10 msec

=INFO REPORT==== 3-Dec-2015::18:21:16 ===
           ts_client:(4:<0.361.0>) connection close while sending message !

=INFO REPORT==== 3-Dec-2015::18:21:16 ===
           ts_client:(5:<0.361.0>) Server must have closed connection upon us, waiting 10 msec

=INFO REPORT==== 3-Dec-2015::18:21:16 ===
           ts_client:(4:<0.333.0>) connection close while sending message !

=INFO REPORT==== 3-Dec-2015::18:21:16 ===
           ts_client:(5:<0.333.0>) Server must have closed connection upon us, waiting 10 msec

=INFO REPORT==== 3-Dec-2015::18:21:18 ===
           ts_client:(4:<0.323.0>) connection close while sending message !

=INFO REPORT==== 3-Dec-2015::18:21:18 ===
           ts_client:(5:<0.323.0>) Server must have closed connection upon us, waiting 10 msec

=INFO REPORT==== 3-Dec-2015::18:21:18 ===
           ts_client:(4:<0.200.0>) connection close while sending message !

=INFO REPORT==== 3-Dec-2015::18:21:18 ===
           ts_client:(5:<0.200.0>) Server must have closed connection upon us, waiting 10 msec

=INFO REPORT==== 3-Dec-2015::18:21:18 ===
           ts_client:(4:<0.334.0>) connection close while sending message !

=INFO REPORT==== 3-Dec-2015::18:21:18 ===
           ts_client:(5:<0.334.0>) Server must have closed connection upon us, waiting 10 msec

=INFO REPORT==== 3-Dec-2015::18:21:18 ===
           ts_client:(4:<0.360.0>) connection close while sending message !

=INFO REPORT==== 3-Dec-2015::18:21:18 ===
           ts_client:(5:<0.360.0>) Server must have closed connection upon us, waiting 10 msec

=INFO REPORT==== 3-Dec-2015::18:21:18 ===
           ts_client:(4:<0.293.0>) connection close while sending message !

=INFO REPORT==== 3-Dec-2015::18:21:18 ===
           ts_client:(5:<0.293.0>) Server must have closed connection upon us, waiting 10 msec

=INFO REPORT==== 3-Dec-2015::18:21:20 ===
           ts_client:(4:<0.308.0>) connection close while sending message !

=INFO REPORT==== 3-Dec-2015::18:21:20 ===
           ts_client:(5:<0.308.0>) Server must have closed connection upon us, waiting 10 msec

=INFO REPORT==== 3-Dec-2015::18:21:20 ===
           ts_client:(4:<0.390.0>) connection close while sending message !

=INFO REPORT==== 3-Dec-2015::18:21:20 ===
           ts_client:(5:<0.390.0>) Server must have closed connection upon us, waiting 10 msec

=INFO REPORT==== 3-Dec-2015::18:21:20 ===
           ts_client:(4:<0.519.0>) connection close while sending message !

=INFO REPORT==== 3-Dec-2015::18:21:20 ===
           ts_client:(5:<0.519.0>) Server must have closed connection upon us, waiting 10 msec

=INFO REPORT==== 3-Dec-2015::18:21:20 ===
         ts_launcher:(4:<0.74.0>) Need to wait 0.234 sec before changing phase, going to sleep

=INFO REPORT==== 3-Dec-2015::18:21:21 ===
           ts_client:(4:<0.370.0>) connection close while sending message !

=INFO REPORT==== 3-Dec-2015::18:21:21 ===
           ts_client:(5:<0.370.0>) Server must have closed connection upon us, waiting 10 msec

=INFO REPORT==== 3-Dec-2015::18:21:21 ===
           ts_client:(4:<0.295.0>) connection close while sending message !

=INFO REPORT==== 3-Dec-2015::18:21:21 ===
           ts_client:(5:<0.295.0>) Server must have closed connection upon us, waiting 10 msec

=INFO REPORT==== 3-Dec-2015::18:21:21 ===
           ts_client:(4:<0.427.0>) connection close while sending message !

=INFO REPORT==== 3-Dec-2015::18:21:21 ===
           ts_client:(5:<0.427.0>) Server must have closed connection upon us, waiting 10 msec

=INFO REPORT==== 3-Dec-2015::18:21:21 ===
         ts_launcher:(5:<0.74.0>) Waking up

=INFO REPORT==== 3-Dec-2015::18:21:21 ===
         ts_launcher:(5:<0.74.0>) Start a new arrival phase (330 users, 0.022); expected duration=15.0 sec

=INFO REPORT==== 3-Dec-2015::18:21:21 ===
           ts_client:(4:<0.407.0>) connection close while sending message !

=INFO REPORT==== 3-Dec-2015::18:21:21 ===
           ts_client:(5:<0.407.0>) Server must have closed connection upon us, waiting 10 msec

=INFO REPORT==== 3-Dec-2015::18:21:21 ===
           ts_client:(4:<0.336.0>) connection close while sending message !

=INFO REPORT==== 3-Dec-2015::18:21:21 ===
           ts_client:(5:<0.336.0>) Server must have closed connection upon us, waiting 10 msec

=INFO REPORT==== 3-Dec-2015::18:21:21 ===
           ts_client:(4:<0.271.0>) connection close while sending message !

=INFO REPORT==== 3-Dec-2015::18:21:21 ===
           ts_client:(5:<0.271.0>) Server must have closed connection upon us, waiting 10 msec

=INFO REPORT==== 3-Dec-2015::18:21:21 ===
           ts_client:(4:<0.232.0>) connection close while sending message !

=INFO REPORT==== 3-Dec-2015::18:21:21 ===
           ts_client:(5:<0.232.0>) Server must have closed connection upon us, waiting 10 msec

=INFO REPORT==== 3-Dec-2015::18:21:21 ===
           ts_client:(4:<0.367.0>) connection close while sending message !

=INFO REPORT==== 3-Dec-2015::18:21:21 ===
           ts_client:(5:<0.367.0>) Server must have closed connection upon us, waiting 10 msec

=INFO REPORT==== 3-Dec-2015::18:21:22 ===
           ts_client:(4:<0.330.0>) connection close while sending message !

=INFO REPORT==== 3-Dec-2015::18:21:22 ===
           ts_client:(5:<0.330.0>) Server must have closed connection upon us, waiting 10 msec

=INFO REPORT==== 3-Dec-2015::18:21:23 ===
           ts_client:(4:<0.477.0>) connection close while sending message !

=INFO REPORT==== 3-Dec-2015::18:21:23 ===
           ts_client:(5:<0.477.0>) Server must have closed connection upon us, waiting 10 msec

=INFO REPORT==== 3-Dec-2015::18:21:24 ===
           ts_client:(4:<0.331.0>) connection close while sending message !

=INFO REPORT==== 3-Dec-2015::18:21:24 ===
           ts_client:(5:<0.331.0>) Server must have closed connection upon us, waiting 10 msec

=INFO REPORT==== 3-Dec-2015::18:21:24 ===
           ts_client:(4:<0.587.0>) connection close while sending message !

=INFO REPORT==== 3-Dec-2015::18:21:24 ===
           ts_client:(5:<0.587.0>) Server must have closed connection upon us, waiting 10 msec

=INFO REPORT==== 3-Dec-2015::18:21:24 ===
           ts_client:(4:<0.648.0>) connection close while sending message !

=INFO REPORT==== 3-Dec-2015::18:21:24 ===
           ts_client:(5:<0.648.0>) Server must have closed connection upon us, waiting 10 msec

=INFO REPORT==== 3-Dec-2015::18:21:24 ===
           ts_client:(4:<0.349.0>) connection close while sending message !

=INFO REPORT==== 3-Dec-2015::18:21:24 ===
           ts_client:(5:<0.349.0>) Server must have closed connection upon us, waiting 10 msec

=INFO REPORT==== 3-Dec-2015::18:21:24 ===
           ts_client:(4:<0.320.0>) connection close while sending message !

=INFO REPORT==== 3-Dec-2015::18:21:24 ===
           ts_client:(5:<0.320.0>) Server must have closed connection upon us, waiting 10 msec

=INFO REPORT==== 3-Dec-2015::18:21:24 ===
           ts_client:(4:<0.399.0>) connection close while sending message !

=INFO REPORT==== 3-Dec-2015::18:21:24 ===
           ts_client:(5:<0.399.0>) Server must have closed connection upon us, waiting 10 msec

=INFO REPORT==== 3-Dec-2015::18:21:24 ===
           ts_client:(4:<0.324.0>) connection close while sending message !

=INFO REPORT==== 3-Dec-2015::18:21:24 ===
           ts_client:(5:<0.324.0>) Server must have closed connection upon us, waiting 10 msec

=INFO REPORT==== 3-Dec-2015::18:21:25 ===
           ts_client:(4:<0.284.0>) connection close while sending message !

=INFO REPORT==== 3-Dec-2015::18:21:25 ===
           ts_client:(5:<0.284.0>) Server must have closed connection upon us, waiting 10 msec

=INFO REPORT==== 3-Dec-2015::18:21:25 ===
           ts_client:(4:<0.375.0>) connection close while sending message !

=INFO REPORT==== 3-Dec-2015::18:21:25 ===
           ts_client:(5:<0.375.0>) Server must have closed connection upon us, waiting 10 msec

=INFO REPORT==== 3-Dec-2015::18:21:25 ===
           ts_client:(4:<0.270.0>) connection close while sending message !

=INFO REPORT==== 3-Dec-2015::18:21:25 ===
           ts_client:(5:<0.270.0>) Server must have closed connection upon us, waiting 10 msec

=INFO REPORT==== 3-Dec-2015::18:21:25 ===
           ts_client:(4:<0.429.0>) connection close while sending message !

=INFO REPORT==== 3-Dec-2015::18:21:25 ===
           ts_client:(5:<0.429.0>) Server must have closed connection upon us, waiting 10 msec

=INFO REPORT==== 3-Dec-2015::18:21:26 ===
           ts_client:(4:<0.580.0>) connection close while sending message !

=INFO REPORT==== 3-Dec-2015::18:21:26 ===
           ts_client:(5:<0.580.0>) Server must have closed connection upon us, waiting 10 msec

=INFO REPORT==== 3-Dec-2015::18:21:26 ===
           ts_client:(4:<0.458.0>) connection close while sending message !

=INFO REPORT==== 3-Dec-2015::18:21:26 ===
           ts_client:(5:<0.458.0>) Server must have closed connection upon us, waiting 10 msec

=INFO REPORT==== 3-Dec-2015::18:21:26 ===
           ts_client:(4:<0.410.0>) connection close while sending message !

=INFO REPORT==== 3-Dec-2015::18:21:26 ===
           ts_client:(5:<0.410.0>) Server must have closed connection upon us, waiting 10 msec

=INFO REPORT==== 3-Dec-2015::18:21:26 ===
           ts_client:(4:<0.406.0>) connection close while sending message !

=INFO REPORT==== 3-Dec-2015::18:21:26 ===
           ts_client:(5:<0.406.0>) Server must have closed connection upon us, waiting 10 msec

=INFO REPORT==== 3-Dec-2015::18:21:26 ===
           ts_client:(4:<0.338.0>) connection close while sending message !

=INFO REPORT==== 3-Dec-2015::18:21:26 ===
           ts_client:(5:<0.338.0>) Server must have closed connection upon us, waiting 10 msec

=INFO REPORT==== 3-Dec-2015::18:21:26 ===
           ts_client:(4:<0.304.0>) connection close while sending message !

=INFO REPORT==== 3-Dec-2015::18:21:26 ===
           ts_client:(5:<0.304.0>) Server must have closed connection upon us, waiting 10 msec

=INFO REPORT==== 3-Dec-2015::18:21:26 ===
           ts_client:(4:<0.286.0>) connection close while sending message !

=INFO REPORT==== 3-Dec-2015::18:21:26 ===
           ts_client:(5:<0.286.0>) Server must have closed connection upon us, waiting 10 msec

=INFO REPORT==== 3-Dec-2015::18:21:26 ===
           ts_client:(4:<0.419.0>) connection close while sending message !

=INFO REPORT==== 3-Dec-2015::18:21:26 ===
           ts_client:(5:<0.419.0>) Server must have closed connection upon us, waiting 10 msec

=INFO REPORT==== 3-Dec-2015::18:21:26 ===
           ts_client:(4:<0.582.0>) connection close while sending message !

=INFO REPORT==== 3-Dec-2015::18:21:26 ===
           ts_client:(5:<0.582.0>) Server must have closed connection upon us, waiting 10 msec

=INFO REPORT==== 3-Dec-2015::18:21:27 ===
           ts_client:(4:<0.325.0>) connection close while sending message !

=INFO REPORT==== 3-Dec-2015::18:21:27 ===
           ts_client:(5:<0.325.0>) Server must have closed connection upon us, waiting 10 msec

=INFO REPORT==== 3-Dec-2015::18:21:27 ===
           ts_client:(4:<0.346.0>) connection close while sending message !

=INFO REPORT==== 3-Dec-2015::18:21:27 ===
           ts_client:(5:<0.346.0>) Server must have closed connection upon us, waiting 10 msec

=INFO REPORT==== 3-Dec-2015::18:21:27 ===
           ts_client:(4:<0.314.0>) connection close while sending message !

=INFO REPORT==== 3-Dec-2015::18:21:27 ===
           ts_client:(5:<0.314.0>) Server must have closed connection upon us, waiting 10 msec

=INFO REPORT==== 3-Dec-2015::18:21:27 ===
           ts_client:(4:<0.277.0>) connection close while sending message !

=INFO REPORT==== 3-Dec-2015::18:21:27 ===
           ts_client:(5:<0.277.0>) Server must have closed connection upon us, waiting 10 msec

=INFO REPORT==== 3-Dec-2015::18:21:27 ===
           ts_client:(4:<0.438.0>) connection close while sending message !

=INFO REPORT==== 3-Dec-2015::18:21:27 ===
           ts_client:(5:<0.438.0>) Server must have closed connection upon us, waiting 10 msec

=INFO REPORT==== 3-Dec-2015::18:21:27 ===
           ts_client:(4:<0.434.0>) connection close while sending message !

=INFO REPORT==== 3-Dec-2015::18:21:27 ===
           ts_client:(5:<0.434.0>) Server must have closed connection upon us, waiting 10 msec

=INFO REPORT==== 3-Dec-2015::18:21:27 ===
           ts_client:(4:<0.469.0>) connection close while sending message !

=INFO REPORT==== 3-Dec-2015::18:21:27 ===
           ts_client:(5:<0.469.0>) Server must have closed connection upon us, waiting 10 msec

=INFO REPORT==== 3-Dec-2015::18:21:27 ===
           ts_client:(4:<0.442.0>) connection close while sending message !

=INFO REPORT==== 3-Dec-2015::18:21:27 ===
           ts_client:(5:<0.442.0>) Server must have closed connection upon us, waiting 10 msec

=INFO REPORT==== 3-Dec-2015::18:21:27 ===
           ts_client:(4:<0.306.0>) connection close while sending message !

=INFO REPORT==== 3-Dec-2015::18:21:27 ===
           ts_client:(5:<0.306.0>) Server must have closed connection upon us, waiting 10 msec

=INFO REPORT==== 3-Dec-2015::18:21:27 ===
           ts_client:(4:<0.464.0>) connection close while sending message !

=INFO REPORT==== 3-Dec-2015::18:21:27 ===
           ts_client:(5:<0.464.0>) Server must have closed connection upon us, waiting 10 msec

=INFO REPORT==== 3-Dec-2015::18:21:28 ===
           ts_client:(4:<0.385.0>) connection close while sending message !

=INFO REPORT==== 3-Dec-2015::18:21:28 ===
           ts_client:(5:<0.385.0>) Server must have closed connection upon us, waiting 10 msec

=INFO REPORT==== 3-Dec-2015::18:21:28 ===
           ts_client:(4:<0.377.0>) connection close while sending message !

=INFO REPORT==== 3-Dec-2015::18:21:28 ===
           ts_client:(5:<0.377.0>) Server must have closed connection upon us, waiting 10 msec

=INFO REPORT==== 3-Dec-2015::18:21:28 ===
           ts_client:(4:<0.386.0>) connection close while sending message !

=INFO REPORT==== 3-Dec-2015::18:21:28 ===
           ts_client:(5:<0.386.0>) Server must have closed connection upon us, waiting 10 msec

=INFO REPORT==== 3-Dec-2015::18:21:28 ===
           ts_client:(4:<0.245.0>) connection close while sending message !

=INFO REPORT==== 3-Dec-2015::18:21:28 ===
           ts_client:(5:<0.245.0>) Server must have closed connection upon us, waiting 10 msec

=INFO REPORT==== 3-Dec-2015::18:21:28 ===
           ts_client:(4:<0.544.0>) connection close while sending message !

=INFO REPORT==== 3-Dec-2015::18:21:28 ===
           ts_client:(5:<0.544.0>) Server must have closed connection upon us, waiting 10 msec

=INFO REPORT==== 3-Dec-2015::18:21:28 ===
           ts_client:(4:<0.675.0>) connection close while sending message !

=INFO REPORT==== 3-Dec-2015::18:21:28 ===
           ts_client:(5:<0.675.0>) Server must have closed connection upon us, waiting 10 msec

=INFO REPORT==== 3-Dec-2015::18:21:28 ===
           ts_client:(4:<0.507.0>) connection close while sending message !

=INFO REPORT==== 3-Dec-2015::18:21:28 ===
           ts_client:(5:<0.507.0>) Server must have closed connection upon us, waiting 10 msec

=INFO REPORT==== 3-Dec-2015::18:21:29 ===
           ts_client:(4:<0.479.0>) connection close while sending message !

=INFO REPORT==== 3-Dec-2015::18:21:29 ===
           ts_client:(5:<0.479.0>) Server must have closed connection upon us, waiting 10 msec

=INFO REPORT==== 3-Dec-2015::18:21:29 ===
           ts_client:(4:<0.373.0>) connection close while sending message !

=INFO REPORT==== 3-Dec-2015::18:21:29 ===
           ts_client:(5:<0.373.0>) Server must have closed connection upon us, waiting 10 msec

=INFO REPORT==== 3-Dec-2015::18:21:29 ===
           ts_client:(4:<0.559.0>) connection close while sending message !

=INFO REPORT==== 3-Dec-2015::18:21:29 ===
           ts_client:(5:<0.559.0>) Server must have closed connection upon us, waiting 10 msec

=INFO REPORT==== 3-Dec-2015::18:21:29 ===
           ts_client:(4:<0.564.0>) connection close while sending message !

=INFO REPORT==== 3-Dec-2015::18:21:29 ===
           ts_client:(5:<0.564.0>) Server must have closed connection upon us, waiting 10 msec

=INFO REPORT==== 3-Dec-2015::18:21:30 ===
           ts_client:(4:<0.347.0>) connection close while sending message !

=INFO REPORT==== 3-Dec-2015::18:21:30 ===
           ts_client:(5:<0.347.0>) Server must have closed connection upon us, waiting 10 msec

=INFO REPORT==== 3-Dec-2015::18:21:30 ===
           ts_client:(4:<0.384.0>) connection close while sending message !

=INFO REPORT==== 3-Dec-2015::18:21:30 ===
           ts_client:(5:<0.384.0>) Server must have closed connection upon us, waiting 10 msec

=INFO REPORT==== 3-Dec-2015::18:21:30 ===
           ts_client:(4:<0.601.0>) connection close while sending message !

=INFO REPORT==== 3-Dec-2015::18:21:30 ===
           ts_client:(5:<0.601.0>) Server must have closed connection upon us, waiting 10 msec

=INFO REPORT==== 3-Dec-2015::18:21:30 ===
           ts_client:(4:<0.408.0>) connection close while sending message !

=INFO REPORT==== 3-Dec-2015::18:21:30 ===
           ts_client:(5:<0.408.0>) Server must have closed connection upon us, waiting 10 msec

=INFO REPORT==== 3-Dec-2015::18:21:30 ===
           ts_client:(4:<0.490.0>) connection close while sending message !

=INFO REPORT==== 3-Dec-2015::18:21:30 ===
           ts_client:(5:<0.490.0>) Server must have closed connection upon us, waiting 10 msec

=INFO REPORT==== 3-Dec-2015::18:21:30 ===
           ts_client:(4:<0.489.0>) connection close while sending message !

=INFO REPORT==== 3-Dec-2015::18:21:30 ===
           ts_client:(5:<0.489.0>) Server must have closed connection upon us, waiting 10 msec

=INFO REPORT==== 3-Dec-2015::18:21:31 ===
           ts_client:(4:<0.356.0>) connection close while sending message !

=INFO REPORT==== 3-Dec-2015::18:21:31 ===
           ts_client:(5:<0.356.0>) Server must have closed connection upon us, waiting 10 msec

=INFO REPORT==== 3-Dec-2015::18:21:31 ===
           ts_client:(4:<0.576.0>) connection close while sending message !

=INFO REPORT==== 3-Dec-2015::18:21:31 ===
           ts_client:(5:<0.576.0>) Server must have closed connection upon us, waiting 10 msec

=INFO REPORT==== 3-Dec-2015::18:21:32 ===
           ts_client:(4:<0.685.0>) connection close while sending message !

=INFO REPORT==== 3-Dec-2015::18:21:32 ===
           ts_client:(5:<0.685.0>) Server must have closed connection upon us, waiting 10 msec

=INFO REPORT==== 3-Dec-2015::18:21:34 ===
           ts_client:(4:<0.737.0>) connection close while sending message !

=INFO REPORT==== 3-Dec-2015::18:21:34 ===
           ts_client:(5:<0.737.0>) Server must have closed connection upon us, waiting 10 msec

=INFO REPORT==== 3-Dec-2015::18:21:34 ===
           ts_client:(4:<0.537.0>) connection close while sending message !

=INFO REPORT==== 3-Dec-2015::18:21:34 ===
           ts_client:(5:<0.537.0>) Server must have closed connection upon us, waiting 10 msec

=INFO REPORT==== 3-Dec-2015::18:21:34 ===
           ts_client:(4:<0.495.0>) connection close while sending message !

=INFO REPORT==== 3-Dec-2015::18:21:34 ===
           ts_client:(5:<0.495.0>) Server must have closed connection upon us, waiting 10 msec

=INFO REPORT==== 3-Dec-2015::18:21:34 ===
           ts_client:(4:<0.653.0>) connection close while sending message !

=INFO REPORT==== 3-Dec-2015::18:21:34 ===
           ts_client:(5:<0.653.0>) Server must have closed connection upon us, waiting 10 msec

=INFO REPORT==== 3-Dec-2015::18:21:34 ===
           ts_client:(4:<0.527.0>) connection close while sending message !

=INFO REPORT==== 3-Dec-2015::18:21:34 ===
           ts_client:(5:<0.527.0>) Server must have closed connection upon us, waiting 10 msec

=INFO REPORT==== 3-Dec-2015::18:21:34 ===
           ts_client:(4:<0.651.0>) connection close while sending message !

=INFO REPORT==== 3-Dec-2015::18:21:34 ===
           ts_client:(5:<0.651.0>) Server must have closed connection upon us, waiting 10 msec

=INFO REPORT==== 3-Dec-2015::18:21:34 ===
           ts_client:(4:<0.627.0>) connection close while sending message !

=INFO REPORT==== 3-Dec-2015::18:21:34 ===
           ts_client:(5:<0.627.0>) Server must have closed connection upon us, waiting 10 msec

=INFO REPORT==== 3-Dec-2015::18:21:35 ===
           ts_client:(4:<0.579.0>) connection close while sending message !

=INFO REPORT==== 3-Dec-2015::18:21:35 ===
           ts_client:(5:<0.579.0>) Server must have closed connection upon us, waiting 10 msec

=INFO REPORT==== 3-Dec-2015::18:21:35 ===
           ts_client:(4:<0.238.0>) connection close while sending message !

=INFO REPORT==== 3-Dec-2015::18:21:35 ===
           ts_client:(5:<0.238.0>) Server must have closed connection upon us, waiting 10 msec

=INFO REPORT==== 3-Dec-2015::18:21:35 ===
           ts_client:(4:<0.394.0>) connection close while sending message !

=INFO REPORT==== 3-Dec-2015::18:21:35 ===
           ts_client:(5:<0.394.0>) Server must have closed connection upon us, waiting 10 msec

=INFO REPORT==== 3-Dec-2015::18:21:35 ===
           ts_client:(4:<0.761.0>) connection close while sending message !

=INFO REPORT==== 3-Dec-2015::18:21:35 ===
           ts_client:(5:<0.761.0>) Server must have closed connection upon us, waiting 10 msec

=INFO REPORT==== 3-Dec-2015::18:21:35 ===
           ts_client:(4:<0.448.0>) connection close while sending message !

=INFO REPORT==== 3-Dec-2015::18:21:35 ===
           ts_client:(5:<0.448.0>) Server must have closed connection upon us, waiting 10 msec

=INFO REPORT==== 3-Dec-2015::18:21:35 ===
           ts_client:(4:<0.341.0>) connection close while sending message !

=INFO REPORT==== 3-Dec-2015::18:21:35 ===
           ts_client:(5:<0.341.0>) Server must have closed connection upon us, waiting 10 msec

=INFO REPORT==== 3-Dec-2015::18:21:35 ===
           ts_client:(4:<0.742.0>) connection close while sending message !

=INFO REPORT==== 3-Dec-2015::18:21:35 ===
           ts_client:(5:<0.742.0>) Server must have closed connection upon us, waiting 10 msec

=INFO REPORT==== 3-Dec-2015::18:21:35 ===
           ts_client:(4:<0.641.0>) connection close while sending message !

=INFO REPORT==== 3-Dec-2015::18:21:35 ===
           ts_client:(5:<0.641.0>) Server must have closed connection upon us, waiting 10 msec

=INFO REPORT==== 3-Dec-2015::18:21:35 ===
           ts_client:(4:<0.547.0>) connection close while sending message !

=INFO REPORT==== 3-Dec-2015::18:21:35 ===
           ts_client:(5:<0.547.0>) Server must have closed connection upon us, waiting 10 msec

=INFO REPORT==== 3-Dec-2015::18:21:35 ===
           ts_client:(4:<0.401.0>) connection close while sending message !

=INFO REPORT==== 3-Dec-2015::18:21:35 ===
           ts_client:(5:<0.401.0>) Server must have closed connection upon us, waiting 10 msec

=INFO REPORT==== 3-Dec-2015::18:21:36 ===
         ts_launcher:(5:<0.74.0>) Phase duration exceeded, but not all users were launched (15 users, 4.5% of phase)

=INFO REPORT==== 3-Dec-2015::18:21:36 ===
         ts_launcher:(5:<0.74.0>) Start a new arrival phase (450 users, 0.03); expected duration=15.0 sec

=INFO REPORT==== 3-Dec-2015::18:21:36 ===
           ts_client:(4:<0.362.0>) connection close while sending message !

=INFO REPORT==== 3-Dec-2015::18:21:36 ===
           ts_client:(5:<0.362.0>) Server must have closed connection upon us, waiting 10 msec

=INFO REPORT==== 3-Dec-2015::18:21:36 ===
           ts_client:(4:<0.309.0>) connection close while sending message !

=INFO REPORT==== 3-Dec-2015::18:21:36 ===
           ts_client:(5:<0.309.0>) Server must have closed connection upon us, waiting 10 msec

=INFO REPORT==== 3-Dec-2015::18:21:36 ===
           ts_client:(4:<0.867.0>) connection close while sending message !

=INFO REPORT==== 3-Dec-2015::18:21:36 ===
           ts_client:(5:<0.867.0>) Server must have closed connection upon us, waiting 10 msec

=INFO REPORT==== 3-Dec-2015::18:21:36 ===
           ts_client:(4:<0.574.0>) connection close while sending message !

=INFO REPORT==== 3-Dec-2015::18:21:36 ===
           ts_client:(5:<0.574.0>) Server must have closed connection upon us, waiting 10 msec

=INFO REPORT==== 3-Dec-2015::18:21:37 ===
           ts_client:(4:<0.447.0>) connection close while sending message !

=INFO REPORT==== 3-Dec-2015::18:21:37 ===
           ts_client:(5:<0.447.0>) Server must have closed connection upon us, waiting 10 msec

=INFO REPORT==== 3-Dec-2015::18:21:37 ===
           ts_client:(4:<0.590.0>) connection close while sending message !

=INFO REPORT==== 3-Dec-2015::18:21:37 ===
           ts_client:(5:<0.590.0>) Server must have closed connection upon us, waiting 10 msec

=INFO REPORT==== 3-Dec-2015::18:21:37 ===
           ts_client:(4:<0.818.0>) connection close while sending message !

=INFO REPORT==== 3-Dec-2015::18:21:37 ===
           ts_client:(5:<0.818.0>) Server must have closed connection upon us, waiting 10 msec

=INFO REPORT==== 3-Dec-2015::18:21:37 ===
           ts_client:(4:<0.829.0>) connection close while sending message !

=INFO REPORT==== 3-Dec-2015::18:21:37 ===
           ts_client:(5:<0.829.0>) Server must have closed connection upon us, waiting 10 msec

=INFO REPORT==== 3-Dec-2015::18:21:37 ===
           ts_client:(4:<0.383.0>) connection close while sending message !

=INFO REPORT==== 3-Dec-2015::18:21:37 ===
           ts_client:(5:<0.383.0>) Server must have closed connection upon us, waiting 10 msec

=INFO REPORT==== 3-Dec-2015::18:21:37 ===
           ts_client:(4:<0.350.0>) connection close while sending message !

=INFO REPORT==== 3-Dec-2015::18:21:37 ===
           ts_client:(5:<0.350.0>) Server must have closed connection upon us, waiting 10 msec

=INFO REPORT==== 3-Dec-2015::18:21:37 ===
           ts_client:(4:<0.565.0>) connection close while sending message !

=INFO REPORT==== 3-Dec-2015::18:21:37 ===
           ts_client:(5:<0.565.0>) Server must have closed connection upon us, waiting 10 msec

=INFO REPORT==== 3-Dec-2015::18:21:38 ===
           ts_client:(4:<0.930.0>) connection close while sending message !

=INFO REPORT==== 3-Dec-2015::18:21:38 ===
           ts_client:(5:<0.930.0>) Server must have closed connection upon us, waiting 10 msec

=INFO REPORT==== 3-Dec-2015::18:21:38 ===
           ts_client:(4:<0.476.0>) connection close while sending message !

=INFO REPORT==== 3-Dec-2015::18:21:38 ===
           ts_client:(5:<0.476.0>) Server must have closed connection upon us, waiting 10 msec

=INFO REPORT==== 3-Dec-2015::18:21:38 ===
           ts_client:(4:<0.453.0>) connection close while sending message !

=INFO REPORT==== 3-Dec-2015::18:21:38 ===
           ts_client:(5:<0.453.0>) Server must have closed connection upon us, waiting 10 msec

=INFO REPORT==== 3-Dec-2015::18:21:38 ===
           ts_client:(4:<0.707.0>) connection close while sending message !

=INFO REPORT==== 3-Dec-2015::18:21:38 ===
           ts_client:(5:<0.707.0>) Server must have closed connection upon us, waiting 10 msec

=INFO REPORT==== 3-Dec-2015::18:21:38 ===
           ts_client:(4:<0.462.0>) connection close while sending message !

=INFO REPORT==== 3-Dec-2015::18:21:38 ===
           ts_client:(5:<0.462.0>) Server must have closed connection upon us, waiting 10 msec

=INFO REPORT==== 3-Dec-2015::18:21:39 ===
           ts_client:(4:<0.322.0>) connection close while sending message !

=INFO REPORT==== 3-Dec-2015::18:21:39 ===
           ts_client:(5:<0.322.0>) Server must have closed connection upon us, waiting 10 msec

=INFO REPORT==== 3-Dec-2015::18:21:39 ===
           ts_client:(4:<0.199.0>) connection close while sending message !

=INFO REPORT==== 3-Dec-2015::18:21:39 ===
           ts_client:(5:<0.199.0>) Server must have closed connection upon us, waiting 10 msec

=INFO REPORT==== 3-Dec-2015::18:21:39 ===
           ts_client:(4:<0.614.0>) connection close while sending message !

=INFO REPORT==== 3-Dec-2015::18:21:39 ===
           ts_client:(5:<0.614.0>) Server must have closed connection upon us, waiting 10 msec

=INFO REPORT==== 3-Dec-2015::18:21:39 ===
           ts_client:(4:<0.584.0>) connection close while sending message !

=INFO REPORT==== 3-Dec-2015::18:21:39 ===
           ts_client:(5:<0.584.0>) Server must have closed connection upon us, waiting 10 msec

=INFO REPORT==== 3-Dec-2015::18:21:39 ===
           ts_client:(4:<0.634.0>) connection close while sending message !

=INFO REPORT==== 3-Dec-2015::18:21:39 ===
           ts_client:(5:<0.634.0>) Server must have closed connection upon us, waiting 10 msec

=INFO REPORT==== 3-Dec-2015::18:21:39 ===
           ts_client:(4:<0.339.0>) connection close while sending message !

=INFO REPORT==== 3-Dec-2015::18:21:39 ===
           ts_client:(5:<0.339.0>) Server must have closed connection upon us, waiting 10 msec

=INFO REPORT==== 3-Dec-2015::18:21:39 ===
           ts_client:(4:<0.758.0>) connection close while sending message !

=INFO REPORT==== 3-Dec-2015::18:21:39 ===
           ts_client:(5:<0.758.0>) Server must have closed connection upon us, waiting 10 msec

=INFO REPORT==== 3-Dec-2015::18:21:39 ===
           ts_client:(4:<0.904.0>) connection close while sending message !

=INFO REPORT==== 3-Dec-2015::18:21:39 ===
           ts_client:(5:<0.904.0>) Server must have closed connection upon us, waiting 10 msec

=INFO REPORT==== 3-Dec-2015::18:21:39 ===
           ts_client:(4:<0.716.0>) connection close while sending message !

=INFO REPORT==== 3-Dec-2015::18:21:39 ===
           ts_client:(5:<0.716.0>) Server must have closed connection upon us, waiting 10 msec

=INFO REPORT==== 3-Dec-2015::18:21:39 ===
           ts_client:(4:<0.455.0>) connection close while sending message !

=INFO REPORT==== 3-Dec-2015::18:21:39 ===
           ts_client:(5:<0.455.0>) Server must have closed connection upon us, waiting 10 msec

=INFO REPORT==== 3-Dec-2015::18:21:39 ===
           ts_client:(4:<0.431.0>) connection close while sending message !

=INFO REPORT==== 3-Dec-2015::18:21:39 ===
           ts_client:(5:<0.431.0>) Server must have closed connection upon us, waiting 10 msec

=INFO REPORT==== 3-Dec-2015::18:21:40 ===
           ts_client:(4:<0.355.0>) connection close while sending message !

=INFO REPORT==== 3-Dec-2015::18:21:40 ===
           ts_client:(5:<0.355.0>) Server must have closed connection upon us, waiting 10 msec

=INFO REPORT==== 3-Dec-2015::18:21:40 ===
           ts_client:(4:<0.487.0>) connection close while sending message !

=INFO REPORT==== 3-Dec-2015::18:21:40 ===
           ts_client:(5:<0.487.0>) Server must have closed connection upon us, waiting 10 msec

=INFO REPORT==== 3-Dec-2015::18:21:40 ===
           ts_client:(4:<0.684.0>) connection close while sending message !

=INFO REPORT==== 3-Dec-2015::18:21:40 ===
           ts_client:(5:<0.684.0>) Server must have closed connection upon us, waiting 10 msec

=INFO REPORT==== 3-Dec-2015::18:21:40 ===
           ts_client:(4:<0.249.0>) connection close while sending message !

=INFO REPORT==== 3-Dec-2015::18:21:40 ===
           ts_client:(5:<0.249.0>) Server must have closed connection upon us, waiting 10 msec

=INFO REPORT==== 3-Dec-2015::18:21:40 ===
           ts_client:(4:<0.529.0>) connection close while sending message !

=INFO REPORT==== 3-Dec-2015::18:21:40 ===
           ts_client:(5:<0.529.0>) Server must have closed connection upon us, waiting 10 msec

=INFO REPORT==== 3-Dec-2015::18:21:40 ===
           ts_client:(4:<0.369.0>) connection close while sending message !

=INFO REPORT==== 3-Dec-2015::18:21:40 ===
           ts_client:(5:<0.369.0>) Server must have closed connection upon us, waiting 10 msec

=INFO REPORT==== 3-Dec-2015::18:21:40 ===
           ts_client:(4:<0.606.0>) connection close while sending message !

=INFO REPORT==== 3-Dec-2015::18:21:40 ===
           ts_client:(5:<0.606.0>) Server must have closed connection upon us, waiting 10 msec

=INFO REPORT==== 3-Dec-2015::18:21:41 ===
           ts_client:(4:<0.592.0>) connection close while sending message !

=INFO REPORT==== 3-Dec-2015::18:21:41 ===
           ts_client:(5:<0.592.0>) Server must have closed connection upon us, waiting 10 msec

=INFO REPORT==== 3-Dec-2015::18:21:41 ===
           ts_client:(4:<0.659.0>) connection close while sending message !

=INFO REPORT==== 3-Dec-2015::18:21:41 ===
           ts_client:(5:<0.659.0>) Server must have closed connection upon us, waiting 10 msec

=INFO REPORT==== 3-Dec-2015::18:21:42 ===
           ts_client:(4:<0.391.0>) connection close while sending message !

=INFO REPORT==== 3-Dec-2015::18:21:42 ===
           ts_client:(5:<0.391.0>) Server must have closed connection upon us, waiting 10 msec

=INFO REPORT==== 3-Dec-2015::18:21:42 ===
           ts_client:(4:<0.834.0>) connection close while sending message !

=INFO REPORT==== 3-Dec-2015::18:21:42 ===
           ts_client:(5:<0.834.0>) Server must have closed connection upon us, waiting 10 msec

=INFO REPORT==== 3-Dec-2015::18:21:42 ===
           ts_client:(4:<0.876.0>) connection close while sending message !

=INFO REPORT==== 3-Dec-2015::18:21:42 ===
           ts_client:(5:<0.876.0>) Server must have closed connection upon us, waiting 10 msec

=INFO REPORT==== 3-Dec-2015::18:21:42 ===
           ts_client:(4:<0.839.0>) connection close while sending message !

=INFO REPORT==== 3-Dec-2015::18:21:42 ===
           ts_client:(5:<0.839.0>) Server must have closed connection upon us, waiting 10 msec

=INFO REPORT==== 3-Dec-2015::18:21:43 ===
           ts_client:(4:<0.686.0>) connection close while sending message !

=INFO REPORT==== 3-Dec-2015::18:21:43 ===
           ts_client:(5:<0.686.0>) Server must have closed connection upon us, waiting 10 msec

=INFO REPORT==== 3-Dec-2015::18:21:43 ===
           ts_client:(4:<0.941.0>) connection close while sending message !

=INFO REPORT==== 3-Dec-2015::18:21:43 ===
           ts_client:(5:<0.941.0>) Server must have closed connection upon us, waiting 10 msec

=INFO REPORT==== 3-Dec-2015::18:21:43 ===
           ts_client:(4:<0.807.0>) connection close while sending message !

=INFO REPORT==== 3-Dec-2015::18:21:43 ===
           ts_client:(5:<0.807.0>) Server must have closed connection upon us, waiting 10 msec

=INFO REPORT==== 3-Dec-2015::18:21:43 ===
           ts_client:(4:<0.1027.0>) connection close while sending message !

=INFO REPORT==== 3-Dec-2015::18:21:43 ===
           ts_client:(5:<0.1027.0>) Server must have closed connection upon us, waiting 10 msec

=INFO REPORT==== 3-Dec-2015::18:21:43 ===
           ts_client:(4:<0.1050.0>) connection close while sending message !

=INFO REPORT==== 3-Dec-2015::18:21:43 ===
           ts_client:(5:<0.1050.0>) Server must have closed connection upon us, waiting 10 msec

=INFO REPORT==== 3-Dec-2015::18:21:44 ===
           ts_client:(4:<0.980.0>) connection close while sending message !

=INFO REPORT==== 3-Dec-2015::18:21:44 ===
           ts_client:(5:<0.980.0>) Server must have closed connection upon us, waiting 10 msec

=INFO REPORT==== 3-Dec-2015::18:21:44 ===
           ts_client:(4:<0.702.0>) connection close while sending message !

=INFO REPORT==== 3-Dec-2015::18:21:44 ===
           ts_client:(5:<0.702.0>) Server must have closed connection upon us, waiting 10 msec

=INFO REPORT==== 3-Dec-2015::18:21:44 ===
           ts_client:(4:<0.781.0>) connection close while sending message !

=INFO REPORT==== 3-Dec-2015::18:21:44 ===
           ts_client:(5:<0.781.0>) Server must have closed connection upon us, waiting 10 msec

=INFO REPORT==== 3-Dec-2015::18:21:44 ===
           ts_client:(4:<0.897.0>) connection close while sending message !

=INFO REPORT==== 3-Dec-2015::18:21:44 ===
           ts_client:(5:<0.897.0>) Server must have closed connection upon us, waiting 10 msec

=INFO REPORT==== 3-Dec-2015::18:21:44 ===
           ts_client:(4:<0.656.0>) connection close while sending message !

=INFO REPORT==== 3-Dec-2015::18:21:44 ===
           ts_client:(5:<0.656.0>) Server must have closed connection upon us, waiting 10 msec

=INFO REPORT==== 3-Dec-2015::18:21:44 ===
           ts_client:(4:<0.708.0>) connection close while sending message !

=INFO REPORT==== 3-Dec-2015::18:21:44 ===
           ts_client:(5:<0.708.0>) Server must have closed connection upon us, waiting 10 msec

=INFO REPORT==== 3-Dec-2015::18:21:44 ===
           ts_client:(4:<0.548.0>) connection close while sending message !

=INFO REPORT==== 3-Dec-2015::18:21:44 ===
           ts_client:(5:<0.548.0>) Server must have closed connection upon us, waiting 10 msec

=INFO REPORT==== 3-Dec-2015::18:21:44 ===
           ts_client:(4:<0.720.0>) connection close while sending message !

=INFO REPORT==== 3-Dec-2015::18:21:44 ===
           ts_client:(5:<0.720.0>) Server must have closed connection upon us, waiting 10 msec

=INFO REPORT==== 3-Dec-2015::18:21:44 ===
           ts_client:(4:<0.343.0>) connection close while sending message !

=INFO REPORT==== 3-Dec-2015::18:21:44 ===
           ts_client:(5:<0.343.0>) Server must have closed connection upon us, waiting 10 msec

=INFO REPORT==== 3-Dec-2015::18:21:45 ===
           ts_client:(4:<0.793.0>) connection close while sending message !

=INFO REPORT==== 3-Dec-2015::18:21:45 ===
           ts_client:(5:<0.793.0>) Server must have closed connection upon us, waiting 10 msec

=INFO REPORT==== 3-Dec-2015::18:21:45 ===
           ts_client:(4:<0.925.0>) connection close while sending message !

=INFO REPORT==== 3-Dec-2015::18:21:45 ===
           ts_client:(5:<0.925.0>) Server must have closed connection upon us, waiting 10 msec

=INFO REPORT==== 3-Dec-2015::18:21:45 ===
           ts_client:(4:<0.414.0>) connection close while sending message !

=INFO REPORT==== 3-Dec-2015::18:21:45 ===
           ts_client:(5:<0.414.0>) Server must have closed connection upon us, waiting 10 msec

=INFO REPORT==== 3-Dec-2015::18:21:45 ===
           ts_client:(4:<0.747.0>) connection close while sending message !

=INFO REPORT==== 3-Dec-2015::18:21:45 ===
           ts_client:(5:<0.747.0>) Server must have closed connection upon us, waiting 10 msec

=INFO REPORT==== 3-Dec-2015::18:21:45 ===
           ts_client:(4:<0.256.0>) connection close while sending message !

=INFO REPORT==== 3-Dec-2015::18:21:45 ===
           ts_client:(5:<0.256.0>) Server must have closed connection upon us, waiting 10 msec

=INFO REPORT==== 3-Dec-2015::18:21:46 ===
           ts_client:(4:<0.287.0>) connection close while sending message !

=INFO REPORT==== 3-Dec-2015::18:21:46 ===
           ts_client:(5:<0.287.0>) Server must have closed connection upon us, waiting 10 msec

=INFO REPORT==== 3-Dec-2015::18:21:46 ===
           ts_client:(4:<0.319.0>) connection close while sending message !

=INFO REPORT==== 3-Dec-2015::18:21:46 ===
           ts_client:(5:<0.319.0>) Server must have closed connection upon us, waiting 10 msec

=INFO REPORT==== 3-Dec-2015::18:21:46 ===
           ts_client:(4:<0.1001.0>) connection close while sending message !

=INFO REPORT==== 3-Dec-2015::18:21:46 ===
           ts_client:(5:<0.1001.0>) Server must have closed connection upon us, waiting 10 msec

=INFO REPORT==== 3-Dec-2015::18:21:46 ===
           ts_client:(4:<0.695.0>) connection close while sending message !

=INFO REPORT==== 3-Dec-2015::18:21:46 ===
           ts_client:(5:<0.695.0>) Server must have closed connection upon us, waiting 10 msec

=INFO REPORT==== 3-Dec-2015::18:21:46 ===
           ts_client:(4:<0.889.0>) connection close while sending message !

=INFO REPORT==== 3-Dec-2015::18:21:46 ===
           ts_client:(5:<0.889.0>) Server must have closed connection upon us, waiting 10 msec

=INFO REPORT==== 3-Dec-2015::18:21:46 ===
           ts_client:(4:<0.819.0>) connection close while sending message !

=INFO REPORT==== 3-Dec-2015::18:21:46 ===
           ts_client:(5:<0.819.0>) Server must have closed connection upon us, waiting 10 msec

=INFO REPORT==== 3-Dec-2015::18:21:47 ===
           ts_client:(4:<0.706.0>) connection close while sending message !

=INFO REPORT==== 3-Dec-2015::18:21:47 ===
           ts_client:(5:<0.706.0>) Server must have closed connection upon us, waiting 10 msec

=INFO REPORT==== 3-Dec-2015::18:21:47 ===
           ts_client:(4:<0.727.0>) connection close while sending message !

=INFO REPORT==== 3-Dec-2015::18:21:47 ===
           ts_client:(5:<0.727.0>) Server must have closed connection upon us, waiting 10 msec

=INFO REPORT==== 3-Dec-2015::18:21:47 ===
           ts_client:(4:<0.858.0>) connection close while sending message !

=INFO REPORT==== 3-Dec-2015::18:21:47 ===
           ts_client:(5:<0.858.0>) Server must have closed connection upon us, waiting 10 msec

=INFO REPORT==== 3-Dec-2015::18:21:47 ===
           ts_client:(4:<0.838.0>) connection close while sending message !

=INFO REPORT==== 3-Dec-2015::18:21:47 ===
           ts_client:(5:<0.838.0>) Server must have closed connection upon us, waiting 10 msec

=INFO REPORT==== 3-Dec-2015::18:21:47 ===
           ts_client:(4:<0.817.0>) connection close while sending message !

=INFO REPORT==== 3-Dec-2015::18:21:47 ===
           ts_client:(5:<0.817.0>) Server must have closed connection upon us, waiting 10 msec

=INFO REPORT==== 3-Dec-2015::18:21:47 ===
           ts_client:(4:<0.1030.0>) connection close while sending message !

=INFO REPORT==== 3-Dec-2015::18:21:47 ===
           ts_client:(5:<0.1030.0>) Server must have closed connection upon us, waiting 10 msec

=INFO REPORT==== 3-Dec-2015::18:21:48 ===
           ts_client:(4:<0.872.0>) connection close while sending message !

=INFO REPORT==== 3-Dec-2015::18:21:48 ===
           ts_client:(5:<0.872.0>) Server must have closed connection upon us, waiting 10 msec

=INFO REPORT==== 3-Dec-2015::18:21:48 ===
           ts_client:(4:<0.808.0>) connection close while sending message !

=INFO REPORT==== 3-Dec-2015::18:21:48 ===
           ts_client:(5:<0.808.0>) Server must have closed connection upon us, waiting 10 msec

=INFO REPORT==== 3-Dec-2015::18:21:48 ===
           ts_client:(4:<0.1065.0>) connection close while sending message !

=INFO REPORT==== 3-Dec-2015::18:21:48 ===
           ts_client:(5:<0.1065.0>) Server must have closed connection upon us, waiting 10 msec

=INFO REPORT==== 3-Dec-2015::18:21:48 ===
           ts_client:(4:<0.586.0>) connection close while sending message !

=INFO REPORT==== 3-Dec-2015::18:21:48 ===
           ts_client:(5:<0.586.0>) Server must have closed connection upon us, waiting 10 msec

=INFO REPORT==== 3-Dec-2015::18:21:49 ===
           ts_client:(4:<0.608.0>) connection close while sending message !

=INFO REPORT==== 3-Dec-2015::18:21:49 ===
           ts_client:(5:<0.608.0>) Server must have closed connection upon us, waiting 10 msec

=INFO REPORT==== 3-Dec-2015::18:21:49 ===
           ts_client:(4:<0.757.0>) connection close while sending message !

=INFO REPORT==== 3-Dec-2015::18:21:49 ===
           ts_client:(5:<0.757.0>) Server must have closed connection upon us, waiting 10 msec

=INFO REPORT==== 3-Dec-2015::18:21:49 ===
           ts_client:(4:<0.833.0>) connection close while sending message !

=INFO REPORT==== 3-Dec-2015::18:21:49 ===
           ts_client:(5:<0.833.0>) Server must have closed connection upon us, waiting 10 msec

=INFO REPORT==== 3-Dec-2015::18:21:49 ===
           ts_client:(4:<0.931.0>) connection close while sending message !

=INFO REPORT==== 3-Dec-2015::18:21:49 ===
           ts_client:(5:<0.931.0>) Server must have closed connection upon us, waiting 10 msec

=INFO REPORT==== 3-Dec-2015::18:21:49 ===
           ts_client:(4:<0.683.0>) connection close while sending message !

=INFO REPORT==== 3-Dec-2015::18:21:49 ===
           ts_client:(5:<0.683.0>) Server must have closed connection upon us, waiting 10 msec

=INFO REPORT==== 3-Dec-2015::18:21:49 ===
           ts_client:(4:<0.766.0>) connection close while sending message !

=INFO REPORT==== 3-Dec-2015::18:21:49 ===
           ts_client:(5:<0.766.0>) Server must have closed connection upon us, waiting 10 msec

=INFO REPORT==== 3-Dec-2015::18:21:50 ===
           ts_client:(4:<0.777.0>) connection close while sending message !

=INFO REPORT==== 3-Dec-2015::18:21:50 ===
           ts_client:(5:<0.777.0>) Server must have closed connection upon us, waiting 10 msec

=INFO REPORT==== 3-Dec-2015::18:21:50 ===
           ts_client:(4:<0.481.0>) connection close while sending message !

=INFO REPORT==== 3-Dec-2015::18:21:50 ===
           ts_client:(5:<0.481.0>) Server must have closed connection upon us, waiting 10 msec

=INFO REPORT==== 3-Dec-2015::18:21:50 ===
         ts_launcher:(5:<0.74.0>) This was the last phase, wait for connected users to finish their session

=INFO REPORT==== 3-Dec-2015::18:21:50 ===
     ts_launcher_mgr:(5:<0.69.0>) Still 1043 active client(s)

=INFO REPORT==== 3-Dec-2015::18:21:50 ===
           ts_client:(4:<0.1114.0>) connection close while sending message !

=INFO REPORT==== 3-Dec-2015::18:21:50 ===
           ts_client:(5:<0.1114.0>) Server must have closed connection upon us, waiting 10 msec

=INFO REPORT==== 3-Dec-2015::18:21:50 ===
           ts_client:(4:<0.1165.0>) connection close while sending message !

=INFO REPORT==== 3-Dec-2015::18:21:50 ===
           ts_client:(5:<0.1165.0>) Server must have closed connection upon us, waiting 10 msec

=INFO REPORT==== 3-Dec-2015::18:21:50 ===
           ts_client:(4:<0.616.0>) connection close while sending message !

=INFO REPORT==== 3-Dec-2015::18:21:50 ===
           ts_client:(5:<0.616.0>) Server must have closed connection upon us, waiting 10 msec

=INFO REPORT==== 3-Dec-2015::18:21:51 ===
           ts_client:(4:<0.1223.0>) connection close while sending message !

=INFO REPORT==== 3-Dec-2015::18:21:51 ===
           ts_client:(5:<0.1223.0>) Server must have closed connection upon us, waiting 10 msec

=INFO REPORT==== 3-Dec-2015::18:21:51 ===
           ts_client:(4:<0.1146.0>) connection close while sending message !

=INFO REPORT==== 3-Dec-2015::18:21:51 ===
           ts_client:(5:<0.1146.0>) Server must have closed connection upon us, waiting 10 msec

=INFO REPORT==== 3-Dec-2015::18:21:52 ===
           ts_client:(4:<0.1079.0>) connection close while sending message !

=INFO REPORT==== 3-Dec-2015::18:21:52 ===
           ts_client:(5:<0.1079.0>) Server must have closed connection upon us, waiting 10 msec

=INFO REPORT==== 3-Dec-2015::18:21:52 ===
           ts_client:(4:<0.811.0>) connection close while sending message !

=INFO REPORT==== 3-Dec-2015::18:21:52 ===
           ts_client:(5:<0.811.0>) Server must have closed connection upon us, waiting 10 msec

=INFO REPORT==== 3-Dec-2015::18:21:52 ===
           ts_client:(4:<0.415.0>) connection close while sending message !

=INFO REPORT==== 3-Dec-2015::18:21:52 ===
           ts_client:(5:<0.415.0>) Server must have closed connection upon us, waiting 10 msec

=INFO REPORT==== 3-Dec-2015::18:21:52 ===
           ts_client:(4:<0.1046.0>) connection close while sending message !

=INFO REPORT==== 3-Dec-2015::18:21:52 ===
           ts_client:(5:<0.1046.0>) Server must have closed connection upon us, waiting 10 msec

=INFO REPORT==== 3-Dec-2015::18:21:52 ===
           ts_client:(4:<0.971.0>) connection close while sending message !

=INFO REPORT==== 3-Dec-2015::18:21:52 ===
           ts_client:(5:<0.971.0>) Server must have closed connection upon us, waiting 10 msec

=INFO REPORT==== 3-Dec-2015::18:21:52 ===
           ts_client:(4:<0.890.0>) connection close while sending message !

=INFO REPORT==== 3-Dec-2015::18:21:52 ===
           ts_client:(5:<0.890.0>) Server must have closed connection upon us, waiting 10 msec

=INFO REPORT==== 3-Dec-2015::18:21:53 ===
           ts_client:(4:<0.1197.0>) connection close while sending message !

=INFO REPORT==== 3-Dec-2015::18:21:53 ===
           ts_client:(5:<0.1197.0>) Server must have closed connection upon us, waiting 10 msec

=INFO REPORT==== 3-Dec-2015::18:21:53 ===
           ts_client:(4:<0.1093.0>) connection close while sending message !

=INFO REPORT==== 3-Dec-2015::18:21:53 ===
           ts_client:(5:<0.1093.0>) Server must have closed connection upon us, waiting 10 msec

=INFO REPORT==== 3-Dec-2015::18:21:53 ===
           ts_client:(4:<0.1242.0>) connection close while sending message !

=INFO REPORT==== 3-Dec-2015::18:21:53 ===
           ts_client:(5:<0.1242.0>) Server must have closed connection upon us, waiting 10 msec

=INFO REPORT==== 3-Dec-2015::18:21:54 ===
           ts_client:(4:<0.1221.0>) connection close while sending message !

=INFO REPORT==== 3-Dec-2015::18:21:54 ===
           ts_client:(5:<0.1221.0>) Server must have closed connection upon us, waiting 10 msec

=INFO REPORT==== 3-Dec-2015::18:21:54 ===
           ts_client:(4:<0.703.0>) connection close while sending message !

=INFO REPORT==== 3-Dec-2015::18:21:54 ===
           ts_client:(5:<0.703.0>) Server must have closed connection upon us, waiting 10 msec

=INFO REPORT==== 3-Dec-2015::18:21:54 ===
           ts_client:(4:<0.1260.0>) connection close while sending message !

=INFO REPORT==== 3-Dec-2015::18:21:54 ===
           ts_client:(5:<0.1260.0>) Server must have closed connection upon us, waiting 10 msec

=INFO REPORT==== 3-Dec-2015::18:21:54 ===
           ts_client:(4:<0.1095.0>) connection close while sending message !

=INFO REPORT==== 3-Dec-2015::18:21:54 ===
           ts_client:(5:<0.1095.0>) Server must have closed connection upon us, waiting 10 msec

=INFO REPORT==== 3-Dec-2015::18:21:54 ===
           ts_client:(4:<0.1048.0>) connection close while sending message !

=INFO REPORT==== 3-Dec-2015::18:21:54 ===
           ts_client:(5:<0.1048.0>) Server must have closed connection upon us, waiting 10 msec

=INFO REPORT==== 3-Dec-2015::18:21:54 ===
           ts_client:(4:<0.1198.0>) connection close while sending message !

=INFO REPORT==== 3-Dec-2015::18:21:54 ===
           ts_client:(5:<0.1198.0>) Server must have closed connection upon us, waiting 10 msec

=INFO REPORT==== 3-Dec-2015::18:21:54 ===
           ts_client:(4:<0.910.0>) connection close while sending message !

=INFO REPORT==== 3-Dec-2015::18:21:54 ===
           ts_client:(5:<0.910.0>) Server must have closed connection upon us, waiting 10 msec

=INFO REPORT==== 3-Dec-2015::18:21:54 ===
           ts_client:(4:<0.933.0>) connection close while sending message !

=INFO REPORT==== 3-Dec-2015::18:21:54 ===
           ts_client:(5:<0.933.0>) Server must have closed connection upon us, waiting 10 msec

=INFO REPORT==== 3-Dec-2015::18:21:54 ===
           ts_client:(4:<0.591.0>) connection close while sending message !

=INFO REPORT==== 3-Dec-2015::18:21:54 ===
           ts_client:(5:<0.591.0>) Server must have closed connection upon us, waiting 10 msec

=INFO REPORT==== 3-Dec-2015::18:21:54 ===
           ts_client:(4:<0.522.0>) connection close while sending message !

=INFO REPORT==== 3-Dec-2015::18:21:54 ===
           ts_client:(5:<0.522.0>) Server must have closed connection upon us, waiting 10 msec

=INFO REPORT==== 3-Dec-2015::18:21:54 ===
           ts_client:(4:<0.831.0>) connection close while sending message !

=INFO REPORT==== 3-Dec-2015::18:21:54 ===
           ts_client:(5:<0.831.0>) Server must have closed connection upon us, waiting 10 msec

=INFO REPORT==== 3-Dec-2015::18:21:54 ===
           ts_client:(4:<0.1034.0>) connection close while sending message !

=INFO REPORT==== 3-Dec-2015::18:21:54 ===
           ts_client:(5:<0.1034.0>) Server must have closed connection upon us, waiting 10 msec

=INFO REPORT==== 3-Dec-2015::18:21:55 ===
           ts_client:(4:<0.1318.0>) connection close while sending message !

=INFO REPORT==== 3-Dec-2015::18:21:55 ===
           ts_client:(5:<0.1318.0>) Server must have closed connection upon us, waiting 10 msec

=INFO REPORT==== 3-Dec-2015::18:21:55 ===
           ts_client:(4:<0.1045.0>) connection close while sending message !

=INFO REPORT==== 3-Dec-2015::18:21:55 ===
           ts_client:(5:<0.1045.0>) Server must have closed connection upon us, waiting 10 msec

=INFO REPORT==== 3-Dec-2015::18:21:56 ===
           ts_client:(4:<0.1078.0>) connection close while sending message !

=INFO REPORT==== 3-Dec-2015::18:21:56 ===
           ts_client:(5:<0.1078.0>) Server must have closed connection upon us, waiting 10 msec

=INFO REPORT==== 3-Dec-2015::18:21:57 ===
           ts_client:(4:<0.1194.0>) connection close while sending message !

=INFO REPORT==== 3-Dec-2015::18:21:57 ===
           ts_client:(5:<0.1194.0>) Server must have closed connection upon us, waiting 10 msec

=INFO REPORT==== 3-Dec-2015::18:21:57 ===
           ts_client:(4:<0.1331.0>) connection close while sending message !

=INFO REPORT==== 3-Dec-2015::18:21:57 ===
           ts_client:(5:<0.1331.0>) Server must have closed connection upon us, waiting 10 msec

=INFO REPORT==== 3-Dec-2015::18:21:57 ===
           ts_client:(4:<0.1228.0>) connection close while sending message !

=INFO REPORT==== 3-Dec-2015::18:21:57 ===
           ts_client:(5:<0.1228.0>) Server must have closed connection upon us, waiting 10 msec

=INFO REPORT==== 3-Dec-2015::18:21:57 ===
           ts_client:(4:<0.1036.0>) connection close while sending message !

=INFO REPORT==== 3-Dec-2015::18:21:57 ===
           ts_client:(5:<0.1036.0>) Server must have closed connection upon us, waiting 10 msec

=INFO REPORT==== 3-Dec-2015::18:21:57 ===
           ts_client:(4:<0.1258.0>) connection close while sending message !

=INFO REPORT==== 3-Dec-2015::18:21:57 ===
           ts_client:(5:<0.1258.0>) Server must have closed connection upon us, waiting 10 msec

=INFO REPORT==== 3-Dec-2015::18:21:58 ===
           ts_client:(4:<0.1237.0>) connection close while sending message !

=INFO REPORT==== 3-Dec-2015::18:21:58 ===
           ts_client:(5:<0.1237.0>) Server must have closed connection upon us, waiting 10 msec

=INFO REPORT==== 3-Dec-2015::18:21:58 ===
           ts_client:(4:<0.1179.0>) connection close while sending message !

=INFO REPORT==== 3-Dec-2015::18:21:58 ===
           ts_client:(5:<0.1179.0>) Server must have closed connection upon us, waiting 10 msec

=INFO REPORT==== 3-Dec-2015::18:21:58 ===
           ts_client:(4:<0.1250.0>) connection close while sending message !

=INFO REPORT==== 3-Dec-2015::18:21:58 ===
           ts_client:(5:<0.1250.0>) Server must have closed connection upon us, waiting 10 msec

=INFO REPORT==== 3-Dec-2015::18:21:58 ===
           ts_client:(4:<0.914.0>) connection close while sending message !

=INFO REPORT==== 3-Dec-2015::18:21:58 ===
           ts_client:(5:<0.914.0>) Server must have closed connection upon us, waiting 10 msec

=INFO REPORT==== 3-Dec-2015::18:21:59 ===
           ts_client:(4:<0.1340.0>) connection close while sending message !

=INFO REPORT==== 3-Dec-2015::18:21:59 ===
           ts_client:(5:<0.1340.0>) Server must have closed connection upon us, waiting 10 msec

=INFO REPORT==== 3-Dec-2015::18:21:59 ===
           ts_client:(4:<0.788.0>) connection close while sending message !

=INFO REPORT==== 3-Dec-2015::18:21:59 ===
           ts_client:(5:<0.788.0>) Server must have closed connection upon us, waiting 10 msec

=INFO REPORT==== 3-Dec-2015::18:21:59 ===
           ts_client:(4:<0.1008.0>) connection close while sending message !

=INFO REPORT==== 3-Dec-2015::18:21:59 ===
           ts_client:(5:<0.1008.0>) Server must have closed connection upon us, waiting 10 msec

=INFO REPORT==== 3-Dec-2015::18:21:59 ===
           ts_client:(4:<0.1057.0>) connection close while sending message !

=INFO REPORT==== 3-Dec-2015::18:21:59 ===
           ts_client:(5:<0.1057.0>) Server must have closed connection upon us, waiting 10 msec

=INFO REPORT==== 3-Dec-2015::18:21:59 ===
           ts_client:(4:<0.1009.0>) connection close while sending message !

=INFO REPORT==== 3-Dec-2015::18:21:59 ===
           ts_client:(5:<0.1009.0>) Server must have closed connection upon us, waiting 10 msec

=INFO REPORT==== 3-Dec-2015::18:21:59 ===
           ts_client:(4:<0.907.0>) connection close while sending message !

=INFO REPORT==== 3-Dec-2015::18:21:59 ===
           ts_client:(5:<0.907.0>) Server must have closed connection upon us, waiting 10 msec

=INFO REPORT==== 3-Dec-2015::18:21:59 ===
           ts_client:(4:<0.1362.0>) connection close while sending message !

=INFO REPORT==== 3-Dec-2015::18:21:59 ===
           ts_client:(5:<0.1362.0>) Server must have closed connection upon us, waiting 10 msec

=INFO REPORT==== 3-Dec-2015::18:22:00 ===
           ts_client:(4:<0.1055.0>) connection close while sending message !

=INFO REPORT==== 3-Dec-2015::18:22:00 ===
           ts_client:(5:<0.1055.0>) Server must have closed connection upon us, waiting 10 msec

=INFO REPORT==== 3-Dec-2015::18:22:00 ===
           ts_client:(4:<0.993.0>) connection close while sending message !

=INFO REPORT==== 3-Dec-2015::18:22:00 ===
           ts_client:(5:<0.993.0>) Server must have closed connection upon us, waiting 10 msec

=INFO REPORT==== 3-Dec-2015::18:22:02 ===
           ts_client:(4:<0.1316.0>) connection close while sending message !

=INFO REPORT==== 3-Dec-2015::18:22:02 ===
           ts_client:(5:<0.1316.0>) Server must have closed connection upon us, waiting 10 msec

=INFO REPORT==== 3-Dec-2015::18:22:02 ===
           ts_client:(4:<0.1040.0>) connection close while sending message !

=INFO REPORT==== 3-Dec-2015::18:22:02 ===
           ts_client:(5:<0.1040.0>) Server must have closed connection upon us, waiting 10 msec

=INFO REPORT==== 3-Dec-2015::18:22:50 ===
     ts_launcher_mgr:(5:<0.69.0>) Still 119 active client(s)

=INFO REPORT==== 3-Dec-2015::18:23:50 ===
     ts_launcher_mgr:(5:<0.69.0>) Still 2 active client(s)

=INFO REPORT==== 3-Dec-2015::18:24:50 ===
     ts_launcher_mgr:(5:<0.69.0>) No more active users 'tsung_controller@ip-172-31-27-144' "2535"

=INFO REPORT==== 3-Dec-2015::18:24:50 ===
              ts_mon:(5:<0.40.0>) stopping monitor (normal)
