# stats: dump at 1449166790
stats: users 0 0
stats: users_count 0 0
stats: finish_users_count 0 0
# stats: dump at 1449166800
stats: users 12 12
stats: users_count 12 12
stats: finish_users_count 0 0
stats: request 30 347.2871500651042 383.36572100412855 1695.409912109375 7.109130859375 0 0
stats: page 19 521.3084267064146 396.1150498067408 1695.409912109375 46.368896484375 0 0
stats: connect 12 99.54563395182292 245.3169160937318 861.14501953125 1.619873046875 0 0
stats: 302 5 5
stats: 200 25 25
stats: size_rcv 147445 147445
stats: size_sent 11681 11681
stats: connected 12 12
# stats: dump at 1449166810
stats: users 23 23
stats: users_count 11 23
stats: finish_users_count 0 0
stats: request 73 214.65695232234592 261.3768215460376 1695.409912109375 7.06201171875 347.2871500651042 30
stats: page 42 382.59884207589283 353.71798766241864 1695.409912109375 11.43505859375 521.3084267064146 19
stats: connect 11 1.7874422940340908 0.11344726608005301 861.14501953125 1.619873046875 99.54563395182292 12
stats: 302 16 21
stats: 200 56 81
stats: size_rcv 331901 479346
stats: newphase 1 1
stats: size_sent 36123 47804
stats: connected 11 23
stats: 500 1 1
# stats: dump at 1449166820
stats: users 45 45
stats: users_count 22 45
stats: finish_users_count 0 0
stats: request 122 188.00521300268954 233.97552164496474 1695.409912109375 6.864013671875 253.28710700470268 103
stats: page 90 256.1665934244792 282.9936707811701 1695.409912109375 10.255859375 425.803466796875 61
stats: connect 22 1.8063077059659092 0.1079916365572559 861.14501953125 1.619873046875 52.79171620244565 23
stats: 302 16 37
stats: 200 106 187
stats: size_rcv 618718 1098064
stats: newphase 0 1
stats: size_sent 69219 117023
stats: connected 22 45
stats: 500 0 1
# stats: dump at 1449166830
stats: users 75 77
stats: session 5 32900.296630859375 3511.077553380841 37955.924072265625 28561.898193359375 0 0
stats: users_count 35 80
stats: finish_users_count 5 5
stats: request 172 276.85025379269615 382.2095201258527 2327.8349609375 6.829833984375 217.88981336805554 225
stats: page 120 396.838954671224 456.9647442051883 2327.8349609375 10.248046875 324.6953965749172 151
stats: connect 34 1.7549977022058822 0.0922259682218002 861.14501953125 1.592041015625 27.865516493055555 45
stats: 302 26 63
stats: 200 146 333
stats: size_rcv 847686 1945750
stats: newphase 1 2
stats: size_sent 93807 210830
stats: connected 30 75
stats: 500 0 1
# stats: dump at 1449166840
stats: users 120 120
stats: session 7 27137.148995535714 11432.226769239214 47116.661865234375 11804.75 32900.296630859375 5
stats: users_count 52 132
stats: finish_users_count 7 12
stats: request 303 170.17928221044747 203.07786639052 2327.8349609375 6.6669921875 243.43438705329027 397
stats: page 213 238.0760927871919 255.1310099939516 2327.8349609375 9.47607421875 356.64088355483165 271
stats: connect 49 1.71533203125 0.096635300688168 861.14501953125 1.583984375 16.628078026107595 79
stats: 302 44 107
stats: 200 259 592
stats: size_rcv 1477119 3422869
stats: newphase 1 3
stats: size_sent 181687 392517
stats: connected 41 116
stats: 500 0 1
# stats: dump at 1449166850
stats: users 166 167
stats: session 8 40607.07638549805 3948.4119479773863 49617.9580078125 11804.75 29538.460510253906 12
stats: users_count 54 186
stats: finish_users_count 8 20
stats: request 348 610.892060378502 307.07715314896353 2327.8349609375 6.6669921875 211.72539167131688 700
stats: page 249 834.0974003435615 603.3903774251401 3347.18603515625 9.47607421875 304.4625768740315 484
stats: connect 58 1.6892047750538792 0.08705491913270744 861.14501953125 1.556884765625 10.919292449951172 128
stats: 302 49 156
stats: 200 299 891
stats: size_rcv 1685643 5108512
stats: newphase 0 3
stats: size_sent 214050 606567
stats: connected 51 167
stats: 500 0 1
# stats: dump at 1449166860
stats: users 252 252
stats: session 13 32615.186410757207 11760.237615816042 51045.93701171875 11804.75 33965.90686035156 20
stats: users_count 99 285
stats: finish_users_count 13 33
stats: request 333 2030.1421748897335 1059.8563331178734 3750.705078125 1.364013671875 344.27310227255776 1048
stats: page 240 2301.918253580728 1414.0462299062085 8060.2509765625 1.41015625 484.3794541508568 733
stats: connect 102 1.7089197495404411 0.18536567123228156 861.14501953125 1.556884765625 8.041093067456318 186
stats: 302 38 194
stats: 200 273 1164
stats: size_rcv 1541980 6650492
stats: newphase 1 4
stats: size_sent 213230 819797
stats: connected 84 251
stats: 503 22 22
stats: 500 0 1
# stats: dump at 1449166870
stats: users 341 341
stats: session 30 39748.61640625 13987.126849485763 71033.93310546875 11804.75 33433.804865056816 33
stats: users_count 119 404
stats: finish_users_count 30 63
stats: request 714 1426.9258561334698 1463.8303195928675 4471.302978515625 0.0859375 750.7860647501244 1381
stats: page 469 2083.6036301472554 2649.2262368806896 9688.214111328125 0.0859375 932.6932381828909 973
stats: connect 135 1.7273980034722223 0.3278762903722125 861.14501953125 1.556884765625 5.7984483506944455 288
stats: 302 61 255
stats: 200 296 1460
stats: size_rcv 1818723 8469215
stats: newphase 1 5
stats: size_sent 305526 1125323
stats: connected 84 335
stats: 503 354 376
stats: 500 2 3
# stats: dump at 1449166880
stats: users 488 488
stats: session 26 46721.61171311599 17918.445776406083 79602.96801757813 8983.966064453125 36440.85797991072 63
stats: users_count 173 577
stats: finish_users_count 26 89
stats: request 1083 974.9604174331289 1677.970945684301 5115.23291015625 0.08203125 981.2222514077419 2095
stats: page 762 1379.6991527487296 2601.727823930357 11362.61083984375 0.08203125 1307.018462753825 1442
stats: connect 211 1.660788007257109 0.09242753849856561 861.14501953125 1.533935546875 4.499176963283097 423
stats: 302 40 295
stats: 200 239 1699
stats: size_rcv 1733116 10202331
stats: newphase 0 5
stats: size_sent 421865 1547188
stats: connected 146 481
stats: 503 800 1176
stats: 500 0 3
# stats: dump at 1449166890
stats: users 668 668
stats: session 36 44492.86732991537 12635.286828745537 79602.96801757813 8983.966064453125 39444.224239049334 89
stats: users_count 216 793
stats: finish_users_count 36 125
stats: request 1371 712.4506390750355 1212.4685252730458 5115.23291015625 0.074951171875 979.0883413402447 3178
stats: page 1007 1050.0243115088895 2164.122542998954 11787.732177734375 0.074951171875 1332.1467230878166 2204
stats: connect 274 1.6932399777600362 0.7216513602224393 861.14501953125 1.505126953125 3.5545396293375395 634
stats: 302 48 343
stats: 200 313 2012
stats: size_rcv 2214297 12416628
stats: newphase 1 6
stats: size_sent 521218 2068406
stats: connected 178 659
stats: 503 1003 2179
stats: 500 0 3
# stats: dump at 1449166900
stats: users 850 850
stats: session 66 42844.93960478812 16378.617127982521 85220.951171875 8983.966064453125 40898.23344921875 125
stats: users_count 248 1041
stats: finish_users_count 66 191
stats: request 1813 652.9161797769152 1348.159341408646 5707.720947265625 0.073974609375 898.7277588373646 4549
stats: page 1327 891.6181973627657 2103.1362955373493 11787.732177734375 0.073974609375 1243.6704638352537 3211
stats: connect 303 1.6784643796410887 0.5948433712619189 861.14501953125 1.505126953125 2.9928699106897025 908
stats: 302 51 394
stats: 200 317 2329
stats: size_rcv 2421762 14838390
stats: newphase 1 7
stats: size_sent 629740 2698146
stats: connected 174 833
stats: 503 1436 3615
stats: 500 1 4
# stats: dump at 1449166910
stats: users 1041 1043
stats: session 111 42276.419473184105 15454.305747134076 92884.98901367188 8983.966064453125 41570.917251666804 191
stats: users_count 302 1343
stats: finish_users_count 111 302
stats: request 1926 620.448690032167 1137.207439306574 5707.720947265625 0.073974609375 828.6780271749008 6362
stats: page 1435 850.1094612573504 1684.9695352026224 11787.732177734375 0.073974609375 1140.7234921276752 4538
stats: connect 406 1.6318678080741988 0.3157484374615919 861.14501953125 1.5 2.663997180790669 1211
stats: 302 54 448
stats: 200 384 2713
stats: size_rcv 2771254 17609644
stats: newphase 0 7
stats: size_sent 702508 3400654
stats: connected 181 1014
stats: 503 1425 5040
stats: 500 59 63
# stats: dump at 1449166920
stats: users 921 1043
stats: session 120 44816.25294799804 16529.624833713482 92884.98901367188 7437.899169921875 41830.22435957548 302
stats: users_count 0 1343
stats: finish_users_count 120 422
stats: request 1590 1115.2577897749586 1294.334842910664 6831.921875 0.073974609375 780.2888255174556 8288
stats: page 1259 1431.0185314175435 1658.3564096264115 11787.732177734375 0.073974609375 1070.9041158847626 5973
stats: connect 99 1.6866196141098482 0.10870614148653986 861.14501953125 1.4990234375 2.404847814480906 1617
stats: 302 74 522
stats: 200 687 3400
stats: size_rcv 3951132 21560776
stats: newphase 0 7
stats: size_sent 653710 4054364
stats: connected -112 902
stats: 503 784 5824
stats: 500 38 101
# stats: dump at 1449166930
stats: users 758 1043
stats: session 163 43811.36022724549 15124.624337072994 100009.97290039063 7437.899169921875 42679.332015051084 422
stats: users_count 0 1343
stats: finish_users_count 163 585
stats: request 1060 416.54118836600867 588.5136510677004 6831.921875 0.073974609375 834.2066887660311 9878
stats: page 1020 474.30607598996505 858.9183496273713 11787.732177734375 0.073974609375 1133.5954943631602 7232
stats: connect 17 1.8374885110294117 0.10784362386569905 861.14501953125 1.4990234375 2.3634115721518065 1716
stats: 302 20 542
stats: 200 968 4368
stats: size_rcv 5053928 26614704
stats: newphase 0 7
stats: size_sent 552168 4606532
stats: connected -145 757
stats: 503 71 5895
stats: 500 1 102
# stats: dump at 1449166940
stats: users 550 1043
stats: session 208 48573.941628089306 14544.979635094061 100009.97290039063 7437.899169921875 42994.75184169671 585
stats: users_count 0 1343
stats: finish_users_count 208 793
stats: request 536 15.429383690677472 11.572101728670916 6831.921875 0.073974609375 793.7307854542718 10938
stats: page 536 15.429383690677472 11.572101728670916 11787.732177734375 0.073974609375 1052.1031038226054 8252
stats: connect 5 1.781005859375 0.03587953619904928 861.14501953125 1.4990234375 2.358252488459319 1733
stats: 302 0 542
stats: 200 536 4904
stats: size_rcv 2719163 29333867
stats: newphase 0 7
stats: size_sent 328816 4935348
stats: connected -203 554
stats: 503 0 5895
stats: 500 0 102
# stats: dump at 1449166950
stats: users 367 1043
stats: session 183 52328.97775118466 15633.338301903426 107693.97192382813 7437.899169921875 44458.14588402919 793
stats: users_count 0 1343
stats: finish_users_count 183 976
stats: page 295 13.375331038135593 8.625116744449901 11787.732177734375 0.073974609375 988.8740284936666 8788
stats: request 295 13.375331038135593 8.625116744449901 6831.921875 0.073974609375 757.3729720199606 11474
stats: connect 0 0 0 861.14501953125 1.4990234375 2.356591824969433 1738
stats: 302 0 542
stats: 200 295 5199
stats: size_rcv 1501807 30835674
stats: newphase 0 7
stats: size_sent 174448 5109796
stats: connected -189 365
stats: 503 0 5895
stats: 500 0 102
# stats: dump at 1449166960
stats: users 221 1043
stats: session 146 61995.52353783177 14039.918200025197 107693.97192382813 7437.899169921875 45933.92685912084 976
stats: users_count 0 1343
stats: finish_users_count 146 1122
stats: request 180 12.113819715711811 7.79566464236937 6831.921875 0.073974609375 738.7240380332464 11769
stats: page 180 12.113819715711811 7.79566464236937 11787.732177734375 0.073974609375 957.1915319892757 9083
stats: connect 2 1.8045654296875 0.0145263671875 861.14501953125 1.4990234375 2.356591824969433 1738
stats: 302 0 542
stats: 200 180 5379
stats: size_rcv 905761 31741435
stats: newphase 0 7
stats: size_sent 108997 5218793
stats: connected -147 218
stats: 503 0 5895
stats: 500 0 102
# stats: dump at 1449166970
stats: users 119 1043
stats: session 102 70441.55746639478 14990.24288847105 134240.94213867188 7437.899169921875 48023.93854815096 1122
stats: users_count 0 1343
stats: finish_users_count 102 1224
stats: request 65 11.764625901442308 5.708938572945847 6831.921875 0.073974609375 727.7783656508583 11949
stats: page 65 11.764625901442308 5.708938572945847 11787.732177734375 0.073974609375 938.8266406787671 9263
stats: connect 3 1.8656412760416667 0.046912425606692294 861.14501953125 1.4990234375 2.355957311871408 1740
stats: 302 0 542
stats: 200 65 5444
stats: size_rcv 332932 32074367
stats: newphase 0 7
stats: size_sent 41550 5260343
stats: connected -101 117
stats: 503 0 5895
stats: 500 0 102
# stats: dump at 1449166980
stats: users 67 1043
stats: session 52 77052.66283240684 13010.460972920573 134240.94213867188 7437.899169921875 49892.07345800461 1224
stats: users_count 0 1343
stats: finish_users_count 52 1276
stats: request 44 11.916281960227273 6.105181743434452 6831.921875 0.073974609375 723.9044774301398 12014
stats: page 44 11.916281960227273 6.105181743434452 11787.732177734375 0.073974609375 932.3666244951772 9328
stats: connect 3 2.1509602864583335 0.36057470087306726 861.14501953125 1.4990234375 2.355113394425918 1743
stats: 302 0 542
stats: 200 44 5488
stats: size_rcv 221600 32295967
stats: newphase 0 7
stats: size_sent 24705 5285048
stats: connected -50 67
stats: 503 0 5895
stats: 500 0 102
# stats: dump at 1449166990
stats: users 32 1043
stats: session 35 85372.3673967634 10106.389510717114 134240.94213867188 7437.899169921875 50998.93133219655 1276
stats: users_count 0 1343
stats: finish_users_count 35 1311
stats: request 17 10.919548483455882 0.7755017451441949 6831.921875 0.073974609375 721.3064113660598 12058
stats: page 17 10.919548483455882 0.7755017451441949 11787.732177734375 0.073974609375 928.0452613846845 9372
stats: connect 1 1.718017578125 0.0 861.14501953125 1.4990234375 2.354762615889891 1746
stats: 302 0 542
stats: 200 17 5505
stats: size_rcv 84027 32379994
stats: newphase 0 7
stats: size_sent 10616 5295664
stats: connected -36 31
stats: 503 0 5895
stats: 500 0 102
# stats: dump at 1449167000
stats: users 22 1043
stats: session 10 95256.17644042968 7653.010496385828 134240.94213867188 7437.899169921875 51916.605063897434 1311
stats: users_count 0 1343
stats: finish_users_count 10 1321
stats: request 8 11.52386474609375 1.4024596511740994 6831.921875 0.073974609375 720.3062807930575 12075
stats: page 8 11.52386474609375 1.4024596511740994 11787.732177734375 0.073974609375 926.3846865503763 9389
stats: connect 1 1.97705078125 0.0 861.14501953125 1.4990234375 2.3543981367612337 1747
stats: 302 0 542
stats: 200 8 5513
stats: size_rcv 42185 32422179
stats: newphase 0 7
stats: size_sent 5438 5301102
stats: connected -10 21
stats: 503 0 5895
stats: 500 0 102
# stats: dump at 1449167010
stats: users 9 1043
stats: session 13 101850.94645808294 8842.467129726254 134240.94213867188 7437.899169921875 52244.686603462396 1321
stats: users_count 0 1343
stats: finish_users_count 13 1334
stats: request 2 11.9468994140625 0.5489501953125 6831.921875 0.073974609375 719.8370050065495 12083
stats: page 2 11.9468994140625 0.5489501953125 11787.732177734375 0.073974609375 925.6058330253752 9397
stats: connect 0 0 0 861.14501953125 1.4990234375 2.3541822629880578 1748
stats: 302 0 542
stats: 200 2 5515
stats: size_rcv 9759 32431938
stats: newphase 0 7
stats: size_sent 1735 5302837
stats: connected -13 8
stats: 503 0 5895
stats: 500 0 102
# stats: dump at 1449167020
stats: users 3 1043
stats: session 6 121079.7871907552 11156.604974734664 141991.98901367188 7437.899169921875 52728.10592738299 1334
stats: users_count 0 1343
stats: finish_users_count 6 1340
stats: request 2 11.383544921875 0.33349609375 6831.921875 0.073974609375 719.7198531479492 12085
stats: page 2 11.383544921875 0.33349609375 11787.732177734375 0.073974609375 925.4114168250111 9399
stats: connect 0 0 0 861.14501953125 1.4990234375 2.3541822629880578 1748
stats: 302 0 542
stats: 200 2 5517
stats: size_rcv 10266 32442204
stats: newphase 0 7
stats: size_sent 1360 5304197
stats: connected -5 3
stats: 503 0 5895
stats: 500 0 102
# stats: dump at 1449167030
stats: users 2 1043
stats: session 1 113887.00415039063 0.0 141991.98901367188 7437.899169921875 53034.15823154734 1340
stats: users_count 0 1343
stats: finish_users_count 1 1341
stats: request 0 0 0 6831.921875 0.073974609375 719.6026468422941 12087
stats: page 0 0 0 11787.732177734375 0.073974609375 925.2169634962369 9401
stats: connect 0 0 0 861.14501953125 1.4990234375 2.3541822629880578 1748
stats: 302 0 542
stats: 200 0 5517
stats: size_rcv 0 32442204
stats: newphase 0 7
stats: size_sent 0 5304197
stats: connected -1 2
stats: 503 0 5895
stats: 500 0 102
# stats: dump at 1449167040
stats: users 1 1043
stats: session 1 153229.95092773438 0.0 153229.95092773438 7437.899169921875 53079.536938421945 1341
stats: users_count 0 1343
stats: finish_users_count 1 1342
stats: request 0 0 0 6831.921875 0.073974609375 719.6026468422941 12087
stats: page 0 0 0 11787.732177734375 0.073974609375 925.2169634962369 9401
stats: connect 0 0 0 861.14501953125 1.4990234375 2.3541822629880578 1748
stats: 302 0 542
stats: 200 0 5517
stats: size_rcv 0 32442204
stats: newphase 0 7
stats: size_sent 0 5304197
stats: connected -1 1
stats: 503 0 5895
stats: 500 0 102
# stats: dump at 1449167050
stats: users 0 1043
stats: session 1 144366.90283203125 0.0 153229.95092773438 7437.899169921875 53154.164668667334 1342
stats: users_count 0 1343
stats: finish_users_count 1 1343
stats: request 0 0 0 6831.921875 0.073974609375 719.6026468422941 12087
stats: page 0 0 0 11787.732177734375 0.073974609375 925.2169634962369 9401
stats: connect 0 0 0 861.14501953125 1.4990234375 2.3541822629880578 1748
stats: 302 0 542
stats: 200 0 5517
stats: size_rcv 0 32442204
stats: newphase 0 7
stats: size_sent 0 5304197
stats: connected -1 0
stats: 503 0 5895
stats: 500 0 102
# stats: dump at 1449167060
stats: users 0 1043
stats: session 0 0 0 153229.95092773438 7437.899169921875 53222.081822921515 1343
stats: users_count 0 1343
stats: finish_users_count 0 1343
stats: request 0 0 0 6831.921875 0.073974609375 719.6026468422941 12087
stats: page 0 0 0 11787.732177734375 0.073974609375 925.2169634962369 9401
stats: connect 0 0 0 861.14501953125 1.4990234375 2.3541822629880578 1748
stats: 302 0 542
stats: 200 0 5517
stats: size_rcv 0 32442204
stats: newphase 0 7
stats: size_sent 0 5304197
stats: connected 0 0
stats: 503 0 5895
stats: 500 0 102
# stats: dump at 1449167070
stats: users 0 1043
stats: session 0 0 0 153229.95092773438 7437.899169921875 53222.081822921515 1343
stats: users_count 0 1343
stats: finish_users_count 0 1343
stats: request 0 0 0 6831.921875 0.073974609375 719.6026468422941 12087
stats: page 0 0 0 11787.732177734375 0.073974609375 925.2169634962369 9401
stats: connect 0 0 0 861.14501953125 1.4990234375 2.3541822629880578 1748
stats: 302 0 542
stats: 200 0 5517
stats: size_rcv 0 32442204
stats: newphase 0 7
stats: size_sent 0 5304197
stats: connected 0 0
stats: 503 0 5895
stats: 500 0 102
# stats: dump at 1449167080
stats: users 0 1043
stats: session 0 0 0 153229.95092773438 7437.899169921875 53222.081822921515 1343
stats: users_count 0 1343
stats: finish_users_count 0 1343
stats: request 0 0 0 6831.921875 0.073974609375 719.6026468422941 12087
stats: page 0 0 0 11787.732177734375 0.073974609375 925.2169634962369 9401
stats: connect 0 0 0 861.14501953125 1.4990234375 2.3541822629880578 1748
stats: 302 0 542
stats: 200 0 5517
stats: size_rcv 0 32442204
stats: newphase 0 7
stats: size_sent 0 5304197
stats: connected 0 0
stats: 503 0 5895
stats: 500 0 102
# stats: dump at 1449167090
stats: users 0 1043
stats: session 0 0 0 153229.95092773438 7437.899169921875 53222.081822921515 1343
stats: users_count 0 1343
stats: finish_users_count 0 1343
stats: request 0 0 0 6831.921875 0.073974609375 719.6026468422941 12087
stats: page 0 0 0 11787.732177734375 0.073974609375 925.2169634962369 9401
stats: connect 0 0 0 861.14501953125 1.4990234375 2.3541822629880578 1748
stats: 302 0 542
stats: 200 0 5517
stats: size_rcv 0 32442204
stats: newphase 0 7
stats: size_sent 0 5304197
stats: connected 0 0
stats: 503 0 5895
stats: 500 0 102
EndMonitor:{1449,167090,656729}
