# stats: dump at 1447834774
stats: users 0 0
stats: users_count 0 0
stats: finish_users_count 0 0
# stats: dump at 1447834784
stats: users 4 5
stats: session 3 5564.415608723958 380.5222771864951 6054.843994140625 5127.35302734375 0 0
stats: users_count 7 7
stats: finish_users_count 3 3
stats: request 17 614.3777573529412 729.3015486974267 2233.700927734375 12.458984375 0 0
stats: page 17 614.3777573529412 729.3015486974267 2233.700927734375 12.458984375 0 0
stats: connect 7 753.4012974330357 728.9218302276704 2062.041015625 1.9541015625 0 0
stats: 200 17 17
stats: size_rcv 81870 81870
stats: size_sent 6274 6274
stats: connected 4 4
# stats: dump at 1447834794
stats: users 7 11
stats: session 9 6070.857801649306 4151.047283503281 13002.170166015625 715.9521484375 5564.415608723958 3
stats: users_count 12 19
stats: finish_users_count 9 12
stats: request 48 79.0565897623698 121.88108487366048 2233.700927734375 8.517822265625 614.3777573529412 17
stats: page 48 79.0565897623698 121.88108487366048 2233.700927734375 8.517822265625 614.3777573529412 17
stats: connect 12 1.83782958984375 0.19546055903909468 2062.041015625 1.5849609375 753.4012974330357 7
stats: 200 48 65
stats: size_rcv 206806 288676
stats: size_sent 20284 26558
stats: connected 3 7
# stats: dump at 1447834804
stats: users 7 11
stats: session 10 7364.753344726562 2591.434050888005 13002.170166015625 715.9521484375 5944.247253417969 12
stats: users_count 10 29
stats: finish_users_count 10 22
stats: request 40 96.6144104003906 165.27722625942542 2233.700927734375 8.517822265625 219.06366436298077 65
stats: page 40 96.6144104003906 165.27722625942542 2233.700927734375 8.517822265625 219.06366436298077 65
stats: connect 10 2.01064453125 0.24092328792865025 2062.041015625 1.5849609375 278.72963353207234 19
stats: 200 40 105
stats: size_rcv 177570 466246
stats: size_sent 16900 43458
stats: connected 0 7
# stats: dump at 1447834814
stats: users 16 17
stats: session 10 6381.692724609375 4097.0739018313225 14575.901123046875 715.9521484375 6589.93184037642 22
stats: users_count 19 48
stats: finish_users_count 10 32
stats: request 51 135.9199075137868 196.4247181343078 2233.700927734375 8.517822265625 172.41632952008928 105
stats: page 51 135.9199075137868 196.4247181343078 2233.700927734375 8.517822265625 172.41632952008928 105
stats: connect 19 2.0929790296052633 0.31986210061023257 2062.041015625 1.5849609375 183.309292497306 29
stats: 200 51 156
stats: size_rcv 238864 705110
stats: newphase 1 1
stats: size_sent 19995 63453
stats: connected 9 16
# stats: dump at 1447834824
stats: users 9 17
stats: session 23 6215.840194038723 3109.82238649668 15105.84619140625 715.9521484375 6524.857116699219 32
stats: users_count 16 64
stats: finish_users_count 23 55
stats: request 77 51.57955813717531 78.13048816854463 2233.700927734375 7.86083984375 160.48480694110577 156
stats: page 77 51.57955813717531 78.13048816854463 2233.700927734375 7.86083984375 160.48480694110577 156
stats: connect 14 1.9541364397321428 0.15370320230259327 2062.041015625 1.5849609375 111.5778350830078 48
stats: 200 77 233
stats: size_rcv 334772 1039882
stats: newphase 0 1
stats: size_sent 33753 97206
stats: connected -9 7
# stats: dump at 1447834834
stats: users 11 17
stats: session 17 6571.715676700368 3572.940046568456 15165.841796875 715.9521484375 6395.631858132102 55
stats: users_count 19 83
stats: finish_users_count 17 72
stats: request 72 58.335734049479164 72.66246821029135 2233.700927734375 7.86083984375 124.49466034066523 233
stats: page 72 58.335734049479164 72.66246821029135 2233.700927734375 7.86083984375 124.49466034066523 233
stats: connect 21 2.1124209449404763 0.6780592970446607 2062.041015625 1.529052734375 86.82409667968749 62
stats: 200 72 305
stats: size_rcv 320628 1360510
stats: newphase 0 1
stats: size_sent 30437 127643
stats: connected 4 11
# stats: dump at 1447834844
stats: users 17 26
stats: session 27 5694.384765625 2637.0212536689955 15165.841796875 715.9521484375 6437.207204182942 72
stats: users_count 33 116
stats: finish_users_count 27 99
stats: request 121 86.07936789772725 134.61167798887226 2233.700927734375 7.86083984375 108.87681544569672 305
stats: page 121 86.07936789772725 134.61167798887226 2233.700927734375 7.86083984375 108.87681544569672 305
stats: connect 33 1.8417894767992424 0.26254350572017965 2062.041015625 1.529052734375 65.39102209619728 83
stats: 200 121 426
stats: size_rcv 542164 1902674
stats: newphase 1 2
stats: size_sent 49725 177368
stats: connected 7 18
# stats: dump at 1447834854
stats: users 25 31
stats: session 38 5572.0408550061675 2545.0753583861774 15165.841796875 715.9521484375 6234.619266394413 99
stats: users_count 46 162
stats: finish_users_count 38 137
stats: request 163 85.64813344756516 128.0735309338278 2233.700927734375 7.86083984375 102.40148409991197 426
stats: page 163 85.64813344756516 128.0735309338278 2233.700927734375 7.86083984375 102.40148409991197 426
stats: connect 46 1.7657364555027173 0.12870901854998415 2062.041015625 1.529052734375 47.31236109240301 116
stats: 200 163 589
stats: size_rcv 718803 2621477
stats: newphase 0 2
stats: size_sent 68644 246012
stats: connected 12 30
# stats: dump at 1447834864
stats: users 24 31
stats: session 36 6292.256883409288 3581.198827005664 15165.841796875 715.9521484375 6050.838393162637 137
stats: users_count 35 197
stats: finish_users_count 36 173
stats: request 141 74.82699779753987 102.84223848278742 2233.700927734375 7.69189453125 97.76515785826082 589
stats: page 141 74.82699779753987 102.84223848278742 2233.700927734375 7.69189453125 97.76515785826082 589
stats: connect 35 1.9191545758928572 0.23886211372751684 2062.041015625 1.529052734375 34.37936891155478 162
stats: 200 141 730
stats: size_rcv 644562 3266039
stats: newphase 0 2
stats: size_sent 58139 304151
stats: connected -6 24
# stats: dump at 1447834874
stats: users 40 44
stats: session 47 5876.168472614694 3234.514498761481 17585.7470703125 715.9521484375 6101.075766855582 173
stats: users_count 63 260
stats: finish_users_count 47 220
stats: request 216 76.2584804958767 110.25322615806252 2233.700927734375 7.68798828125 93.33463653146404 730
stats: page 216 76.2584804958767 110.25322615806252 2233.700927734375 7.68798828125 93.33463653146404 730
stats: connect 60 1.847119140625 0.21207219706028402 2062.041015625 1.47802734375 28.61232575547271 197
stats: 200 216 946
stats: size_rcv 956765 4222804
stats: newphase 1 3
stats: size_sent 90306 394457
stats: connected 14 38
# stats: dump at 1447834884
stats: users 59 59
stats: session 63 6114.16705031622 3497.001960905959 18237.661865234375 715.9521484375 6053.027390358665 220
stats: users_count 82 342
stats: finish_users_count 63 283
stats: request 283 101.58820809408124 154.08850706205573 2233.700927734375 7.68798828125 89.43564107302127 946
stats: page 283 101.58820809408124 154.08850706205573 2233.700927734375 7.68798828125 89.43564107302127 946
stats: connect 80 1.9529937744140617 2.5513626802788365 2062.041015625 1.471923828125 22.363639386247563 257
stats: 200 283 1229
stats: size_rcv 1279871 5502675
stats: newphase 0 3
stats: size_sent 115511 509968
stats: connected 16 54
# stats: dump at 1447834894
stats: users 45 71
stats: session 93 6575.651430191532 3816.3912705026587 18237.661865234375 495.3369140625 6066.637986038262 283
stats: users_count 79 421
stats: finish_users_count 93 376
stats: request 358 75.52868311365222 121.88803716789313 2233.700927734375 7.52294921875 92.23399458560058 1229
stats: page 358 75.52868311365222 121.88803716789313 2233.700927734375 7.52294921875 92.23399458560058 1229
stats: connect 83 1.8075730657003013 0.2314641492738982 2062.041015625 1.471923828125 17.51838226771142 337
stats: 200 358 1587
stats: size_rcv 1566138 7068813
stats: newphase 0 3
stats: size_sent 153897 663865
stats: connected -8 46
# stats: dump at 1447834904
stats: users 99 101
stats: session 86 6029.409469249635 3363.360143286275 18237.661865234375 495.3369140625 6192.537587916598 376
stats: users_count 140 561
stats: finish_users_count 86 462
stats: request 432 110.9582457365813 112.38334182526913 2233.700927734375 7.52294921875 88.46556263414658 1587
stats: page 432 110.9582457365813 112.38334182526913 2233.700927734375 7.52294921875 88.46556263414658 1587
stats: connect 140 2.734516252790179 4.168343053522801 2062.041015625 1.451904296875 14.413627115885411 420
stats: 200 432 2019
stats: size_rcv 1962926 9031739
stats: newphase 1 4
stats: size_sent 175008 838873
stats: connected 54 100
# stats: dump at 1447834914
stats: users 124 131
stats: session 138 6127.443286840466 2670.2686811324825 18237.661865234375 495.3369140625 6162.171747645259 462
stats: users_count 163 724
stats: finish_users_count 138 600
stats: request 608 251.5107723035309 203.89889346648442 2233.700927734375 7.52294921875 93.27826154462295 2019
stats: page 608 251.5107723035309 203.89889346648442 2233.700927734375 7.52294921875 93.27826154462295 2019
stats: connect 163 2.98817640433282 5.619740790530152 2062.041015625 1.44091796875 11.493849400111603 560
stats: 200 608 2627
stats: size_rcv 2702438 11734177
stats: newphase 0 4
stats: size_sent 263342 1102215
stats: connected 25 125
# stats: dump at 1447834924
stats: users 97 131
stats: session 174 7065.025477617636 3546.0080870060397 20328.18408203125 495.3369140625 6154.184201660156 600
stats: users_count 147 871
stats: finish_users_count 174 774
stats: request 656 273.10552196967933 181.5138170045789 2233.700927734375 7.52294921875 129.90002269476227 2627
stats: page 656 273.10552196967933 181.5138170045789 2233.700927734375 7.52294921875 129.90002269476227 2627
stats: connect 147 1.9302438748937074 2.483772772447581 2062.041015625 1.429931640625 9.576249540758988 723
stats: 200 657 3284
stats: size_rcv 2903652 14637829
stats: newphase 0 4
stats: size_sent 271172 1373387
stats: connected -29 96
# stats: dump at 1447834934
stats: users 252 253
stats: session 125 6988.514874999999 3370.7031169673724 20328.18408203125 495.3369140625 6358.946969123465 774
stats: users_count 280 1151
stats: finish_users_count 125 899
stats: request 688 564.0035574269849 538.0171603048672 2233.700927734375 1.228759765625 158.51495035980813 3283
stats: page 688 564.0035574269849 538.0171603048672 2233.700927734375 1.228759765625 158.51495035980813 3283
stats: connect 281 1.8304395573843417 0.45689359249043304 2062.041015625 1.429931640625 8.284338238595545 870
stats: 200 579 3863
stats: size_rcv 2744920 17382749
stats: newphase 1 5
stats: size_sent 302369 1675756
stats: connected 156 252
stats: 503 108 108
# stats: dump at 1447834944
stats: users 279 289
stats: session 255 8695.436422909012 3070.3572271162884 20328.18408203125 495.3369140625 6446.484219662472 899
stats: users_count 282 1433
stats: finish_users_count 255 1154
stats: request 1141 969.8728814756107 778.3937415689992 2638.191162109375 1.203857421875 228.76832776152497 3971
stats: page 1141 969.8728814756107 778.3937415689992 2638.191162109375 1.203857421875 228.76832776152497 3971
stats: connect 282 1.735851098459663 0.18705684539226944 2062.041015625 1.429931640625 6.7087122356239135 1151
stats: 200 723 4586
stats: size_rcv 3363906 20746655
stats: newphase 0 5
stats: size_sent 433701 2109457
stats: connected 29 281
stats: 503 418 526
# stats: dump at 1447834954
stats: users 299 308
stats: session 285 9794.765409984922 3823.1159428859055 25550.804931640625 495.3369140625 6943.4363962897405 1154
stats: users_count 305 1738
stats: finish_users_count 285 1439
stats: request 1201 881.9474406500442 744.1792433870133 2638.191162109375 1.203857421875 394.1830961081157 5112
stats: page 1201 881.9474406500442 744.1792433870133 2638.191162109375 1.203857421875 394.1830961081157 5112
stats: connect 305 1.6820304495389344 0.14793134030753785 2062.041015625 1.4150390625 5.730103135358513 1433
stats: 200 708 5294
stats: size_rcv 3349036 24095691
stats: newphase 0 5
stats: size_sent 448899 2558356
stats: connected 19 300
stats: 503 493 1019
# stats: dump at 1447834964
stats: users 430 433
stats: session 416 8262.354600172781 3850.4729113827293 25550.804931640625 495.3369140625 7508.154095319015 1439
stats: users_count 547 2285
stats: finish_users_count 416 1855
stats: request 1765 568.9708000896342 794.5090818769386 2638.191162109375 1.176025390625 486.9765346943435 6313
stats: page 1765 568.9708000896342 794.5090818769386 2638.191162109375 1.176025390625 486.9765346943435 6313
stats: connect 517 1.6833491371494194 0.4338419601962783 2062.041015625 1.39794921875 5.019710632956342 1738
stats: 200 605 5899
stats: size_rcv 3288065 27383756
stats: newphase 1 6
stats: size_sent 561185 3119541
stats: connected 127 427
stats: 503 1160 2179
# stats: dump at 1447834974
stats: users 491 493
stats: session 575 7546.443878226903 3572.062791334928 25550.804931640625 447.39404296875 7677.29016541021 1855
stats: users_count 636 2921
stats: finish_users_count 575 2430
stats: request 2440 435.8209403616483 679.612739917501 2638.191162109375 1.176025390625 504.89184521955866 8078
stats: page 2440 435.8209403616483 679.612739917501 2638.191162109375 1.176025390625 504.89184521955866 8078
stats: connect 632 1.6258985302116298 0.1589983181958359 2062.041015625 1.39794921875 4.254788729039634 2255
stats: 200 712 6611
stats: size_rcv 3931174 31314930
stats: newphase 0 6
stats: size_sent 714715 3834256
stats: connected 58 485
stats: 503 1728 3907
# stats: dump at 1447834984
stats: users 457 495
stats: session 633 7610.6180780540335 3582.00331319786 25550.804931640625 447.39404296875 7646.328595397698 2430
stats: users_count 599 3520
stats: finish_users_count 633 3063
stats: request 2470 430.77806411310786 680.6078063910286 2638.191162109375 1.176025390625 488.86855107111774 10518
stats: page 2470 430.77806411310786 680.6078063910286 2638.191162109375 1.176025390625 488.86855107111774 10518
stats: connect 601 1.6141513818115651 0.3787196592666283 2062.041015625 1.364990234375 3.6792921562445873 2887
stats: 200 709 7320
stats: size_rcv 3976899 35291829
stats: newphase 0 6
stats: size_sent 734656 4568912
stats: connected -32 453
stats: 503 1762 5669
# stats: dump at 1447834994
stats: users 808 808
stats: session 762 6756.041147947938 3693.740509628572 25550.804931640625 390.321044921875 7638.948654986813 3063
stats: users_count 1113 4633
stats: finish_users_count 762 3825
stats: request 3616 289.97366191222676 628.4924196676507 2638.191162109375 1.166015625 477.8211609582224 12988
stats: page 3616 289.97366191222676 628.4924196676507 2638.191162109375 1.166015625 477.8211609582224 12988
stats: connect 1097 1.7323050346826574 1.8456840502228073 2062.041015625 1.22412109375 3.323457980374677 3488
stats: 200 633 7953
stats: size_rcv 4254872 39546701
stats: newphase 1 7
stats: size_sent 936785 5505697
stats: connected 348 801
stats: 503 2983 8652
# stats: dump at 1447835004
stats: users 846 868
stats: session 1173 6831.3518074731555 3568.224872359365 25550.804931640625 380.034912109375 7463.059630055147 3825
stats: users_count 1211 5844
stats: finish_users_count 1173 4998
stats: request 4804 227.00005422523867 560.7551643195941 2638.191162109375 1.14892578125 436.91194892796943 16604
stats: page 4804 227.00005422523867 560.7551643195941 2638.191162109375 1.14892578125 436.91194892796943 16604
stats: connect 1217 6.298896532521051 9.305808635341807 2062.041015625 1.22412109375 2.9427611905329876 4585
stats: 200 642 8595
stats: size_rcv 4660645 44207346
stats: newphase 0 7
stats: size_sent 1175306 6681003
stats: connected 62 863
stats: 503 4162 12814
# stats: dump at 1447835014
stats: users 832 885
stats: session 1185 7001.830355641811 3575.1110730018827 25550.804931640625 380.034912109375 7314.801671694068 4998
stats: users_count 1171 7015
stats: finish_users_count 1185 6183
stats: request 4789 231.8993528361709 579.4335135828309 2795.529052734375 1.14892578125 389.8072804791691 21408
stats: page 4789 231.8993528361709 579.4335135828309 2795.529052734375 1.14892578125 389.8072804791691 21408
stats: connect 1167 6.086452559313408 9.014795785022018 2062.041015625 1.22412109375 3.6467282210740897 5802
stats: 200 634 9229
stats: size_rcv 4658269 48865615
stats: newphase 0 7
stats: size_sent 1124037 7805040
stats: connected -24 839
stats: 503 4154 16968
# stats: dump at 1447835024
stats: users 1507 1507
stats: session 1174 7282.426670262922 3670.559101070102 25550.804931640625 380.034912109375 7254.819299136746 6183
stats: users_count 1849 8864
stats: finish_users_count 1174 7357
stats: request 4824 432.920404538586 757.1057413118261 4252.339111328125 1.14892578125 360.94057568540194 26197
stats: page 4824 432.920404538586 757.1057413118261 4252.339111328125 1.14892578125 360.94057568540194 26197
stats: connect 1391 313.64395573805945 758.5958710354157 3082.828857421875 1.18505859375 4.0552743973870875 6969
stats: 200 677 9906
stats: size_rcv 4664323 53529938
stats: newphase 1 8
stats: size_sent 1169333 8974373
stats: connected 149 988
stats: 503 4083 21051
stats: 500 65 65
# stats: dump at 1447835034
stats: users 2365 2365
stats: session 1191 8793.491583400568 3400.465726609428 25550.804931640625 380.034912109375 7259.224770619977 7357
stats: users_count 2049 10913
stats: finish_users_count 1191 8548
stats: request 4833 965.1986604039764 1610.9768286259073 9824.57080078125 1.14892578125 372.13398319604823 31021
stats: page 4833 965.1986604039764 1610.9768286259073 9824.57080078125 1.14892578125 372.13398319604823 31021
stats: connect 1294 2211.5213898506922 2697.1093382358367 15060.2470703125 1.18505859375 55.56697963002767 8360
stats: 200 619 10525
stats: size_rcv 4368980 57898918
stats: newphase 0 8
stats: size_sent 1119898 10094271
stats: connected 29 1017
stats: 503 4132 25183
stats: 500 81 146
# stats: dump at 1447835044
stats: users 3209 3219
stats: session 1231 10593.466152312008 4490.192298181855 27110.218017578125 380.034912109375 7472.995450781616 8548
stats: users_count 2075 12988
stats: finish_users_count 1231 9779
stats: request 4887 1447.2188073008606 3131.822447177041 17773.98583984375 1.14892578125 452.0771299842983 35854
stats: page 4887 1447.2188073008606 3131.822447177041 17773.98583984375 1.14892578125 452.0771299842983 35854
stats: connect 1256 3515.189302480904 4498.841419713467 15086.072021484375 1.18505859375 344.54615995171196 9654
stats: 200 671 11196
stats: size_rcv 4514544 62413462
stats: newphase 0 8
stats: size_sent 1127369 11221640
stats: connected -23 994
stats: 503 4167 29350
stats: 500 49 195
# stats: dump at 1447835054
stats: users 2378 3358
stats: session 1234 12636.187789051402 5865.580065640195 37235.098876953125 380.034912109375 7865.80651874193 9779
stats: users_count 403 13391
stats: finish_users_count 1234 11013
stats: request 5076 2751.797148576013 5606.479839471467 32072.9990234375 1.14892578125 571.4472332474985 40741
stats: page 5076 2751.797148576013 5606.479839471467 32072.9990234375 1.14892578125 571.4472332474985 40741
stats: connect 1289 9400.411734546215 8155.847815479221 31126.370849609375 1.18505859375 709.5624557369242 10910
stats: 200 622 11818
stats: size_rcv 4507840 66921302
stats: newphase 0 8
stats: size_sent 1132170 12353810
stats: connected -26 968
stats: 503 4360 33710
stats: 500 95 290
# stats: dump at 1447835064
stats: users 1158 3358
stats: session 1220 21907.72781822328 8413.284554512387 43752.681884765625 380.034912109375 8400.32485957203 11013
stats: users_count 0 13391
stats: finish_users_count 1220 12233
stats: request 4651 5986.107171802772 10953.13780261206 36888.9189453125 1.14892578125 813.0050866688823 45817
stats: page 4651 5986.107171802772 10953.13780261206 36888.9189453125 1.14892578125 813.0050866688823 45817
stats: connect 1053 23121.1140632883 9065.640092502894 31133.48486328125 1.18505859375 1627.8758191589404 12199
stats: 200 658 12476
stats: size_rcv 4464082 71385384
stats: newphase 0 8
stats: size_sent 1057438 13411248
stats: connected -188 780
stats: 503 3959 37669
stats: 500 33 323
# stats: dump at 1447835074
stats: users 347 3358
stats: session 811 33876.26598323346 7288.153945589058 50858.341064453125 380.034912109375 9747.421369794749 12233
stats: users_count 0 13391
stats: finish_users_count 811 13044
stats: request 2340 5023.359040089151 10906.145317202016 42754.828125 1.14892578125 1289.7447592922817 50468
stats: page 2340 5023.359040089151 10906.145317202016 42754.828125 1.14892578125 1289.7447592922817 50468
stats: connect 328 30451.97008309713 4248.557452516234 31133.48486328125 1.18505859375 3335.7221722428685 13252
stats: 200 734 13210
stats: size_rcv 3669379 75054763
stats: newphase 0 8
stats: size_sent 631359 14042607
stats: connected -502 278
stats: 503 1608 39277
stats: 500 0 323
# stats: dump at 1447835084
stats: users 74 3358
stats: session 273 41183.892251709854 4170.466417067498 56265.9560546875 380.034912109375 11247.612490731486 13044
stats: users_count 0 13391
stats: finish_users_count 273 13317
stats: request 484 1368.983593144692 4081.8484793003413 42754.828125 1.14892578125 1455.1866888685709 52808
stats: page 484 1368.983593144692 4081.8484793003413 42754.828125 1.14892578125 1455.1866888685709 52808
stats: connect 6 31063.628295898438 13.55779194217222 31133.48486328125 1.18505859375 3990.665420752456 13580
stats: 200 478 13688
stats: size_rcv 2079077 77133840
stats: newphase 0 8
stats: size_sent 169288 14211895
stats: connected -270 8
stats: 503 4 39281
stats: 500 0 323
# stats: dump at 1447835094
stats: users 30 3358
stats: session 44 64724.85054709695 7515.837937160051 71586.76293945313 380.034912109375 11861.30959779367 13317
stats: users_count 0 13391
stats: finish_users_count 44 13361
stats: request 213 19833.769985145238 29480.432636196143 64960.19384765625 1.14892578125 1454.4037890274997 53292
stats: page 213 19833.769985145238 29480.432636196143 64960.19384765625 1.14892578125 1454.4037890274997 53292
stats: connect 66 63145.73058342211 25.477808544600318 63197.973876953125 1.18505859375 4002.6216828789743 13586
stats: 200 213 13901
stats: size_rcv 963137 78096977
stats: newphase 0 8
stats: size_sent 85496 14297391
stats: connected 24 32
stats: 503 0 39281
stats: 500 0 323
# stats: dump at 1447835104
stats: users 0 3358
stats: session 30 72622.92224121094 3000.99622942753 79499.35302734375 380.034912109375 12035.39804938931 13361
stats: users_count 0 13391
stats: finish_users_count 30 13391
stats: request 59 17.917348053495772 8.382958848473718 64960.19384765625 1.14892578125 1527.5708762113718 53505
stats: page 59 17.917348053495772 8.382958848473718 64960.19384765625 1.14892578125 1527.5708762113718 53505
stats: connect 0 0 0 63197.973876953125 1.18505859375 4288.54646953557 13652
stats: 200 59 13960
stats: size_rcv 247575 78344552
stats: newphase 0 8
stats: size_sent 29771 14327162
stats: connected -32 0
stats: 503 0 39281
stats: 500 0 323
# stats: dump at 1447835106
stats: users 0 3358
stats: session 0 0 0 79499.35302734375 380.034912109375 12171.132925481808 13391
stats: users_count 0 13391
stats: finish_users_count 0 13391
stats: request 0 0 0 64960.19384765625 1.14892578125 1525.90801387545 53564
stats: page 0 0 0 64960.19384765625 1.14892578125 1525.90801387545 53564
stats: connect 0 0 0 63197.973876953125 1.18505859375 4288.54646953557 13652
stats: 200 0 13960
stats: size_rcv 0 78344552
stats: newphase 0 8
stats: size_sent 0 14327162
stats: connected 0 0
stats: 503 0 39281
stats: 500 0 323
EndMonitor:{1447,835106,464129}
