# stats: dump at 1446856212
stats: users 0 0
stats: users_count 0 0
stats: finish_users_count 0 0
# stats: dump at 1446856222
stats: users 0 4
stats: session 9 845.3893500434028 951.9602767594765 2189.535888671875 10.8740234375 0 0
stats: users_count 9 9
stats: finish_users_count 9 9
stats: request 9 842.8955891927084 951.1795193730933 2182.037109375 8.941162109375 0 0
stats: page 9 842.8955891927084 951.1795193730933 2182.037109375 8.941162109375 0 0
stats: connect 9 822.4455837673611 939.3930118581872 2161.10986328125 1.194091796875 0 0
stats: 200 9 9
stats: size_rcv 24813 24813
stats: size_sent 1629 1629
stats: connected 0 0
# stats: dump at 1446856232
stats: users 0 4
stats: session 6 11.308146158854166 0.7261385267440322 2189.535888671875 9.748046875 845.3893500434028 9
stats: users_count 6 15
stats: finish_users_count 6 15
stats: request 4 9.2587890625 0.8562002842803089 2182.037109375 7.781982421875 842.8955891927084 9
stats: page 4 9.2587890625 0.8562002842803089 2182.037109375 7.781982421875 842.8955891927084 9
stats: connect 4 1.471435546875 0.06476701539391234 2161.10986328125 1.194091796875 822.4455837673611 9
stats: 200 4 13
stats: size_rcv 11028 35841
stats: size_sent 724 2353
stats: connected 0 0
# stats: dump at 1446856242
stats: users 0 4
stats: session 7 11.537562779017858 0.18014361517048638 2189.535888671875 9.748046875 511.7568684895833 15
stats: users_count 7 22
stats: finish_users_count 7 22
stats: request 9 9.60544162326389 0.2296221409992849 2182.037109375 7.781982421875 586.3919583834135 13
stats: page 9 9.60544162326389 0.2296221409992849 2182.037109375 7.781982421875 586.3919583834135 13
stats: connect 9 1.4541286892361112 0.10015985933317502 2161.10986328125 1.194091796875 569.8381535456731 13
stats: 200 9 22
stats: size_rcv 24813 60654
stats: size_sent 1629 3982
stats: connected 0 0
# stats: dump at 1446856252
stats: users 0 4
stats: session 9 12.31448025173611 3.1803665340954055 2189.535888671875 9.748046875 352.5961803089489 22
stats: users_count 9 31
stats: finish_users_count 9 31
stats: request 9 10.377685546875 3.187239106415621 2182.037109375 7.781982421875 350.433837890625 22
stats: page 9 10.377685546875 3.187239106415621 2182.037109375 7.781982421875 350.433837890625 22
stats: connect 9 1.4187825520833333 0.10202696145537708 2161.10986328125 1.1572265625 337.31741610440343 22
stats: 200 9 31
stats: size_rcv 24813 85467
stats: newphase 1 1
stats: size_sent 1629 5611
stats: connected 0 0
# stats: dump at 1446856262
stats: users 0 4
stats: session 12 12.911824544270834 4.111979408457424 2189.535888671875 9.414794921875 253.80471900201613 31
stats: users_count 12 43
stats: finish_users_count 12 43
stats: request 11 11.097500887784092 4.279407046676712 2182.037109375 7.43701171875 251.70785817792338 31
stats: page 11 11.097500887784092 4.279407046676712 2182.037109375 7.43701171875 251.70785817792338 31
stats: connect 11 2.706298828125 3.972899804833666 2161.10986328125 1.0048828125 239.79845797631052 31
stats: 200 11 42
stats: size_rcv 30327 115794
stats: newphase 0 1
stats: size_sent 1991 7602
stats: connected 0 0
# stats: dump at 1446856272
stats: users 0 4
stats: session 30 13.296744791666667 6.12544146579533 2189.535888671875 9.414794921875 186.57879496729652 43
stats: users_count 30 73
stats: finish_users_count 30 73
stats: request 29 11.4091796875 6.219712425668301 2182.037109375 7.429931640625 188.69085984002976 42
stats: page 29 11.4091796875 6.219712425668301 2182.037109375 7.429931640625 188.69085984002976 42
stats: connect 29 1.2733785695043105 0.16593723456845533 2161.10986328125 0.965087890625 177.70289248511907 42
stats: 200 29 71
stats: size_rcv 79953 195747
stats: newphase 0 1
stats: size_sent 5249 12851
stats: connected 0 0
# stats: dump at 1446856282
stats: users 0 4
stats: session 31 11.162818170362904 1.2613896889437097 2189.535888671875 9.414794921875 115.36699352525685 73
stats: users_count 31 104
stats: finish_users_count 31 104
stats: request 33 9.205714370265152 1.242566019863833 2182.037109375 7.429931640625 116.28003273547536 71
stats: page 33 9.205714370265152 1.242566019863833 2182.037109375 7.429931640625 116.28003273547536 71
stats: connect 33 1.2599875710227273 0.2899904804229108 2161.10986328125 0.9111328125 105.64013328014966 71
stats: 200 33 104
stats: size_rcv 90981 286728
stats: newphase 1 2
stats: size_sent 5973 18824
stats: connected 0 0
# stats: dump at 1446856292
stats: users 1 4
stats: session 37 11.266040698902026 1.411349357803346 2189.535888671875 9.414794921875 84.30613356370192 104
stats: users_count 38 142
stats: finish_users_count 37 141
stats: request 36 9.241075303819445 1.4032832574985679 2182.037109375 7.429931640625 82.30452786959134 104
stats: page 36 9.241075303819445 1.4032832574985679 2182.037109375 7.429931640625 82.30452786959134 104
stats: connect 36 1.1824612087673612 0.20245470936998 2161.10986328125 0.89501953125 72.51951012244592 104
stats: 200 36 140
stats: size_rcv 99252 385980
stats: newphase 0 2
stats: size_sent 6516 25340
stats: connected 0 0
# stats: dump at 1446856302
stats: users 0 4
stats: session 35 11.609402901785714 1.8854727201996617 2189.535888671875 9.414794921875 65.1395843722296 141
stats: users_count 34 176
stats: finish_users_count 35 176
stats: request 36 9.680962456597221 1.887145138034605 2182.037109375 7.429931640625 63.51678292410714 140
stats: page 36 9.680962456597221 1.887145138034605 2182.037109375 7.429931640625 63.51678292410714 140
stats: connect 36 1.2272610134548612 0.22520443253911676 2161.10986328125 0.89501953125 54.175697544642865 140
stats: 200 36 176
stats: size_rcv 99252 485232
stats: newphase 0 2
stats: size_sent 6516 31856
stats: connected 0 0
# stats: dump at 1446856312
stats: users 0 4
stats: session 47 10.804562832446807 1.1559041290412213 2189.535888671875 9.3701171875 54.49437782981179 176
stats: users_count 47 223
stats: finish_users_count 47 223
stats: request 47 8.850611909906915 1.1701089418430664 2182.037109375 7.364013671875 52.50491055575284 176
stats: page 47 8.850611909906915 1.1701089418430664 2182.037109375 7.364013671875 52.50491055575284 176
stats: connect 47 1.2878781582446808 0.24112532366072562 2161.10986328125 0.89501953125 43.345335526899866 176
stats: 200 47 223
stats: size_rcv 129579 614811
stats: newphase 1 3
stats: size_sent 8507 40363
stats: connected 0 0
# stats: dump at 1446856322
stats: users 0 4
stats: session 76 12.329673365542765 6.1644026691309195 2189.535888671875 9.23095703125 45.28621054337164 223
stats: users_count 76 299
stats: finish_users_count 76 299
stats: request 74 10.341080949113175 6.245381791129899 2182.037109375 7.26318359375 43.304228778377244 223
stats: page 74 10.341080949113175 6.245381791129899 2182.037109375 7.26318359375 43.304228778377244 223
stats: connect 74 1.465539880701014 1.367476233953881 2161.10986328125 0.89501953125 34.481207740681064 223
stats: 200 74 297
stats: size_rcv 204018 818829
stats: newphase 0 3
stats: size_sent 13394 53757
stats: connected 0 0
# stats: dump at 1446856332
stats: users 0 4
stats: session 75 11.116614583333336 1.1764285247252655 2189.535888671875 9.23095703125 36.90929808345527 299
stats: users_count 75 374
stats: finish_users_count 75 374
stats: request 75 9.222347005208333 1.2374468701021537 2182.037109375 7.26318359375 35.09118857849327 297
stats: page 75 9.222347005208333 1.2374468701021537 2182.037109375 7.26318359375 35.09118857849327 297
stats: connect 75 1.198857421875 0.26237323170466326 2161.10986328125 0.864990234375 26.255081741898156 297
stats: 200 75 372
stats: size_rcv 206775 1025604
stats: newphase 0 3
stats: size_sent 13575 67332
stats: connected 0 0
# stats: dump at 1446856342
stats: users 0 4
stats: session 125 11.047638671875001 3.036505633724118 2189.535888671875 9.18310546875 31.73696850455381 374
stats: users_count 125 499
stats: finish_users_count 125 499
stats: request 124 9.05157470703125 3.0536224988715897 2182.037109375 7.175048828125 29.875696325814854 372
stats: page 124 9.05157470703125 3.0536224988715897 2182.037109375 7.175048828125 29.875696325814854 372
stats: connect 124 1.0387592930947576 0.2087675743333717 2161.10986328125 0.847900390625 21.20342361286123 372
stats: 200 124 496
stats: size_rcv 342665 1368269
stats: newphase 1 4
stats: size_sent 22444 89776
stats: connected 0 0
# stats: dump at 1446856352
stats: users 0 4
stats: session 139 10.671630859375002 2.7951531562664726 2189.535888671875 9.158935546875 26.554270650676354 499
stats: users_count 139 638
stats: finish_users_count 139 638
stats: request 142 8.687606596610916 2.7749589084616075 2182.037109375 7.155029296875 24.669665921118952 496
stats: page 142 8.687606596610916 2.7749589084616075 2182.037109375 7.155029296875 24.669665921118952 496
stats: connect 142 1.0172944404709505 0.45163136740503784 2161.10986328125 0.81884765625 16.16225753291961 496
stats: 200 142 638
stats: size_rcv 391494 1759763
stats: newphase 0 4
stats: size_sent 25702 115478
stats: connected 0 0
# stats: dump at 1446856362
stats: users 0 4
stats: session 155 10.399614100302426 1.5632682475593598 2189.535888671875 9.010009765625 23.093946307430446 638
stats: users_count 155 793
stats: finish_users_count 155 793
stats: request 154 8.408937132203734 1.5882851291907538 2182.037109375 7.155029296875 21.11253046017829 638
stats: page 154 8.408937132203734 1.5882851291907538 2182.037109375 7.155029296875 21.11253046017829 638
stats: connect 154 1.0258535409902594 0.2813661593729741 2161.10986328125 0.81884765625 12.791435026449847 638
stats: 200 154 792
stats: size_rcv 424578 2184341
stats: newphase 0 4
stats: size_sent 27874 143352
stats: connected 0 0
# stats: dump at 1446856372
stats: users 0 4
stats: session 243 11.389249574009778 4.334530199817659 2189.535888671875 9.010009765625 20.612708612468474 793
stats: users_count 243 1036
stats: finish_users_count 243 1036
stats: request 241 9.41150966026971 4.364895665149868 2182.037109375 7.155029296875 18.642387313072128 792
stats: page 241 9.41150966026971 4.364895665149868 2182.037109375 7.155029296875 18.642387313072128 792
stats: connect 241 1.0586758055627594 0.2112461911933206 2161.10986328125 0.81884765625 10.503683070943815 792
stats: 200 241 1033
stats: size_rcv 667625 2851966
stats: newphase 1 5
stats: size_sent 43621 186973
stats: connected 0 0
# stats: dump at 1446856382
stats: users 0 4
stats: session 303 11.518108304971122 4.3210151917139425 2189.535888671875 9.010009765625 18.449291096691 1036
stats: users_count 303 1339
stats: finish_users_count 303 1339
stats: request 304 9.520843505859379 4.323943236516557 2182.037109375 7.155029296875 16.48881372708434 1033
stats: page 304 9.520843505859379 4.323943236516557 2182.037109375 7.155029296875 16.48881372708434 1033
stats: connect 305 1.0216180519979505 0.20383419882234358 2161.10986328125 0.81884765625 8.300152818323452 1033
stats: 200 304 1337
stats: size_rcv 838925 3690891
stats: newphase 0 5
stats: size_sent 55205 242178
stats: connected 1 1
# stats: dump at 1446856392
stats: users 0 10
stats: session 350 18.187889229910695 23.50317172234129 2189.535888671875 9.010009765625 16.88084570020771 1339
stats: users_count 350 1689
stats: finish_users_count 350 1689
stats: request 352 16.163336320356887 23.441799302440767 2182.037109375 7.155029296875 14.90447345240043 1337
stats: page 352 16.163336320356887 23.441799302440767 2182.037109375 7.155029296875 14.90447345240043 1337
stats: connect 351 1.5648238570601851 3.127655595596978 2161.10986328125 0.81884765625 6.640995042741033 1338
stats: 200 352 1689
stats: size_rcv 972058 4662949
stats: newphase 0 5
stats: size_sent 63531 305709
stats: connected -1 0
# stats: dump at 1446856402
stats: users 13 24
stats: session 440 80.51718971946019 98.70457292512967 2189.535888671875 9.010009765625 17.151695454734675 1689
stats: users_count 453 2142
stats: finish_users_count 440 2129
stats: request 438 77.69465142515696 98.16027363210836 2182.037109375 7.155029296875 15.166829716178212 1689
stats: page 438 77.69465142515696 98.16027363210836 2182.037109375 7.155029296875 15.166829716178212 1689
stats: connect 452 3.708644630634679 6.1310823326615465 2161.10986328125 0.81884765625 5.586089130263841 1689
stats: 200 439 2128
stats: size_rcv 1211551 5874500
stats: newphase 1 6
stats: size_sent 81812 387521
stats: connected 14 14
# stats: dump at 1446856412
stats: users 1 24
stats: session 614 48.842075211217406 51.32486349608734 2189.535888671875 9.010009765625 30.247429356321913 2129
stats: users_count 602 2744
stats: finish_users_count 614 2743
stats: request 615 47.613111740980735 52.68617298630806 2182.037109375 7.155029296875 28.042798643556065 2127
stats: page 615 47.613111740980735 52.68617298630806 2182.037109375 7.155029296875 28.042798643556065 2127
stats: connect 601 4.212488463238345 7.380530598448725 2161.10986328125 0.81884765625 5.18972999255605 2141
stats: 200 614 2742
stats: size_rcv 1699540 7574040
stats: newphase 0 6
stats: size_sent 108781 496302
stats: connected -14 0
# stats: dump at 1446856422
stats: users 15 38
stats: session 624 233.012610019782 143.69783951844346 2189.535888671875 9.010009765625 34.40970152362262 2743
stats: users_count 638 3382
stats: finish_users_count 624 3367
stats: request 597 232.96301862502648 146.67026619788902 2182.037109375 7.155029296875 32.43220147175307 2742
stats: page 597 232.96301862502648 146.67026619788902 2182.037109375 7.155029296875 32.43220147175307 2742
stats: connect 607 9.029066811676271 10.815474588146241 2161.10986328125 0.81884765625 4.975535186166574 2742
stats: 200 597 3339
stats: size_rcv 1657884 9231924
stats: newphase 0 6
stats: size_sent 109867 606169
stats: connected 10 10
# stats: dump at 1446856432
stats: users 332 334
stats: session 581 866.3797059050937 935.3142827358532 3591.468994140625 9.010009765625 71.21641815611548 3367
stats: users_count 898 4280
stats: finish_users_count 581 3948
stats: request 582 747.8489209991143 854.0209272850525 2742.60302734375 7.155029296875 68.28631882440483 3339
stats: page 582 747.8489209991143 854.0209272850525 2742.60302734375 7.155029296875 68.28631882440483 3339
stats: connect 818 11.997633507315854 61.643959813549884 2161.10986328125 0.52099609375 5.7102302284730495 3349
stats: 200 584 3923
stats: size_rcv 1612544 10844468
stats: newphase 1 7
stats: size_sent 148058 754227
stats: connected 236 246
# stats: dump at 1446856442
stats: users 901 901
stats: session 646 4152.301393113269 1250.9762147702124 10940.885986328125 9.010009765625 188.23512894186936 3948
stats: users_count 1215 5495
stats: finish_users_count 646 4594
stats: request 648 4036.9428435902537 1188.8822740169906 10749.85693359375 7.155029296875 169.15483054735327 3921
stats: page 648 4036.9428435902537 1188.8822740169906 10749.85693359375 7.155029296875 169.15483054735327 3921
stats: connect 770 951.4776199142651 1349.7277805400395 7038.68603515625 0.52099609375 6.944474500633696 4167
stats: 200 646 4569
stats: size_rcv 1807258 12651726
stats: newphase 0 7
stats: size_sent 139370 893597
stats: connected 122 368
# stats: dump at 1446856452
stats: users 1541 1541
stats: session 607 5843.140922634371 2597.721511024105 20497.43701171875 9.010009765625 745.6549823712825 4594
stats: users_count 1247 6742
stats: finish_users_count 607 5201
stats: request 607 5810.325061377032 2477.864501428402 17482.552978515625 7.155029296875 717.7051987793077 4569
stats: page 607 5810.325061377032 2477.864501428402 17482.552978515625 7.155029296875 717.7051987793077 4569
stats: connect 805 2217.78803923234 3156.538940271073 15070.31201171875 0.52099609375 154.2587386222655 4937
stats: 200 607 5176
stats: size_rcv 1681469 14333195
stats: newphase 0 7
stats: size_sent 145705 1039302
stats: connected 198 566
# stats: dump at 1446856462
stats: users 2777 2778
stats: session 638 8014.4582186612215 5541.54688809838 30203.029052734375 9.010009765625 1340.5740298121007 5201
stats: users_count 1874 8616
stats: finish_users_count 638 5839
stats: request 635 7858.827136903297 5309.207888193913 30200.998779296875 7.155029296875 1314.9270412439173 5176
stats: page 635 7858.827136903297 5309.207888193913 30200.998779296875 7.155029296875 1314.9270412439173 5176
stats: connect 935 2984.5033482515873 4264.13906522446 15070.31201171875 0.52099609375 443.5553403274397 5742
stats: 200 605 5781
stats: size_rcv 1676752 16009947
stats: newphase 1 8
stats: size_sent 169235 1208537
stats: connected 300 866
# stats: dump at 1446856472
stats: users 4509 4509
stats: session 747 11179.959480173287 9324.481714499601 36248.7138671875 9.010009765625 2069.7978887752342 5839
stats: users_count 2479 11095
stats: finish_users_count 747 6586
stats: request 744 11092.17198394448 9304.149891771924 36246.936767578125 7.155029296875 2030.0150744126845 5811
stats: page 744 11092.17198394448 9304.149891771924 36246.936767578125 7.155029296875 2030.0150744126845 5811
stats: connect 1217 3439.337001327226 5160.384798955008 31103.44189453125 0.52099609375 799.3717829527321 6677
stats: 200 594 6375
stats: size_rcv 1639683 17649630
stats: newphase 0 8
stats: size_sent 220277 1428814
stats: connected 473 1339
# stats: dump at 1446856482
stats: users 6277 6277
stats: session 738 12211.480604052862 10266.659083044335 45275.971923828125 9.010009765625 3103.0943826674825 6586
stats: users_count 2506 13601
stats: finish_users_count 738 7324
stats: request 743 12201.153024912212 10276.584640747069 45274.20703125 7.155029296875 3058.5802522451263 6555
stats: page 743 12201.153024912212 10276.584640747069 45274.20703125 7.155029296875 3058.5802522451263 6555
stats: connect 1303 5141.2966046278425 7195.753426359848 31115.532958984375 0.52099609375 1206.3692076755292 7894
stats: 200 577 6952
stats: size_rcv 1601516 19251146
stats: newphase 0 8
stats: size_sent 235843 1664657
stats: connected 560 1899
# stats: dump at 1446856492
stats: users 6708 7130
stats: session 775 13133.990055758564 11032.2171862129 48900.0771484375 9.010009765625 4020.8973634679205 7324
stats: users_count 1206 14807
stats: finish_users_count 775 8099
stats: request 770 13042.742511541184 10971.042978923344 48898.203125 7.155029296875 3989.3738354311563 7298
stats: page 770 13042.742511541184 10971.042978923344 48898.203125 7.155029296875 3989.3738354311563 7298
stats: connect 1231 7643.719551836353 8997.625749268318 31115.532958984375 0.52099609375 1763.8564750702085 9197
stats: 200 601 7553
stats: size_rcv 1658551 20909697
stats: newphase 0 8
stats: size_sent 222811 1887468
stats: connected 461 2360
# stats: dump at 1446856502
stats: users 5908 7130
stats: session 800 24647.438918762244 12581.939215544631 68547.24194335938 9.010009765625 4892.936730862074 8099
stats: users_count 0 14807
stats: finish_users_count 800 8899
stats: request 814 24035.679066651017 12464.55397813282 68353.34399414063 7.155029296875 4853.41621032019 8068
stats: page 814 24035.679066651017 12464.55397813282 68353.34399414063 7.155029296875 4853.41621032019 8068
stats: connect 1012 24825.66746189283 12895.04506718862 63182.61083984375 0.52099609375 2457.9599894065263 10428
stats: 200 658 8211
stats: size_rcv 1812943 22722640
stats: newphase 0 8
stats: size_sent 183172 2070640
stats: connected 198 2558
# stats: dump at 1446856512
stats: users 5160 7130
stats: session 748 38169.311405936656 14788.96713056531 80274.162109375 9.010009765625 6668.821858440469 8899
stats: users_count 0 14807
stats: finish_users_count 748 9647
stats: request 740 38000.953688173024 14844.86570399432 73993.126953125 7.155029296875 6611.394364458142 8882
stats: page 740 38000.953688173024 14844.86570399432 73993.126953125 7.155029296875 6611.394364458142 8882
stats: connect 766 39129.04015858308 13943.75138965706 63182.653076171875 0.52099609375 4436.641804280314 11440
stats: 200 639 8850
stats: size_rcv 1764480 24487120
stats: newphase 0 8
stats: size_sent 138646 2209286
stats: connected 26 2584
# stats: dump at 1446856522
stats: users 3928 7130
stats: session 1232 48435.24656043115 13202.424862610824 87530.33618164063 9.010009765625 9111.27714832615 9647
stats: users_count 0 14807
stats: finish_users_count 1232 10879
stats: request 1209 48152.68963789643 13257.122567193801 87528.64697265625 7.155029296875 9025.473963247272 9622
stats: page 1209 48152.68963789643 13257.122567193801 87528.64697265625 7.155029296875 9025.473963247272 9622
stats: connect 540 50305.158297164366 15707.942334913874 63183.01806640625 0.52099609375 6613.798705754664 12206
stats: 200 669 9519
stats: size_rcv 1846458 26333578
stats: newphase 0 8
stats: size_sent 97740 2307026
stats: connected -669 1915
# stats: dump at 1446856532
stats: users 2513 7130
stats: session 1415 61478.77307655146 9322.130919874036 91360.01000976563 9.010009765625 13564.5476985342 10879
stats: users_count 0 14807
stats: finish_users_count 1415 12294
stats: request 1436 61076.722693143114 9659.649241040448 91358.03491210938 7.155029296875 13393.011933023916 10831
stats: page 1436 61076.722693143114 9659.649241040448 91358.03491210938 7.155029296875 13393.011933023916 10831
stats: connect 598 63130.29022114731 23.735349807001835 63192.01513671875 0.52099609375 8464.837006347889 12746
stats: 200 651 10170
stats: size_rcv 1800752 28134330
stats: newphase 0 8
stats: size_sent 108238 2415264
stats: connected -838 1077
# stats: dump at 1446856542
stats: users 1385 7130
stats: session 1128 65238.208630717396 6025.334351586364 94401.05200195313 9.010009765625 19079.32148329867 12294
stats: users_count 0 14807
stats: finish_users_count 1128 13422
stats: request 1128 65262.37716306861 5986.63062324204 94399.03198242188 7.155029296875 18974.964215695407 12267
stats: page 1128 65262.37716306861 5986.63062324204 94399.03198242188 7.155029296875 18974.964215695407 12267
stats: connect 592 63132.088607788086 24.416431488504436 63196.93896484375 0.52099609375 10914.622754433174 13344
stats: 200 684 10854
stats: size_rcv 1886219 30020549
stats: newphase 0 8
stats: size_sent 107152 2522416
stats: connected -536 541
# stats: dump at 1446856552
stats: users 703 7130
stats: session 682 65734.06853872165 4948.826563486645 94401.05200195313 9.010009765625 22958.56635755648 13422
stats: users_count 0 14807
stats: finish_users_count 682 14104
stats: request 709 65685.46388302748 4999.9381733507835 94399.03198242188 7.155029296875 22872.851621789992 13395
stats: page 709 65685.46388302748 4999.9381733507835 94399.03198242188 7.155029296875 22872.851621789992 13395
stats: connect 350 63133.449700055804 22.449122994215855 63196.93896484375 0.52099609375 13132.815907790387 13936
stats: 200 548 11402
stats: size_rcv 1516781 31537330
stats: newphase 0 8
stats: size_sent 63350 2585766
stats: connected -359 182
# stats: dump at 1446856562
stats: users 677 7130
stats: session 26 109084.32563664363 7529.128147821447 119718.17797851563 9.010009765625 25026.979041018945 14104
stats: users_count 0 14807
stats: finish_users_count 26 14130
stats: request 25 108805.98051757812 7547.660225966854 119716.17797851563 7.155029296875 25025.01711336808 14104
stats: page 25 108805.98051757812 7547.660225966854 119716.17797851563 7.155029296875 25025.01711336808 14104
stats: connect 0 0 0 63196.93896484375 0.52099609375 14357.806935880328 14286
stats: 200 2 11404
stats: size_rcv 5514 31542844
stats: newphase 0 8
stats: size_sent 0 2585766
stats: connected -25 157
stats: error_connect_etimedout 33 33
# stats: dump at 1446856572
stats: users 501 7130
stats: session 176 117192.17322470924 11659.600442208755 137775.50415039063 9.010009765625 25181.649317840336 14130
stats: users_count 0 14807
stats: finish_users_count 176 14306
stats: request 174 91166.82492030351 44562.61953678394 137773.48608398438 7.155029296875 25173.260024055693 14129
stats: page 174 91166.82492030351 44562.61953678394 137773.48608398438 7.155029296875 25173.260024055693 14129
stats: connect 33 1.9494702888257576 0.5593420788617428 63196.93896484375 0.52099609375 14357.806935880328 14286
stats: 200 34 11438
stats: size_rcv 94535 31637379
stats: newphase 0 8
stats: size_sent 5973 2591739
stats: connected -141 16
stats: error_connect_etimedout 169 202
# stats: dump at 1446856582
stats: users 315 7130
stats: session 186 136024.5695393881 4815.016238940172 137775.50415039063 9.010009765625 26313.61158595224 14306
stats: users_count 0 14807
stats: finish_users_count 186 14492
stats: request 185 10301.1791398332 33328.900173991846 137773.48608398438 7.155029296875 25976.090219954953 14303
stats: page 185 10301.1791398332 33328.900173991846 137773.48608398438 7.155029296875 25976.090219954953 14303
stats: connect 173 2.02177931945448 1.83034980321869 63196.93896484375 0.52099609375 14324.721993051602 14319
stats: 200 169 11607
stats: size_rcv 465933 32103312
stats: newphase 0 8
stats: size_sent 31313 2623052
stats: connected -12 4
stats: error_connect_etimedout 143 345
# stats: dump at 1446856592
stats: users 177 7130
stats: session 138 137313.47438823324 49.5463598279358 137775.50415039063 9.010009765625 27721.715241716734 14492
stats: users_count 0 14807
stats: finish_users_count 138 14630
stats: request 134 46.446915811567166 27.131391228184512 137773.48608398438 7.155029296875 25775.934328884927 14488
stats: page 134 46.446915811567166 27.131391228184512 137773.48608398438 7.155029296875 25775.934328884927 14488
stats: connect 138 1.7466404127038044 0.49133399439926684 63196.93896484375 0.52099609375 14153.743029694187 14492
stats: 200 135 11742
stats: size_rcv 371829 32475141
stats: newphase 0 8
stats: size_sent 24978 2648030
stats: connected 4 8
stats: error_connect_etimedout 111 456
stats: error_connect_econnrefused 1 1
# stats: dump at 1446856602
stats: users 75 7130
stats: session 102 137322.89568254063 64.12763863985342 137775.50415039063 9.010009765625 28755.458424370136 14630
stats: users_count 0 14807
stats: finish_users_count 102 14732
stats: request 100 67.10473876953122 41.949055088227226 137773.48608398438 7.155029296875 25540.14228174009 14622
stats: page 100 67.10473876953122 41.949055088227226 137773.48608398438 7.155029296875 25540.14228174009 14622
stats: connect 110 2.73587979403409 2.644412925561049 63196.93896484375 0.52099609375 14020.251881251204 14630
stats: 200 100 11842
stats: size_rcv 277294 32752435
stats: newphase 0 8
stats: size_sent 19910 2667940
stats: connected 10 18
stats: error_connect_etimedout 65 521
stats: error_connect_econnrefused 1 2
# stats: dump at 1446856612
stats: users 1 7130
stats: session 74 137660.4952194626 2420.133235535329 158323.26000976563 9.010009765625 29507.147169980602 14732
stats: users_count 0 14807
stats: finish_users_count 74 14806
stats: request 84 117.88666062127979 92.30374206215467 137773.48608398438 7.155029296875 25367.115264059266 14722
stats: page 84 117.88666062127979 92.30374206215467 137773.48608398438 7.155029296875 25367.115264059266 14722
stats: connect 66 7.5535481770833375 10.147047923463717 63196.93896484375 0.52099609375 13915.64355288212 14740
stats: 200 83 11925
stats: size_rcv 233182 32985617
stats: newphase 0 8
stats: size_sent 11946 2679886
stats: connected -18 0
stats: error_connect_etimedout 0 521
stats: error_connect_econnrefused 0 2
# stats: dump at 1446856622
stats: users 0 7130
stats: session 1 158355.85595703125 0.0 158355.85595703125 9.010009765625 30047.694769309364 14806
stats: users_count 0 14807
stats: finish_users_count 1 14807
stats: request 1 70.8662109375 0.0 137773.48608398438 7.155029296875 25223.866905104194 14806
stats: page 1 70.8662109375 0.0 137773.48608398438 7.155029296875 25223.866905104194 14806
stats: connect 1 1.508056640625 0.0 63196.93896484375 0.52099609375 13853.646123440642 14806
stats: 200 1 11926
stats: size_rcv 2757 32988374
stats: newphase 0 8
stats: size_sent 181 2680067
stats: connected 0 0
stats: error_connect_etimedout 0 521
stats: error_connect_econnrefused 0 2
# stats: dump at 1446856632
stats: users 0 7130
stats: session 0 0 0 158355.85595703125 9.010009765625 30056.360141173194 14807
stats: users_count 0 14807
stats: finish_users_count 0 14807
stats: request 0 0 0 137773.48608398438 7.155029296875 25222.16818148063 14807
stats: page 0 0 0 137773.48608398438 7.155029296875 25222.16818148063 14807
stats: connect 0 0 0 63196.93896484375 0.52099609375 13852.710610638129 14807
stats: 200 0 11926
stats: size_rcv 0 32988374
stats: newphase 0 8
stats: size_sent 0 2680067
stats: connected 0 0
stats: error_connect_etimedout 0 521
stats: error_connect_econnrefused 0 2
# stats: dump at 1446856642
stats: users 0 7130
stats: session 0 0 0 158355.85595703125 9.010009765625 30056.360141173194 14807
stats: users_count 0 14807
stats: finish_users_count 0 14807
stats: request 0 0 0 137773.48608398438 7.155029296875 25222.16818148063 14807
stats: page 0 0 0 137773.48608398438 7.155029296875 25222.16818148063 14807
stats: connect 0 0 0 63196.93896484375 0.52099609375 13852.710610638129 14807
stats: 200 0 11926
stats: size_rcv 0 32988374
stats: newphase 0 8
stats: size_sent 0 2680067
stats: connected 0 0
stats: error_connect_etimedout 0 521
stats: error_connect_econnrefused 0 2
# stats: dump at 1446856652
stats: users 0 7130
stats: session 0 0 0 158355.85595703125 9.010009765625 30056.360141173194 14807
stats: users_count 0 14807
stats: finish_users_count 0 14807
stats: request 0 0 0 137773.48608398438 7.155029296875 25222.16818148063 14807
stats: page 0 0 0 137773.48608398438 7.155029296875 25222.16818148063 14807
stats: connect 0 0 0 63196.93896484375 0.52099609375 13852.710610638129 14807
stats: 200 0 11926
stats: size_rcv 0 32988374
stats: newphase 0 8
stats: size_sent 0 2680067
stats: connected 0 0
stats: error_connect_etimedout 0 521
stats: error_connect_econnrefused 0 2
# stats: dump at 1446856662
stats: users 0 7130
stats: session 0 0 0 158355.85595703125 9.010009765625 30056.360141173194 14807
stats: users_count 0 14807
stats: finish_users_count 0 14807
stats: request 0 0 0 137773.48608398438 7.155029296875 25222.16818148063 14807
stats: page 0 0 0 137773.48608398438 7.155029296875 25222.16818148063 14807
stats: connect 0 0 0 63196.93896484375 0.52099609375 13852.710610638129 14807
stats: 200 0 11926
stats: size_rcv 0 32988374
stats: newphase 0 8
stats: size_sent 0 2680067
stats: connected 0 0
stats: error_connect_etimedout 0 521
stats: error_connect_econnrefused 0 2
# stats: dump at 1446856666
stats: users 0 7130
stats: session 0 0 0 158355.85595703125 9.010009765625 30056.360141173194 14807
stats: users_count 0 14807
stats: finish_users_count 0 14807
stats: request 0 0 0 137773.48608398438 7.155029296875 25222.16818148063 14807
stats: page 0 0 0 137773.48608398438 7.155029296875 25222.16818148063 14807
stats: connect 0 0 0 63196.93896484375 0.52099609375 13852.710610638129 14807
stats: 200 0 11926
stats: size_rcv 0 32988374
stats: newphase 0 8
stats: size_sent 0 2680067
stats: connected 0 0
stats: error_connect_etimedout 0 521
stats: error_connect_econnrefused 0 2
EndMonitor:{1446,856666,908140}
