
=INFO REPORT==== 7-Nov-2015::00:30:01 ===
    ts_config_server:(5:<0.39.0>) Config server started, logdir is "/home/ec2-user/.tsung/log/20151107-0030"
 
=INFO REPORT==== 7-Nov-2015::00:30:01 ===
              ts_mon:(5:<0.38.0>) starting monitor, global 

=INFO REPORT==== 7-Nov-2015::00:30:02 ===
           ts_config:(5:<0.39.0>) Reading config file: get_about.xml

=INFO REPORT==== 7-Nov-2015::00:30:02 ===
      ts_config_http:(4:<0.39.0>) Get user agent: 100 "Mozilla/5.0 (Windows; U; Windows NT 5.2; fr-FR; rv:1.7.8) Gecko/20050511 Firefox/1.0.4" 

=INFO REPORT==== 7-Nov-2015::00:30:02 ===
           ts_config:(5:<0.39.0>) Session name for id 1 is "http-example"

=INFO REPORT==== 7-Nov-2015::00:30:02 ===
    ts_config_server:(4:<0.39.0>) SYSINFO:Tsung version: 1.5.0

=INFO REPORT==== 7-Nov-2015::00:30:02 ===
    ts_config_server:(4:<0.39.0>) SYSINFO:Erlang version: Erlang R16B03-1 (erts-5.10.4) [source] [64-bit] [async-threads:16] [hipe] [kernel-poll:true]


=INFO REPORT==== 7-Nov-2015::00:30:02 ===
    ts_config_server:(4:<0.39.0>) SYSINFO:System architecture x86_64-unknown-linux-gnu

=INFO REPORT==== 7-Nov-2015::00:30:02 ===
    ts_config_server:(4:<0.39.0>) SYSINFO:Current path: /home/ec2-user/opt/tsung-1.5.0/lib/erlang/lib/tsung-1.5.0/ebin/tsung.beam

=INFO REPORT==== 7-Nov-2015::00:30:02 ===
           ts_os_mon:(5:<0.36.0>) os_mon disabled
=INFO REPORT==== 7-Nov-2015::00:30:02 ===
              ts_mon:(5:<0.40.0>) Activate clients with text backend

=INFO REPORT==== 7-Nov-2015::00:30:02 ===
              ts_mon:(5:<0.40.0>) Starting tsung clients on hosts: [localhost]

=INFO REPORT==== 7-Nov-2015::00:30:02 ===
    ts_config_server:(5:<0.39.0>) Start a launcher on the controller beam localhost

=INFO REPORT==== 7-Nov-2015::00:30:02 ===
  ts_launcher_static:(5:<0.73.0>) Launch msg receive ("localhost")

=INFO REPORT==== 7-Nov-2015::00:30:02 ===
         ts_launcher:(5:<0.74.0>) Launch msg receive ("localhost")

=INFO REPORT==== 7-Nov-2015::00:30:02 ===
    ts_config_server:(5:<0.39.0>) All remote beams started, syncing 

=INFO REPORT==== 7-Nov-2015::00:30:02 ===
    ts_config_server:(5:<0.39.0>) New arrival phase 1 for client "localhost" (last ? true): will start 30 users

=INFO REPORT==== 7-Nov-2015::00:30:02 ===
    ts_config_server:(5:<0.39.0>) New arrival phase 2 for client "localhost" (last ? true): will start 60 users

=INFO REPORT==== 7-Nov-2015::00:30:02 ===
    ts_config_server:(5:<0.39.0>) New arrival phase 3 for client "localhost" (last ? true): will start 120 users

=INFO REPORT==== 7-Nov-2015::00:30:02 ===
    ts_config_server:(5:<0.39.0>) New arrival phase 4 for client "localhost" (last ? true): will start 240 users

=INFO REPORT==== 7-Nov-2015::00:30:02 ===
    ts_config_server:(5:<0.39.0>) New arrival phase 5 for client "localhost" (last ? true): will start 480 users

=INFO REPORT==== 7-Nov-2015::00:30:02 ===
    ts_config_server:(5:<0.39.0>) New arrival phase 6 for client "localhost" (last ? true): will start 960 users

=INFO REPORT==== 7-Nov-2015::00:30:02 ===
    ts_config_server:(5:<0.39.0>) New arrival phase 7 for client "localhost" (last ? true): will start 1920 users

=INFO REPORT==== 7-Nov-2015::00:30:02 ===
    ts_config_server:(5:<0.39.0>) New arrival phase 8 for client "localhost" (last ? true): will start 3840 users

=INFO REPORT==== 7-Nov-2015::00:30:02 ===
    ts_config_server:(5:<0.39.0>) New arrival phase 9 for client "localhost" (last ? true): will start 7680 users

=INFO REPORT==== 7-Nov-2015::00:30:02 ===
         ts_launcher:(5:<0.74.0>) Expected duration of first phase: 30.0 sec (30 users) 

=INFO REPORT==== 7-Nov-2015::00:30:04 ===
         ts_launcher:(5:<0.74.0>) Activate launcher (30 users) in 10935 msec 

=INFO REPORT==== 7-Nov-2015::00:30:45 ===
         ts_launcher:(5:<0.74.0>) Phase duration exceeded, but not all users were launched (6 users, 20.0% of phase)

=INFO REPORT==== 7-Nov-2015::00:30:45 ===
         ts_launcher:(5:<0.74.0>) Start a new arrival phase (60 users, 0.002); expected duration=30.0 sec

=INFO REPORT==== 7-Nov-2015::00:31:15 ===
         ts_launcher:(5:<0.74.0>) Phase duration exceeded, but not all users were launched (2 users, 3.3% of phase)

=INFO REPORT==== 7-Nov-2015::00:31:15 ===
         ts_launcher:(5:<0.74.0>) Start a new arrival phase (120 users, 0.004); expected duration=30.0 sec

=INFO REPORT==== 7-Nov-2015::00:31:46 ===
         ts_launcher:(5:<0.74.0>) Phase duration exceeded, but not all users were launched (11 users, 9.2% of phase)

=INFO REPORT==== 7-Nov-2015::00:31:46 ===
         ts_launcher:(5:<0.74.0>) Start a new arrival phase (240 users, 0.008); expected duration=30.0 sec

=INFO REPORT==== 7-Nov-2015::00:32:16 ===
         ts_launcher:(5:<0.74.0>) Phase duration exceeded, but not all users were launched (25 users, 10.4% of phase)

=INFO REPORT==== 7-Nov-2015::00:32:16 ===
         ts_launcher:(5:<0.74.0>) Start a new arrival phase (480 users, 0.016); expected duration=30.0 sec

=INFO REPORT==== 7-Nov-2015::00:32:46 ===
         ts_launcher:(5:<0.74.0>) Phase duration exceeded, but not all users were launched (29 users, 6.0% of phase)

=INFO REPORT==== 7-Nov-2015::00:32:46 ===
         ts_launcher:(5:<0.74.0>) Start a new arrival phase (960 users, 0.032); expected duration=30.0 sec

=INFO REPORT==== 7-Nov-2015::00:33:16 ===
         ts_launcher:(4:<0.74.0>) Need to wait 0.612 sec before changing phase, going to sleep

=INFO REPORT==== 7-Nov-2015::00:33:16 ===
         ts_launcher:(5:<0.74.0>) Waking up

=INFO REPORT==== 7-Nov-2015::00:33:16 ===
         ts_launcher:(5:<0.74.0>) Start a new arrival phase (1920 users, 0.064); expected duration=30.0 sec

=INFO REPORT==== 7-Nov-2015::00:33:46 ===
         ts_launcher:(5:<0.74.0>) Phase duration exceeded, but not all users were launched (78 users, 4.1% of phase)

=INFO REPORT==== 7-Nov-2015::00:33:46 ===
         ts_launcher:(5:<0.74.0>) Start a new arrival phase (3840 users, 0.128); expected duration=30.0 sec

=INFO REPORT==== 7-Nov-2015::00:34:16 ===
         ts_launcher:(5:<0.74.0>) Phase duration exceeded, but not all users were launched (176 users, 4.6% of phase)

=INFO REPORT==== 7-Nov-2015::00:34:16 ===
         ts_launcher:(5:<0.74.0>) Start a new arrival phase (7680 users, 0.256); expected duration=30.0 sec

=INFO REPORT==== 7-Nov-2015::00:34:46 ===
         ts_launcher:(5:<0.74.0>) Phase duration exceeded, but not all users were launched (196 users, 2.6% of phase)

=INFO REPORT==== 7-Nov-2015::00:34:46 ===
         ts_launcher:(5:<0.74.0>) This was the last phase, wait for connected users to finish their session

=INFO REPORT==== 7-Nov-2015::00:34:46 ===
     ts_launcher_mgr:(5:<0.69.0>) Still 7130 active client(s)

=INFO REPORT==== 7-Nov-2015::00:35:46 ===
     ts_launcher_mgr:(5:<0.69.0>) Still 907 active client(s)

=INFO REPORT==== 7-Nov-2015::00:36:46 ===
     ts_launcher_mgr:(5:<0.69.0>) Still 23 active client(s)

=INFO REPORT==== 7-Nov-2015::00:37:46 ===
     ts_launcher_mgr:(5:<0.69.0>) No more active users 'tsung_controller@ip-172-31-29-44' "4567"

=INFO REPORT==== 7-Nov-2015::00:37:46 ===
              ts_mon:(5:<0.40.0>) stopping monitor (normal)
