# stats: dump at 1449165246
stats: users 0 0
stats: users_count 0 0
stats: finish_users_count 0 0
# stats: dump at 1449165256
stats: users 10 10
stats: users_count 10 10
stats: finish_users_count 0 0
stats: request 41 227.01813786204264 388.1104256803073 2092.43798828125 7.152099609375 0 0
stats: page 26 358.02505258413464 467.7200932687777 2092.43798828125 11.889892578125 0 0
stats: connect 10 136.98212890625 282.312851946115 860.2509765625 1.783935546875 0 0
stats: 302 7 7
stats: 200 34 34
stats: size_rcv 153367 153367
stats: size_sent 18598 18598
stats: connected 10 10
# stats: dump at 1449165266
stats: users 24 29
stats: session 6 11588.621907552084 3497.6234146070187 18047.85009765625 7447.781005859375 0 0
stats: users_count 20 30
stats: finish_users_count 6 6
stats: page 106 171.83953742261207 292.16967591870167 2092.43798828125 5.34814453125 358.02505258413464 26
stats: request 161 113.11924070749224 247.74434269121153 2092.43798828125 5.34814453125 227.01813786204264 41
stats: connect 20 1.79468994140625 0.2495759523727395 860.2509765625 1.5830078125 136.98212890625 10
stats: 302 27 34
stats: 200 134 168
stats: size_rcv 564140 717507
stats: newphase 1 1
stats: size_sent 91232 109830
stats: connected 14 24
# stats: dump at 1449165276
stats: users 43 44
stats: session 14 12767.57186453683 4127.367837356845 24503.64111328125 7396.26318359375 11588.621907552084 6
stats: users_count 33 63
stats: finish_users_count 14 20
stats: page 189 98.41003353381284 178.56350384408523 2092.43798828125 5.27685546875 208.5124419241241 132
stats: request 271 68.61819649446494 155.27399831833353 2092.43798828125 5.27685546875 136.23733369430693 202
stats: connect 32 1.71563720703125 0.08471119007388518 860.2509765625 1.575927734375 46.85716959635417 30
stats: 302 39 73
stats: 200 232 400
stats: size_rcv 964748 1682255
stats: newphase 1 2
stats: size_sent 165688 275518
stats: connected 19 43
# stats: dump at 1449165286
stats: users 95 95
stats: session 29 16204.301463160024 5656.665973137153 27758.0439453125 5104.429931640625 12413.886877441406 20
stats: users_count 81 144
stats: finish_users_count 29 49
stats: page 359 224.53529158143283 243.97372373061265 2092.43798828125 5.27685546875 143.6857902550623 321
stats: request 523 154.1399822052761 201.25978485123449 2092.43798828125 5.27685546875 97.49571386099366 473
stats: connect 81 1.638988353587963 0.07581289867304378 860.2509765625 1.533935546875 23.558314169606856 62
stats: 302 100 173
stats: 200 423 823
stats: size_rcv 1809389 3491644
stats: newphase 1 3
stats: size_sent 287925 563443
stats: connected 51 94
# stats: dump at 1449165296
stats: users 226 228
stats: session 29 14654.434789197197 4776.572544639934 28043.14794921875 5104.429931640625 14657.193468989159 49
stats: users_count 160 304
stats: finish_users_count 29 78
stats: page 476 832.6372434471836 1276.708683341345 6470.2470703125 1.3330078125 186.36957110236676 680
stats: request 704 692.8514175415033 1123.3799989620313 4550.408935546875 1.33203125 127.23964191727852 996
stats: connect 161 1.6305424471079193 0.24017543283614928 860.2509765625 1.51708984375 11.14247227381993 143
stats: 302 54 227
stats: 200 364 1187
stats: size_rcv 1744615 5236259
stats: newphase 1 4
stats: size_sent 365874 929317
stats: connected 133 227
stats: 503 286 286
# stats: dump at 1449165306
stats: users 461 463
stats: session 74 17662.033787082975 5189.927872516811 29104.972900390625 5036.52001953125 14656.167805989584 78
stats: users_count 309 613
stats: finish_users_count 74 152
stats: request 2334 509.64136871887 888.7300958190159 4891.738037109375 1.31396484375 361.46945958754577 1700
stats: page 1507 816.8729772131096 1496.8402202928885 7503.844970703125 1.3330078125 452.47978912670305 1156
stats: connect 305 1.647713883196722 0.14544576125566874 860.2509765625 1.51708984375 6.1049041748046875 304
stats: 302 119 346
stats: 200 445 1632
stats: size_rcv 2908286 8144545
stats: newphase 1 5
stats: size_sent 828446 1757763
stats: connected 234 461
stats: 503 1654 1940
stats: 500 116 116
# stats: dump at 1449165316
stats: users 808 811
stats: session 255 16512.262186925567 5332.960178227544 31809.51806640625 5036.52001953125 16119.549928363998 152
stats: users_count 602 1215
stats: finish_users_count 255 407
stats: request 4717 226.904552557571 589.3974486016565 4891.738037109375 1.30712890625 447.19906690348796 4034
stats: page 3254 330.97556703048093 835.7473162714573 7503.844970703125 1.321044921875 658.6910300002347 2663
stats: connect 587 1.652846588186755 0.1726201511256558 860.2509765625 1.49609375 3.872649595263752 609
stats: 302 100 446
stats: 200 431 2063
stats: size_rcv 4038805 12183350
stats: newphase 1 6
stats: size_sent 1364005 3121768
stats: connected 342 803
stats: 503 4045 5985
stats: 500 141 257
# stats: dump at 1449165326
stats: users 1601 1601
stats: session 459 15426.316432312942 5825.178725598806 35501.655029296875 3472.291015625 16365.598149330091 407
stats: users_count 1252 2467
stats: finish_users_count 459 866
stats: request 6185 331.9886039419332 665.6535103266672 6911.68798828125 1.241943359375 328.45501203322283 8751
stats: 302 294 740
stats: connect 767 211.5212453272695 663.2563488591904 3009.142822265625 1.287109375 2.783164340118102 1196
stats: page 4442 466.13023764633 812.649245097259 7503.844970703125 1.241943359375 478.46691025989685 5917
stats: 200 982 3045
stats: size_rcv 6785400 18968750
stats: newphase 1 7
stats: size_sent 1768733 4890501
stats: connected 218 1021
stats: 503 4424 10409
stats: 500 485 742
# stats: dump at 1449165336
stats: users 3514 3514
stats: session 551 16503.783036081415 4647.665148079038 35501.655029296875 3472.291015625 15867.757146892596 866
stats: users_count 2464 4931
stats: finish_users_count 551 1417
stats: request 6419 408.16473517036763 823.6051948570251 10003.89404296875 1.241943359375 329.9182730104171 14936
stats: page 4635 567.7673268208089 958.4683563945156 10003.89404296875 1.241943359375 473.1768726356606 10359
stats: 302 458 1198
stats: connect 666 673.6490306224192 1766.6529440596296 15032.27197265625 1.287109375 84.3430767788064 1963
stats: 200 1354 4399
stats: size_rcv 8086658 27055408
stats: newphase 1 8
stats: size_sent 2181872 7072373
stats: connected 1 1022
stats: 503 4020 14429
stats: 500 587 1329
# stats: dump at 1449165346
stats: users 2996 3539
stats: session 549 18373.743677246996 5005.1617580687935 36535.214111328125 3472.291015625 16115.075611919441 1417
stats: users_count 31 4962
stats: finish_users_count 549 1966
stats: page 4466 1526.2483188955412 3796.7169705341576 20940.48583984375 1.241943359375 502.41701903743206 14994
stats: connect 628 9440.736846729444 5543.524806530103 15049.077880859375 1.287109375 233.6309296733846 2629
stats: request 6105 1116.5247358242448 3306.830047031411 20940.48583984375 1.241943359375 353.43801267816343 21355
stats: 302 267 1465
stats: 200 793 5192
stats: size_rcv 5821112 32876520
stats: newphase 0 8
stats: size_sent 2024501 9096874
stats: connected 9 1031
stats: 503 4671 19100
stats: 500 374 1703
# stats: dump at 1449165356
stats: users 2433 3539
stats: session 563 21389.79684811416 4942.099153900015 40919.06005859375 3472.291015625 16745.802350406128 1966
stats: users_count 0 4962
stats: finish_users_count 563 2529
stats: request 6252 2272.910116536154 6785.7697572154275 34262.51806640625 1.241943359375 523.0900317898469 27460
stats: page 4519 3144.847439122056 7814.709193933165 35136.215087890625 1.241943359375 737.3826195084657 19460
stats: connect 639 20024.45924761895 10479.72351957668 31081.306884765625 1.287109375 2008.9034245801101 3257
stats: 302 438 1903
stats: 200 1350 6542
stats: size_rcv 7928836 40805356
stats: newphase 0 8
stats: size_sent 2170752 11267626
stats: connected -34 997
stats: 503 3927 23027
stats: 500 537 2240
# stats: dump at 1449165366
stats: users 1886 3539
stats: session 547 30883.842764957302 5660.666185300284 53043.133056640625 3472.291015625 17779.637424431283 2529
stats: users_count 0 4962
stats: finish_users_count 547 3076
stats: page 4471 4604.867297420603 11031.319116741588 39605.35791015625 1.241943359375 1191.0851725688024 23979
stats: connect 650 27148.741259765626 9954.584987184866 31099.130126953125 1.287109375 4963.713530052856 3896
stats: request 6176 3334.293926100657 9605.777228468456 39605.35791015625 1.241943359375 847.5998552899035 33712
stats: 302 462 2365
stats: 200 1403 7945
stats: size_rcv 8148140 48953496
stats: newphase 0 8
stats: size_sent 2218035 13485661
stats: connected -11 986
stats: 503 3768 26795
stats: 500 543 2783
# stats: dump at 1449165376
stats: users 1267 3539
stats: session 619 43425.8691264262 5621.398331756145 56749.054931640625 3472.291015625 20109.936618601547 3076
stats: users_count 0 4962
stats: finish_users_count 619 3695
stats: request 5142 1384.6102152008004 6008.789813826594 44933.56591796875 1.241943359375 1232.6234859890415 39888
stats: page 3928 1817.1516468180275 6825.496489748091 44933.56591796875 1.241943359375 1727.570932857463 28450
stats: connect 205 18401.481520341076 13740.29394101322 31099.130126953125 1.287109375 8135.791846003867 4546
stats: 302 643 3008
stats: 200 2239 10184
stats: size_rcv 10529997 59483493
stats: newphase 0 8
stats: size_sent 2114022 15599683
stats: connected -449 537
stats: 503 1676 28471
stats: 500 584 3367
# stats: dump at 1449165386
stats: users 855 3539
stats: session 412 50175.93012244954 4904.9651501063645 90146.75415039063 3472.291015625 24015.907450088274 3695
stats: users_count 0 4962
stats: finish_users_count 412 4107
stats: request 1588 5099.05155979416 16799.513726890083 66017.46606445313 1.241943359375 1249.9789326158873 45030
stats: page 1449 5551.717466618952 17512.224287585705 66276.05200195313 1.241943359375 1738.4385912809944 32378
stats: 302 401 3409
stats: connect 150 59923.440953776044 10266.886938269061 63165.23681640625 1.287109375 8578.744147253947 4751
stats: 200 819 11003
stats: size_rcv 3513072 62996565
stats: newphase 0 8
stats: size_sent 766667 16366350
stats: connected -269 268
stats: 503 241 28712
stats: 500 127 3494
# stats: dump at 1449165396
stats: users 720 3539
stats: session 135 60392.77213179978 6610.274114097595 90146.75415039063 3472.291015625 26640.190221213878 4107
stats: users_count 0 4962
stats: finish_users_count 135 4242
stats: request 2902 11670.80789590489 24221.705240104795 67010.27905273438 1.241943359375 1381.0941098426902 46618
stats: connect 510 63128.7581897212 21.733423863431888 63208.06103515625 1.287109375 10150.199874856133 4901
stats: 302 205 3614
stats: page 1872 18070.34419537404 28167.54470845354 67010.27905273438 1.241943359375 1901.7826977747625 33827
stats: 200 541 11544
stats: size_rcv 3343563 66340128
stats: newphase 0 8
stats: size_sent 942256 17308606
stats: connected 373 641
stats: 503 2065 30777
stats: 500 92 3586
# stats: dump at 1449165406
stats: users 390 3539
stats: session 330 76319.62488014915 4506.607796994398 90146.75415039063 3472.291015625 27714.353011861942 4242
stats: users_count 0 4962
stats: finish_users_count 330 4572
stats: page 2892 2235.4761754374877 11135.905305850307 67010.27905273438 1.241943359375 2749.636898830978 35699
stats: request 3928 1621.9369613740676 9549.219051163222 67010.27905273438 1.241943359375 1984.0979347044129 49520
stats: connect 82 63125.59032905393 19.161630747633097 63208.06103515625 1.287109375 15143.558725453284 5411
stats: 302 398 4012
stats: 200 1696 13240
stats: size_rcv 8355400 74695528
stats: newphase 0 8
stats: size_sent 1441953 18750559
stats: connected -243 398
stats: 503 1336 32113
stats: 500 497 4083
# stats: dump at 1449165416
stats: users 53 3539
stats: session 337 80414.8630414562 4227.157682093859 94766.43383789063 3472.291015625 31222.607543037528 4572
stats: users_count 0 4962
stats: finish_users_count 337 4909
stats: request 1039 6.7065326297822425 5.284070027879476 67010.27905273438 1.241943359375 1957.4820032712146 53448
stats: page 1010 6.926631632889851 6.122877788426546 67010.27905273438 1.241943359375 2711.1058213244623 38591
stats: connect 0 0 0 63208.06103515625 1.287109375 15859.83882585293 5493
stats: 302 346 4358
stats: 200 587 13827
stats: size_rcv 2340293 77035821
stats: newphase 0 8
stats: size_sent 502703 19253262
stats: connected -344 54
stats: 503 0 32113
stats: 500 106 4189
# stats: dump at 1449165426
stats: users 4 3539
stats: session 49 87523.44834183676 4592.668587660053 104006.31787109375 3472.291015625 34599.62732363787 4909
stats: users_count 0 4962
stats: finish_users_count 49 4958
stats: request 90 6.2158881293402795 3.392860635973795 67010.27905273438 1.241943359375 1920.2831170415368 54487
stats: 302 50 4408
stats: connect 0 0 0 63208.06103515625 1.287109375 15859.83882585293 5493
stats: page 90 6.2158881293402795 3.392860635973795 67010.27905273438 1.241943359375 2642.137336145086 39601
stats: 200 38 13865
stats: size_rcv 133217 77169038
stats: newphase 0 8
stats: size_sent 54120 19307382
stats: connected -50 4
stats: 503 0 32113
stats: 500 2 4191
# stats: dump at 1449165436
stats: users 0 3539
stats: session 4 97810.3599243164 2380.837125844804 104006.31787109375 3472.291015625 35122.67436476166 4958
stats: users_count 0 4962
stats: finish_users_count 4 4962
stats: request 5 6.32001953125 1.0331108689538888 67010.27905273438 1.241943359375 1917.1267315567704 54577
stats: page 5 6.32001953125 1.0331108689538888 67010.27905273438 1.241943359375 2636.1603405964374 39691
stats: connect 0 0 0 63208.06103515625 1.287109375 15859.83882585293 5493
stats: 302 4 4412
stats: 200 1 13866
stats: size_rcv 3640 77172678
stats: newphase 0 8
stats: size_sent 3310 19310692
stats: connected -4 0
stats: 503 0 32113
stats: 500 0 4191
# stats: dump at 1449165446
stats: users 0 3539
stats: session 0 0 0 104006.31787109375 3472.291015625 35173.208573193384 4962
stats: users_count 0 4962
stats: finish_users_count 0 4962
stats: request 0 0 0 67010.27905273438 1.241943359375 1916.951691551638 54582
stats: connect 0 0 0 63208.06103515625 1.287109375 15859.83882585293 5493
stats: page 0 0 0 67010.27905273438 1.241943359375 2635.8290930751423 39696
stats: 302 0 4412
stats: 200 0 13866
stats: size_rcv 0 77172678
stats: newphase 0 8
stats: size_sent 0 19310692
stats: connected 0 0
stats: 503 0 32113
stats: 500 0 4191
# stats: dump at 1449165456
stats: users 0 3539
stats: session 0 0 0 104006.31787109375 3472.291015625 35173.208573193384 4962
stats: users_count 0 4962
stats: finish_users_count 0 4962
stats: connect 0 0 0 63208.06103515625 1.287109375 15859.83882585293 5493
stats: request 0 0 0 67010.27905273438 1.241943359375 1916.951691551638 54582
stats: page 0 0 0 67010.27905273438 1.241943359375 2635.8290930751423 39696
stats: 302 0 4412
stats: 200 0 13866
stats: size_rcv 0 77172678
stats: newphase 0 8
stats: size_sent 0 19310692
stats: connected 0 0
stats: 503 0 32113
stats: 500 0 4191
# stats: dump at 1449165457
stats: users 0 3539
stats: session 0 0 0 104006.31787109375 3472.291015625 35173.208573193384 4962
stats: users_count 0 4962
stats: finish_users_count 0 4962
stats: request 0 0 0 67010.27905273438 1.241943359375 1916.951691551638 54582
stats: connect 0 0 0 63208.06103515625 1.287109375 15859.83882585293 5493
stats: page 0 0 0 67010.27905273438 1.241943359375 2635.8290930751423 39696
stats: 302 0 4412
stats: 200 0 13866
stats: size_rcv 0 77172678
stats: newphase 0 8
stats: size_sent 0 19310692
stats: connected 0 0
stats: 503 0 32113
stats: 500 0 4191
EndMonitor:{1449,165457,45507}
